******** Current Client: 10 **********
org.postgresql.util.PSQLException: ERROR: Query error: Restart read required at: { read: { physical: 1667641910555353 } local_limit: { physical: 1667641910555353 } global_limit: <min> in_txn_limit: <max> serial_no: 0 }
	at org.postgresql.core.v3.QueryExecutorImpl.receiveErrorResponse(QueryExecutorImpl.java:2532)
	at org.postgresql.core.v3.QueryExecutorImpl.processResults(QueryExecutorImpl.java:2267)
	at org.postgresql.core.v3.QueryExecutorImpl.execute(QueryExecutorImpl.java:312)
	at org.postgresql.jdbc.PgStatement.executeInternal(PgStatement.java:448)
	at org.postgresql.jdbc.PgStatement.execute(PgStatement.java:369)
	at org.postgresql.jdbc.PgPreparedStatement.executeWithFlags(PgPreparedStatement.java:153)
	at org.postgresql.jdbc.PgPreparedStatement.executeQuery(PgPreparedStatement.java:103)
	at transactions.RelatedCustomerTransaction.getPossibleCustomersOrderItems(RelatedCustomerTransaction.java:104)
	at transactions.RelatedCustomerTransaction.execute(RelatedCustomerTransaction.java:52)
	at SampleApp.run(SampleApp.java:101)
	at SampleApp.main(SampleApp.java:64)
[Error]: Related Customer Abort Rel *** Related  Customer transaction info: warehouse: 6, district: 5, customer id: 2291 *** 

[Error]: NewOrder getStockQty are missing
java.sql.SQLException
	at transactions.NewOrderTransaction.execute(NewOrderTransaction.java:170)
	at SampleApp.run(SampleApp.java:101)
	at SampleApp.main(SampleApp.java:64)
[Error]: New Order Abort New **** New Order Transaction Information ****
CID:1283, WID:6, DID:2, num order-lines:13
Item IDs are:,37346,71143,69333,4147,10983,15651,30375,42551,47075,48350,48868,77541,87638
Quantities:,6,6,6,6,6,6,6,6,6,6,6,6,6
Supply warehouse IDs:,10,6,4,10,1,2,1,8,4,18,6,6,2

org.postgresql.util.PSQLException: ERROR: Query error: Restart read required at: { read: { physical: 1667642857361271 } local_limit: { physical: 1667642857361271 } global_limit: <min> in_txn_limit: <max> serial_no: 0 }
	at org.postgresql.core.v3.QueryExecutorImpl.receiveErrorResponse(QueryExecutorImpl.java:2532)
	at org.postgresql.core.v3.QueryExecutorImpl.processResults(QueryExecutorImpl.java:2267)
	at org.postgresql.core.v3.QueryExecutorImpl.execute(QueryExecutorImpl.java:312)
	at org.postgresql.jdbc.PgStatement.executeInternal(PgStatement.java:448)
	at org.postgresql.jdbc.PgStatement.execute(PgStatement.java:369)
	at org.postgresql.jdbc.PgPreparedStatement.executeWithFlags(PgPreparedStatement.java:153)
	at org.postgresql.jdbc.PgPreparedStatement.executeQuery(PgPreparedStatement.java:103)
	at transactions.RelatedCustomerTransaction.getPossibleCustomersOrderItems(RelatedCustomerTransaction.java:104)
	at transactions.RelatedCustomerTransaction.execute(RelatedCustomerTransaction.java:52)
	at SampleApp.run(SampleApp.java:101)
	at SampleApp.main(SampleApp.java:64)
[Error]: Related Customer Abort Rel *** Related  Customer transaction info: warehouse: 6, district: 1, customer id: 2297 *** 

org.postgresql.util.PSQLException: ERROR: Query error: Restart read required at: { read: { physical: 1667642865133264 } local_limit: { physical: 1667642865133264 } global_limit: <min> in_txn_limit: <max> serial_no: 0 }
	at org.postgresql.core.v3.QueryExecutorImpl.receiveErrorResponse(QueryExecutorImpl.java:2532)
	at org.postgresql.core.v3.QueryExecutorImpl.processResults(QueryExecutorImpl.java:2267)
	at org.postgresql.core.v3.QueryExecutorImpl.execute(QueryExecutorImpl.java:312)
	at org.postgresql.jdbc.PgStatement.executeInternal(PgStatement.java:448)
	at org.postgresql.jdbc.PgStatement.execute(PgStatement.java:369)
	at org.postgresql.jdbc.PgPreparedStatement.executeWithFlags(PgPreparedStatement.java:153)
	at org.postgresql.jdbc.PgPreparedStatement.executeQuery(PgPreparedStatement.java:103)
	at transactions.RelatedCustomerTransaction.getPossibleCustomersOrderItems(RelatedCustomerTransaction.java:104)
	at transactions.RelatedCustomerTransaction.execute(RelatedCustomerTransaction.java:52)
	at SampleApp.run(SampleApp.java:101)
	at SampleApp.main(SampleApp.java:64)
[Error]: Related Customer Abort Rel *** Related  Customer transaction info: warehouse: 6, district: 2, customer id: 59 *** 

org.postgresql.util.PSQLException: ERROR: Query error: Restart read required at: { read: { physical: 1667642877674956 } local_limit: { physical: 1667642877674956 } global_limit: <min> in_txn_limit: <max> serial_no: 0 }
	at org.postgresql.core.v3.QueryExecutorImpl.receiveErrorResponse(QueryExecutorImpl.java:2532)
	at org.postgresql.core.v3.QueryExecutorImpl.processResults(QueryExecutorImpl.java:2267)
	at org.postgresql.core.v3.QueryExecutorImpl.execute(QueryExecutorImpl.java:312)
	at org.postgresql.jdbc.PgStatement.executeInternal(PgStatement.java:448)
	at org.postgresql.jdbc.PgStatement.execute(PgStatement.java:369)
	at org.postgresql.jdbc.PgPreparedStatement.executeWithFlags(PgPreparedStatement.java:153)
	at org.postgresql.jdbc.PgPreparedStatement.executeQuery(PgPreparedStatement.java:103)
	at transactions.RelatedCustomerTransaction.getPossibleCustomersOrderItems(RelatedCustomerTransaction.java:104)
	at transactions.RelatedCustomerTransaction.execute(RelatedCustomerTransaction.java:52)
	at SampleApp.run(SampleApp.java:101)
	at SampleApp.main(SampleApp.java:64)
[Error]: Related Customer Abort Rel *** Related  Customer transaction info: warehouse: 6, district: 1, customer id: 2542 *** 

org.postgresql.util.PSQLException: ERROR: Query error: Restart read required at: { read: { physical: 1667642894143926 } local_limit: { physical: 1667642894143926 } global_limit: <min> in_txn_limit: <max> serial_no: 0 }
	at org.postgresql.core.v3.QueryExecutorImpl.receiveErrorResponse(QueryExecutorImpl.java:2532)
	at org.postgresql.core.v3.QueryExecutorImpl.processResults(QueryExecutorImpl.java:2267)
	at org.postgresql.core.v3.QueryExecutorImpl.execute(QueryExecutorImpl.java:312)
	at org.postgresql.jdbc.PgStatement.executeInternal(PgStatement.java:448)
	at org.postgresql.jdbc.PgStatement.execute(PgStatement.java:369)
	at org.postgresql.jdbc.PgPreparedStatement.executeWithFlags(PgPreparedStatement.java:153)
	at org.postgresql.jdbc.PgPreparedStatement.executeQuery(PgPreparedStatement.java:103)
	at transactions.RelatedCustomerTransaction.getPossibleCustomersOrderItems(RelatedCustomerTransaction.java:104)
	at transactions.RelatedCustomerTransaction.execute(RelatedCustomerTransaction.java:52)
	at SampleApp.run(SampleApp.java:101)
	at SampleApp.main(SampleApp.java:64)
[Error]: Related Customer Abort Rel *** Related  Customer transaction info: warehouse: 6, district: 2, customer id: 1281 *** 

org.postgresql.util.PSQLException: ERROR: Query error: Restart read required at: { read: { physical: 1667642907095359 } local_limit: { physical: 1667642907095359 } global_limit: <min> in_txn_limit: <max> serial_no: 0 }
	at org.postgresql.core.v3.QueryExecutorImpl.receiveErrorResponse(QueryExecutorImpl.java:2532)
	at org.postgresql.core.v3.QueryExecutorImpl.processResults(QueryExecutorImpl.java:2267)
	at org.postgresql.core.v3.QueryExecutorImpl.execute(QueryExecutorImpl.java:312)
	at org.postgresql.jdbc.PgStatement.executeInternal(PgStatement.java:448)
	at org.postgresql.jdbc.PgStatement.execute(PgStatement.java:369)
	at org.postgresql.jdbc.PgPreparedStatement.executeWithFlags(PgPreparedStatement.java:153)
	at org.postgresql.jdbc.PgPreparedStatement.executeQuery(PgPreparedStatement.java:103)
	at transactions.RelatedCustomerTransaction.getPossibleCustomersOrderItems(RelatedCustomerTransaction.java:104)
	at transactions.RelatedCustomerTransaction.execute(RelatedCustomerTransaction.java:52)
	at SampleApp.run(SampleApp.java:101)
	at SampleApp.main(SampleApp.java:64)
[Error]: Related Customer Abort Rel *** Related  Customer transaction info: warehouse: 6, district: 2, customer id: 2034 *** 

org.postgresql.util.PSQLException: ERROR: Query error: Restart read required at: { read: { physical: 1667642911553336 } local_limit: { physical: 1667642911553336 } global_limit: <min> in_txn_limit: <max> serial_no: 0 }
	at org.postgresql.core.v3.QueryExecutorImpl.receiveErrorResponse(QueryExecutorImpl.java:2532)
	at org.postgresql.core.v3.QueryExecutorImpl.processResults(QueryExecutorImpl.java:2267)
	at org.postgresql.core.v3.QueryExecutorImpl.execute(QueryExecutorImpl.java:312)
	at org.postgresql.jdbc.PgStatement.executeInternal(PgStatement.java:448)
	at org.postgresql.jdbc.PgStatement.execute(PgStatement.java:369)
	at org.postgresql.jdbc.PgPreparedStatement.executeWithFlags(PgPreparedStatement.java:153)
	at org.postgresql.jdbc.PgPreparedStatement.executeQuery(PgPreparedStatement.java:103)
	at transactions.RelatedCustomerTransaction.getPossibleCustomersOrderItems(RelatedCustomerTransaction.java:104)
	at transactions.RelatedCustomerTransaction.execute(RelatedCustomerTransaction.java:52)
	at SampleApp.run(SampleApp.java:101)
	at SampleApp.main(SampleApp.java:64)
[Error]: Related Customer Abort Rel *** Related  Customer transaction info: warehouse: 6, district: 2, customer id: 2307 *** 

org.postgresql.util.PSQLException: ERROR: Query error: Restart read required at: { read: { physical: 1667642952834362 } local_limit: { physical: 1667642952834362 } global_limit: <min> in_txn_limit: <max> serial_no: 0 }
	at org.postgresql.core.v3.QueryExecutorImpl.receiveErrorResponse(QueryExecutorImpl.java:2532)
	at org.postgresql.core.v3.QueryExecutorImpl.processResults(QueryExecutorImpl.java:2267)
	at org.postgresql.core.v3.QueryExecutorImpl.execute(QueryExecutorImpl.java:312)
	at org.postgresql.jdbc.PgStatement.executeInternal(PgStatement.java:448)
	at org.postgresql.jdbc.PgStatement.execute(PgStatement.java:369)
	at org.postgresql.jdbc.PgPreparedStatement.executeWithFlags(PgPreparedStatement.java:153)
	at org.postgresql.jdbc.PgPreparedStatement.executeQuery(PgPreparedStatement.java:103)
	at transactions.RelatedCustomerTransaction.getPossibleCustomersOrderItems(RelatedCustomerTransaction.java:104)
	at transactions.RelatedCustomerTransaction.execute(RelatedCustomerTransaction.java:52)
	at SampleApp.run(SampleApp.java:101)
	at SampleApp.main(SampleApp.java:64)
[Error]: Related Customer Abort Rel *** Related  Customer transaction info: warehouse: 6, district: 1, customer id: 771 *** 

org.postgresql.util.PSQLException: ERROR: Query error: Restart read required at: { read: { physical: 1667642977249456 } local_limit: { physical: 1667642977249456 } global_limit: <min> in_txn_limit: <max> serial_no: 0 }
	at org.postgresql.core.v3.QueryExecutorImpl.receiveErrorResponse(QueryExecutorImpl.java:2532)
	at org.postgresql.core.v3.QueryExecutorImpl.processResults(QueryExecutorImpl.java:2267)
	at org.postgresql.core.v3.QueryExecutorImpl.execute(QueryExecutorImpl.java:312)
	at org.postgresql.jdbc.PgStatement.executeInternal(PgStatement.java:448)
	at org.postgresql.jdbc.PgStatement.execute(PgStatement.java:369)
	at org.postgresql.jdbc.PgPreparedStatement.executeWithFlags(PgPreparedStatement.java:153)
	at org.postgresql.jdbc.PgPreparedStatement.executeQuery(PgPreparedStatement.java:103)
	at transactions.RelatedCustomerTransaction.getPossibleCustomersOrderItems(RelatedCustomerTransaction.java:104)
	at transactions.RelatedCustomerTransaction.execute(RelatedCustomerTransaction.java:52)
	at SampleApp.run(SampleApp.java:101)
	at SampleApp.main(SampleApp.java:64)
[Error]: Related Customer Abort Rel *** Related  Customer transaction info: warehouse: 6, district: 5, customer id: 2271 *** 

org.postgresql.util.PSQLException: ERROR: Query error: Restart read required at: { read: { physical: 1667642985596277 logical: 1 } local_limit: { physical: 1667642985596277 logical: 1 } global_limit: <min> in_txn_limit: <max> serial_no: 0 }
	at org.postgresql.core.v3.QueryExecutorImpl.receiveErrorResponse(QueryExecutorImpl.java:2532)
	at org.postgresql.core.v3.QueryExecutorImpl.processResults(QueryExecutorImpl.java:2267)
	at org.postgresql.core.v3.QueryExecutorImpl.execute(QueryExecutorImpl.java:312)
	at org.postgresql.jdbc.PgStatement.executeInternal(PgStatement.java:448)
	at org.postgresql.jdbc.PgStatement.execute(PgStatement.java:369)
	at org.postgresql.jdbc.PgPreparedStatement.executeWithFlags(PgPreparedStatement.java:153)
	at org.postgresql.jdbc.PgPreparedStatement.executeQuery(PgPreparedStatement.java:103)
	at transactions.RelatedCustomerTransaction.getPossibleCustomersOrderItems(RelatedCustomerTransaction.java:104)
	at transactions.RelatedCustomerTransaction.execute(RelatedCustomerTransaction.java:52)
	at SampleApp.run(SampleApp.java:101)
	at SampleApp.main(SampleApp.java:64)
[Error]: Related Customer Abort Rel *** Related  Customer transaction info: warehouse: 6, district: 4, customer id: 907 *** 

org.postgresql.util.PSQLException: ERROR: Query error: Restart read required at: { read: { physical: 1667643003127105 } local_limit: { physical: 1667643003127105 } global_limit: <min> in_txn_limit: <max> serial_no: 0 }
	at org.postgresql.core.v3.QueryExecutorImpl.receiveErrorResponse(QueryExecutorImpl.java:2532)
	at org.postgresql.core.v3.QueryExecutorImpl.processResults(QueryExecutorImpl.java:2267)
	at org.postgresql.core.v3.QueryExecutorImpl.execute(QueryExecutorImpl.java:312)
	at org.postgresql.jdbc.PgStatement.executeInternal(PgStatement.java:448)
	at org.postgresql.jdbc.PgStatement.execute(PgStatement.java:369)
	at org.postgresql.jdbc.PgPreparedStatement.executeWithFlags(PgPreparedStatement.java:153)
	at org.postgresql.jdbc.PgPreparedStatement.executeQuery(PgPreparedStatement.java:103)
	at transactions.RelatedCustomerTransaction.getPossibleCustomersOrderItems(RelatedCustomerTransaction.java:104)
	at transactions.RelatedCustomerTransaction.execute(RelatedCustomerTransaction.java:52)
	at SampleApp.run(SampleApp.java:101)
	at SampleApp.main(SampleApp.java:64)
[Error]: Related Customer Abort Rel *** Related  Customer transaction info: warehouse: 6, district: 1, customer id: 2179 *** 

org.postgresql.util.PSQLException: ERROR: Query error: Restart read required at: { read: { physical: 1667643005880811 } local_limit: { physical: 1667643005880811 } global_limit: <min> in_txn_limit: <max> serial_no: 0 }
	at org.postgresql.core.v3.QueryExecutorImpl.receiveErrorResponse(QueryExecutorImpl.java:2532)
	at org.postgresql.core.v3.QueryExecutorImpl.processResults(QueryExecutorImpl.java:2267)
	at org.postgresql.core.v3.QueryExecutorImpl.execute(QueryExecutorImpl.java:312)
	at org.postgresql.jdbc.PgStatement.executeInternal(PgStatement.java:448)
	at org.postgresql.jdbc.PgStatement.execute(PgStatement.java:369)
	at org.postgresql.jdbc.PgPreparedStatement.executeWithFlags(PgPreparedStatement.java:153)
	at org.postgresql.jdbc.PgPreparedStatement.executeQuery(PgPreparedStatement.java:103)
	at transactions.RelatedCustomerTransaction.getPossibleCustomersOrderItems(RelatedCustomerTransaction.java:104)
	at transactions.RelatedCustomerTransaction.execute(RelatedCustomerTransaction.java:52)
	at SampleApp.run(SampleApp.java:101)
	at SampleApp.main(SampleApp.java:64)
[Error]: Related Customer Abort Rel *** Related  Customer transaction info: warehouse: 6, district: 1, customer id: 1264 *** 

[Error]: NewOrder getStockQty are missing
java.sql.SQLException
	at transactions.NewOrderTransaction.execute(NewOrderTransaction.java:170)
	at SampleApp.run(SampleApp.java:101)
	at SampleApp.main(SampleApp.java:64)
[Error]: New Order Abort New **** New Order Transaction Information ****
CID:2947, WID:6, DID:3, num order-lines:5
Item IDs are:,5703,30418,39655,40583,65255
Quantities:,6,6,6,6,6
Supply warehouse IDs:,1,10,9,6,16

[Error]: NewOrder getStockQty are missing
java.sql.SQLException
	at transactions.NewOrderTransaction.execute(NewOrderTransaction.java:170)
	at SampleApp.run(SampleApp.java:101)
	at SampleApp.main(SampleApp.java:64)
[Error]: New Order Abort New **** New Order Transaction Information ****
CID:1795, WID:6, DID:4, num order-lines:14
Item IDs are:,36583,72929,73444,85583,6211,15014,19943,28259,32486,45787,48740,52951,82535,85667
Quantities:,6,6,6,6,6,6,6,6,6,6,6,6,6,6
Supply warehouse IDs:,3,7,2,1,3,8,2,10,13,8,4,4,1,1

[Error]: NewOrder getStockQty are missing
java.sql.SQLException
	at transactions.NewOrderTransaction.execute(NewOrderTransaction.java:170)
	at SampleApp.run(SampleApp.java:101)
	at SampleApp.main(SampleApp.java:64)
[Error]: New Order Abort New **** New Order Transaction Information ****
CID:1888, WID:6, DID:4, num order-lines:12
Item IDs are:,72798,20167,89494,12354,31974,48311,57014,65087,73319,81607,87751,89767
Quantities:,6,6,6,6,6,6,6,6,6,6,6,6
Supply warehouse IDs:,10,4,10,1,7,1,4,6,8,12,10,1

org.postgresql.util.PSQLException: ERROR: Query error: Restart read required at: { read: { physical: 1667643060291114 } local_limit: { physical: 1667643060291114 } global_limit: <min> in_txn_limit: <max> serial_no: 0 }
	at org.postgresql.core.v3.QueryExecutorImpl.receiveErrorResponse(QueryExecutorImpl.java:2532)
	at org.postgresql.core.v3.QueryExecutorImpl.processResults(QueryExecutorImpl.java:2267)
	at org.postgresql.core.v3.QueryExecutorImpl.execute(QueryExecutorImpl.java:312)
	at org.postgresql.jdbc.PgStatement.executeInternal(PgStatement.java:448)
	at org.postgresql.jdbc.PgStatement.execute(PgStatement.java:369)
	at org.postgresql.jdbc.PgPreparedStatement.executeWithFlags(PgPreparedStatement.java:153)
	at org.postgresql.jdbc.PgPreparedStatement.executeQuery(PgPreparedStatement.java:103)
	at transactions.RelatedCustomerTransaction.getPossibleCustomersOrderItems(RelatedCustomerTransaction.java:104)
	at transactions.RelatedCustomerTransaction.execute(RelatedCustomerTransaction.java:52)
	at SampleApp.run(SampleApp.java:101)
	at SampleApp.main(SampleApp.java:64)
[Error]: Related Customer Abort Rel *** Related  Customer transaction info: warehouse: 6, district: 5, customer id: 285 *** 

org.postgresql.util.PSQLException: ERROR: Query error: Restart read required at: { read: { physical: 1667643064258722 } local_limit: { physical: 1667643064258722 } global_limit: <min> in_txn_limit: <max> serial_no: 0 }
	at org.postgresql.core.v3.QueryExecutorImpl.receiveErrorResponse(QueryExecutorImpl.java:2532)
	at org.postgresql.core.v3.QueryExecutorImpl.processResults(QueryExecutorImpl.java:2267)
	at org.postgresql.core.v3.QueryExecutorImpl.execute(QueryExecutorImpl.java:312)
	at org.postgresql.jdbc.PgStatement.executeInternal(PgStatement.java:448)
	at org.postgresql.jdbc.PgStatement.execute(PgStatement.java:369)
	at org.postgresql.jdbc.PgPreparedStatement.executeWithFlags(PgPreparedStatement.java:153)
	at org.postgresql.jdbc.PgPreparedStatement.executeQuery(PgPreparedStatement.java:103)
	at transactions.RelatedCustomerTransaction.getPossibleCustomersOrderItems(RelatedCustomerTransaction.java:104)
	at transactions.RelatedCustomerTransaction.execute(RelatedCustomerTransaction.java:52)
	at SampleApp.run(SampleApp.java:101)
	at SampleApp.main(SampleApp.java:64)
[Error]: Related Customer Abort Rel *** Related  Customer transaction info: warehouse: 6, district: 5, customer id: 2178 *** 

org.postgresql.util.PSQLException: ERROR: Query error: Restart read required at: { read: { physical: 1667643071242954 } local_limit: { physical: 1667643071242954 } global_limit: <min> in_txn_limit: <max> serial_no: 0 }
	at org.postgresql.core.v3.QueryExecutorImpl.receiveErrorResponse(QueryExecutorImpl.java:2532)
	at org.postgresql.core.v3.QueryExecutorImpl.processResults(QueryExecutorImpl.java:2267)
	at org.postgresql.core.v3.QueryExecutorImpl.execute(QueryExecutorImpl.java:312)
	at org.postgresql.jdbc.PgStatement.executeInternal(PgStatement.java:448)
	at org.postgresql.jdbc.PgStatement.execute(PgStatement.java:369)
	at org.postgresql.jdbc.PgPreparedStatement.executeWithFlags(PgPreparedStatement.java:153)
	at org.postgresql.jdbc.PgPreparedStatement.executeQuery(PgPreparedStatement.java:103)
	at transactions.RelatedCustomerTransaction.getPossibleCustomersOrderItems(RelatedCustomerTransaction.java:104)
	at transactions.RelatedCustomerTransaction.execute(RelatedCustomerTransaction.java:52)
	at SampleApp.run(SampleApp.java:101)
	at SampleApp.main(SampleApp.java:64)
[Error]: Related Customer Abort Rel *** Related  Customer transaction info: warehouse: 6, district: 5, customer id: 1002 *** 

org.postgresql.util.PSQLException: ERROR: Query error: Restart read required at: { read: { physical: 1667643102427094 } local_limit: { physical: 1667643102427094 } global_limit: <min> in_txn_limit: <max> serial_no: 0 }
	at org.postgresql.core.v3.QueryExecutorImpl.receiveErrorResponse(QueryExecutorImpl.java:2532)
	at org.postgresql.core.v3.QueryExecutorImpl.processResults(QueryExecutorImpl.java:2267)
	at org.postgresql.core.v3.QueryExecutorImpl.execute(QueryExecutorImpl.java:312)
	at org.postgresql.jdbc.PgStatement.executeInternal(PgStatement.java:448)
	at org.postgresql.jdbc.PgStatement.execute(PgStatement.java:369)
	at org.postgresql.jdbc.PgPreparedStatement.executeWithFlags(PgPreparedStatement.java:153)
	at org.postgresql.jdbc.PgPreparedStatement.executeQuery(PgPreparedStatement.java:103)
	at transactions.RelatedCustomerTransaction.getPossibleCustomersOrderItems(RelatedCustomerTransaction.java:104)
	at transactions.RelatedCustomerTransaction.execute(RelatedCustomerTransaction.java:52)
	at SampleApp.run(SampleApp.java:101)
	at SampleApp.main(SampleApp.java:64)
[Error]: Related Customer Abort Rel *** Related  Customer transaction info: warehouse: 6, district: 3, customer id: 2243 *** 

[Error]: NewOrder getStockQty are missing
java.sql.SQLException
	at transactions.NewOrderTransaction.execute(NewOrderTransaction.java:170)
	at SampleApp.run(SampleApp.java:101)
	at SampleApp.main(SampleApp.java:64)
[Error]: New Order Abort New **** New Order Transaction Information ****
CID:2787, WID:6, DID:5, num order-lines:17
Item IDs are:,53798,73365,44519,73397,20067,611,6192,13483,22850,24167,71095,71143,72027,77283,79574,86941,97854
Quantities:,6,6,6,6,6,6,6,6,6,6,3,6,6,6,6,6,6
Supply warehouse IDs:,1,7,3,9,20,6,7,10,2,8,4,3,1,2,6,3,1

[Error]: NewOrder getStockQty are missing
java.sql.SQLException
	at transactions.NewOrderTransaction.execute(NewOrderTransaction.java:170)
	at SampleApp.run(SampleApp.java:101)
	at SampleApp.main(SampleApp.java:64)
[Error]: New Order Abort New **** New Order Transaction Information ****
CID:1283, WID:6, DID:3, num order-lines:12
Item IDs are:,2693,4006,5171,5703,30279,30399,31203,31975,48850,57060,86327,99235
Quantities:,6,6,6,1,6,6,6,6,6,6,6,6
Supply warehouse IDs:,5,1,10,13,4,10,7,9,4,5,3,6

[Error]: NewOrder getStockQty are missing
java.sql.SQLException
	at transactions.NewOrderTransaction.execute(NewOrderTransaction.java:170)
	at SampleApp.run(SampleApp.java:101)
	at SampleApp.main(SampleApp.java:64)
[Error]: New Order Abort New **** New Order Transaction Information ****
CID:2747, WID:6, DID:2, num order-lines:15
Item IDs are:,81605,40038,39510,93927,49758,48418,5923,19046,22107,71383,72234,82621,84571,88535,97733
Quantities:,6,6,6,6,6,6,6,6,6,6,6,6,6,6,6
Supply warehouse IDs:,19,3,9,10,7,2,2,10,7,7,8,2,4,5,10

[Error]: NewOrder getStockQty are missing
java.sql.SQLException
	at transactions.NewOrderTransaction.execute(NewOrderTransaction.java:170)
	at SampleApp.run(SampleApp.java:101)
	at SampleApp.main(SampleApp.java:64)
[Error]: New Order Abort New **** New Order Transaction Information ****
CID:2307, WID:6, DID:1, num order-lines:15
Item IDs are:,5955,12005,15582,95365,24293,15925,19014,23247,24295,40565,45527,48839,52801,65223,88295
Quantities:,6,6,6,6,6,6,6,6,6,6,6,6,6,6,6
Supply warehouse IDs:,4,1,8,9,8,7,5,4,17,3,8,7,8,10,9

[Error]: NewOrder getStockQty are missing
java.sql.SQLException
	at transactions.NewOrderTransaction.execute(NewOrderTransaction.java:170)
	at SampleApp.run(SampleApp.java:101)
	at SampleApp.main(SampleApp.java:64)
[Error]: New Order Abort New **** New Order Transaction Information ****
CID:2018, WID:6, DID:5, num order-lines:11
Item IDs are:,72927,73375,16079,18400,40455,52391,64995,65255,73315,83639,99935
Quantities:,6,6,6,6,6,6,6,6,6,6,6
Supply warehouse IDs:,6,9,6,8,8,4,2,12,4,9,5

org.postgresql.util.PSQLException: ERROR: Query error: Restart read required at: { read: { physical: 1667643432118262 logical: 2 } local_limit: { physical: 1667643432118262 logical: 2 } global_limit: <min> in_txn_limit: <max> serial_no: 0 }
	at org.postgresql.core.v3.QueryExecutorImpl.receiveErrorResponse(QueryExecutorImpl.java:2532)
	at org.postgresql.core.v3.QueryExecutorImpl.processResults(QueryExecutorImpl.java:2267)
	at org.postgresql.core.v3.QueryExecutorImpl.execute(QueryExecutorImpl.java:312)
	at org.postgresql.jdbc.PgStatement.executeInternal(PgStatement.java:448)
	at org.postgresql.jdbc.PgStatement.execute(PgStatement.java:369)
	at org.postgresql.jdbc.PgPreparedStatement.executeWithFlags(PgPreparedStatement.java:153)
	at org.postgresql.jdbc.PgPreparedStatement.executeQuery(PgPreparedStatement.java:103)
	at transactions.RelatedCustomerTransaction.getPossibleCustomersOrderItems(RelatedCustomerTransaction.java:104)
	at transactions.RelatedCustomerTransaction.execute(RelatedCustomerTransaction.java:52)
	at SampleApp.run(SampleApp.java:101)
	at SampleApp.main(SampleApp.java:64)
[Error]: Related Customer Abort Rel *** Related  Customer transaction info: warehouse: 6, district: 2, customer id: 2114 *** 

org.postgresql.util.PSQLException: ERROR: Query error: Restart read required at: { read: { physical: 1667643448486647 } local_limit: { physical: 1667643448486647 } global_limit: <min> in_txn_limit: <max> serial_no: 0 }
	at org.postgresql.core.v3.QueryExecutorImpl.receiveErrorResponse(QueryExecutorImpl.java:2532)
	at org.postgresql.core.v3.QueryExecutorImpl.processResults(QueryExecutorImpl.java:2267)
	at org.postgresql.core.v3.QueryExecutorImpl.execute(QueryExecutorImpl.java:312)
	at org.postgresql.jdbc.PgStatement.executeInternal(PgStatement.java:448)
	at org.postgresql.jdbc.PgStatement.execute(PgStatement.java:369)
	at org.postgresql.jdbc.PgPreparedStatement.executeWithFlags(PgPreparedStatement.java:153)
	at org.postgresql.jdbc.PgPreparedStatement.executeQuery(PgPreparedStatement.java:103)
	at transactions.RelatedCustomerTransaction.getPossibleCustomersOrderItems(RelatedCustomerTransaction.java:104)
	at transactions.RelatedCustomerTransaction.execute(RelatedCustomerTransaction.java:52)
	at SampleApp.run(SampleApp.java:101)
	at SampleApp.main(SampleApp.java:64)
[Error]: Related Customer Abort Rel *** Related  Customer transaction info: warehouse: 6, district: 5, customer id: 2802 *** 

org.postgresql.util.PSQLException: ERROR: Query error: Restart read required at: { read: { physical: 1667643452521949 } local_limit: { physical: 1667643452521949 } global_limit: <min> in_txn_limit: <max> serial_no: 0 }
	at org.postgresql.core.v3.QueryExecutorImpl.receiveErrorResponse(QueryExecutorImpl.java:2532)
	at org.postgresql.core.v3.QueryExecutorImpl.processResults(QueryExecutorImpl.java:2267)
	at org.postgresql.core.v3.QueryExecutorImpl.execute(QueryExecutorImpl.java:312)
	at org.postgresql.jdbc.PgStatement.executeInternal(PgStatement.java:448)
	at org.postgresql.jdbc.PgStatement.execute(PgStatement.java:369)
	at org.postgresql.jdbc.PgPreparedStatement.executeWithFlags(PgPreparedStatement.java:153)
	at org.postgresql.jdbc.PgPreparedStatement.executeQuery(PgPreparedStatement.java:103)
	at transactions.RelatedCustomerTransaction.getPossibleCustomersOrderItems(RelatedCustomerTransaction.java:104)
	at transactions.RelatedCustomerTransaction.execute(RelatedCustomerTransaction.java:52)
	at SampleApp.run(SampleApp.java:101)
	at SampleApp.main(SampleApp.java:64)
[Error]: Related Customer Abort Rel *** Related  Customer transaction info: warehouse: 6, district: 4, customer id: 1123 *** 

org.postgresql.util.PSQLException: ERROR: Query error: Restart read required at: { read: { physical: 1667643469849265 } local_limit: { physical: 1667643469849265 } global_limit: <min> in_txn_limit: <max> serial_no: 0 }
	at org.postgresql.core.v3.QueryExecutorImpl.receiveErrorResponse(QueryExecutorImpl.java:2532)
	at org.postgresql.core.v3.QueryExecutorImpl.processResults(QueryExecutorImpl.java:2267)
	at org.postgresql.core.v3.QueryExecutorImpl.execute(QueryExecutorImpl.java:312)
	at org.postgresql.jdbc.PgStatement.executeInternal(PgStatement.java:448)
	at org.postgresql.jdbc.PgStatement.execute(PgStatement.java:369)
	at org.postgresql.jdbc.PgPreparedStatement.executeWithFlags(PgPreparedStatement.java:153)
	at org.postgresql.jdbc.PgPreparedStatement.executeQuery(PgPreparedStatement.java:103)
	at transactions.RelatedCustomerTransaction.getPossibleCustomersOrderItems(RelatedCustomerTransaction.java:104)
	at transactions.RelatedCustomerTransaction.execute(RelatedCustomerTransaction.java:52)
	at SampleApp.run(SampleApp.java:101)
	at SampleApp.main(SampleApp.java:64)
[Error]: Related Customer Abort Rel *** Related  Customer transaction info: warehouse: 6, district: 2, customer id: 443 *** 

org.postgresql.util.PSQLException: ERROR: Query error: Restart read required at: { read: { physical: 1667643491466106 } local_limit: { physical: 1667643491466106 } global_limit: <min> in_txn_limit: <max> serial_no: 0 }
	at org.postgresql.core.v3.QueryExecutorImpl.receiveErrorResponse(QueryExecutorImpl.java:2532)
	at org.postgresql.core.v3.QueryExecutorImpl.processResults(QueryExecutorImpl.java:2267)
	at org.postgresql.core.v3.QueryExecutorImpl.execute(QueryExecutorImpl.java:312)
	at org.postgresql.jdbc.PgStatement.executeInternal(PgStatement.java:448)
	at org.postgresql.jdbc.PgStatement.execute(PgStatement.java:369)
	at org.postgresql.jdbc.PgPreparedStatement.executeWithFlags(PgPreparedStatement.java:153)
	at org.postgresql.jdbc.PgPreparedStatement.executeQuery(PgPreparedStatement.java:103)
	at transactions.RelatedCustomerTransaction.getPossibleCustomersOrderItems(RelatedCustomerTransaction.java:104)
	at transactions.RelatedCustomerTransaction.execute(RelatedCustomerTransaction.java:52)
	at SampleApp.run(SampleApp.java:101)
	at SampleApp.main(SampleApp.java:64)
[Error]: Related Customer Abort Rel *** Related  Customer transaction info: warehouse: 6, district: 2, customer id: 769 *** 

org.postgresql.util.PSQLException: ERROR: Query error: Restart read required at: { read: { physical: 1667643552579448 } local_limit: { physical: 1667643552579448 } global_limit: <min> in_txn_limit: <max> serial_no: 0 }
	at org.postgresql.core.v3.QueryExecutorImpl.receiveErrorResponse(QueryExecutorImpl.java:2532)
	at org.postgresql.core.v3.QueryExecutorImpl.processResults(QueryExecutorImpl.java:2267)
	at org.postgresql.core.v3.QueryExecutorImpl.execute(QueryExecutorImpl.java:312)
	at org.postgresql.jdbc.PgStatement.executeInternal(PgStatement.java:448)
	at org.postgresql.jdbc.PgStatement.execute(PgStatement.java:369)
	at org.postgresql.jdbc.PgPreparedStatement.executeWithFlags(PgPreparedStatement.java:153)
	at org.postgresql.jdbc.PgPreparedStatement.executeQuery(PgPreparedStatement.java:103)
	at transactions.RelatedCustomerTransaction.getPossibleCustomersOrderItems(RelatedCustomerTransaction.java:104)
	at transactions.RelatedCustomerTransaction.execute(RelatedCustomerTransaction.java:52)
	at SampleApp.run(SampleApp.java:101)
	at SampleApp.main(SampleApp.java:64)
[Error]: Related Customer Abort Rel *** Related  Customer transaction info: warehouse: 6, district: 4, customer id: 2051 *** 

org.postgresql.util.PSQLException: ERROR: Query error: Restart read required at: { read: { physical: 1667643556968312 } local_limit: { physical: 1667643556968312 } global_limit: <min> in_txn_limit: <max> serial_no: 0 }
	at org.postgresql.core.v3.QueryExecutorImpl.receiveErrorResponse(QueryExecutorImpl.java:2532)
	at org.postgresql.core.v3.QueryExecutorImpl.processResults(QueryExecutorImpl.java:2267)
	at org.postgresql.core.v3.QueryExecutorImpl.execute(QueryExecutorImpl.java:312)
	at org.postgresql.jdbc.PgStatement.executeInternal(PgStatement.java:448)
	at org.postgresql.jdbc.PgStatement.execute(PgStatement.java:369)
	at org.postgresql.jdbc.PgPreparedStatement.executeWithFlags(PgPreparedStatement.java:153)
	at org.postgresql.jdbc.PgPreparedStatement.executeQuery(PgPreparedStatement.java:103)
	at transactions.RelatedCustomerTransaction.getPossibleCustomersOrderItems(RelatedCustomerTransaction.java:104)
	at transactions.RelatedCustomerTransaction.execute(RelatedCustomerTransaction.java:52)
	at SampleApp.run(SampleApp.java:101)
	at SampleApp.main(SampleApp.java:64)
[Error]: Related Customer Abort Rel *** Related  Customer transaction info: warehouse: 6, district: 2, customer id: 1226 *** 

[Error]: NewOrder getStockQty are missing
java.sql.SQLException
	at transactions.NewOrderTransaction.execute(NewOrderTransaction.java:170)
	at SampleApp.run(SampleApp.java:101)
	at SampleApp.main(SampleApp.java:64)
[Error]: New Order Abort New **** New Order Transaction Information ****
CID:2209, WID:6, DID:1, num order-lines:8
Item IDs are:,5447,20133,22055,30374,48714,77381,79746,97991
Quantities:,6,6,6,6,6,6,6,6
Supply warehouse IDs:,9,3,2,3,3,1,9,14

[Error]: NewOrder getStockQty are missing
java.sql.SQLException
	at transactions.NewOrderTransaction.execute(NewOrderTransaction.java:170)
	at SampleApp.run(SampleApp.java:101)
	at SampleApp.main(SampleApp.java:64)
[Error]: New Order Abort New **** New Order Transaction Information ****
CID:767, WID:6, DID:4, num order-lines:12
Item IDs are:,39607,78308,6183,6211,6215,34853,39494,43726,65215,84425,88544,89310
Quantities:,6,6,6,6,6,6,6,6,6,6,6,6
Supply warehouse IDs:,4,4,3,4,14,2,4,5,7,1,1,5

org.postgresql.util.PSQLException: ERROR: Query error: Restart read required at: { read: { physical: 1667643605554565 } local_limit: { physical: 1667643605554565 } global_limit: <min> in_txn_limit: <max> serial_no: 0 }
	at org.postgresql.core.v3.QueryExecutorImpl.receiveErrorResponse(QueryExecutorImpl.java:2532)
	at org.postgresql.core.v3.QueryExecutorImpl.processResults(QueryExecutorImpl.java:2267)
	at org.postgresql.core.v3.QueryExecutorImpl.execute(QueryExecutorImpl.java:312)
	at org.postgresql.jdbc.PgStatement.executeInternal(PgStatement.java:448)
	at org.postgresql.jdbc.PgStatement.execute(PgStatement.java:369)
	at org.postgresql.jdbc.PgPreparedStatement.executeWithFlags(PgPreparedStatement.java:153)
	at org.postgresql.jdbc.PgPreparedStatement.executeQuery(PgPreparedStatement.java:103)
	at transactions.RelatedCustomerTransaction.getPossibleCustomersOrderItems(RelatedCustomerTransaction.java:104)
	at transactions.RelatedCustomerTransaction.execute(RelatedCustomerTransaction.java:52)
	at SampleApp.run(SampleApp.java:101)
	at SampleApp.main(SampleApp.java:64)
[Error]: Related Customer Abort Rel *** Related  Customer transaction info: warehouse: 6, district: 5, customer id: 2253 *** 

org.postgresql.util.PSQLException: ERROR: Query error: Restart read required at: { read: { physical: 1667643610838486 } local_limit: { physical: 1667643610838486 } global_limit: <min> in_txn_limit: <max> serial_no: 0 }
	at org.postgresql.core.v3.QueryExecutorImpl.receiveErrorResponse(QueryExecutorImpl.java:2532)
	at org.postgresql.core.v3.QueryExecutorImpl.processResults(QueryExecutorImpl.java:2267)
	at org.postgresql.core.v3.QueryExecutorImpl.execute(QueryExecutorImpl.java:312)
	at org.postgresql.jdbc.PgStatement.executeInternal(PgStatement.java:448)
	at org.postgresql.jdbc.PgStatement.execute(PgStatement.java:369)
	at org.postgresql.jdbc.PgPreparedStatement.executeWithFlags(PgPreparedStatement.java:153)
	at org.postgresql.jdbc.PgPreparedStatement.executeQuery(PgPreparedStatement.java:103)
	at transactions.RelatedCustomerTransaction.getPossibleCustomersOrderItems(RelatedCustomerTransaction.java:104)
	at transactions.RelatedCustomerTransaction.execute(RelatedCustomerTransaction.java:52)
	at SampleApp.run(SampleApp.java:101)
	at SampleApp.main(SampleApp.java:64)
[Error]: Related Customer Abort Rel *** Related  Customer transaction info: warehouse: 6, district: 5, customer id: 2235 *** 

[Error]: NewOrder getStockQty are missing
java.sql.SQLException
	at transactions.NewOrderTransaction.execute(NewOrderTransaction.java:170)
	at SampleApp.run(SampleApp.java:101)
	at SampleApp.main(SampleApp.java:64)
[Error]: New Order Abort New **** New Order Transaction Information ****
CID:201, WID:6, DID:4, num order-lines:16
Item IDs are:,80581,81639,36539,3263,3397,11958,13580,15335,15974,18919,40544,65211,80614,93863,93889,95975
Quantities:,6,6,6,6,6,6,6,6,6,6,6,6,6,6,6,6
Supply warehouse IDs:,9,4,10,7,6,3,8,7,8,5,2,9,8,7,6,13

[Error]: NewOrder getStockQty are missing
java.sql.SQLException
	at transactions.NewOrderTransaction.execute(NewOrderTransaction.java:170)
	at SampleApp.run(SampleApp.java:101)
	at SampleApp.main(SampleApp.java:64)
[Error]: New Order Abort New **** New Order Transaction Information ****
CID:2307, WID:6, DID:2, num order-lines:17
Item IDs are:,32486,64675,21220,35750,42879,56807,71327,22191,24279,28741,31327,57059,63143,64359,75462,89543,92759
Quantities:,6,6,6,6,6,6,7,6,6,6,6,6,6,6,6,6,6
Supply warehouse IDs:,6,10,10,2,1,3,3,4,5,9,4,4,2,13,8,10,10

org.postgresql.util.PSQLException: ERROR: Query error: Restart read required at: { read: { physical: 1667643656652038 } local_limit: { physical: 1667643656652038 } global_limit: <min> in_txn_limit: <max> serial_no: 0 }
	at org.postgresql.core.v3.QueryExecutorImpl.receiveErrorResponse(QueryExecutorImpl.java:2532)
	at org.postgresql.core.v3.QueryExecutorImpl.processResults(QueryExecutorImpl.java:2267)
	at org.postgresql.core.v3.QueryExecutorImpl.execute(QueryExecutorImpl.java:312)
	at org.postgresql.jdbc.PgStatement.executeInternal(PgStatement.java:448)
	at org.postgresql.jdbc.PgStatement.execute(PgStatement.java:369)
	at org.postgresql.jdbc.PgPreparedStatement.executeWithFlags(PgPreparedStatement.java:153)
	at org.postgresql.jdbc.PgPreparedStatement.executeQuery(PgPreparedStatement.java:103)
	at transactions.RelatedCustomerTransaction.getPossibleCustomersOrderItems(RelatedCustomerTransaction.java:104)
	at transactions.RelatedCustomerTransaction.execute(RelatedCustomerTransaction.java:52)
	at SampleApp.run(SampleApp.java:101)
	at SampleApp.main(SampleApp.java:64)
[Error]: Related Customer Abort Rel *** Related  Customer transaction info: warehouse: 6, district: 4, customer id: 641 *** 

org.postgresql.util.PSQLException: ERROR: Query error: Restart read required at: { read: { physical: 1667643664021221 } local_limit: { physical: 1667643664021221 } global_limit: <min> in_txn_limit: <max> serial_no: 0 }
	at org.postgresql.core.v3.QueryExecutorImpl.receiveErrorResponse(QueryExecutorImpl.java:2532)
	at org.postgresql.core.v3.QueryExecutorImpl.processResults(QueryExecutorImpl.java:2267)
	at org.postgresql.core.v3.QueryExecutorImpl.execute(QueryExecutorImpl.java:312)
	at org.postgresql.jdbc.PgStatement.executeInternal(PgStatement.java:448)
	at org.postgresql.jdbc.PgStatement.execute(PgStatement.java:369)
	at org.postgresql.jdbc.PgPreparedStatement.executeWithFlags(PgPreparedStatement.java:153)
	at org.postgresql.jdbc.PgPreparedStatement.executeQuery(PgPreparedStatement.java:103)
	at transactions.RelatedCustomerTransaction.getPossibleCustomersOrderItems(RelatedCustomerTransaction.java:104)
	at transactions.RelatedCustomerTransaction.execute(RelatedCustomerTransaction.java:52)
	at SampleApp.run(SampleApp.java:101)
	at SampleApp.main(SampleApp.java:64)
[Error]: Related Customer Abort Rel *** Related  Customer transaction info: warehouse: 6, district: 4, customer id: 1850 *** 

org.postgresql.util.PSQLException: ERROR: Query error: Restart read required at: { read: { physical: 1667643668201995 } local_limit: { physical: 1667643668201995 } global_limit: <min> in_txn_limit: <max> serial_no: 0 }
	at org.postgresql.core.v3.QueryExecutorImpl.receiveErrorResponse(QueryExecutorImpl.java:2532)
	at org.postgresql.core.v3.QueryExecutorImpl.processResults(QueryExecutorImpl.java:2267)
	at org.postgresql.core.v3.QueryExecutorImpl.execute(QueryExecutorImpl.java:312)
	at org.postgresql.jdbc.PgStatement.executeInternal(PgStatement.java:448)
	at org.postgresql.jdbc.PgStatement.execute(PgStatement.java:369)
	at org.postgresql.jdbc.PgPreparedStatement.executeWithFlags(PgPreparedStatement.java:153)
	at org.postgresql.jdbc.PgPreparedStatement.executeQuery(PgPreparedStatement.java:103)
	at transactions.RelatedCustomerTransaction.getPossibleCustomersOrderItems(RelatedCustomerTransaction.java:104)
	at transactions.RelatedCustomerTransaction.execute(RelatedCustomerTransaction.java:52)
	at SampleApp.run(SampleApp.java:101)
	at SampleApp.main(SampleApp.java:64)
[Error]: Related Customer Abort Rel *** Related  Customer transaction info: warehouse: 6, district: 5, customer id: 2405 *** 

org.postgresql.util.PSQLException: ERROR: Query error: Restart read required at: { read: { physical: 1667643689504728 } local_limit: { physical: 1667643689504728 } global_limit: <min> in_txn_limit: <max> serial_no: 0 }
	at org.postgresql.core.v3.QueryExecutorImpl.receiveErrorResponse(QueryExecutorImpl.java:2532)
	at org.postgresql.core.v3.QueryExecutorImpl.processResults(QueryExecutorImpl.java:2267)
	at org.postgresql.core.v3.QueryExecutorImpl.execute(QueryExecutorImpl.java:312)
	at org.postgresql.jdbc.PgStatement.executeInternal(PgStatement.java:448)
	at org.postgresql.jdbc.PgStatement.execute(PgStatement.java:369)
	at org.postgresql.jdbc.PgPreparedStatement.executeWithFlags(PgPreparedStatement.java:153)
	at org.postgresql.jdbc.PgPreparedStatement.executeQuery(PgPreparedStatement.java:103)
	at transactions.RelatedCustomerTransaction.getPossibleCustomersOrderItems(RelatedCustomerTransaction.java:104)
	at transactions.RelatedCustomerTransaction.execute(RelatedCustomerTransaction.java:52)
	at SampleApp.run(SampleApp.java:101)
	at SampleApp.main(SampleApp.java:64)
[Error]: Related Customer Abort Rel *** Related  Customer transaction info: warehouse: 6, district: 3, customer id: 314 *** 

org.postgresql.util.PSQLException: ERROR: Query error: Restart read required at: { read: { physical: 1667643707626275 } local_limit: { physical: 1667643707626275 } global_limit: <min> in_txn_limit: <max> serial_no: 0 }
	at org.postgresql.core.v3.QueryExecutorImpl.receiveErrorResponse(QueryExecutorImpl.java:2532)
	at org.postgresql.core.v3.QueryExecutorImpl.processResults(QueryExecutorImpl.java:2267)
	at org.postgresql.core.v3.QueryExecutorImpl.execute(QueryExecutorImpl.java:312)
	at org.postgresql.jdbc.PgStatement.executeInternal(PgStatement.java:448)
	at org.postgresql.jdbc.PgStatement.execute(PgStatement.java:369)
	at org.postgresql.jdbc.PgPreparedStatement.executeWithFlags(PgPreparedStatement.java:153)
	at org.postgresql.jdbc.PgPreparedStatement.executeQuery(PgPreparedStatement.java:103)
	at transactions.RelatedCustomerTransaction.getPossibleCustomersOrderItems(RelatedCustomerTransaction.java:104)
	at transactions.RelatedCustomerTransaction.execute(RelatedCustomerTransaction.java:52)
	at SampleApp.run(SampleApp.java:101)
	at SampleApp.main(SampleApp.java:64)
[Error]: Related Customer Abort Rel *** Related  Customer transaction info: warehouse: 6, district: 2, customer id: 2307 *** 

org.postgresql.util.PSQLException: ERROR: Query error: Restart read required at: { read: { physical: 1667643715907384 } local_limit: { physical: 1667643715907384 } global_limit: <min> in_txn_limit: <max> serial_no: 0 }
	at org.postgresql.core.v3.QueryExecutorImpl.receiveErrorResponse(QueryExecutorImpl.java:2532)
	at org.postgresql.core.v3.QueryExecutorImpl.processResults(QueryExecutorImpl.java:2267)
	at org.postgresql.core.v3.QueryExecutorImpl.execute(QueryExecutorImpl.java:312)
	at org.postgresql.jdbc.PgStatement.executeInternal(PgStatement.java:448)
	at org.postgresql.jdbc.PgStatement.execute(PgStatement.java:369)
	at org.postgresql.jdbc.PgPreparedStatement.executeWithFlags(PgPreparedStatement.java:153)
	at org.postgresql.jdbc.PgPreparedStatement.executeQuery(PgPreparedStatement.java:103)
	at transactions.RelatedCustomerTransaction.getPossibleCustomersOrderItems(RelatedCustomerTransaction.java:104)
	at transactions.RelatedCustomerTransaction.execute(RelatedCustomerTransaction.java:52)
	at SampleApp.run(SampleApp.java:101)
	at SampleApp.main(SampleApp.java:64)
[Error]: Related Customer Abort Rel *** Related  Customer transaction info: warehouse: 6, district: 1, customer id: 310 *** 

[Error]: NewOrder getStockQty are missing
java.sql.SQLException
	at transactions.NewOrderTransaction.execute(NewOrderTransaction.java:170)
	at SampleApp.run(SampleApp.java:101)
	at SampleApp.main(SampleApp.java:64)
[Error]: New Order Abort New **** New Order Transaction Information ****
CID:195, WID:6, DID:3, num order-lines:18
Item IDs are:,81311,3585,14045,24287,77543,72423,15579,8603,15007,19042,31175,40151,64885,65239,65253,69093,86487,97382
Quantities:,6,6,6,6,6,6,6,6,6,6,6,6,6,6,6,6,6,6
Supply warehouse IDs:,4,8,2,1,2,4,8,3,3,10,10,4,10,7,15,7,1,9

org.postgresql.util.PSQLException: ERROR: Query error: Restart read required at: { read: { physical: 1667643740221571 } local_limit: { physical: 1667643740221571 } global_limit: <min> in_txn_limit: <max> serial_no: 0 }
	at org.postgresql.core.v3.QueryExecutorImpl.receiveErrorResponse(QueryExecutorImpl.java:2532)
	at org.postgresql.core.v3.QueryExecutorImpl.processResults(QueryExecutorImpl.java:2267)
	at org.postgresql.core.v3.QueryExecutorImpl.execute(QueryExecutorImpl.java:312)
	at org.postgresql.jdbc.PgStatement.executeInternal(PgStatement.java:448)
	at org.postgresql.jdbc.PgStatement.execute(PgStatement.java:369)
	at org.postgresql.jdbc.PgPreparedStatement.executeWithFlags(PgPreparedStatement.java:153)
	at org.postgresql.jdbc.PgPreparedStatement.executeQuery(PgPreparedStatement.java:103)
	at transactions.RelatedCustomerTransaction.getPossibleCustomersOrderItems(RelatedCustomerTransaction.java:104)
	at transactions.RelatedCustomerTransaction.execute(RelatedCustomerTransaction.java:52)
	at SampleApp.run(SampleApp.java:101)
	at SampleApp.main(SampleApp.java:64)
[Error]: Related Customer Abort Rel *** Related  Customer transaction info: warehouse: 6, district: 1, customer id: 1257 *** 

org.postgresql.util.PSQLException: ERROR: Query error: Restart read required at: { read: { physical: 1667643761684742 } local_limit: { physical: 1667643761684742 } global_limit: <min> in_txn_limit: <max> serial_no: 0 }
	at org.postgresql.core.v3.QueryExecutorImpl.receiveErrorResponse(QueryExecutorImpl.java:2532)
	at org.postgresql.core.v3.QueryExecutorImpl.processResults(QueryExecutorImpl.java:2267)
	at org.postgresql.core.v3.QueryExecutorImpl.execute(QueryExecutorImpl.java:312)
	at org.postgresql.jdbc.PgStatement.executeInternal(PgStatement.java:448)
	at org.postgresql.jdbc.PgStatement.execute(PgStatement.java:369)
	at org.postgresql.jdbc.PgPreparedStatement.executeWithFlags(PgPreparedStatement.java:153)
	at org.postgresql.jdbc.PgPreparedStatement.executeQuery(PgPreparedStatement.java:103)
	at transactions.RelatedCustomerTransaction.getPossibleCustomersOrderItems(RelatedCustomerTransaction.java:104)
	at transactions.RelatedCustomerTransaction.execute(RelatedCustomerTransaction.java:52)
	at SampleApp.run(SampleApp.java:101)
	at SampleApp.main(SampleApp.java:64)
[Error]: Related Customer Abort Rel *** Related  Customer transaction info: warehouse: 6, district: 4, customer id: 2302 *** 

org.postgresql.util.PSQLException: ERROR: Query error: Restart read required at: { read: { physical: 1667643770738329 } local_limit: { physical: 1667643770738329 } global_limit: <min> in_txn_limit: <max> serial_no: 0 }
	at org.postgresql.core.v3.QueryExecutorImpl.receiveErrorResponse(QueryExecutorImpl.java:2532)
	at org.postgresql.core.v3.QueryExecutorImpl.processResults(QueryExecutorImpl.java:2267)
	at org.postgresql.core.v3.QueryExecutorImpl.execute(QueryExecutorImpl.java:312)
	at org.postgresql.jdbc.PgStatement.executeInternal(PgStatement.java:448)
	at org.postgresql.jdbc.PgStatement.execute(PgStatement.java:369)
	at org.postgresql.jdbc.PgPreparedStatement.executeWithFlags(PgPreparedStatement.java:153)
	at org.postgresql.jdbc.PgPreparedStatement.executeQuery(PgPreparedStatement.java:103)
	at transactions.RelatedCustomerTransaction.getPossibleCustomersOrderItems(RelatedCustomerTransaction.java:104)
	at transactions.RelatedCustomerTransaction.execute(RelatedCustomerTransaction.java:52)
	at SampleApp.run(SampleApp.java:101)
	at SampleApp.main(SampleApp.java:64)
[Error]: Related Customer Abort Rel *** Related  Customer transaction info: warehouse: 6, district: 3, customer id: 1187 *** 

org.postgresql.util.PSQLException: ERROR: Query error: Restart read required at: { read: { physical: 1667643790801154 } local_limit: { physical: 1667643790801154 } global_limit: <min> in_txn_limit: <max> serial_no: 0 }
	at org.postgresql.core.v3.QueryExecutorImpl.receiveErrorResponse(QueryExecutorImpl.java:2532)
	at org.postgresql.core.v3.QueryExecutorImpl.processResults(QueryExecutorImpl.java:2267)
	at org.postgresql.core.v3.QueryExecutorImpl.execute(QueryExecutorImpl.java:312)
	at org.postgresql.jdbc.PgStatement.executeInternal(PgStatement.java:448)
	at org.postgresql.jdbc.PgStatement.execute(PgStatement.java:369)
	at org.postgresql.jdbc.PgPreparedStatement.executeWithFlags(PgPreparedStatement.java:153)
	at org.postgresql.jdbc.PgPreparedStatement.executeQuery(PgPreparedStatement.java:103)
	at transactions.RelatedCustomerTransaction.getPossibleCustomersOrderItems(RelatedCustomerTransaction.java:104)
	at transactions.RelatedCustomerTransaction.execute(RelatedCustomerTransaction.java:52)
	at SampleApp.run(SampleApp.java:101)
	at SampleApp.main(SampleApp.java:64)
[Error]: Related Customer Abort Rel *** Related  Customer transaction info: warehouse: 6, district: 4, customer id: 2179 *** 

org.postgresql.util.PSQLException: ERROR: Query error: Restart read required at: { read: { physical: 1667643804892765 } local_limit: { physical: 1667643804892765 } global_limit: <min> in_txn_limit: <max> serial_no: 0 }
	at org.postgresql.core.v3.QueryExecutorImpl.receiveErrorResponse(QueryExecutorImpl.java:2532)
	at org.postgresql.core.v3.QueryExecutorImpl.processResults(QueryExecutorImpl.java:2267)
	at org.postgresql.core.v3.QueryExecutorImpl.execute(QueryExecutorImpl.java:312)
	at org.postgresql.jdbc.PgStatement.executeInternal(PgStatement.java:448)
	at org.postgresql.jdbc.PgStatement.execute(PgStatement.java:369)
	at org.postgresql.jdbc.PgPreparedStatement.executeWithFlags(PgPreparedStatement.java:153)
	at org.postgresql.jdbc.PgPreparedStatement.executeQuery(PgPreparedStatement.java:103)
	at transactions.RelatedCustomerTransaction.getPossibleCustomersOrderItems(RelatedCustomerTransaction.java:104)
	at transactions.RelatedCustomerTransaction.execute(RelatedCustomerTransaction.java:52)
	at SampleApp.run(SampleApp.java:101)
	at SampleApp.main(SampleApp.java:64)
[Error]: Related Customer Abort Rel *** Related  Customer transaction info: warehouse: 6, district: 1, customer id: 2303 *** 

org.postgresql.util.PSQLException: ERROR: Query error: Restart read required at: { read: { physical: 1667643809791944 } local_limit: { physical: 1667643809791944 } global_limit: <min> in_txn_limit: <max> serial_no: 0 }
	at org.postgresql.core.v3.QueryExecutorImpl.receiveErrorResponse(QueryExecutorImpl.java:2532)
	at org.postgresql.core.v3.QueryExecutorImpl.processResults(QueryExecutorImpl.java:2267)
	at org.postgresql.core.v3.QueryExecutorImpl.execute(QueryExecutorImpl.java:312)
	at org.postgresql.jdbc.PgStatement.executeInternal(PgStatement.java:448)
	at org.postgresql.jdbc.PgStatement.execute(PgStatement.java:369)
	at org.postgresql.jdbc.PgPreparedStatement.executeWithFlags(PgPreparedStatement.java:153)
	at org.postgresql.jdbc.PgPreparedStatement.executeQuery(PgPreparedStatement.java:103)
	at transactions.RelatedCustomerTransaction.getPossibleCustomersOrderItems(RelatedCustomerTransaction.java:104)
	at transactions.RelatedCustomerTransaction.execute(RelatedCustomerTransaction.java:52)
	at SampleApp.run(SampleApp.java:101)
	at SampleApp.main(SampleApp.java:64)
[Error]: Related Customer Abort Rel *** Related  Customer transaction info: warehouse: 6, district: 1, customer id: 1275 *** 

[Error]: NewOrder getStockQty are missing
java.sql.SQLException
	at transactions.NewOrderTransaction.execute(NewOrderTransaction.java:170)
	at SampleApp.run(SampleApp.java:101)
	at SampleApp.main(SampleApp.java:64)
[Error]: New Order Abort New **** New Order Transaction Information ****
CID:307, WID:6, DID:4, num order-lines:9
Item IDs are:,22245,29854,43367,70879,77327,81631,83879,85222,95007
Quantities:,6,6,6,6,6,6,6,6,6
Supply warehouse IDs:,4,7,6,3,5,14,7,4,1

[Error]: NewOrder getStockQty are missing
java.sql.SQLException
	at transactions.NewOrderTransaction.execute(NewOrderTransaction.java:170)
	at SampleApp.run(SampleApp.java:101)
	at SampleApp.main(SampleApp.java:64)
[Error]: New Order Abort New **** New Order Transaction Information ****
CID:307, WID:6, DID:4, num order-lines:16
Item IDs are:,48743,24087,87750,89305,3719,4903,6213,6215,9959,11875,57019,69267,73447,77527,79590,87699
Quantities:,6,6,6,6,6,6,6,6,6,6,6,6,6,6,6,6
Supply warehouse IDs:,5,3,2,10,10,8,2,11,5,1,3,10,6,3,10,5

org.postgresql.util.PSQLException: ERROR: Query error: Restart read required at: { read: { physical: 1667643878080806 } local_limit: { physical: 1667643878080806 } global_limit: <min> in_txn_limit: <max> serial_no: 0 }
	at org.postgresql.core.v3.QueryExecutorImpl.receiveErrorResponse(QueryExecutorImpl.java:2532)
	at org.postgresql.core.v3.QueryExecutorImpl.processResults(QueryExecutorImpl.java:2267)
	at org.postgresql.core.v3.QueryExecutorImpl.execute(QueryExecutorImpl.java:312)
	at org.postgresql.jdbc.PgStatement.executeInternal(PgStatement.java:448)
	at org.postgresql.jdbc.PgStatement.execute(PgStatement.java:369)
	at org.postgresql.jdbc.PgPreparedStatement.executeWithFlags(PgPreparedStatement.java:153)
	at org.postgresql.jdbc.PgPreparedStatement.executeQuery(PgPreparedStatement.java:103)
	at transactions.RelatedCustomerTransaction.getPossibleCustomersOrderItems(RelatedCustomerTransaction.java:104)
	at transactions.RelatedCustomerTransaction.execute(RelatedCustomerTransaction.java:52)
	at SampleApp.run(SampleApp.java:101)
	at SampleApp.main(SampleApp.java:64)
[Error]: Related Customer Abort Rel *** Related  Customer transaction info: warehouse: 6, district: 1, customer id: 2301 *** 

org.postgresql.util.PSQLException: ERROR: Query error: Restart read required at: { read: { physical: 1667644094674936 } local_limit: { physical: 1667644094674936 } global_limit: <min> in_txn_limit: <max> serial_no: 0 }
	at org.postgresql.core.v3.QueryExecutorImpl.receiveErrorResponse(QueryExecutorImpl.java:2532)
	at org.postgresql.core.v3.QueryExecutorImpl.processResults(QueryExecutorImpl.java:2267)
	at org.postgresql.core.v3.QueryExecutorImpl.execute(QueryExecutorImpl.java:312)
	at org.postgresql.jdbc.PgStatement.executeInternal(PgStatement.java:448)
	at org.postgresql.jdbc.PgStatement.execute(PgStatement.java:369)
	at org.postgresql.jdbc.PgPreparedStatement.executeWithFlags(PgPreparedStatement.java:153)
	at org.postgresql.jdbc.PgPreparedStatement.executeQuery(PgPreparedStatement.java:103)
	at transactions.RelatedCustomerTransaction.getPossibleCustomersOrderItems(RelatedCustomerTransaction.java:104)
	at transactions.RelatedCustomerTransaction.execute(RelatedCustomerTransaction.java:52)
	at SampleApp.run(SampleApp.java:101)
	at SampleApp.main(SampleApp.java:64)
[Error]: Related Customer Abort Rel *** Related  Customer transaction info: warehouse: 6, district: 5, customer id: 1248 *** 

org.postgresql.util.PSQLException: ERROR: Query error: Restart read required at: { read: { physical: 1667644147888816 } local_limit: { physical: 1667644147888816 } global_limit: <min> in_txn_limit: <max> serial_no: 0 }
	at org.postgresql.core.v3.QueryExecutorImpl.receiveErrorResponse(QueryExecutorImpl.java:2532)
	at org.postgresql.core.v3.QueryExecutorImpl.processResults(QueryExecutorImpl.java:2267)
	at org.postgresql.core.v3.QueryExecutorImpl.execute(QueryExecutorImpl.java:312)
	at org.postgresql.jdbc.PgStatement.executeInternal(PgStatement.java:448)
	at org.postgresql.jdbc.PgStatement.execute(PgStatement.java:369)
	at org.postgresql.jdbc.PgPreparedStatement.executeWithFlags(PgPreparedStatement.java:153)
	at org.postgresql.jdbc.PgPreparedStatement.executeQuery(PgPreparedStatement.java:103)
	at transactions.RelatedCustomerTransaction.getPossibleCustomersOrderItems(RelatedCustomerTransaction.java:104)
	at transactions.RelatedCustomerTransaction.execute(RelatedCustomerTransaction.java:52)
	at SampleApp.run(SampleApp.java:101)
	at SampleApp.main(SampleApp.java:64)
[Error]: Related Customer Abort Rel *** Related  Customer transaction info: warehouse: 6, district: 5, customer id: 2299 *** 

org.postgresql.util.PSQLException: ERROR: Query error: Restart read required at: { read: { physical: 1667644150676073 } local_limit: { physical: 1667644150676073 } global_limit: <min> in_txn_limit: <max> serial_no: 0 }
	at org.postgresql.core.v3.QueryExecutorImpl.receiveErrorResponse(QueryExecutorImpl.java:2532)
	at org.postgresql.core.v3.QueryExecutorImpl.processResults(QueryExecutorImpl.java:2267)
	at org.postgresql.core.v3.QueryExecutorImpl.execute(QueryExecutorImpl.java:312)
	at org.postgresql.jdbc.PgStatement.executeInternal(PgStatement.java:448)
	at org.postgresql.jdbc.PgStatement.execute(PgStatement.java:369)
	at org.postgresql.jdbc.PgPreparedStatement.executeWithFlags(PgPreparedStatement.java:153)
	at org.postgresql.jdbc.PgPreparedStatement.executeQuery(PgPreparedStatement.java:103)
	at transactions.RelatedCustomerTransaction.getPossibleCustomersOrderItems(RelatedCustomerTransaction.java:104)
	at transactions.RelatedCustomerTransaction.execute(RelatedCustomerTransaction.java:52)
	at SampleApp.run(SampleApp.java:101)
	at SampleApp.main(SampleApp.java:64)
[Error]: Related Customer Abort Rel *** Related  Customer transaction info: warehouse: 6, district: 1, customer id: 329 *** 

org.postgresql.util.PSQLException: ERROR: Query error: Restart read required at: { read: { physical: 1667644163946005 } local_limit: { physical: 1667644163946005 } global_limit: <min> in_txn_limit: <max> serial_no: 0 }
	at org.postgresql.core.v3.QueryExecutorImpl.receiveErrorResponse(QueryExecutorImpl.java:2532)
	at org.postgresql.core.v3.QueryExecutorImpl.processResults(QueryExecutorImpl.java:2267)
	at org.postgresql.core.v3.QueryExecutorImpl.execute(QueryExecutorImpl.java:312)
	at org.postgresql.jdbc.PgStatement.executeInternal(PgStatement.java:448)
	at org.postgresql.jdbc.PgStatement.execute(PgStatement.java:369)
	at org.postgresql.jdbc.PgPreparedStatement.executeWithFlags(PgPreparedStatement.java:153)
	at org.postgresql.jdbc.PgPreparedStatement.executeQuery(PgPreparedStatement.java:103)
	at transactions.RelatedCustomerTransaction.getPossibleCustomersOrderItems(RelatedCustomerTransaction.java:104)
	at transactions.RelatedCustomerTransaction.execute(RelatedCustomerTransaction.java:52)
	at SampleApp.run(SampleApp.java:101)
	at SampleApp.main(SampleApp.java:64)
[Error]: Related Customer Abort Rel *** Related  Customer transaction info: warehouse: 6, district: 1, customer id: 1275 *** 

org.postgresql.util.PSQLException: ERROR: Query error: Restart read required at: { read: { physical: 1667644175057944 } local_limit: { physical: 1667644175057944 } global_limit: <min> in_txn_limit: <max> serial_no: 0 }
	at org.postgresql.core.v3.QueryExecutorImpl.receiveErrorResponse(QueryExecutorImpl.java:2532)
	at org.postgresql.core.v3.QueryExecutorImpl.processResults(QueryExecutorImpl.java:2267)
	at org.postgresql.core.v3.QueryExecutorImpl.execute(QueryExecutorImpl.java:312)
	at org.postgresql.jdbc.PgStatement.executeInternal(PgStatement.java:448)
	at org.postgresql.jdbc.PgStatement.execute(PgStatement.java:369)
	at org.postgresql.jdbc.PgPreparedStatement.executeWithFlags(PgPreparedStatement.java:153)
	at org.postgresql.jdbc.PgPreparedStatement.executeQuery(PgPreparedStatement.java:103)
	at transactions.RelatedCustomerTransaction.getPossibleCustomersOrderItems(RelatedCustomerTransaction.java:104)
	at transactions.RelatedCustomerTransaction.execute(RelatedCustomerTransaction.java:52)
	at SampleApp.run(SampleApp.java:101)
	at SampleApp.main(SampleApp.java:64)
[Error]: Related Customer Abort Rel *** Related  Customer transaction info: warehouse: 6, district: 3, customer id: 1083 *** 

org.postgresql.util.PSQLException: ERROR: Query error: Restart read required at: { read: { physical: 1667644182256620 } local_limit: { physical: 1667644182256620 } global_limit: <min> in_txn_limit: <max> serial_no: 0 }
	at org.postgresql.core.v3.QueryExecutorImpl.receiveErrorResponse(QueryExecutorImpl.java:2532)
	at org.postgresql.core.v3.QueryExecutorImpl.processResults(QueryExecutorImpl.java:2267)
	at org.postgresql.core.v3.QueryExecutorImpl.execute(QueryExecutorImpl.java:312)
	at org.postgresql.jdbc.PgStatement.executeInternal(PgStatement.java:448)
	at org.postgresql.jdbc.PgStatement.execute(PgStatement.java:369)
	at org.postgresql.jdbc.PgPreparedStatement.executeWithFlags(PgPreparedStatement.java:153)
	at org.postgresql.jdbc.PgPreparedStatement.executeQuery(PgPreparedStatement.java:103)
	at transactions.RelatedCustomerTransaction.getPossibleCustomersOrderItems(RelatedCustomerTransaction.java:104)
	at transactions.RelatedCustomerTransaction.execute(RelatedCustomerTransaction.java:52)
	at SampleApp.run(SampleApp.java:101)
	at SampleApp.main(SampleApp.java:64)
[Error]: Related Customer Abort Rel *** Related  Customer transaction info: warehouse: 6, district: 2, customer id: 2176 *** 

org.postgresql.util.PSQLException: ERROR: Query error: Restart read required at: { read: { physical: 1667644189778575 } local_limit: { physical: 1667644189778575 } global_limit: <min> in_txn_limit: <max> serial_no: 0 }
	at org.postgresql.core.v3.QueryExecutorImpl.receiveErrorResponse(QueryExecutorImpl.java:2532)
	at org.postgresql.core.v3.QueryExecutorImpl.processResults(QueryExecutorImpl.java:2267)
	at org.postgresql.core.v3.QueryExecutorImpl.execute(QueryExecutorImpl.java:312)
	at org.postgresql.jdbc.PgStatement.executeInternal(PgStatement.java:448)
	at org.postgresql.jdbc.PgStatement.execute(PgStatement.java:369)
	at org.postgresql.jdbc.PgPreparedStatement.executeWithFlags(PgPreparedStatement.java:153)
	at org.postgresql.jdbc.PgPreparedStatement.executeQuery(PgPreparedStatement.java:103)
	at transactions.RelatedCustomerTransaction.getPossibleCustomersOrderItems(RelatedCustomerTransaction.java:104)
	at transactions.RelatedCustomerTransaction.execute(RelatedCustomerTransaction.java:52)
	at SampleApp.run(SampleApp.java:101)
	at SampleApp.main(SampleApp.java:64)
[Error]: Related Customer Abort Rel *** Related  Customer transaction info: warehouse: 6, district: 4, customer id: 153 *** 

[Error]: NewOrder getStockQty are missing
java.sql.SQLException
	at transactions.NewOrderTransaction.execute(NewOrderTransaction.java:170)
	at SampleApp.run(SampleApp.java:101)
	at SampleApp.main(SampleApp.java:64)
[Error]: New Order Abort New **** New Order Transaction Information ****
CID:54, WID:6, DID:5, num order-lines:19
Item IDs are:,3645,2119,73158,16099,29831,64231,34383,39655,5699,77511,16023,19267,36350,37919,39909,48614,56709,73447,89831
Quantities:,6,6,6,6,6,6,6,6,6,6,6,6,6,6,6,6,6,6,6
Supply warehouse IDs:,3,7,2,13,2,4,10,2,10,10,10,4,1,4,2,3,10,4,4

org.postgresql.util.PSQLException: ERROR: Query error: Restart read required at: { read: { physical: 1667644296533789 } local_limit: { physical: 1667644296533789 } global_limit: <min> in_txn_limit: <max> serial_no: 0 }
	at org.postgresql.core.v3.QueryExecutorImpl.receiveErrorResponse(QueryExecutorImpl.java:2532)
	at org.postgresql.core.v3.QueryExecutorImpl.processResults(QueryExecutorImpl.java:2267)
	at org.postgresql.core.v3.QueryExecutorImpl.execute(QueryExecutorImpl.java:312)
	at org.postgresql.jdbc.PgStatement.executeInternal(PgStatement.java:448)
	at org.postgresql.jdbc.PgStatement.execute(PgStatement.java:369)
	at org.postgresql.jdbc.PgPreparedStatement.executeWithFlags(PgPreparedStatement.java:153)
	at org.postgresql.jdbc.PgPreparedStatement.executeQuery(PgPreparedStatement.java:103)
	at transactions.RelatedCustomerTransaction.getPossibleCustomersOrderItems(RelatedCustomerTransaction.java:104)
	at transactions.RelatedCustomerTransaction.execute(RelatedCustomerTransaction.java:52)
	at SampleApp.run(SampleApp.java:101)
	at SampleApp.main(SampleApp.java:64)
[Error]: Related Customer Abort Rel *** Related  Customer transaction info: warehouse: 6, district: 5, customer id: 1363 *** 

[Error]: NewOrder getStockQty are missing
java.sql.SQLException
	at transactions.NewOrderTransaction.execute(NewOrderTransaction.java:170)
	at SampleApp.run(SampleApp.java:101)
	at SampleApp.main(SampleApp.java:64)
[Error]: New Order Abort New **** New Order Transaction Information ****
CID:187, WID:6, DID:2, num order-lines:15
Item IDs are:,28383,61143,24230,97986,52934,46742,12080,30951,39142,40373,45669,47847,63199,72841,73439
Quantities:,6,6,6,6,6,6,6,6,6,6,6,6,6,6,6
Supply warehouse IDs:,5,10,9,9,1,5,6,7,10,7,7,9,7,5,12

org.postgresql.util.PSQLException: ERROR: Query error: Restart read required at: { read: { physical: 1667644427379613 } local_limit: { physical: 1667644427379613 } global_limit: <min> in_txn_limit: <max> serial_no: 0 }
	at org.postgresql.core.v3.QueryExecutorImpl.receiveErrorResponse(QueryExecutorImpl.java:2532)
	at org.postgresql.core.v3.QueryExecutorImpl.processResults(QueryExecutorImpl.java:2267)
	at org.postgresql.core.v3.QueryExecutorImpl.execute(QueryExecutorImpl.java:312)
	at org.postgresql.jdbc.PgStatement.executeInternal(PgStatement.java:448)
	at org.postgresql.jdbc.PgStatement.execute(PgStatement.java:369)
	at org.postgresql.jdbc.PgPreparedStatement.executeWithFlags(PgPreparedStatement.java:153)
	at org.postgresql.jdbc.PgPreparedStatement.executeQuery(PgPreparedStatement.java:103)
	at transactions.RelatedCustomerTransaction.getPossibleCustomersOrderItems(RelatedCustomerTransaction.java:104)
	at transactions.RelatedCustomerTransaction.execute(RelatedCustomerTransaction.java:52)
	at SampleApp.run(SampleApp.java:101)
	at SampleApp.main(SampleApp.java:64)
[Error]: Related Customer Abort Rel *** Related  Customer transaction info: warehouse: 6, district: 5, customer id: 2304 *** 

[Error]: NewOrder getStockQty are missing
java.sql.SQLException
	at transactions.NewOrderTransaction.execute(NewOrderTransaction.java:170)
	at SampleApp.run(SampleApp.java:101)
	at SampleApp.main(SampleApp.java:64)
[Error]: New Order Abort New **** New Order Transaction Information ****
CID:2303, WID:6, DID:2, num order-lines:14
Item IDs are:,32455,24206,60607,1438,16031,16087,27879,28129,48867,56919,65250,69063,73947,77399
Quantities:,6,6,6,6,6,6,6,6,6,6,6,6,6,6
Supply warehouse IDs:,3,8,5,3,2,8,13,3,10,5,1,8,5,8

[Error]: NewOrder getStockQty are missing
java.sql.SQLException
	at transactions.NewOrderTransaction.execute(NewOrderTransaction.java:170)
	at SampleApp.run(SampleApp.java:101)
	at SampleApp.main(SampleApp.java:64)
[Error]: New Order Abort New **** New Order Transaction Information ****
CID:961, WID:6, DID:3, num order-lines:15
Item IDs are:,12724,32479,14429,77413,4631,6087,6213,31967,32223,54799,56958,59103,77279,86753,93729
Quantities:,6,6,6,6,6,6,6,6,6,6,6,1,6,6,6
Supply warehouse IDs:,6,7,9,8,6,16,2,2,9,2,1,3,6,3,10

[Error]: NewOrder getStockQty are missing
java.sql.SQLException
	at transactions.NewOrderTransaction.execute(NewOrderTransaction.java:170)
	at SampleApp.run(SampleApp.java:101)
	at SampleApp.main(SampleApp.java:64)
[Error]: New Order Abort New **** New Order Transaction Information ****
CID:2144, WID:6, DID:2, num order-lines:15
Item IDs are:,10973,81093,88485,5695,6215,15589,22749,26275,42163,47714,89799,89831,95955,96357,97959
Quantities:,6,6,6,6,6,6,6,6,6,6,6,6,6,6,6
Supply warehouse IDs:,3,1,1,2,10,2,6,5,9,3,1,14,3,7,2

[Error]: NewOrder getStockQty are missing
java.sql.SQLException
	at transactions.NewOrderTransaction.execute(NewOrderTransaction.java:170)
	at SampleApp.run(SampleApp.java:101)
	at SampleApp.main(SampleApp.java:64)
[Error]: New Order Abort New **** New Order Transaction Information ****
CID:1922, WID:6, DID:5, num order-lines:13
Item IDs are:,97375,57015,71271,71,5878,19475,28359,53795,57060,73319,75334,95683,98023
Quantities:,6,6,6,6,6,6,6,6,6,6,6,6,6
Supply warehouse IDs:,4,4,2,10,5,10,2,4,3,9,4,4,15

[Error]: NewOrder getStockQty are missing
java.sql.SQLException
	at transactions.NewOrderTransaction.execute(NewOrderTransaction.java:170)
	at SampleApp.run(SampleApp.java:101)
	at SampleApp.main(SampleApp.java:64)
[Error]: New Order Abort New **** New Order Transaction Information ****
CID:257, WID:6, DID:3, num order-lines:18
Item IDs are:,55844,31461,4519,39765,14055,73441,1857,5927,8455,9799,12870,24294,28119,48819,62407,80347,81634,97503
Quantities:,6,6,6,6,6,6,6,6,6,6,6,6,6,6,6,6,6,6
Supply warehouse IDs:,4,7,9,9,2,12,9,9,6,6,6,1,9,10,7,5,5,7

[Error]: NewOrder getStockQty are missing
java.sql.SQLException
	at transactions.NewOrderTransaction.execute(NewOrderTransaction.java:170)
	at SampleApp.run(SampleApp.java:101)
	at SampleApp.main(SampleApp.java:64)
[Error]: New Order Abort New **** New Order Transaction Information ****
CID:1533, WID:6, DID:1, num order-lines:17
Item IDs are:,56421,47813,81374,61023,40678,56935,32477,2051,2118,12479,35543,41447,59079,63573,64998,81622,93919
Quantities:,6,6,6,6,6,6,6,6,6,6,6,6,6,6,6,6,6
Supply warehouse IDs:,10,9,5,3,8,11,1,9,3,9,8,4,9,8,3,9,9

[Error]: NewOrder getStockQty are missing
java.sql.SQLException
	at transactions.NewOrderTransaction.execute(NewOrderTransaction.java:170)
	at SampleApp.run(SampleApp.java:101)
	at SampleApp.main(SampleApp.java:64)
[Error]: New Order Abort New **** New Order Transaction Information ****
CID:895, WID:6, DID:2, num order-lines:14
Item IDs are:,65253,96965,89795,1493,11325,12869,15655,15843,26215,35558,37987,40629,48831,73442
Quantities:,6,6,6,6,6,6,6,6,6,6,6,6,6,6
Supply warehouse IDs:,8,9,8,7,7,1,4,4,8,7,9,14,9,4

org.postgresql.util.PSQLException: ERROR: Query error: Restart read required at: { read: { physical: 1667644593368487 } local_limit: { physical: 1667644593368487 } global_limit: <min> in_txn_limit: <max> serial_no: 0 }
	at org.postgresql.core.v3.QueryExecutorImpl.receiveErrorResponse(QueryExecutorImpl.java:2532)
	at org.postgresql.core.v3.QueryExecutorImpl.processResults(QueryExecutorImpl.java:2267)
	at org.postgresql.core.v3.QueryExecutorImpl.execute(QueryExecutorImpl.java:312)
	at org.postgresql.jdbc.PgStatement.executeInternal(PgStatement.java:448)
	at org.postgresql.jdbc.PgStatement.execute(PgStatement.java:369)
	at org.postgresql.jdbc.PgPreparedStatement.executeWithFlags(PgPreparedStatement.java:153)
	at org.postgresql.jdbc.PgPreparedStatement.executeQuery(PgPreparedStatement.java:103)
	at transactions.RelatedCustomerTransaction.getPossibleCustomersOrderItems(RelatedCustomerTransaction.java:104)
	at transactions.RelatedCustomerTransaction.execute(RelatedCustomerTransaction.java:52)
	at SampleApp.run(SampleApp.java:101)
	at SampleApp.main(SampleApp.java:64)
[Error]: Related Customer Abort Rel *** Related  Customer transaction info: warehouse: 6, district: 3, customer id: 331 *** 

org.postgresql.util.PSQLException: ERROR: Query error: Restart read required at: { read: { physical: 1667644618114298 } local_limit: { physical: 1667644618114298 } global_limit: <min> in_txn_limit: <max> serial_no: 0 }
	at org.postgresql.core.v3.QueryExecutorImpl.receiveErrorResponse(QueryExecutorImpl.java:2532)
	at org.postgresql.core.v3.QueryExecutorImpl.processResults(QueryExecutorImpl.java:2267)
	at org.postgresql.core.v3.QueryExecutorImpl.execute(QueryExecutorImpl.java:312)
	at org.postgresql.jdbc.PgStatement.executeInternal(PgStatement.java:448)
	at org.postgresql.jdbc.PgStatement.execute(PgStatement.java:369)
	at org.postgresql.jdbc.PgPreparedStatement.executeWithFlags(PgPreparedStatement.java:153)
	at org.postgresql.jdbc.PgPreparedStatement.executeQuery(PgPreparedStatement.java:103)
	at transactions.RelatedCustomerTransaction.getPossibleCustomersOrderItems(RelatedCustomerTransaction.java:104)
	at transactions.RelatedCustomerTransaction.execute(RelatedCustomerTransaction.java:52)
	at SampleApp.run(SampleApp.java:101)
	at SampleApp.main(SampleApp.java:64)
[Error]: Related Customer Abort Rel *** Related  Customer transaction info: warehouse: 6, district: 2, customer id: 2307 *** 

org.postgresql.util.PSQLException: ERROR: Query error: Restart read required at: { read: { physical: 1667644657252142 } local_limit: { physical: 1667644657252142 } global_limit: <min> in_txn_limit: <max> serial_no: 0 }
	at org.postgresql.core.v3.QueryExecutorImpl.receiveErrorResponse(QueryExecutorImpl.java:2532)
	at org.postgresql.core.v3.QueryExecutorImpl.processResults(QueryExecutorImpl.java:2267)
	at org.postgresql.core.v3.QueryExecutorImpl.execute(QueryExecutorImpl.java:312)
	at org.postgresql.jdbc.PgStatement.executeInternal(PgStatement.java:448)
	at org.postgresql.jdbc.PgStatement.execute(PgStatement.java:369)
	at org.postgresql.jdbc.PgPreparedStatement.executeWithFlags(PgPreparedStatement.java:153)
	at org.postgresql.jdbc.PgPreparedStatement.executeQuery(PgPreparedStatement.java:103)
	at transactions.RelatedCustomerTransaction.getPossibleCustomersOrderItems(RelatedCustomerTransaction.java:104)
	at transactions.RelatedCustomerTransaction.execute(RelatedCustomerTransaction.java:52)
	at SampleApp.run(SampleApp.java:101)
	at SampleApp.main(SampleApp.java:64)
[Error]: Related Customer Abort Rel *** Related  Customer transaction info: warehouse: 6, district: 1, customer id: 2925 *** 

org.postgresql.util.PSQLException: ERROR: Query error: Restart read required at: { read: { physical: 1667644692764684 } local_limit: { physical: 1667644692764684 } global_limit: <min> in_txn_limit: <max> serial_no: 0 }
	at org.postgresql.core.v3.QueryExecutorImpl.receiveErrorResponse(QueryExecutorImpl.java:2532)
	at org.postgresql.core.v3.QueryExecutorImpl.processResults(QueryExecutorImpl.java:2267)
	at org.postgresql.core.v3.QueryExecutorImpl.execute(QueryExecutorImpl.java:312)
	at org.postgresql.jdbc.PgStatement.executeInternal(PgStatement.java:448)
	at org.postgresql.jdbc.PgStatement.execute(PgStatement.java:369)
	at org.postgresql.jdbc.PgPreparedStatement.executeWithFlags(PgPreparedStatement.java:153)
	at org.postgresql.jdbc.PgPreparedStatement.executeQuery(PgPreparedStatement.java:103)
	at transactions.RelatedCustomerTransaction.getPossibleCustomersOrderItems(RelatedCustomerTransaction.java:104)
	at transactions.RelatedCustomerTransaction.execute(RelatedCustomerTransaction.java:52)
	at SampleApp.run(SampleApp.java:101)
	at SampleApp.main(SampleApp.java:64)
[Error]: Related Customer Abort Rel *** Related  Customer transaction info: warehouse: 6, district: 3, customer id: 1218 *** 

org.postgresql.util.PSQLException: ERROR: Query error: Restart read required at: { read: { physical: 1667644774351986 } local_limit: { physical: 1667644774351986 } global_limit: <min> in_txn_limit: <max> serial_no: 0 }
	at org.postgresql.core.v3.QueryExecutorImpl.receiveErrorResponse(QueryExecutorImpl.java:2532)
	at org.postgresql.core.v3.QueryExecutorImpl.processResults(QueryExecutorImpl.java:2267)
	at org.postgresql.core.v3.QueryExecutorImpl.execute(QueryExecutorImpl.java:312)
	at org.postgresql.jdbc.PgStatement.executeInternal(PgStatement.java:448)
	at org.postgresql.jdbc.PgStatement.execute(PgStatement.java:369)
	at org.postgresql.jdbc.PgPreparedStatement.executeWithFlags(PgPreparedStatement.java:153)
	at org.postgresql.jdbc.PgPreparedStatement.executeQuery(PgPreparedStatement.java:103)
	at transactions.RelatedCustomerTransaction.getPossibleCustomersOrderItems(RelatedCustomerTransaction.java:104)
	at transactions.RelatedCustomerTransaction.execute(RelatedCustomerTransaction.java:52)
	at SampleApp.run(SampleApp.java:101)
	at SampleApp.main(SampleApp.java:64)
[Error]: Related Customer Abort Rel *** Related  Customer transaction info: warehouse: 6, district: 3, customer id: 255 *** 

org.postgresql.util.PSQLException: ERROR: Query error: Restart read required at: { read: { physical: 1667644782131022 } local_limit: { physical: 1667644782131022 } global_limit: <min> in_txn_limit: <max> serial_no: 0 }
	at org.postgresql.core.v3.QueryExecutorImpl.receiveErrorResponse(QueryExecutorImpl.java:2532)
	at org.postgresql.core.v3.QueryExecutorImpl.processResults(QueryExecutorImpl.java:2267)
	at org.postgresql.core.v3.QueryExecutorImpl.execute(QueryExecutorImpl.java:312)
	at org.postgresql.jdbc.PgStatement.executeInternal(PgStatement.java:448)
	at org.postgresql.jdbc.PgStatement.execute(PgStatement.java:369)
	at org.postgresql.jdbc.PgPreparedStatement.executeWithFlags(PgPreparedStatement.java:153)
	at org.postgresql.jdbc.PgPreparedStatement.executeQuery(PgPreparedStatement.java:103)
	at transactions.RelatedCustomerTransaction.getPossibleCustomersOrderItems(RelatedCustomerTransaction.java:104)
	at transactions.RelatedCustomerTransaction.execute(RelatedCustomerTransaction.java:52)
	at SampleApp.run(SampleApp.java:101)
	at SampleApp.main(SampleApp.java:64)
[Error]: Related Customer Abort Rel *** Related  Customer transaction info: warehouse: 6, district: 4, customer id: 2142 *** 

org.postgresql.util.PSQLException: ERROR: Query error: Restart read required at: { read: { physical: 1667644820866947 } local_limit: { physical: 1667644820866947 } global_limit: <min> in_txn_limit: <max> serial_no: 0 }
	at org.postgresql.core.v3.QueryExecutorImpl.receiveErrorResponse(QueryExecutorImpl.java:2532)
	at org.postgresql.core.v3.QueryExecutorImpl.processResults(QueryExecutorImpl.java:2267)
	at org.postgresql.core.v3.QueryExecutorImpl.execute(QueryExecutorImpl.java:312)
	at org.postgresql.jdbc.PgStatement.executeInternal(PgStatement.java:448)
	at org.postgresql.jdbc.PgStatement.execute(PgStatement.java:369)
	at org.postgresql.jdbc.PgPreparedStatement.executeWithFlags(PgPreparedStatement.java:153)
	at org.postgresql.jdbc.PgPreparedStatement.executeQuery(PgPreparedStatement.java:103)
	at transactions.RelatedCustomerTransaction.getPossibleCustomersOrderItems(RelatedCustomerTransaction.java:104)
	at transactions.RelatedCustomerTransaction.execute(RelatedCustomerTransaction.java:52)
	at SampleApp.run(SampleApp.java:101)
	at SampleApp.main(SampleApp.java:64)
[Error]: Related Customer Abort Rel *** Related  Customer transaction info: warehouse: 6, district: 2, customer id: 306 *** 

org.postgresql.util.PSQLException: ERROR: Query error: Restart read required at: { read: { physical: 1667644862942272 } local_limit: { physical: 1667644862942272 } global_limit: <min> in_txn_limit: <max> serial_no: 0 }
	at org.postgresql.core.v3.QueryExecutorImpl.receiveErrorResponse(QueryExecutorImpl.java:2532)
	at org.postgresql.core.v3.QueryExecutorImpl.processResults(QueryExecutorImpl.java:2267)
	at org.postgresql.core.v3.QueryExecutorImpl.execute(QueryExecutorImpl.java:312)
	at org.postgresql.jdbc.PgStatement.executeInternal(PgStatement.java:448)
	at org.postgresql.jdbc.PgStatement.execute(PgStatement.java:369)
	at org.postgresql.jdbc.PgPreparedStatement.executeWithFlags(PgPreparedStatement.java:153)
	at org.postgresql.jdbc.PgPreparedStatement.executeQuery(PgPreparedStatement.java:103)
	at transactions.RelatedCustomerTransaction.getPossibleCustomersOrderItems(RelatedCustomerTransaction.java:104)
	at transactions.RelatedCustomerTransaction.execute(RelatedCustomerTransaction.java:52)
	at SampleApp.run(SampleApp.java:101)
	at SampleApp.main(SampleApp.java:64)
[Error]: Related Customer Abort Rel *** Related  Customer transaction info: warehouse: 6, district: 2, customer id: 2051 *** 

org.postgresql.util.PSQLException: ERROR: Query error: Restart read required at: { read: { physical: 1667644898830285 } local_limit: { physical: 1667644898830285 } global_limit: <min> in_txn_limit: <max> serial_no: 0 }
	at org.postgresql.core.v3.QueryExecutorImpl.receiveErrorResponse(QueryExecutorImpl.java:2532)
	at org.postgresql.core.v3.QueryExecutorImpl.processResults(QueryExecutorImpl.java:2267)
	at org.postgresql.core.v3.QueryExecutorImpl.execute(QueryExecutorImpl.java:312)
	at org.postgresql.jdbc.PgStatement.executeInternal(PgStatement.java:448)
	at org.postgresql.jdbc.PgStatement.execute(PgStatement.java:369)
	at org.postgresql.jdbc.PgPreparedStatement.executeWithFlags(PgPreparedStatement.java:153)
	at org.postgresql.jdbc.PgPreparedStatement.executeQuery(PgPreparedStatement.java:103)
	at transactions.RelatedCustomerTransaction.getPossibleCustomersOrderItems(RelatedCustomerTransaction.java:104)
	at transactions.RelatedCustomerTransaction.execute(RelatedCustomerTransaction.java:52)
	at SampleApp.run(SampleApp.java:101)
	at SampleApp.main(SampleApp.java:64)
[Error]: Related Customer Abort Rel *** Related  Customer transaction info: warehouse: 6, district: 4, customer id: 2307 *** 

org.postgresql.util.PSQLException: ERROR: Query error: Restart read required at: { read: { physical: 1667644931637276 } local_limit: { physical: 1667644931637276 } global_limit: <min> in_txn_limit: <max> serial_no: 0 }
	at org.postgresql.core.v3.QueryExecutorImpl.receiveErrorResponse(QueryExecutorImpl.java:2532)
	at org.postgresql.core.v3.QueryExecutorImpl.processResults(QueryExecutorImpl.java:2267)
	at org.postgresql.core.v3.QueryExecutorImpl.execute(QueryExecutorImpl.java:312)
	at org.postgresql.jdbc.PgStatement.executeInternal(PgStatement.java:448)
	at org.postgresql.jdbc.PgStatement.execute(PgStatement.java:369)
	at org.postgresql.jdbc.PgPreparedStatement.executeWithFlags(PgPreparedStatement.java:153)
	at org.postgresql.jdbc.PgPreparedStatement.executeQuery(PgPreparedStatement.java:103)
	at transactions.RelatedCustomerTransaction.getPossibleCustomersOrderItems(RelatedCustomerTransaction.java:104)
	at transactions.RelatedCustomerTransaction.execute(RelatedCustomerTransaction.java:52)
	at SampleApp.run(SampleApp.java:101)
	at SampleApp.main(SampleApp.java:64)
[Error]: Related Customer Abort Rel *** Related  Customer transaction info: warehouse: 6, district: 5, customer id: 265 *** 

org.postgresql.util.PSQLException: ERROR: Query error: Restart read required at: { read: { physical: 1667644964250514 } local_limit: { physical: 1667644964250514 } global_limit: <min> in_txn_limit: <max> serial_no: 0 }
	at org.postgresql.core.v3.QueryExecutorImpl.receiveErrorResponse(QueryExecutorImpl.java:2532)
	at org.postgresql.core.v3.QueryExecutorImpl.processResults(QueryExecutorImpl.java:2267)
	at org.postgresql.core.v3.QueryExecutorImpl.execute(QueryExecutorImpl.java:312)
	at org.postgresql.jdbc.PgStatement.executeInternal(PgStatement.java:448)
	at org.postgresql.jdbc.PgStatement.execute(PgStatement.java:369)
	at org.postgresql.jdbc.PgPreparedStatement.executeWithFlags(PgPreparedStatement.java:153)
	at org.postgresql.jdbc.PgPreparedStatement.executeQuery(PgPreparedStatement.java:103)
	at transactions.RelatedCustomerTransaction.getPossibleCustomersOrderItems(RelatedCustomerTransaction.java:104)
	at transactions.RelatedCustomerTransaction.execute(RelatedCustomerTransaction.java:52)
	at SampleApp.run(SampleApp.java:101)
	at SampleApp.main(SampleApp.java:64)
[Error]: Related Customer Abort Rel *** Related  Customer transaction info: warehouse: 6, district: 4, customer id: 226 *** 

