******** Current Client: 16 **********
org.postgresql.util.PSQLException: ERROR: Query error: Restart read required at: { read: { physical: 1667641910581541 } local_limit: { physical: 1667641910581541 } global_limit: <min> in_txn_limit: <max> serial_no: 0 }
	at org.postgresql.core.v3.QueryExecutorImpl.receiveErrorResponse(QueryExecutorImpl.java:2532)
	at org.postgresql.core.v3.QueryExecutorImpl.processResults(QueryExecutorImpl.java:2267)
	at org.postgresql.core.v3.QueryExecutorImpl.execute(QueryExecutorImpl.java:312)
	at org.postgresql.jdbc.PgStatement.executeInternal(PgStatement.java:448)
	at org.postgresql.jdbc.PgStatement.execute(PgStatement.java:369)
	at org.postgresql.jdbc.PgPreparedStatement.executeWithFlags(PgPreparedStatement.java:153)
	at org.postgresql.jdbc.PgPreparedStatement.executeQuery(PgPreparedStatement.java:103)
	at transactions.RelatedCustomerTransaction.getPossibleCustomersOrderItems(RelatedCustomerTransaction.java:104)
	at transactions.RelatedCustomerTransaction.execute(RelatedCustomerTransaction.java:52)
	at SampleApp.run(SampleApp.java:101)
	at SampleApp.main(SampleApp.java:64)
[Error]: Related Customer Abort Rel *** Related  Customer transaction info: warehouse: 9, district: 5, customer id: 2163 *** 

org.postgresql.util.PSQLException: ERROR: Query error: Restart read required at: { read: { physical: 1667641943819608 } local_limit: { physical: 1667641943819608 } global_limit: <min> in_txn_limit: <max> serial_no: 0 }
	at org.postgresql.core.v3.QueryExecutorImpl.receiveErrorResponse(QueryExecutorImpl.java:2532)
	at org.postgresql.core.v3.QueryExecutorImpl.processResults(QueryExecutorImpl.java:2267)
	at org.postgresql.core.v3.QueryExecutorImpl.execute(QueryExecutorImpl.java:312)
	at org.postgresql.jdbc.PgStatement.executeInternal(PgStatement.java:448)
	at org.postgresql.jdbc.PgStatement.execute(PgStatement.java:369)
	at org.postgresql.jdbc.PgPreparedStatement.executeWithFlags(PgPreparedStatement.java:153)
	at org.postgresql.jdbc.PgPreparedStatement.executeQuery(PgPreparedStatement.java:103)
	at transactions.RelatedCustomerTransaction.getPossibleCustomersOrderItems(RelatedCustomerTransaction.java:104)
	at transactions.RelatedCustomerTransaction.execute(RelatedCustomerTransaction.java:52)
	at SampleApp.run(SampleApp.java:101)
	at SampleApp.main(SampleApp.java:64)
[Error]: Related Customer Abort Rel *** Related  Customer transaction info: warehouse: 9, district: 2, customer id: 1027 *** 

org.postgresql.util.PSQLException: ERROR: Query error: Restart read required at: { read: { physical: 1667641952569064 } local_limit: { physical: 1667641952569064 } global_limit: <min> in_txn_limit: <max> serial_no: 0 }
	at org.postgresql.core.v3.QueryExecutorImpl.receiveErrorResponse(QueryExecutorImpl.java:2532)
	at org.postgresql.core.v3.QueryExecutorImpl.processResults(QueryExecutorImpl.java:2267)
	at org.postgresql.core.v3.QueryExecutorImpl.execute(QueryExecutorImpl.java:312)
	at org.postgresql.jdbc.PgStatement.executeInternal(PgStatement.java:448)
	at org.postgresql.jdbc.PgStatement.execute(PgStatement.java:369)
	at org.postgresql.jdbc.PgPreparedStatement.executeWithFlags(PgPreparedStatement.java:153)
	at org.postgresql.jdbc.PgPreparedStatement.executeQuery(PgPreparedStatement.java:103)
	at transactions.RelatedCustomerTransaction.getPossibleCustomersOrderItems(RelatedCustomerTransaction.java:104)
	at transactions.RelatedCustomerTransaction.execute(RelatedCustomerTransaction.java:52)
	at SampleApp.run(SampleApp.java:101)
	at SampleApp.main(SampleApp.java:64)
[Error]: Related Customer Abort Rel *** Related  Customer transaction info: warehouse: 9, district: 5, customer id: 1275 *** 

org.postgresql.util.PSQLException: ERROR: Query error: Restart read required at: { read: { physical: 1667643387595689 } local_limit: { physical: 1667643387595689 } global_limit: <min> in_txn_limit: <max> serial_no: 0 }
	at org.postgresql.core.v3.QueryExecutorImpl.receiveErrorResponse(QueryExecutorImpl.java:2532)
	at org.postgresql.core.v3.QueryExecutorImpl.processResults(QueryExecutorImpl.java:2267)
	at org.postgresql.core.v3.QueryExecutorImpl.execute(QueryExecutorImpl.java:312)
	at org.postgresql.jdbc.PgStatement.executeInternal(PgStatement.java:448)
	at org.postgresql.jdbc.PgStatement.execute(PgStatement.java:369)
	at org.postgresql.jdbc.PgPreparedStatement.executeWithFlags(PgPreparedStatement.java:153)
	at org.postgresql.jdbc.PgPreparedStatement.executeQuery(PgPreparedStatement.java:103)
	at transactions.RelatedCustomerTransaction.getPossibleCustomersOrderItems(RelatedCustomerTransaction.java:104)
	at transactions.RelatedCustomerTransaction.execute(RelatedCustomerTransaction.java:52)
	at SampleApp.run(SampleApp.java:101)
	at SampleApp.main(SampleApp.java:64)
[Error]: Related Customer Abort Rel *** Related  Customer transaction info: warehouse: 9, district: 1, customer id: 2435 *** 

org.postgresql.util.PSQLException: ERROR: Query error: Restart read required at: { read: { physical: 1667643575291468 } local_limit: { physical: 1667643575291468 } global_limit: <min> in_txn_limit: <max> serial_no: 0 }
	at org.postgresql.core.v3.QueryExecutorImpl.receiveErrorResponse(QueryExecutorImpl.java:2532)
	at org.postgresql.core.v3.QueryExecutorImpl.processResults(QueryExecutorImpl.java:2267)
	at org.postgresql.core.v3.QueryExecutorImpl.execute(QueryExecutorImpl.java:312)
	at org.postgresql.jdbc.PgStatement.executeInternal(PgStatement.java:448)
	at org.postgresql.jdbc.PgStatement.execute(PgStatement.java:369)
	at org.postgresql.jdbc.PgPreparedStatement.executeWithFlags(PgPreparedStatement.java:153)
	at org.postgresql.jdbc.PgPreparedStatement.executeQuery(PgPreparedStatement.java:103)
	at transactions.RelatedCustomerTransaction.getPossibleCustomersOrderItems(RelatedCustomerTransaction.java:104)
	at transactions.RelatedCustomerTransaction.execute(RelatedCustomerTransaction.java:52)
	at SampleApp.run(SampleApp.java:101)
	at SampleApp.main(SampleApp.java:64)
[Error]: Related Customer Abort Rel *** Related  Customer transaction info: warehouse: 9, district: 4, customer id: 2042 *** 

org.postgresql.util.PSQLException: ERROR: Query error: Restart read required at: { read: { physical: 1667643621881995 } local_limit: { physical: 1667643621881995 } global_limit: <min> in_txn_limit: <max> serial_no: 0 }
	at org.postgresql.core.v3.QueryExecutorImpl.receiveErrorResponse(QueryExecutorImpl.java:2532)
	at org.postgresql.core.v3.QueryExecutorImpl.processResults(QueryExecutorImpl.java:2267)
	at org.postgresql.core.v3.QueryExecutorImpl.execute(QueryExecutorImpl.java:312)
	at org.postgresql.jdbc.PgStatement.executeInternal(PgStatement.java:448)
	at org.postgresql.jdbc.PgStatement.execute(PgStatement.java:369)
	at org.postgresql.jdbc.PgPreparedStatement.executeWithFlags(PgPreparedStatement.java:153)
	at org.postgresql.jdbc.PgPreparedStatement.executeQuery(PgPreparedStatement.java:103)
	at transactions.RelatedCustomerTransaction.getPossibleCustomersOrderItems(RelatedCustomerTransaction.java:104)
	at transactions.RelatedCustomerTransaction.execute(RelatedCustomerTransaction.java:52)
	at SampleApp.run(SampleApp.java:101)
	at SampleApp.main(SampleApp.java:64)
[Error]: Related Customer Abort Rel *** Related  Customer transaction info: warehouse: 9, district: 1, customer id: 515 *** 

org.postgresql.util.PSQLException: ERROR: Query error: Restart read required at: { read: { physical: 1667643643153303 } local_limit: { physical: 1667643643153303 } global_limit: <min> in_txn_limit: <max> serial_no: 0 }
	at org.postgresql.core.v3.QueryExecutorImpl.receiveErrorResponse(QueryExecutorImpl.java:2532)
	at org.postgresql.core.v3.QueryExecutorImpl.processResults(QueryExecutorImpl.java:2267)
	at org.postgresql.core.v3.QueryExecutorImpl.execute(QueryExecutorImpl.java:312)
	at org.postgresql.jdbc.PgStatement.executeInternal(PgStatement.java:448)
	at org.postgresql.jdbc.PgStatement.execute(PgStatement.java:369)
	at org.postgresql.jdbc.PgPreparedStatement.executeWithFlags(PgPreparedStatement.java:153)
	at org.postgresql.jdbc.PgPreparedStatement.executeQuery(PgPreparedStatement.java:103)
	at transactions.RelatedCustomerTransaction.getPossibleCustomersOrderItems(RelatedCustomerTransaction.java:104)
	at transactions.RelatedCustomerTransaction.execute(RelatedCustomerTransaction.java:52)
	at SampleApp.run(SampleApp.java:101)
	at SampleApp.main(SampleApp.java:64)
[Error]: Related Customer Abort Rel *** Related  Customer transaction info: warehouse: 9, district: 5, customer id: 2295 *** 

[Error]: NewOrder getStockQty are missing
java.sql.SQLException
	at transactions.NewOrderTransaction.execute(NewOrderTransaction.java:170)
	at SampleApp.run(SampleApp.java:101)
	at SampleApp.main(SampleApp.java:64)
[Error]: New Order Abort New **** New Order Transaction Information ****
CID:1663, WID:9, DID:2, num order-lines:19
Item IDs are:,88038,55270,1751,32487,3520,5167,5574,5703,14517,16070,18127,19984,27518,31395,40679,71271,71302,77255,93155
Quantities:,9,9,9,9,9,9,9,9,9,9,9,9,9,9,9,9,9,9,9
Supply warehouse IDs:,1,9,1,1,6,10,10,4,7,6,9,7,10,1,17,9,7,8,6

[Error]: NewOrder getStockQty are missing
java.sql.SQLException
	at transactions.NewOrderTransaction.execute(NewOrderTransaction.java:170)
	at SampleApp.run(SampleApp.java:101)
	at SampleApp.main(SampleApp.java:64)
[Error]: New Order Abort New **** New Order Transaction Information ****
CID:2786, WID:9, DID:5, num order-lines:19
Item IDs are:,91839,48519,81637,79191,4539,94951,14123,2804,52967,6141,40411,40519,40547,60101,64221,79523,81636,91363,95524
Quantities:,9,9,9,9,9,9,9,9,9,9,9,9,9,9,9,9,9,9,9
Supply warehouse IDs:,5,10,1,9,5,1,10,4,12,4,5,3,5,3,6,5,1,1,5

[Error]: NewOrder getStockQty are missing
java.sql.SQLException
	at transactions.NewOrderTransaction.execute(NewOrderTransaction.java:170)
	at SampleApp.run(SampleApp.java:101)
	at SampleApp.main(SampleApp.java:64)
[Error]: New Order Abort New **** New Order Transaction Information ****
CID:2047, WID:9, DID:3, num order-lines:16
Item IDs are:,64211,84709,21191,13735,35431,81383,2119,14055,15142,15310,56543,68775,72887,81508,88673,91543
Quantities:,9,9,9,9,9,9,9,9,9,9,9,9,9,9,9,9
Supply warehouse IDs:,10,2,10,7,11,5,9,4,9,6,8,7,10,4,1,1

org.postgresql.util.PSQLException: ERROR: Query error: Restart read required at: { read: { physical: 1667643689753488 } local_limit: { physical: 1667643689753488 } global_limit: <min> in_txn_limit: <max> serial_no: 0 }
	at org.postgresql.core.v3.QueryExecutorImpl.receiveErrorResponse(QueryExecutorImpl.java:2532)
	at org.postgresql.core.v3.QueryExecutorImpl.processResults(QueryExecutorImpl.java:2267)
	at org.postgresql.core.v3.QueryExecutorImpl.execute(QueryExecutorImpl.java:312)
	at org.postgresql.jdbc.PgStatement.executeInternal(PgStatement.java:448)
	at org.postgresql.jdbc.PgStatement.execute(PgStatement.java:369)
	at org.postgresql.jdbc.PgPreparedStatement.executeWithFlags(PgPreparedStatement.java:153)
	at org.postgresql.jdbc.PgPreparedStatement.executeQuery(PgPreparedStatement.java:103)
	at transactions.RelatedCustomerTransaction.getPossibleCustomersOrderItems(RelatedCustomerTransaction.java:104)
	at transactions.RelatedCustomerTransaction.execute(RelatedCustomerTransaction.java:52)
	at SampleApp.run(SampleApp.java:101)
	at SampleApp.main(SampleApp.java:64)
[Error]: Related Customer Abort Rel *** Related  Customer transaction info: warehouse: 9, district: 2, customer id: 2746 *** 

[Error]: NewOrder getStockQty are missing
java.sql.SQLException
	at transactions.NewOrderTransaction.execute(NewOrderTransaction.java:170)
	at SampleApp.run(SampleApp.java:101)
	at SampleApp.main(SampleApp.java:64)
[Error]: New Order Abort New **** New Order Transaction Information ****
CID:1251, WID:9, DID:2, num order-lines:13
Item IDs are:,96596,27822,96231,18150,78038,39385,48871,56815,65173,77463,88802,89317,97502
Quantities:,9,9,9,9,9,9,9,9,9,9,9,9,9
Supply warehouse IDs:,8,9,3,7,2,2,15,8,7,1,8,8,5

[Error]: NewOrder getStockQty are missing
java.sql.SQLException
	at transactions.NewOrderTransaction.execute(NewOrderTransaction.java:170)
	at SampleApp.run(SampleApp.java:101)
	at SampleApp.main(SampleApp.java:64)
[Error]: New Order Abort New **** New Order Transaction Information ****
CID:1219, WID:9, DID:2, num order-lines:6
Item IDs are:,5155,48473,56647,65223,65247,97975
Quantities:,9,9,9,9,9,9
Supply warehouse IDs:,20,6,2,4,6,2

[Error]: NewOrder getStockQty are missing
java.sql.SQLException
	at transactions.NewOrderTransaction.execute(NewOrderTransaction.java:170)
	at SampleApp.run(SampleApp.java:101)
	at SampleApp.main(SampleApp.java:64)
[Error]: New Order Abort New **** New Order Transaction Information ****
CID:2906, WID:9, DID:1, num order-lines:4
Item IDs are:,13287,83673,89798,97948
Quantities:,9,9,9,9
Supply warehouse IDs:,12,3,6,1

[Error]: NewOrder getStockQty are missing
java.sql.SQLException
	at transactions.NewOrderTransaction.execute(NewOrderTransaction.java:170)
	at SampleApp.run(SampleApp.java:101)
	at SampleApp.main(SampleApp.java:64)
[Error]: New Order Abort New **** New Order Transaction Information ****
CID:2499, WID:9, DID:3, num order-lines:19
Item IDs are:,31455,27357,10599,29863,70711,24283,59331,54982,5663,6167,28389,37261,55861,62887,64611,73446,73447,88667,90279
Quantities:,9,9,9,9,9,9,9,9,9,9,9,9,9,9,9,9,9,9,9
Supply warehouse IDs:,3,10,4,3,2,2,1,3,8,5,9,10,8,7,7,7,20,5,7

org.postgresql.util.PSQLException: ERROR: Query error: Restart read required at: { read: { physical: 1667643717466861 } local_limit: { physical: 1667643717466861 } global_limit: <min> in_txn_limit: <max> serial_no: 0 }
	at org.postgresql.core.v3.QueryExecutorImpl.receiveErrorResponse(QueryExecutorImpl.java:2532)
	at org.postgresql.core.v3.QueryExecutorImpl.processResults(QueryExecutorImpl.java:2267)
	at org.postgresql.core.v3.QueryExecutorImpl.execute(QueryExecutorImpl.java:312)
	at org.postgresql.jdbc.PgStatement.executeInternal(PgStatement.java:448)
	at org.postgresql.jdbc.PgStatement.execute(PgStatement.java:369)
	at org.postgresql.jdbc.PgPreparedStatement.executeWithFlags(PgPreparedStatement.java:153)
	at org.postgresql.jdbc.PgPreparedStatement.executeQuery(PgPreparedStatement.java:103)
	at transactions.RelatedCustomerTransaction.getPossibleCustomersOrderItems(RelatedCustomerTransaction.java:104)
	at transactions.RelatedCustomerTransaction.execute(RelatedCustomerTransaction.java:52)
	at SampleApp.run(SampleApp.java:101)
	at SampleApp.main(SampleApp.java:64)
[Error]: Related Customer Abort Rel *** Related  Customer transaction info: warehouse: 9, district: 4, customer id: 1467 *** 

org.postgresql.util.PSQLException: ERROR: Query error: Restart read required at: { read: { physical: 1667643724210190 } local_limit: { physical: 1667643724210190 } global_limit: <min> in_txn_limit: <max> serial_no: 0 }
	at org.postgresql.core.v3.QueryExecutorImpl.receiveErrorResponse(QueryExecutorImpl.java:2532)
	at org.postgresql.core.v3.QueryExecutorImpl.processResults(QueryExecutorImpl.java:2267)
	at org.postgresql.core.v3.QueryExecutorImpl.execute(QueryExecutorImpl.java:312)
	at org.postgresql.jdbc.PgStatement.executeInternal(PgStatement.java:448)
	at org.postgresql.jdbc.PgStatement.execute(PgStatement.java:369)
	at org.postgresql.jdbc.PgPreparedStatement.executeWithFlags(PgPreparedStatement.java:153)
	at org.postgresql.jdbc.PgPreparedStatement.executeQuery(PgPreparedStatement.java:103)
	at transactions.RelatedCustomerTransaction.getPossibleCustomersOrderItems(RelatedCustomerTransaction.java:104)
	at transactions.RelatedCustomerTransaction.execute(RelatedCustomerTransaction.java:52)
	at SampleApp.run(SampleApp.java:101)
	at SampleApp.main(SampleApp.java:64)
[Error]: Related Customer Abort Rel *** Related  Customer transaction info: warehouse: 9, district: 2, customer id: 2506 *** 

org.postgresql.util.PSQLException: ERROR: Query error: Restart read required at: { read: { physical: 1667643734520020 } local_limit: { physical: 1667643734520020 } global_limit: <min> in_txn_limit: <max> serial_no: 0 }
	at org.postgresql.core.v3.QueryExecutorImpl.receiveErrorResponse(QueryExecutorImpl.java:2532)
	at org.postgresql.core.v3.QueryExecutorImpl.processResults(QueryExecutorImpl.java:2267)
	at org.postgresql.core.v3.QueryExecutorImpl.execute(QueryExecutorImpl.java:312)
	at org.postgresql.jdbc.PgStatement.executeInternal(PgStatement.java:448)
	at org.postgresql.jdbc.PgStatement.execute(PgStatement.java:369)
	at org.postgresql.jdbc.PgPreparedStatement.executeWithFlags(PgPreparedStatement.java:153)
	at org.postgresql.jdbc.PgPreparedStatement.executeQuery(PgPreparedStatement.java:103)
	at transactions.RelatedCustomerTransaction.getPossibleCustomersOrderItems(RelatedCustomerTransaction.java:104)
	at transactions.RelatedCustomerTransaction.execute(RelatedCustomerTransaction.java:52)
	at SampleApp.run(SampleApp.java:101)
	at SampleApp.main(SampleApp.java:64)
[Error]: Related Customer Abort Rel *** Related  Customer transaction info: warehouse: 9, district: 3, customer id: 2297 *** 

org.postgresql.util.PSQLException: ERROR: Query error: Restart read required at: { read: { physical: 1667643742696364 } local_limit: { physical: 1667643742696364 } global_limit: <min> in_txn_limit: <max> serial_no: 0 }
	at org.postgresql.core.v3.QueryExecutorImpl.receiveErrorResponse(QueryExecutorImpl.java:2532)
	at org.postgresql.core.v3.QueryExecutorImpl.processResults(QueryExecutorImpl.java:2267)
	at org.postgresql.core.v3.QueryExecutorImpl.execute(QueryExecutorImpl.java:312)
	at org.postgresql.jdbc.PgStatement.executeInternal(PgStatement.java:448)
	at org.postgresql.jdbc.PgStatement.execute(PgStatement.java:369)
	at org.postgresql.jdbc.PgPreparedStatement.executeWithFlags(PgPreparedStatement.java:153)
	at org.postgresql.jdbc.PgPreparedStatement.executeQuery(PgPreparedStatement.java:103)
	at transactions.RelatedCustomerTransaction.getPossibleCustomersOrderItems(RelatedCustomerTransaction.java:104)
	at transactions.RelatedCustomerTransaction.execute(RelatedCustomerTransaction.java:52)
	at SampleApp.run(SampleApp.java:101)
	at SampleApp.main(SampleApp.java:64)
[Error]: Related Customer Abort Rel *** Related  Customer transaction info: warehouse: 9, district: 5, customer id: 1112 *** 

[Error]: NewOrder getStockQty are missing
java.sql.SQLException
	at transactions.NewOrderTransaction.execute(NewOrderTransaction.java:170)
	at SampleApp.run(SampleApp.java:101)
	at SampleApp.main(SampleApp.java:64)
[Error]: New Order Abort New **** New Order Transaction Information ****
CID:2177, WID:9, DID:2, num order-lines:13
Item IDs are:,98023,97894,49847,6215,10907,31645,32199,40550,44510,47815,61155,65157,73319
Quantities:,9,9,9,9,9,9,9,9,9,9,9,9,9
Supply warehouse IDs:,5,5,2,14,10,1,6,7,2,8,6,3,6

org.postgresql.util.PSQLException: ERROR: Query error: Restart read required at: { read: { physical: 1667643767243979 } local_limit: { physical: 1667643767243979 } global_limit: <min> in_txn_limit: <max> serial_no: 0 }
	at org.postgresql.core.v3.QueryExecutorImpl.receiveErrorResponse(QueryExecutorImpl.java:2532)
	at org.postgresql.core.v3.QueryExecutorImpl.processResults(QueryExecutorImpl.java:2267)
	at org.postgresql.core.v3.QueryExecutorImpl.execute(QueryExecutorImpl.java:312)
	at org.postgresql.jdbc.PgStatement.executeInternal(PgStatement.java:448)
	at org.postgresql.jdbc.PgStatement.execute(PgStatement.java:369)
	at org.postgresql.jdbc.PgPreparedStatement.executeWithFlags(PgPreparedStatement.java:153)
	at org.postgresql.jdbc.PgPreparedStatement.executeQuery(PgPreparedStatement.java:103)
	at transactions.RelatedCustomerTransaction.getPossibleCustomersOrderItems(RelatedCustomerTransaction.java:104)
	at transactions.RelatedCustomerTransaction.execute(RelatedCustomerTransaction.java:52)
	at SampleApp.run(SampleApp.java:101)
	at SampleApp.main(SampleApp.java:64)
[Error]: Related Customer Abort Rel *** Related  Customer transaction info: warehouse: 9, district: 5, customer id: 2273 *** 

org.postgresql.util.PSQLException: ERROR: Query error: Restart read required at: { read: { physical: 1667643794177111 } local_limit: { physical: 1667643794177111 } global_limit: <min> in_txn_limit: <max> serial_no: 0 }
	at org.postgresql.core.v3.QueryExecutorImpl.receiveErrorResponse(QueryExecutorImpl.java:2532)
	at org.postgresql.core.v3.QueryExecutorImpl.processResults(QueryExecutorImpl.java:2267)
	at org.postgresql.core.v3.QueryExecutorImpl.execute(QueryExecutorImpl.java:312)
	at org.postgresql.jdbc.PgStatement.executeInternal(PgStatement.java:448)
	at org.postgresql.jdbc.PgStatement.execute(PgStatement.java:369)
	at org.postgresql.jdbc.PgPreparedStatement.executeWithFlags(PgPreparedStatement.java:153)
	at org.postgresql.jdbc.PgPreparedStatement.executeQuery(PgPreparedStatement.java:103)
	at transactions.RelatedCustomerTransaction.getPossibleCustomersOrderItems(RelatedCustomerTransaction.java:104)
	at transactions.RelatedCustomerTransaction.execute(RelatedCustomerTransaction.java:52)
	at SampleApp.run(SampleApp.java:101)
	at SampleApp.main(SampleApp.java:64)
[Error]: Related Customer Abort Rel *** Related  Customer transaction info: warehouse: 9, district: 4, customer id: 2307 *** 

org.postgresql.util.PSQLException: ERROR: Query error: Restart read required at: { read: { physical: 1667643807520904 } local_limit: { physical: 1667643807520904 } global_limit: <min> in_txn_limit: <max> serial_no: 0 }
	at org.postgresql.core.v3.QueryExecutorImpl.receiveErrorResponse(QueryExecutorImpl.java:2532)
	at org.postgresql.core.v3.QueryExecutorImpl.processResults(QueryExecutorImpl.java:2267)
	at org.postgresql.core.v3.QueryExecutorImpl.execute(QueryExecutorImpl.java:312)
	at org.postgresql.jdbc.PgStatement.executeInternal(PgStatement.java:448)
	at org.postgresql.jdbc.PgStatement.execute(PgStatement.java:369)
	at org.postgresql.jdbc.PgPreparedStatement.executeWithFlags(PgPreparedStatement.java:153)
	at org.postgresql.jdbc.PgPreparedStatement.executeQuery(PgPreparedStatement.java:103)
	at transactions.RelatedCustomerTransaction.getPossibleCustomersOrderItems(RelatedCustomerTransaction.java:104)
	at transactions.RelatedCustomerTransaction.execute(RelatedCustomerTransaction.java:52)
	at SampleApp.run(SampleApp.java:101)
	at SampleApp.main(SampleApp.java:64)
[Error]: Related Customer Abort Rel *** Related  Customer transaction info: warehouse: 9, district: 5, customer id: 2306 *** 

[Error]: NewOrder getStockQty are missing
java.sql.SQLException
	at transactions.NewOrderTransaction.execute(NewOrderTransaction.java:170)
	at SampleApp.run(SampleApp.java:101)
	at SampleApp.main(SampleApp.java:64)
[Error]: New Order Abort New **** New Order Transaction Information ****
CID:329, WID:9, DID:3, num order-lines:12
Item IDs are:,60230,2119,6213,11484,30938,31842,48103,48667,56543,61987,88439,98023
Quantities:,9,9,9,9,9,9,9,9,9,9,9,9
Supply warehouse IDs:,10,6,8,6,13,3,5,10,8,1,1,2

[Error]: NewOrder getStockQty are missing
java.sql.SQLException
	at transactions.NewOrderTransaction.execute(NewOrderTransaction.java:170)
	at SampleApp.run(SampleApp.java:101)
	at SampleApp.main(SampleApp.java:64)
[Error]: New Order Abort New **** New Order Transaction Information ****
CID:323, WID:9, DID:1, num order-lines:10
Item IDs are:,37351,15370,35943,38353,46820,48597,48863,48867,50918,93606
Quantities:,9,9,9,9,9,9,9,9,9,9
Supply warehouse IDs:,2,10,5,5,7,9,7,5,11,9

[Error]: NewOrder getStockQty are missing
java.sql.SQLException
	at transactions.NewOrderTransaction.execute(NewOrderTransaction.java:170)
	at SampleApp.run(SampleApp.java:101)
	at SampleApp.main(SampleApp.java:64)
[Error]: New Order Abort New **** New Order Transaction Information ****
CID:1773, WID:9, DID:4, num order-lines:9
Item IDs are:,11943,16038,32359,57063,63615,71071,71730,80549,80835
Quantities:,9,9,9,9,9,9,9,9,9
Supply warehouse IDs:,3,10,5,20,3,9,10,1,8

[Error]: NewOrder getStockQty are missing
java.sql.SQLException
	at transactions.NewOrderTransaction.execute(NewOrderTransaction.java:170)
	at SampleApp.run(SampleApp.java:101)
	at SampleApp.main(SampleApp.java:64)
[Error]: New Order Abort New **** New Order Transaction Information ****
CID:231, WID:9, DID:5, num order-lines:13
Item IDs are:,573,802,5823,22615,24259,26179,30951,31591,43751,48867,56039,56676,72247
Quantities:,9,9,9,9,9,9,9,9,9,9,9,9,9
Supply warehouse IDs:,5,3,9,8,7,2,3,7,9,13,5,1,3

[Error]: NewOrder getStockQty are missing
java.sql.SQLException
	at transactions.NewOrderTransaction.execute(NewOrderTransaction.java:170)
	at SampleApp.run(SampleApp.java:101)
	at SampleApp.main(SampleApp.java:64)
[Error]: New Order Abort New **** New Order Transaction Information ****
CID:1276, WID:9, DID:4, num order-lines:8
Item IDs are:,6135,23719,24292,30038,70622,72878,73447,80999
Quantities:,9,9,9,9,9,9,9,9
Supply warehouse IDs:,10,4,9,6,1,9,12,3

org.postgresql.util.PSQLException: ERROR: Query error: Restart read required at: { read: { physical: 1667643893231985 } local_limit: { physical: 1667643893231985 } global_limit: <min> in_txn_limit: <max> serial_no: 0 }
	at org.postgresql.core.v3.QueryExecutorImpl.receiveErrorResponse(QueryExecutorImpl.java:2532)
	at org.postgresql.core.v3.QueryExecutorImpl.processResults(QueryExecutorImpl.java:2267)
	at org.postgresql.core.v3.QueryExecutorImpl.execute(QueryExecutorImpl.java:312)
	at org.postgresql.jdbc.PgStatement.executeInternal(PgStatement.java:448)
	at org.postgresql.jdbc.PgStatement.execute(PgStatement.java:369)
	at org.postgresql.jdbc.PgPreparedStatement.executeWithFlags(PgPreparedStatement.java:153)
	at org.postgresql.jdbc.PgPreparedStatement.executeQuery(PgPreparedStatement.java:103)
	at transactions.RelatedCustomerTransaction.getPossibleCustomersOrderItems(RelatedCustomerTransaction.java:104)
	at transactions.RelatedCustomerTransaction.execute(RelatedCustomerTransaction.java:52)
	at SampleApp.run(SampleApp.java:101)
	at SampleApp.main(SampleApp.java:64)
[Error]: Related Customer Abort Rel *** Related  Customer transaction info: warehouse: 9, district: 1, customer id: 2138 *** 

org.postgresql.util.PSQLException: ERROR: Query error: Restart read required at: { read: { physical: 1667643906995443 } local_limit: { physical: 1667643906995443 } global_limit: <min> in_txn_limit: <max> serial_no: 0 }
	at org.postgresql.core.v3.QueryExecutorImpl.receiveErrorResponse(QueryExecutorImpl.java:2532)
	at org.postgresql.core.v3.QueryExecutorImpl.processResults(QueryExecutorImpl.java:2267)
	at org.postgresql.core.v3.QueryExecutorImpl.execute(QueryExecutorImpl.java:312)
	at org.postgresql.jdbc.PgStatement.executeInternal(PgStatement.java:448)
	at org.postgresql.jdbc.PgStatement.execute(PgStatement.java:369)
	at org.postgresql.jdbc.PgPreparedStatement.executeWithFlags(PgPreparedStatement.java:153)
	at org.postgresql.jdbc.PgPreparedStatement.executeQuery(PgPreparedStatement.java:103)
	at transactions.RelatedCustomerTransaction.getPossibleCustomersOrderItems(RelatedCustomerTransaction.java:104)
	at transactions.RelatedCustomerTransaction.execute(RelatedCustomerTransaction.java:52)
	at SampleApp.run(SampleApp.java:101)
	at SampleApp.main(SampleApp.java:64)
[Error]: Related Customer Abort Rel *** Related  Customer transaction info: warehouse: 9, district: 5, customer id: 2284 *** 

org.postgresql.util.PSQLException: ERROR: Query error: Restart read required at: { read: { physical: 1667643939193383 } local_limit: { physical: 1667643939193383 } global_limit: <min> in_txn_limit: <max> serial_no: 0 }
	at org.postgresql.core.v3.QueryExecutorImpl.receiveErrorResponse(QueryExecutorImpl.java:2532)
	at org.postgresql.core.v3.QueryExecutorImpl.processResults(QueryExecutorImpl.java:2267)
	at org.postgresql.core.v3.QueryExecutorImpl.execute(QueryExecutorImpl.java:312)
	at org.postgresql.jdbc.PgStatement.executeInternal(PgStatement.java:448)
	at org.postgresql.jdbc.PgStatement.execute(PgStatement.java:369)
	at org.postgresql.jdbc.PgPreparedStatement.executeWithFlags(PgPreparedStatement.java:153)
	at org.postgresql.jdbc.PgPreparedStatement.executeQuery(PgPreparedStatement.java:103)
	at transactions.RelatedCustomerTransaction.getPossibleCustomersOrderItems(RelatedCustomerTransaction.java:104)
	at transactions.RelatedCustomerTransaction.execute(RelatedCustomerTransaction.java:52)
	at SampleApp.run(SampleApp.java:101)
	at SampleApp.main(SampleApp.java:64)
[Error]: Related Customer Abort Rel *** Related  Customer transaction info: warehouse: 9, district: 1, customer id: 35 *** 

[Error]: NewOrder getStockQty are missing
java.sql.SQLException
	at transactions.NewOrderTransaction.execute(NewOrderTransaction.java:170)
	at SampleApp.run(SampleApp.java:101)
	at SampleApp.main(SampleApp.java:64)
[Error]: New Order Abort New **** New Order Transaction Information ****
CID:755, WID:9, DID:1, num order-lines:18
Item IDs are:,65121,98004,39643,85395,98023,65063,44439,85717,6119,9939,21975,32215,35779,55015,80612,89827,94907,99941
Quantities:,9,9,9,9,9,9,9,9,9,9,9,9,9,9,9,9,9,9
Supply warehouse IDs:,1,3,6,2,13,6,5,7,7,7,5,9,8,9,6,4,5,3

org.postgresql.util.PSQLException: ERROR: Query error: Restart read required at: { read: { physical: 1667644111002679 } local_limit: { physical: 1667644111002679 } global_limit: <min> in_txn_limit: <max> serial_no: 0 }
	at org.postgresql.core.v3.QueryExecutorImpl.receiveErrorResponse(QueryExecutorImpl.java:2532)
	at org.postgresql.core.v3.QueryExecutorImpl.processResults(QueryExecutorImpl.java:2267)
	at org.postgresql.core.v3.QueryExecutorImpl.execute(QueryExecutorImpl.java:312)
	at org.postgresql.jdbc.PgStatement.executeInternal(PgStatement.java:448)
	at org.postgresql.jdbc.PgStatement.execute(PgStatement.java:369)
	at org.postgresql.jdbc.PgPreparedStatement.executeWithFlags(PgPreparedStatement.java:153)
	at org.postgresql.jdbc.PgPreparedStatement.executeQuery(PgPreparedStatement.java:103)
	at transactions.RelatedCustomerTransaction.getPossibleCustomersOrderItems(RelatedCustomerTransaction.java:104)
	at transactions.RelatedCustomerTransaction.execute(RelatedCustomerTransaction.java:52)
	at SampleApp.run(SampleApp.java:101)
	at SampleApp.main(SampleApp.java:64)
[Error]: Related Customer Abort Rel *** Related  Customer transaction info: warehouse: 9, district: 5, customer id: 1662 *** 

[Error]: NewOrder getStockQty are missing
java.sql.SQLException
	at transactions.NewOrderTransaction.execute(NewOrderTransaction.java:170)
	at SampleApp.run(SampleApp.java:101)
	at SampleApp.main(SampleApp.java:64)
[Error]: New Order Abort New **** New Order Transaction Information ****
CID:1201, WID:9, DID:2, num order-lines:16
Item IDs are:,52887,89279,58212,88615,44772,1063,15021,23991,27599,28311,39739,39909,47783,68327,70822,79591
Quantities:,9,9,9,9,9,9,9,9,9,9,9,9,9,9,9,9
Supply warehouse IDs:,7,2,7,7,5,16,5,7,1,9,1,3,7,7,2,6

org.postgresql.util.PSQLException: ERROR: Query error: Restart read required at: { read: { physical: 1667644120025854 } local_limit: { physical: 1667644120025854 } global_limit: <min> in_txn_limit: <max> serial_no: 0 }
	at org.postgresql.core.v3.QueryExecutorImpl.receiveErrorResponse(QueryExecutorImpl.java:2532)
	at org.postgresql.core.v3.QueryExecutorImpl.processResults(QueryExecutorImpl.java:2267)
	at org.postgresql.core.v3.QueryExecutorImpl.execute(QueryExecutorImpl.java:312)
	at org.postgresql.jdbc.PgStatement.executeInternal(PgStatement.java:448)
	at org.postgresql.jdbc.PgStatement.execute(PgStatement.java:369)
	at org.postgresql.jdbc.PgPreparedStatement.executeWithFlags(PgPreparedStatement.java:153)
	at org.postgresql.jdbc.PgPreparedStatement.executeQuery(PgPreparedStatement.java:103)
	at transactions.RelatedCustomerTransaction.getPossibleCustomersOrderItems(RelatedCustomerTransaction.java:104)
	at transactions.RelatedCustomerTransaction.execute(RelatedCustomerTransaction.java:52)
	at SampleApp.run(SampleApp.java:101)
	at SampleApp.main(SampleApp.java:64)
[Error]: Related Customer Abort Rel *** Related  Customer transaction info: warehouse: 9, district: 2, customer id: 331 *** 

[Error]: NewOrder getStockQty are missing
java.sql.SQLException
	at transactions.NewOrderTransaction.execute(NewOrderTransaction.java:170)
	at SampleApp.run(SampleApp.java:101)
	at SampleApp.main(SampleApp.java:64)
[Error]: New Order Abort New **** New Order Transaction Information ****
CID:2811, WID:9, DID:2, num order-lines:11
Item IDs are:,56551,56967,57031,12772,36067,70102,71655,72295,73303,84709,95399
Quantities:,9,9,9,9,9,9,9,9,9,9,9
Supply warehouse IDs:,3,18,3,9,10,5,2,9,2,10,4

org.postgresql.util.PSQLException: ERROR: Query error: Restart read required at: { read: { physical: 1667644140572959 } local_limit: { physical: 1667644140572959 } global_limit: <min> in_txn_limit: <max> serial_no: 0 }
	at org.postgresql.core.v3.QueryExecutorImpl.receiveErrorResponse(QueryExecutorImpl.java:2532)
	at org.postgresql.core.v3.QueryExecutorImpl.processResults(QueryExecutorImpl.java:2267)
	at org.postgresql.core.v3.QueryExecutorImpl.execute(QueryExecutorImpl.java:312)
	at org.postgresql.jdbc.PgStatement.executeInternal(PgStatement.java:448)
	at org.postgresql.jdbc.PgStatement.execute(PgStatement.java:369)
	at org.postgresql.jdbc.PgPreparedStatement.executeWithFlags(PgPreparedStatement.java:153)
	at org.postgresql.jdbc.PgPreparedStatement.executeQuery(PgPreparedStatement.java:103)
	at transactions.RelatedCustomerTransaction.getPossibleCustomersOrderItems(RelatedCustomerTransaction.java:104)
	at transactions.RelatedCustomerTransaction.execute(RelatedCustomerTransaction.java:52)
	at SampleApp.run(SampleApp.java:101)
	at SampleApp.main(SampleApp.java:64)
[Error]: Related Customer Abort Rel *** Related  Customer transaction info: warehouse: 9, district: 3, customer id: 2291 *** 

org.postgresql.util.PSQLException: ERROR: Query error: Restart read required at: { read: { physical: 1667644160807864 } local_limit: { physical: 1667644160807864 } global_limit: <min> in_txn_limit: <max> serial_no: 0 }
	at org.postgresql.core.v3.QueryExecutorImpl.receiveErrorResponse(QueryExecutorImpl.java:2532)
	at org.postgresql.core.v3.QueryExecutorImpl.processResults(QueryExecutorImpl.java:2267)
	at org.postgresql.core.v3.QueryExecutorImpl.execute(QueryExecutorImpl.java:312)
	at org.postgresql.jdbc.PgStatement.executeInternal(PgStatement.java:448)
	at org.postgresql.jdbc.PgStatement.execute(PgStatement.java:369)
	at org.postgresql.jdbc.PgPreparedStatement.executeWithFlags(PgPreparedStatement.java:153)
	at org.postgresql.jdbc.PgPreparedStatement.executeQuery(PgPreparedStatement.java:103)
	at transactions.RelatedCustomerTransaction.getPossibleCustomersOrderItems(RelatedCustomerTransaction.java:104)
	at transactions.RelatedCustomerTransaction.execute(RelatedCustomerTransaction.java:52)
	at SampleApp.run(SampleApp.java:101)
	at SampleApp.main(SampleApp.java:64)
[Error]: Related Customer Abort Rel *** Related  Customer transaction info: warehouse: 9, district: 4, customer id: 2915 *** 

org.postgresql.util.PSQLException: ERROR: Query error: Restart read required at: { read: { physical: 1667644171605500 } local_limit: { physical: 1667644171605500 } global_limit: <min> in_txn_limit: <max> serial_no: 0 }
	at org.postgresql.core.v3.QueryExecutorImpl.receiveErrorResponse(QueryExecutorImpl.java:2532)
	at org.postgresql.core.v3.QueryExecutorImpl.processResults(QueryExecutorImpl.java:2267)
	at org.postgresql.core.v3.QueryExecutorImpl.execute(QueryExecutorImpl.java:312)
	at org.postgresql.jdbc.PgStatement.executeInternal(PgStatement.java:448)
	at org.postgresql.jdbc.PgStatement.execute(PgStatement.java:369)
	at org.postgresql.jdbc.PgPreparedStatement.executeWithFlags(PgPreparedStatement.java:153)
	at org.postgresql.jdbc.PgPreparedStatement.executeQuery(PgPreparedStatement.java:103)
	at transactions.RelatedCustomerTransaction.getPossibleCustomersOrderItems(RelatedCustomerTransaction.java:104)
	at transactions.RelatedCustomerTransaction.execute(RelatedCustomerTransaction.java:52)
	at SampleApp.run(SampleApp.java:101)
	at SampleApp.main(SampleApp.java:64)
[Error]: Related Customer Abort Rel *** Related  Customer transaction info: warehouse: 9, district: 3, customer id: 1793 *** 

org.postgresql.util.PSQLException: ERROR: Query error: Restart read required at: { read: { physical: 1667644180780440 } local_limit: { physical: 1667644180780440 } global_limit: <min> in_txn_limit: <max> serial_no: 0 }
	at org.postgresql.core.v3.QueryExecutorImpl.receiveErrorResponse(QueryExecutorImpl.java:2532)
	at org.postgresql.core.v3.QueryExecutorImpl.processResults(QueryExecutorImpl.java:2267)
	at org.postgresql.core.v3.QueryExecutorImpl.execute(QueryExecutorImpl.java:312)
	at org.postgresql.jdbc.PgStatement.executeInternal(PgStatement.java:448)
	at org.postgresql.jdbc.PgStatement.execute(PgStatement.java:369)
	at org.postgresql.jdbc.PgPreparedStatement.executeWithFlags(PgPreparedStatement.java:153)
	at org.postgresql.jdbc.PgPreparedStatement.executeQuery(PgPreparedStatement.java:103)
	at transactions.RelatedCustomerTransaction.getPossibleCustomersOrderItems(RelatedCustomerTransaction.java:104)
	at transactions.RelatedCustomerTransaction.execute(RelatedCustomerTransaction.java:52)
	at SampleApp.run(SampleApp.java:101)
	at SampleApp.main(SampleApp.java:64)
[Error]: Related Customer Abort Rel *** Related  Customer transaction info: warehouse: 9, district: 2, customer id: 1250 *** 

org.postgresql.util.PSQLException: ERROR: Query error: Restart read required at: { read: { physical: 1667644196124810 } local_limit: { physical: 1667644196124810 } global_limit: <min> in_txn_limit: <max> serial_no: 0 }
	at org.postgresql.core.v3.QueryExecutorImpl.receiveErrorResponse(QueryExecutorImpl.java:2532)
	at org.postgresql.core.v3.QueryExecutorImpl.processResults(QueryExecutorImpl.java:2267)
	at org.postgresql.core.v3.QueryExecutorImpl.execute(QueryExecutorImpl.java:312)
	at org.postgresql.jdbc.PgStatement.executeInternal(PgStatement.java:448)
	at org.postgresql.jdbc.PgStatement.execute(PgStatement.java:369)
	at org.postgresql.jdbc.PgPreparedStatement.executeWithFlags(PgPreparedStatement.java:153)
	at org.postgresql.jdbc.PgPreparedStatement.executeQuery(PgPreparedStatement.java:103)
	at transactions.RelatedCustomerTransaction.getPossibleCustomersOrderItems(RelatedCustomerTransaction.java:104)
	at transactions.RelatedCustomerTransaction.execute(RelatedCustomerTransaction.java:52)
	at SampleApp.run(SampleApp.java:101)
	at SampleApp.main(SampleApp.java:64)
[Error]: Related Customer Abort Rel *** Related  Customer transaction info: warehouse: 9, district: 4, customer id: 891 *** 

org.postgresql.util.PSQLException: ERROR: Query error: Restart read required at: { read: { physical: 1667644203610566 } local_limit: { physical: 1667644203610566 } global_limit: <min> in_txn_limit: <max> serial_no: 0 }
	at org.postgresql.core.v3.QueryExecutorImpl.receiveErrorResponse(QueryExecutorImpl.java:2532)
	at org.postgresql.core.v3.QueryExecutorImpl.processResults(QueryExecutorImpl.java:2267)
	at org.postgresql.core.v3.QueryExecutorImpl.execute(QueryExecutorImpl.java:312)
	at org.postgresql.jdbc.PgStatement.executeInternal(PgStatement.java:448)
	at org.postgresql.jdbc.PgStatement.execute(PgStatement.java:369)
	at org.postgresql.jdbc.PgPreparedStatement.executeWithFlags(PgPreparedStatement.java:153)
	at org.postgresql.jdbc.PgPreparedStatement.executeQuery(PgPreparedStatement.java:103)
	at transactions.RelatedCustomerTransaction.getPossibleCustomersOrderItems(RelatedCustomerTransaction.java:104)
	at transactions.RelatedCustomerTransaction.execute(RelatedCustomerTransaction.java:52)
	at SampleApp.run(SampleApp.java:101)
	at SampleApp.main(SampleApp.java:64)
[Error]: Related Customer Abort Rel *** Related  Customer transaction info: warehouse: 9, district: 4, customer id: 2035 *** 

org.postgresql.util.PSQLException: ERROR: Query error: Restart read required at: { read: { physical: 1667644271170884 } local_limit: { physical: 1667644271170884 } global_limit: <min> in_txn_limit: <max> serial_no: 0 }
	at org.postgresql.core.v3.QueryExecutorImpl.receiveErrorResponse(QueryExecutorImpl.java:2532)
	at org.postgresql.core.v3.QueryExecutorImpl.processResults(QueryExecutorImpl.java:2267)
	at org.postgresql.core.v3.QueryExecutorImpl.execute(QueryExecutorImpl.java:312)
	at org.postgresql.jdbc.PgStatement.executeInternal(PgStatement.java:448)
	at org.postgresql.jdbc.PgStatement.execute(PgStatement.java:369)
	at org.postgresql.jdbc.PgPreparedStatement.executeWithFlags(PgPreparedStatement.java:153)
	at org.postgresql.jdbc.PgPreparedStatement.executeQuery(PgPreparedStatement.java:103)
	at transactions.RelatedCustomerTransaction.getPossibleCustomersOrderItems(RelatedCustomerTransaction.java:104)
	at transactions.RelatedCustomerTransaction.execute(RelatedCustomerTransaction.java:52)
	at SampleApp.run(SampleApp.java:101)
	at SampleApp.main(SampleApp.java:64)
[Error]: Related Customer Abort Rel *** Related  Customer transaction info: warehouse: 9, district: 2, customer id: 2785 *** 

[Error]: NewOrder getStockQty are missing
java.sql.SQLException
	at transactions.NewOrderTransaction.execute(NewOrderTransaction.java:170)
	at SampleApp.run(SampleApp.java:101)
	at SampleApp.main(SampleApp.java:64)
[Error]: New Order Abort New **** New Order Transaction Information ****
CID:1952, WID:9, DID:5, num order-lines:15
Item IDs are:,73446,81119,12990,32353,5955,14399,16038,29667,30228,32375,38885,60705,63965,65239,97703
Quantities:,9,9,9,9,9,9,9,9,9,9,9,9,9,9,9
Supply warehouse IDs:,6,16,3,4,10,5,2,7,1,1,1,3,7,4,7

org.postgresql.util.PSQLException: ERROR: Query error: Restart read required at: { read: { physical: 1667644370994889 } local_limit: { physical: 1667644370994889 } global_limit: <min> in_txn_limit: <max> serial_no: 0 }
	at org.postgresql.core.v3.QueryExecutorImpl.receiveErrorResponse(QueryExecutorImpl.java:2532)
	at org.postgresql.core.v3.QueryExecutorImpl.processResults(QueryExecutorImpl.java:2267)
	at org.postgresql.core.v3.QueryExecutorImpl.execute(QueryExecutorImpl.java:312)
	at org.postgresql.jdbc.PgStatement.executeInternal(PgStatement.java:448)
	at org.postgresql.jdbc.PgStatement.execute(PgStatement.java:369)
	at org.postgresql.jdbc.PgPreparedStatement.executeWithFlags(PgPreparedStatement.java:153)
	at org.postgresql.jdbc.PgPreparedStatement.executeQuery(PgPreparedStatement.java:103)
	at transactions.RelatedCustomerTransaction.getPossibleCustomersOrderItems(RelatedCustomerTransaction.java:104)
	at transactions.RelatedCustomerTransaction.execute(RelatedCustomerTransaction.java:52)
	at SampleApp.run(SampleApp.java:101)
	at SampleApp.main(SampleApp.java:64)
[Error]: Related Customer Abort Rel *** Related  Customer transaction info: warehouse: 9, district: 4, customer id: 2287 *** 

org.postgresql.util.PSQLException: ERROR: Query error: Restart read required at: { read: { physical: 1667644394701075 } local_limit: { physical: 1667644394701075 } global_limit: <min> in_txn_limit: <max> serial_no: 0 }
	at org.postgresql.core.v3.QueryExecutorImpl.receiveErrorResponse(QueryExecutorImpl.java:2532)
	at org.postgresql.core.v3.QueryExecutorImpl.processResults(QueryExecutorImpl.java:2267)
	at org.postgresql.core.v3.QueryExecutorImpl.execute(QueryExecutorImpl.java:312)
	at org.postgresql.jdbc.PgStatement.executeInternal(PgStatement.java:448)
	at org.postgresql.jdbc.PgStatement.execute(PgStatement.java:369)
	at org.postgresql.jdbc.PgPreparedStatement.executeWithFlags(PgPreparedStatement.java:153)
	at org.postgresql.jdbc.PgPreparedStatement.executeQuery(PgPreparedStatement.java:103)
	at transactions.RelatedCustomerTransaction.getPossibleCustomersOrderItems(RelatedCustomerTransaction.java:104)
	at transactions.RelatedCustomerTransaction.execute(RelatedCustomerTransaction.java:52)
	at SampleApp.run(SampleApp.java:101)
	at SampleApp.main(SampleApp.java:64)
[Error]: Related Customer Abort Rel *** Related  Customer transaction info: warehouse: 9, district: 3, customer id: 1018 *** 

[Error]: NewOrder getStockQty are missing
java.sql.SQLException
	at transactions.NewOrderTransaction.execute(NewOrderTransaction.java:170)
	at SampleApp.run(SampleApp.java:101)
	at SampleApp.main(SampleApp.java:64)
[Error]: New Order Abort New **** New Order Transaction Information ****
CID:1279, WID:9, DID:1, num order-lines:9
Item IDs are:,11983,16103,31282,31425,53862,65255,66647,89362,97754
Quantities:,9,9,9,9,9,9,9,9,9
Supply warehouse IDs:,7,12,5,9,9,8,5,3,9

org.postgresql.util.PSQLException: ERROR: Query error: Restart read required at: { read: { physical: 1667644426517264 } local_limit: { physical: 1667644426517264 } global_limit: <min> in_txn_limit: <max> serial_no: 0 }
	at org.postgresql.core.v3.QueryExecutorImpl.receiveErrorResponse(QueryExecutorImpl.java:2532)
	at org.postgresql.core.v3.QueryExecutorImpl.processResults(QueryExecutorImpl.java:2267)
	at org.postgresql.core.v3.QueryExecutorImpl.execute(QueryExecutorImpl.java:312)
	at org.postgresql.jdbc.PgStatement.executeInternal(PgStatement.java:448)
	at org.postgresql.jdbc.PgStatement.execute(PgStatement.java:369)
	at org.postgresql.jdbc.PgPreparedStatement.executeWithFlags(PgPreparedStatement.java:153)
	at org.postgresql.jdbc.PgPreparedStatement.executeQuery(PgPreparedStatement.java:103)
	at transactions.RelatedCustomerTransaction.getPossibleCustomersOrderItems(RelatedCustomerTransaction.java:104)
	at transactions.RelatedCustomerTransaction.execute(RelatedCustomerTransaction.java:52)
	at SampleApp.run(SampleApp.java:101)
	at SampleApp.main(SampleApp.java:64)
[Error]: Related Customer Abort Rel *** Related  Customer transaction info: warehouse: 9, district: 2, customer id: 1667 *** 

org.postgresql.util.PSQLException: ERROR: Query error: Restart read required at: { read: { physical: 1667644461598416 } local_limit: { physical: 1667644461598416 } global_limit: <min> in_txn_limit: <max> serial_no: 0 }
	at org.postgresql.core.v3.QueryExecutorImpl.receiveErrorResponse(QueryExecutorImpl.java:2532)
	at org.postgresql.core.v3.QueryExecutorImpl.processResults(QueryExecutorImpl.java:2267)
	at org.postgresql.core.v3.QueryExecutorImpl.execute(QueryExecutorImpl.java:312)
	at org.postgresql.jdbc.PgStatement.executeInternal(PgStatement.java:448)
	at org.postgresql.jdbc.PgStatement.execute(PgStatement.java:369)
	at org.postgresql.jdbc.PgPreparedStatement.executeWithFlags(PgPreparedStatement.java:153)
	at org.postgresql.jdbc.PgPreparedStatement.executeQuery(PgPreparedStatement.java:103)
	at transactions.RelatedCustomerTransaction.getPossibleCustomersOrderItems(RelatedCustomerTransaction.java:104)
	at transactions.RelatedCustomerTransaction.execute(RelatedCustomerTransaction.java:52)
	at SampleApp.run(SampleApp.java:101)
	at SampleApp.main(SampleApp.java:64)
[Error]: Related Customer Abort Rel *** Related  Customer transaction info: warehouse: 9, district: 2, customer id: 2302 *** 

org.postgresql.util.PSQLException: ERROR: Query error: Restart read required at: { read: { physical: 1667644493546335 } local_limit: { physical: 1667644493546335 } global_limit: <min> in_txn_limit: <max> serial_no: 0 }
	at org.postgresql.core.v3.QueryExecutorImpl.receiveErrorResponse(QueryExecutorImpl.java:2532)
	at org.postgresql.core.v3.QueryExecutorImpl.processResults(QueryExecutorImpl.java:2267)
	at org.postgresql.core.v3.QueryExecutorImpl.execute(QueryExecutorImpl.java:312)
	at org.postgresql.jdbc.PgStatement.executeInternal(PgStatement.java:448)
	at org.postgresql.jdbc.PgStatement.execute(PgStatement.java:369)
	at org.postgresql.jdbc.PgPreparedStatement.executeWithFlags(PgPreparedStatement.java:153)
	at org.postgresql.jdbc.PgPreparedStatement.executeQuery(PgPreparedStatement.java:103)
	at transactions.RelatedCustomerTransaction.getPossibleCustomersOrderItems(RelatedCustomerTransaction.java:104)
	at transactions.RelatedCustomerTransaction.execute(RelatedCustomerTransaction.java:52)
	at SampleApp.run(SampleApp.java:101)
	at SampleApp.main(SampleApp.java:64)
[Error]: Related Customer Abort Rel *** Related  Customer transaction info: warehouse: 9, district: 1, customer id: 198 *** 

org.postgresql.util.PSQLException: ERROR: Query error: Restart read required at: { read: { physical: 1667644499426787 } local_limit: { physical: 1667644499426787 } global_limit: <min> in_txn_limit: <max> serial_no: 0 }
	at org.postgresql.core.v3.QueryExecutorImpl.receiveErrorResponse(QueryExecutorImpl.java:2532)
	at org.postgresql.core.v3.QueryExecutorImpl.processResults(QueryExecutorImpl.java:2267)
	at org.postgresql.core.v3.QueryExecutorImpl.execute(QueryExecutorImpl.java:312)
	at org.postgresql.jdbc.PgStatement.executeInternal(PgStatement.java:448)
	at org.postgresql.jdbc.PgStatement.execute(PgStatement.java:369)
	at org.postgresql.jdbc.PgPreparedStatement.executeWithFlags(PgPreparedStatement.java:153)
	at org.postgresql.jdbc.PgPreparedStatement.executeQuery(PgPreparedStatement.java:103)
	at transactions.RelatedCustomerTransaction.getPossibleCustomersOrderItems(RelatedCustomerTransaction.java:104)
	at transactions.RelatedCustomerTransaction.execute(RelatedCustomerTransaction.java:52)
	at SampleApp.run(SampleApp.java:101)
	at SampleApp.main(SampleApp.java:64)
[Error]: Related Customer Abort Rel *** Related  Customer transaction info: warehouse: 9, district: 3, customer id: 1153 *** 

org.postgresql.util.PSQLException: ERROR: Query error: Restart read required at: { read: { physical: 1667644565940514 } local_limit: { physical: 1667644565940514 } global_limit: <min> in_txn_limit: <max> serial_no: 0 }
	at org.postgresql.core.v3.QueryExecutorImpl.receiveErrorResponse(QueryExecutorImpl.java:2532)
	at org.postgresql.core.v3.QueryExecutorImpl.processResults(QueryExecutorImpl.java:2267)
	at org.postgresql.core.v3.QueryExecutorImpl.execute(QueryExecutorImpl.java:312)
	at org.postgresql.jdbc.PgStatement.executeInternal(PgStatement.java:448)
	at org.postgresql.jdbc.PgStatement.execute(PgStatement.java:369)
	at org.postgresql.jdbc.PgPreparedStatement.executeWithFlags(PgPreparedStatement.java:153)
	at org.postgresql.jdbc.PgPreparedStatement.executeQuery(PgPreparedStatement.java:103)
	at transactions.RelatedCustomerTransaction.getPossibleCustomersOrderItems(RelatedCustomerTransaction.java:104)
	at transactions.RelatedCustomerTransaction.execute(RelatedCustomerTransaction.java:52)
	at SampleApp.run(SampleApp.java:101)
	at SampleApp.main(SampleApp.java:64)
[Error]: Related Customer Abort Rel *** Related  Customer transaction info: warehouse: 9, district: 4, customer id: 1215 *** 

[Error]: NewOrder getStockQty are missing
java.sql.SQLException
	at transactions.NewOrderTransaction.execute(NewOrderTransaction.java:170)
	at SampleApp.run(SampleApp.java:101)
	at SampleApp.main(SampleApp.java:64)
[Error]: New Order Abort New **** New Order Transaction Information ****
CID:280, WID:9, DID:3, num order-lines:13
Item IDs are:,89183,77445,48295,4382,15813,15967,32487,36577,39975,48870,54789,80343,81063
Quantities:,9,9,9,3,9,9,9,9,9,9,9,9,9
Supply warehouse IDs:,1,7,1,10,4,2,13,6,4,6,10,7,9

[Error]: NewOrder getStockQty are missing
java.sql.SQLException
	at transactions.NewOrderTransaction.execute(NewOrderTransaction.java:170)
	at SampleApp.run(SampleApp.java:101)
	at SampleApp.main(SampleApp.java:64)
[Error]: New Order Abort New **** New Order Transaction Information ****
CID:1203, WID:9, DID:4, num order-lines:13
Item IDs are:,30270,1797,4583,69220,13631,14047,43743,48871,73179,83679,89799,93027,94787
Quantities:,9,9,9,9,9,9,9,9,9,9,9,9,9
Supply warehouse IDs:,6,10,3,7,10,2,2,12,4,6,6,9,9

[Error]: NewOrder getStockQty are missing
java.sql.SQLException
	at transactions.NewOrderTransaction.execute(NewOrderTransaction.java:170)
	at SampleApp.run(SampleApp.java:101)
	at SampleApp.main(SampleApp.java:64)
[Error]: New Order Abort New **** New Order Transaction Information ****
CID:2783, WID:9, DID:2, num order-lines:4
Item IDs are:,5933,23775,64229,64999
Quantities:,9,9,9,9
Supply warehouse IDs:,2,2,2,12

[Error]: NewOrder getStockQty are missing
java.sql.SQLException
	at transactions.NewOrderTransaction.execute(NewOrderTransaction.java:170)
	at SampleApp.run(SampleApp.java:101)
	at SampleApp.main(SampleApp.java:64)
[Error]: New Order Abort New **** New Order Transaction Information ****
CID:1217, WID:9, DID:1, num order-lines:19
Item IDs are:,87679,32351,95972,97959,22374,6215,44423,56019,72759,95331,13926,32397,42687,48281,62135,63975,64669,75877,79570
Quantities:,9,9,9,9,9,9,9,9,9,9,9,9,9,9,9,9,9,9,9
Supply warehouse IDs:,2,5,10,1,2,15,6,6,7,8,9,9,6,9,10,9,6,2,10

[Error]: NewOrder getStockQty are missing
java.sql.SQLException
	at transactions.NewOrderTransaction.execute(NewOrderTransaction.java:170)
	at SampleApp.run(SampleApp.java:101)
	at SampleApp.main(SampleApp.java:64)
[Error]: New Order Abort New **** New Order Transaction Information ****
CID:71, WID:9, DID:2, num order-lines:17
Item IDs are:,40645,5639,89815,45799,16037,54950,4157,80221,29395,32159,68037,73446,81622,83623,85607,94309,97607
Quantities:,9,9,9,9,9,9,9,9,9,9,9,9,9,9,9,9,9
Supply warehouse IDs:,6,2,5,10,8,3,6,1,8,7,8,4,1,1,11,4,10

[Error]: NewOrder getStockQty are missing
java.sql.SQLException
	at transactions.NewOrderTransaction.execute(NewOrderTransaction.java:170)
	at SampleApp.run(SampleApp.java:101)
	at SampleApp.main(SampleApp.java:64)
[Error]: New Order Abort New **** New Order Transaction Information ****
CID:1251, WID:9, DID:1, num order-lines:13
Item IDs are:,4989,43744,4667,12002,16103,22198,32149,46723,47813,57062,79069,84339,98021
Quantities:,9,9,9,9,9,9,9,9,9,9,9,9,9
Supply warehouse IDs:,3,3,5,10,10,10,8,2,2,16,5,2,2

[Error]: NewOrder getStockQty are missing
java.sql.SQLException
	at transactions.NewOrderTransaction.execute(NewOrderTransaction.java:170)
	at SampleApp.run(SampleApp.java:101)
	at SampleApp.main(SampleApp.java:64)
[Error]: New Order Abort New **** New Order Transaction Information ****
CID:1003, WID:9, DID:5, num order-lines:18
Item IDs are:,29795,54875,2079,31974,39651,81622,81573,3847,56935,9895,19621,40103,40679,44503,46813,48354,56039,89063
Quantities:,9,9,9,9,9,9,6,9,9,9,9,9,9,9,9,9,9,9
Supply warehouse IDs:,1,8,2,8,7,7,2,5,5,9,10,8,9,4,1,8,9,15

[Error]: NewOrder getStockQty are missing
java.sql.SQLException
	at transactions.NewOrderTransaction.execute(NewOrderTransaction.java:170)
	at SampleApp.run(SampleApp.java:101)
	at SampleApp.main(SampleApp.java:64)
[Error]: New Order Abort New **** New Order Transaction Information ****
CID:1281, WID:9, DID:4, num order-lines:14
Item IDs are:,79301,31462,48871,3911,6083,15575,23655,32467,40603,46755,81573,86747,93590,96487
Quantities:,9,9,9,9,9,9,9,9,9,9,9,9,9,9
Supply warehouse IDs:,1,1,9,10,10,8,7,3,6,12,1,8,9,9

[Error]: NewOrder getStockQty are missing
java.sql.SQLException
	at transactions.NewOrderTransaction.execute(NewOrderTransaction.java:170)
	at SampleApp.run(SampleApp.java:101)
	at SampleApp.main(SampleApp.java:64)
[Error]: New Order Abort New **** New Order Transaction Information ****
CID:2305, WID:9, DID:5, num order-lines:19
Item IDs are:,5947,81622,23556,85654,83420,38054,56999,4355,80343,1222,4804,18971,39509,40471,57062,81639,89767,93925,98023
Quantities:,9,9,9,9,9,9,9,9,9,9,9,9,9,9,9,9,9,9,9
Supply warehouse IDs:,2,4,10,7,4,9,10,3,1,1,4,7,1,4,9,5,15,6,6

[Error]: NewOrder getStockQty are missing
java.sql.SQLException
	at transactions.NewOrderTransaction.execute(NewOrderTransaction.java:170)
	at SampleApp.run(SampleApp.java:101)
	at SampleApp.main(SampleApp.java:64)
[Error]: New Order Abort New **** New Order Transaction Information ****
CID:1152, WID:9, DID:5, num order-lines:10
Item IDs are:,4023,6215,12999,39207,40677,46751,71268,79327,81491,87718
Quantities:,9,9,9,6,9,9,9,9,9,9
Supply warehouse IDs:,4,1,10,1,6,4,5,5,1,13

[Error]: NewOrder getStockQty are missing
java.sql.SQLException
	at transactions.NewOrderTransaction.execute(NewOrderTransaction.java:170)
	at SampleApp.run(SampleApp.java:101)
	at SampleApp.main(SampleApp.java:64)
[Error]: New Order Abort New **** New Order Transaction Information ****
CID:2307, WID:9, DID:3, num order-lines:14
Item IDs are:,76005,36263,73443,47837,39846,39643,40541,57045,57059,70885,79527,83167,87783,89825
Quantities:,9,9,9,9,9,9,9,9,9,9,9,9,9,9
Supply warehouse IDs:,5,5,5,7,8,8,8,3,14,1,6,6,7,3

[Error]: NewOrder getStockQty are missing
java.sql.SQLException
	at transactions.NewOrderTransaction.execute(NewOrderTransaction.java:170)
	at SampleApp.run(SampleApp.java:101)
	at SampleApp.main(SampleApp.java:64)
[Error]: New Order Abort New **** New Order Transaction Information ****
CID:1027, WID:9, DID:1, num order-lines:16
Item IDs are:,98021,26335,71383,67135,39639,52439,5191,5938,20118,35213,41919,48419,64726,78307,81495,96991
Quantities:,9,9,9,9,9,9,9,9,9,9,9,9,9,9,9,9
Supply warehouse IDs:,3,9,5,5,12,3,6,7,3,1,7,1,10,5,1,9

[Error]: NewOrder getStockQty are missing
java.sql.SQLException
	at transactions.NewOrderTransaction.execute(NewOrderTransaction.java:170)
	at SampleApp.run(SampleApp.java:101)
	at SampleApp.main(SampleApp.java:64)
[Error]: New Order Abort New **** New Order Transaction Information ****
CID:2305, WID:9, DID:3, num order-lines:17
Item IDs are:,11675,9415,97508,89249,95655,56549,6151,7623,15447,21607,24135,65255,69346,83875,86754,96997,97991
Quantities:,9,9,9,9,9,9,9,9,9,9,9,9,9,9,9,9,9
Supply warehouse IDs:,1,9,1,1,3,7,8,1,1,7,6,13,7,5,7,2,3

[Error]: NewOrder getStockQty are missing
java.sql.SQLException
	at transactions.NewOrderTransaction.execute(NewOrderTransaction.java:170)
	at SampleApp.run(SampleApp.java:101)
	at SampleApp.main(SampleApp.java:64)
[Error]: New Order Abort New **** New Order Transaction Information ****
CID:2881, WID:9, DID:5, num order-lines:14
Item IDs are:,81441,20138,15719,64631,8807,18658,20708,28391,49767,50388,65255,73443,89684,95902
Quantities:,9,8,9,9,9,9,9,9,9,9,9,9,9,9
Supply warehouse IDs:,1,2,10,9,6,9,3,1,10,5,13,3,9,1

[Error]: NewOrder getStockQty are missing
java.sql.SQLException
	at transactions.NewOrderTransaction.execute(NewOrderTransaction.java:170)
	at SampleApp.run(SampleApp.java:101)
	at SampleApp.main(SampleApp.java:64)
[Error]: New Order Abort New **** New Order Transaction Information ****
CID:290, WID:9, DID:5, num order-lines:12
Item IDs are:,48870,93903,77287,15909,16039,27331,44766,54503,54995,71723,97497,98021
Quantities:,9,9,9,9,9,9,9,9,9,9,9,9
Supply warehouse IDs:,2,6,1,3,4,2,2,12,6,6,2,4

[Error]: NewOrder getStockQty are missing
java.sql.SQLException
	at transactions.NewOrderTransaction.execute(NewOrderTransaction.java:170)
	at SampleApp.run(SampleApp.java:101)
	at SampleApp.main(SampleApp.java:64)
[Error]: New Order Abort New **** New Order Transaction Information ****
CID:2307, WID:9, DID:3, num order-lines:12
Item IDs are:,51430,3783,5703,23639,24143,30305,43495,43751,44775,51479,65247,94823
Quantities:,9,9,10,9,9,9,9,9,4,9,9,9
Supply warehouse IDs:,2,8,8,7,9,3,10,6,16,6,9,5

[Error]: NewOrder getStockQty are missing
java.sql.SQLException
	at transactions.NewOrderTransaction.execute(NewOrderTransaction.java:170)
	at SampleApp.run(SampleApp.java:101)
	at SampleApp.main(SampleApp.java:64)
[Error]: New Order Abort New **** New Order Transaction Information ****
CID:290, WID:9, DID:3, num order-lines:14
Item IDs are:,63203,68967,89575,6063,6133,15457,21727,23703,39966,55894,70111,79015,81371,87515
Quantities:,9,9,9,9,9,9,9,9,9,9,9,9,9,9
Supply warehouse IDs:,10,4,4,1,4,3,4,2,3,6,3,11,4,4

[Error]: NewOrder getStockQty are missing
java.sql.SQLException
	at transactions.NewOrderTransaction.execute(NewOrderTransaction.java:170)
	at SampleApp.run(SampleApp.java:101)
	at SampleApp.main(SampleApp.java:64)
[Error]: New Order Abort New **** New Order Transaction Information ****
CID:963, WID:9, DID:5, num order-lines:11
Item IDs are:,87139,41106,1606,11362,28391,40615,71391,80471,80853,86727,96991
Quantities:,9,9,9,9,9,9,9,9,9,9,9
Supply warehouse IDs:,8,5,9,4,13,6,2,3,10,10,4

[Error]: NewOrder getStockQty are missing
java.sql.SQLException
	at transactions.NewOrderTransaction.execute(NewOrderTransaction.java:170)
	at SampleApp.run(SampleApp.java:101)
	at SampleApp.main(SampleApp.java:64)
[Error]: New Order Abort New **** New Order Transaction Information ****
CID:297, WID:9, DID:1, num order-lines:13
Item IDs are:,52839,23335,73333,15821,97957,40423,56031,62903,72743,73410,85623,87782,89280
Quantities:,9,9,9,9,9,9,9,9,9,9,9,9,9
Supply warehouse IDs:,9,9,6,6,12,10,6,4,4,5,5,4,7

[Error]: NewOrder getStockQty are missing
java.sql.SQLException
	at transactions.NewOrderTransaction.execute(NewOrderTransaction.java:170)
	at SampleApp.run(SampleApp.java:101)
	at SampleApp.main(SampleApp.java:64)
[Error]: New Order Abort New **** New Order Transaction Information ****
CID:1155, WID:9, DID:2, num order-lines:16
Item IDs are:,47815,65015,15855,46695,36544,6023,40417,18662,30422,40662,57021,65103,73315,74643,81410,97727
Quantities:,9,9,9,9,9,9,9,9,9,9,9,9,9,9,9,9
Supply warehouse IDs:,10,4,7,4,6,7,6,6,10,1,7,15,3,2,9,6

[Error]: NewOrder getStockQty are missing
java.sql.SQLException
	at transactions.NewOrderTransaction.execute(NewOrderTransaction.java:170)
	at SampleApp.run(SampleApp.java:101)
	at SampleApp.main(SampleApp.java:64)
[Error]: New Order Abort New **** New Order Transaction Information ****
CID:1155, WID:9, DID:4, num order-lines:10
Item IDs are:,1827,5125,19109,31906,36551,70342,73445,88423,89828,89830
Quantities:,9,9,9,9,9,9,9,9,9,9
Supply warehouse IDs:,8,1,5,6,15,10,7,9,1,6

[Error]: NewOrder getStockQty are missing
java.sql.SQLException
	at transactions.NewOrderTransaction.execute(NewOrderTransaction.java:170)
	at SampleApp.run(SampleApp.java:101)
	at SampleApp.main(SampleApp.java:64)
[Error]: New Order Abort New **** New Order Transaction Information ****
CID:1984, WID:9, DID:1, num order-lines:16
Item IDs are:,40675,4550,65191,4610,46560,24241,93527,13959,32415,35046,46223,49839,69282,72292,88487,92391
Quantities:,9,9,9,9,9,9,9,9,9,9,9,9,9,9,9,9
Supply warehouse IDs:,14,3,5,1,5,3,4,2,2,4,3,8,7,5,5,1

[Error]: NewOrder getStockQty are missing
java.sql.SQLException
	at transactions.NewOrderTransaction.execute(NewOrderTransaction.java:170)
	at SampleApp.run(SampleApp.java:101)
	at SampleApp.main(SampleApp.java:64)
[Error]: New Order Abort New **** New Order Transaction Information ****
CID:2555, WID:9, DID:5, num order-lines:19
Item IDs are:,52965,96231,32467,24263,40634,15065,47847,97702,3391,5155,8259,14053,28327,47843,51943,80007,81063,85727,89309
Quantities:,9,9,9,9,9,9,9,9,9,9,9,9,9,9,9,9,9,9,9
Supply warehouse IDs:,7,3,7,9,7,2,9,3,4,3,3,1,9,19,5,9,4,3,4

[Error]: NewOrder getStockQty are missing
java.sql.SQLException
	at transactions.NewOrderTransaction.execute(NewOrderTransaction.java:170)
	at SampleApp.run(SampleApp.java:101)
	at SampleApp.main(SampleApp.java:64)
[Error]: New Order Abort New **** New Order Transaction Information ****
CID:2131, WID:9, DID:1, num order-lines:19
Item IDs are:,52935,81635,49887,53604,73415,65183,48855,31378,73443,6143,6214,24023,35047,48871,60899,64737,73439,77279,78562
Quantities:,9,9,9,9,9,9,9,9,9,9,9,9,9,9,9,9,9,9,9
Supply warehouse IDs:,8,6,1,4,10,2,3,2,6,6,5,2,8,15,9,4,2,10,5

[Error]: NewOrder getStockQty are missing
java.sql.SQLException
	at transactions.NewOrderTransaction.execute(NewOrderTransaction.java:170)
	at SampleApp.run(SampleApp.java:101)
	at SampleApp.main(SampleApp.java:64)
[Error]: New Order Abort New **** New Order Transaction Information ****
CID:2483, WID:9, DID:5, num order-lines:13
Item IDs are:,97927,36582,95454,6215,22118,24006,24255,37716,40678,47837,58083,60613,79948
Quantities:,9,9,9,9,9,9,9,9,9,9,9,9,9
Supply warehouse IDs:,7,4,6,5,14,2,7,2,3,6,9,4,6

[Error]: NewOrder getStockQty are missing
java.sql.SQLException
	at transactions.NewOrderTransaction.execute(NewOrderTransaction.java:170)
	at SampleApp.run(SampleApp.java:101)
	at SampleApp.main(SampleApp.java:64)
[Error]: New Order Abort New **** New Order Transaction Information ****
CID:2299, WID:9, DID:3, num order-lines:18
Item IDs are:,83143,15685,84452,98020,38474,72915,44119,5446,6151,23582,26215,28118,40667,46555,48807,52691,59735,77023
Quantities:,9,9,9,9,9,9,9,9,9,9,9,9,9,9,9,9,9,9
Supply warehouse IDs:,6,9,9,3,10,8,2,15,10,10,1,4,10,10,1,7,3,7

[Error]: NewOrder getStockQty are missing
java.sql.SQLException
	at transactions.NewOrderTransaction.execute(NewOrderTransaction.java:170)
	at SampleApp.run(SampleApp.java:101)
	at SampleApp.main(SampleApp.java:64)
[Error]: New Order Abort New **** New Order Transaction Information ****
CID:2219, WID:9, DID:4, num order-lines:13
Item IDs are:,56918,77445,1605,1793,5478,22247,34131,35418,47831,48357,72679,97639,98023
Quantities:,9,9,9,9,9,9,9,9,9,9,9,9,9
Supply warehouse IDs:,7,10,5,5,9,5,3,1,4,6,1,2,14

[Error]: NewOrder getStockQty are missing
java.sql.SQLException
	at transactions.NewOrderTransaction.execute(NewOrderTransaction.java:170)
	at SampleApp.run(SampleApp.java:101)
	at SampleApp.main(SampleApp.java:64)
[Error]: New Order Abort New **** New Order Transaction Information ****
CID:1787, WID:9, DID:1, num order-lines:11
Item IDs are:,3013,6215,24853,28977,32429,47717,73381,81383,81631,85126,88003
Quantities:,9,9,9,9,9,9,9,9,9,9,9
Supply warehouse IDs:,10,13,10,1,3,8,4,1,3,1,3

[Error]: NewOrder getStockQty are missing
java.sql.SQLException
	at transactions.NewOrderTransaction.execute(NewOrderTransaction.java:170)
	at SampleApp.run(SampleApp.java:101)
	at SampleApp.main(SampleApp.java:64)
[Error]: New Order Abort New **** New Order Transaction Information ****
CID:73, WID:9, DID:5, num order-lines:4
Item IDs are:,41635,48615,89318,89830
Quantities:,9,9,9,9
Supply warehouse IDs:,9,17,10,2

[Error]: NewOrder getStockQty are missing
java.sql.SQLException
	at transactions.NewOrderTransaction.execute(NewOrderTransaction.java:170)
	at SampleApp.run(SampleApp.java:101)
	at SampleApp.main(SampleApp.java:64)
[Error]: New Order Abort New **** New Order Transaction Information ****
CID:2307, WID:9, DID:5, num order-lines:17
Item IDs are:,24023,83157,30438,65191,88743,68998,24167,2503,4919,19775,56967,62871,64999,65239,71367,89823,97469
Quantities:,9,9,9,9,9,9,9,9,9,9,9,9,9,9,9,9,9
Supply warehouse IDs:,5,4,4,4,6,7,1,6,6,2,2,8,7,9,1,12,2

[Error]: NewOrder getStockQty are missing
java.sql.SQLException
	at transactions.NewOrderTransaction.execute(NewOrderTransaction.java:170)
	at SampleApp.run(SampleApp.java:101)
	at SampleApp.main(SampleApp.java:64)
[Error]: New Order Abort New **** New Order Transaction Information ****
CID:1151, WID:9, DID:2, num order-lines:5
Item IDs are:,9544,15971,40679,45663,57058
Quantities:,9,9,9,9,9
Supply warehouse IDs:,4,10,4,20,2

[Error]: NewOrder getStockQty are missing
java.sql.SQLException
	at transactions.NewOrderTransaction.execute(NewOrderTransaction.java:170)
	at SampleApp.run(SampleApp.java:101)
	at SampleApp.main(SampleApp.java:64)
[Error]: New Order Abort New **** New Order Transaction Information ****
CID:955, WID:9, DID:5, num order-lines:18
Item IDs are:,55015,96710,29364,64230,89831,81189,47823,19015,8387,15767,29333,31973,39094,64167,73447,85719,88671,92903
Quantities:,9,9,9,9,9,9,9,9,9,9,6,9,9,9,9,9,9,9
Supply warehouse IDs:,5,2,9,9,9,2,10,4,8,14,4,6,1,9,7,9,7,4

[Error]: NewOrder getStockQty are missing
java.sql.SQLException
	at transactions.NewOrderTransaction.execute(NewOrderTransaction.java:170)
	at SampleApp.run(SampleApp.java:101)
	at SampleApp.main(SampleApp.java:64)
[Error]: New Order Abort New **** New Order Transaction Information ****
CID:1212, WID:9, DID:1, num order-lines:19
Item IDs are:,77471,66381,24657,32092,24039,47335,63203,48481,6118,11677,15057,16015,22631,31969,42707,65053,71887,74466,99037
Quantities:,9,9,9,9,9,9,9,9,9,9,9,9,9,9,9,9,9,9,9
Supply warehouse IDs:,9,3,7,2,5,5,2,9,5,10,5,4,13,4,5,1,1,9,3

[Error]: NewOrder getStockQty are missing
java.sql.SQLException
	at transactions.NewOrderTransaction.execute(NewOrderTransaction.java:170)
	at SampleApp.run(SampleApp.java:101)
	at SampleApp.main(SampleApp.java:64)
[Error]: New Order Abort New **** New Order Transaction Information ****
CID:2736, WID:9, DID:5, num order-lines:18
Item IDs are:,57061,56039,75459,1071,16101,36311,32471,91863,23989,23771,30399,38631,40520,54886,57043,65043,89319,94423
Quantities:,9,9,9,9,9,9,9,9,9,9,9,9,9,9,9,9,9,9
Supply warehouse IDs:,4,1,2,8,4,6,5,9,4,9,4,9,5,3,11,5,6,3

[Error]: NewOrder getStockQty are missing
java.sql.SQLException
	at transactions.NewOrderTransaction.execute(NewOrderTransaction.java:170)
	at SampleApp.run(SampleApp.java:101)
	at SampleApp.main(SampleApp.java:64)
[Error]: New Order Abort New **** New Order Transaction Information ****
CID:959, WID:9, DID:2, num order-lines:18
Item IDs are:,14061,3105,88998,35478,73398,55013,80318,81423,32487,9570,14385,48548,54843,55710,73189,77211,93411,95461
Quantities:,9,9,9,9,9,9,9,9,5,9,9,3,9,9,9,9,9,9
Supply warehouse IDs:,2,7,5,3,9,3,9,3,4,8,1,13,5,10,8,4,10,5

[Error]: NewOrder getStockQty are missing
java.sql.SQLException
	at transactions.NewOrderTransaction.execute(NewOrderTransaction.java:170)
	at SampleApp.run(SampleApp.java:101)
	at SampleApp.main(SampleApp.java:64)
[Error]: New Order Abort New **** New Order Transaction Information ****
CID:2307, WID:9, DID:3, num order-lines:18
Item IDs are:,44519,42727,80612,89319,38487,15406,69343,36003,6149,9789,28383,32355,38831,72295,80406,81571,89783,96735
Quantities:,9,9,9,9,9,9,9,9,9,9,9,9,9,9,9,9,9,9
Supply warehouse IDs:,9,1,9,7,8,9,2,5,3,8,12,5,10,4,4,6,6,2

[Error]: NewOrder getStockQty are missing
java.sql.SQLException
	at transactions.NewOrderTransaction.execute(NewOrderTransaction.java:170)
	at SampleApp.run(SampleApp.java:101)
	at SampleApp.main(SampleApp.java:64)
[Error]: New Order Abort New **** New Order Transaction Information ****
CID:331, WID:9, DID:5, num order-lines:9
Item IDs are:,11595,15927,16078,18535,40676,45695,63207,93927,96726
Quantities:,9,8,9,9,9,9,9,9,9
Supply warehouse IDs:,4,5,1,2,10,5,13,4,5

[Error]: NewOrder getStockQty are missing
java.sql.SQLException
	at transactions.NewOrderTransaction.execute(NewOrderTransaction.java:170)
	at SampleApp.run(SampleApp.java:101)
	at SampleApp.main(SampleApp.java:64)
[Error]: New Order Abort New **** New Order Transaction Information ****
CID:2811, WID:9, DID:1, num order-lines:15
Item IDs are:,79591,50567,5239,93667,9691,14551,16101,20182,48731,48807,64703,73319,77011,81211,85700
Quantities:,9,9,9,9,9,9,9,9,9,9,9,9,9,9,9
Supply warehouse IDs:,2,3,7,2,1,2,9,4,1,13,3,5,2,3,2

[Error]: NewOrder getStockQty are missing
java.sql.SQLException
	at transactions.NewOrderTransaction.execute(NewOrderTransaction.java:170)
	at SampleApp.run(SampleApp.java:101)
	at SampleApp.main(SampleApp.java:64)
[Error]: New Order Abort New **** New Order Transaction Information ****
CID:1282, WID:9, DID:5, num order-lines:12
Item IDs are:,88740,75471,24282,24291,28135,47654,48847,52387,56710,62951,76451,89763
Quantities:,9,9,9,9,9,9,9,9,9,9,9,9
Supply warehouse IDs:,9,9,2,3,3,9,7,10,7,8,1,20

[Error]: NewOrder getStockQty are missing
java.sql.SQLException
	at transactions.NewOrderTransaction.execute(NewOrderTransaction.java:170)
	at SampleApp.run(SampleApp.java:101)
	at SampleApp.main(SampleApp.java:64)
[Error]: New Order Abort New **** New Order Transaction Information ****
CID:2179, WID:9, DID:2, num order-lines:16
Item IDs are:,38598,47675,73383,72421,97467,89567,39,14045,31315,31455,46667,48229,65115,69348,78936,97479
Quantities:,9,9,9,9,9,9,9,9,9,9,9,9,9,9,9,9
Supply warehouse IDs:,7,7,2,4,8,8,9,6,7,2,6,2,5,10,9,11

[Error]: NewOrder getStockQty are missing
java.sql.SQLException
	at transactions.NewOrderTransaction.execute(NewOrderTransaction.java:170)
	at SampleApp.run(SampleApp.java:101)
	at SampleApp.main(SampleApp.java:64)
[Error]: New Order Abort New **** New Order Transaction Information ****
CID:831, WID:9, DID:2, num order-lines:19
Item IDs are:,68315,40677,21889,32483,72854,55013,79079,2086,5151,6055,16050,16103,31906,35047,64743,77287,80102,81045,89799
Quantities:,9,9,9,9,9,9,9,9,9,9,9,9,9,9,9,9,9,9,9
Supply warehouse IDs:,10,9,6,9,5,6,1,4,6,10,6,18,1,3,10,5,4,1,1

[Error]: NewOrder getStockQty are missing
java.sql.SQLException
	at transactions.NewOrderTransaction.execute(NewOrderTransaction.java:170)
	at SampleApp.run(SampleApp.java:101)
	at SampleApp.main(SampleApp.java:64)
[Error]: New Order Abort New **** New Order Transaction Information ****
CID:1279, WID:9, DID:2, num order-lines:18
Item IDs are:,40670,81319,64221,89831,5958,6215,8031,8995,15367,16087,16103,19911,24291,26590,40479,51574,55607,72423
Quantities:,9,9,9,9,9,9,9,9,9,9,9,9,9,9,9,9,9,9
Supply warehouse IDs:,4,1,4,1,5,14,6,5,10,3,7,4,2,5,1,6,7,1

[Error]: NewOrder getStockQty are missing
java.sql.SQLException
	at transactions.NewOrderTransaction.execute(NewOrderTransaction.java:170)
	at SampleApp.run(SampleApp.java:101)
	at SampleApp.main(SampleApp.java:64)
[Error]: New Order Abort New **** New Order Transaction Information ****
CID:263, WID:9, DID:3, num order-lines:12
Item IDs are:,9934,73149,96886,4899,18148,46758,59917,64935,80275,80467,88911,89815
Quantities:,9,9,9,9,9,9,9,9,9,9,9,9
Supply warehouse IDs:,9,10,5,3,3,12,5,4,6,5,2,9

[Error]: NewOrder getStockQty are missing
java.sql.SQLException
	at transactions.NewOrderTransaction.execute(NewOrderTransaction.java:170)
	at SampleApp.run(SampleApp.java:101)
	at SampleApp.main(SampleApp.java:64)
[Error]: New Order Abort New **** New Order Transaction Information ****
CID:2557, WID:9, DID:1, num order-lines:17
Item IDs are:,48839,58066,29948,93409,81537,1587,16038,16099,29924,31453,48740,48807,63143,70855,71397,82277,98023
Quantities:,9,9,9,9,9,9,9,9,9,9,9,9,9,9,9,9,9
Supply warehouse IDs:,10,3,3,7,16,4,5,5,2,3,3,5,10,8,6,3,8

