******** Current Client: 13 **********
org.postgresql.util.PSQLException: ERROR: Query error: Restart read required at: { read: { physical: 1667633662005315 } local_limit: { physical: 1667633662005315 } global_limit: <min> in_txn_limit: <max> serial_no: 0 }
	at org.postgresql.core.v3.QueryExecutorImpl.receiveErrorResponse(QueryExecutorImpl.java:2532)
	at org.postgresql.core.v3.QueryExecutorImpl.processResults(QueryExecutorImpl.java:2267)
	at org.postgresql.core.v3.QueryExecutorImpl.execute(QueryExecutorImpl.java:312)
	at org.postgresql.jdbc.PgStatement.executeInternal(PgStatement.java:448)
	at org.postgresql.jdbc.PgStatement.execute(PgStatement.java:369)
	at org.postgresql.jdbc.PgPreparedStatement.executeWithFlags(PgPreparedStatement.java:153)
	at org.postgresql.jdbc.PgPreparedStatement.executeQuery(PgPreparedStatement.java:103)
	at transactions.RelatedCustomerTransaction.getPossibleCustomersOrderItems(RelatedCustomerTransaction.java:104)
	at transactions.RelatedCustomerTransaction.execute(RelatedCustomerTransaction.java:52)
	at SampleApp.run(SampleApp.java:101)
	at SampleApp.main(SampleApp.java:64)
[Error]: Related Customer Abort Rel *** Related  Customer transaction info: warehouse: 7, district: 8, customer id: 1278 *** 

org.postgresql.util.PSQLException: ERROR: Query error: Restart read required at: { read: { physical: 1667633672564819 } local_limit: { physical: 1667633672564819 } global_limit: <min> in_txn_limit: <max> serial_no: 0 }
	at org.postgresql.core.v3.QueryExecutorImpl.receiveErrorResponse(QueryExecutorImpl.java:2532)
	at org.postgresql.core.v3.QueryExecutorImpl.processResults(QueryExecutorImpl.java:2267)
	at org.postgresql.core.v3.QueryExecutorImpl.execute(QueryExecutorImpl.java:312)
	at org.postgresql.jdbc.PgStatement.executeInternal(PgStatement.java:448)
	at org.postgresql.jdbc.PgStatement.execute(PgStatement.java:369)
	at org.postgresql.jdbc.PgPreparedStatement.executeWithFlags(PgPreparedStatement.java:153)
	at org.postgresql.jdbc.PgPreparedStatement.executeQuery(PgPreparedStatement.java:103)
	at transactions.RelatedCustomerTransaction.getPossibleCustomersOrderItems(RelatedCustomerTransaction.java:104)
	at transactions.RelatedCustomerTransaction.execute(RelatedCustomerTransaction.java:52)
	at SampleApp.run(SampleApp.java:101)
	at SampleApp.main(SampleApp.java:64)
[Error]: Related Customer Abort Rel *** Related  Customer transaction info: warehouse: 7, district: 7, customer id: 1027 *** 

[Error]: NewOrder getStockQty are missing
java.sql.SQLException
	at transactions.NewOrderTransaction.execute(NewOrderTransaction.java:170)
	at SampleApp.run(SampleApp.java:101)
	at SampleApp.main(SampleApp.java:64)
[Error]: New Order Abort New **** New Order Transaction Information ****
CID:1270, WID:7, DID:8, num order-lines:17
Item IDs are:,24228,96950,37839,95717,32439,3519,5659,14055,16031,23031,39649,40166,42587,56517,56547,79879,84711
Quantities:,7,7,7,7,7,7,7,7,7,7,7,7,7,7,7,7,7
Supply warehouse IDs:,7,2,6,9,7,4,8,13,6,3,9,4,8,2,5,8,5

[Error]: NewOrder getStockQty are missing
java.sql.SQLException
	at transactions.NewOrderTransaction.execute(NewOrderTransaction.java:170)
	at SampleApp.run(SampleApp.java:101)
	at SampleApp.main(SampleApp.java:64)
[Error]: New Order Abort New **** New Order Transaction Information ****
CID:67, WID:7, DID:9, num order-lines:9
Item IDs are:,15591,46183,47846,56666,57029,57039,85591,88519,88806
Quantities:,7,7,7,7,7,7,7,7,7
Supply warehouse IDs:,15,10,3,3,2,6,9,1,4

org.postgresql.util.PSQLException: ERROR: Query error: Restart read required at: { read: { physical: 1667633713706015 } local_limit: { physical: 1667633713706015 } global_limit: <min> in_txn_limit: <max> serial_no: 0 }
	at org.postgresql.core.v3.QueryExecutorImpl.receiveErrorResponse(QueryExecutorImpl.java:2532)
	at org.postgresql.core.v3.QueryExecutorImpl.processResults(QueryExecutorImpl.java:2267)
	at org.postgresql.core.v3.QueryExecutorImpl.execute(QueryExecutorImpl.java:312)
	at org.postgresql.jdbc.PgStatement.executeInternal(PgStatement.java:448)
	at org.postgresql.jdbc.PgStatement.execute(PgStatement.java:369)
	at org.postgresql.jdbc.PgPreparedStatement.executeWithFlags(PgPreparedStatement.java:153)
	at org.postgresql.jdbc.PgPreparedStatement.executeQuery(PgPreparedStatement.java:103)
	at transactions.RelatedCustomerTransaction.getPossibleCustomersOrderItems(RelatedCustomerTransaction.java:104)
	at transactions.RelatedCustomerTransaction.execute(RelatedCustomerTransaction.java:52)
	at SampleApp.run(SampleApp.java:101)
	at SampleApp.main(SampleApp.java:64)
[Error]: Related Customer Abort Rel *** Related  Customer transaction info: warehouse: 7, district: 10, customer id: 2301 *** 

[Error]: NewOrder getStockQty are missing
java.sql.SQLException
	at transactions.NewOrderTransaction.execute(NewOrderTransaction.java:170)
	at SampleApp.run(SampleApp.java:101)
	at SampleApp.main(SampleApp.java:64)
[Error]: New Order Abort New **** New Order Transaction Information ****
CID:2301, WID:7, DID:7, num order-lines:13
Item IDs are:,44455,97873,5573,11461,11894,19933,31239,32487,40679,48551,68743,75238,81117
Quantities:,7,7,7,7,7,7,7,7,7,7,7,7,7
Supply warehouse IDs:,2,4,4,9,7,4,1,6,14,1,8,7,4

[Error]: NewOrder getStockQty are missing
java.sql.SQLException
	at transactions.NewOrderTransaction.execute(NewOrderTransaction.java:170)
	at SampleApp.run(SampleApp.java:101)
	at SampleApp.main(SampleApp.java:64)
[Error]: New Order Abort New **** New Order Transaction Information ****
CID:1267, WID:7, DID:10, num order-lines:17
Item IDs are:,33318,73373,85715,64215,57063,89636,24663,31382,31410,31581,48871,57053,57062,62627,65031,72861,89434
Quantities:,7,7,7,7,7,7,7,7,7,7,7,7,7,7,7,7,7
Supply warehouse IDs:,5,9,8,7,5,9,2,7,4,3,8,5,11,2,6,7,7

[Error]: NewOrder getStockQty are missing
java.sql.SQLException
	at transactions.NewOrderTransaction.execute(NewOrderTransaction.java:170)
	at SampleApp.run(SampleApp.java:101)
	at SampleApp.main(SampleApp.java:64)
[Error]: New Order Abort New **** New Order Transaction Information ****
CID:203, WID:7, DID:9, num order-lines:8
Item IDs are:,5685,16087,16100,24287,39876,76390,89831,93412
Quantities:,7,7,7,7,7,7,7,7
Supply warehouse IDs:,4,1,7,2,2,8,11,2

[Error]: NewOrder getStockQty are missing
java.sql.SQLException
	at transactions.NewOrderTransaction.execute(NewOrderTransaction.java:170)
	at SampleApp.run(SampleApp.java:101)
	at SampleApp.main(SampleApp.java:64)
[Error]: New Order Abort New **** New Order Transaction Information ****
CID:2303, WID:7, DID:9, num order-lines:18
Item IDs are:,23671,37543,48310,13413,13797,8676,29318,16103,13647,15079,30429,32421,47583,48855,64189,73383,88806,96321
Quantities:,2,7,9,7,7,7,7,7,7,7,7,7,7,7,7,7,7,7
Supply warehouse IDs:,8,5,9,3,2,9,2,7,5,1,6,6,6,7,1,2,14,5

org.postgresql.util.PSQLException: ERROR: Query error: Restart read required at: { read: { physical: 1667633775377681 } local_limit: { physical: 1667633775377681 } global_limit: <min> in_txn_limit: <max> serial_no: 0 }
	at org.postgresql.core.v3.QueryExecutorImpl.receiveErrorResponse(QueryExecutorImpl.java:2532)
	at org.postgresql.core.v3.QueryExecutorImpl.processResults(QueryExecutorImpl.java:2267)
	at org.postgresql.core.v3.QueryExecutorImpl.execute(QueryExecutorImpl.java:312)
	at org.postgresql.jdbc.PgStatement.executeInternal(PgStatement.java:448)
	at org.postgresql.jdbc.PgStatement.execute(PgStatement.java:369)
	at org.postgresql.jdbc.PgPreparedStatement.executeWithFlags(PgPreparedStatement.java:153)
	at org.postgresql.jdbc.PgPreparedStatement.executeQuery(PgPreparedStatement.java:103)
	at transactions.RelatedCustomerTransaction.getPossibleCustomersOrderItems(RelatedCustomerTransaction.java:104)
	at transactions.RelatedCustomerTransaction.execute(RelatedCustomerTransaction.java:52)
	at SampleApp.run(SampleApp.java:101)
	at SampleApp.main(SampleApp.java:64)
[Error]: Related Customer Abort Rel *** Related  Customer transaction info: warehouse: 7, district: 6, customer id: 70 *** 

[Error]: NewOrder getStockQty are missing
java.sql.SQLException
	at transactions.NewOrderTransaction.execute(NewOrderTransaction.java:170)
	at SampleApp.run(SampleApp.java:101)
	at SampleApp.main(SampleApp.java:64)
[Error]: New Order Abort New **** New Order Transaction Information ****
CID:1282, WID:7, DID:7, num order-lines:15
Item IDs are:,71383,5187,6957,10167,11612,15968,23123,23526,31973,32351,57063,73443,83687,85527,85605
Quantities:,7,7,7,7,7,7,7,7,7,7,7,7,7,7,7
Supply warehouse IDs:,3,10,3,1,6,2,3,6,7,10,2,16,1,6,6

[Error]: NewOrder getStockQty are missing
java.sql.SQLException
	at transactions.NewOrderTransaction.execute(NewOrderTransaction.java:170)
	at SampleApp.run(SampleApp.java:101)
	at SampleApp.main(SampleApp.java:64)
[Error]: New Order Abort New **** New Order Transaction Information ****
CID:1153, WID:7, DID:10, num order-lines:18
Item IDs are:,15943,38375,24167,62681,56550,88791,1823,6215,11847,12004,12149,48742,55875,64997,77159,89743,89831,92806
Quantities:,7,7,7,7,7,7,7,7,7,7,7,7,7,7,7,7,7,7
Supply warehouse IDs:,7,7,8,6,7,10,1,8,12,6,8,7,4,9,9,8,8,1

[Error]: NewOrder getStockQty are missing
java.sql.SQLException
	at transactions.NewOrderTransaction.execute(NewOrderTransaction.java:170)
	at SampleApp.run(SampleApp.java:101)
	at SampleApp.main(SampleApp.java:64)
[Error]: New Order Abort New **** New Order Transaction Information ****
CID:735, WID:7, DID:9, num order-lines:19
Item IDs are:,97828,55783,40675,39571,73433,80775,73043,54482,48327,83623,24135,31205,40677,46566,48859,69223,85475,95207,97981
Quantities:,7,7,7,7,7,7,7,7,7,7,7,7,7,7,7,7,7,7,7
Supply warehouse IDs:,5,3,9,4,3,7,8,8,4,7,8,3,12,1,9,9,3,10,5

[Error]: NewOrder getStockQty are missing
java.sql.SQLException
	at transactions.NewOrderTransaction.execute(NewOrderTransaction.java:170)
	at SampleApp.run(SampleApp.java:101)
	at SampleApp.main(SampleApp.java:64)
[Error]: New Order Abort New **** New Order Transaction Information ****
CID:39, WID:7, DID:6, num order-lines:18
Item IDs are:,48615,48287,81127,40143,88287,5189,5703,9843,11165,32228,47757,48487,56935,69027,87399,87479,97979,98023
Quantities:,7,7,7,7,7,7,7,7,7,7,7,7,7,7,7,7,7,7
Supply warehouse IDs:,7,9,5,2,8,9,1,10,4,1,3,6,9,7,2,1,5,12

[Error]: NewOrder getStockQty are missing
java.sql.SQLException
	at transactions.NewOrderTransaction.execute(NewOrderTransaction.java:170)
	at SampleApp.run(SampleApp.java:101)
	at SampleApp.main(SampleApp.java:64)
[Error]: New Order Abort New **** New Order Transaction Information ****
CID:931, WID:7, DID:8, num order-lines:14
Item IDs are:,48307,45152,81309,2107,3007,15455,15553,24283,38631,56967,65119,81190,88229,98015
Quantities:,7,7,7,7,3,7,7,7,7,7,7,7,7,7
Supply warehouse IDs:,1,1,4,3,3,3,8,10,8,12,10,7,8,10

[Error]: NewOrder getStockQty are missing
java.sql.SQLException
	at transactions.NewOrderTransaction.execute(NewOrderTransaction.java:170)
	at SampleApp.run(SampleApp.java:101)
	at SampleApp.main(SampleApp.java:64)
[Error]: New Order Abort New **** New Order Transaction Information ****
CID:2075, WID:7, DID:9, num order-lines:19
Item IDs are:,16091,44711,89263,89539,65254,91807,57030,15055,50727,3894,6055,16007,38550,48223,54981,57062,64677,66270,81095
Quantities:,7,7,7,7,7,7,7,7,7,7,7,7,7,7,7,7,7,7,7
Supply warehouse IDs:,2,4,3,4,7,9,6,10,3,3,12,4,3,7,9,2,1,6,7

org.postgresql.util.PSQLException: ERROR: Query error: Restart read required at: { read: { physical: 1667633878829277 logical: 10 } local_limit: { physical: 1667633878829277 logical: 10 } global_limit: <min> in_txn_limit: <max> serial_no: 0 }
	at org.postgresql.core.v3.QueryExecutorImpl.receiveErrorResponse(QueryExecutorImpl.java:2532)
	at org.postgresql.core.v3.QueryExecutorImpl.processResults(QueryExecutorImpl.java:2267)
	at org.postgresql.core.v3.QueryExecutorImpl.execute(QueryExecutorImpl.java:312)
	at org.postgresql.jdbc.PgStatement.executeInternal(PgStatement.java:448)
	at org.postgresql.jdbc.PgStatement.execute(PgStatement.java:369)
	at org.postgresql.jdbc.PgPreparedStatement.executeWithFlags(PgPreparedStatement.java:153)
	at org.postgresql.jdbc.PgPreparedStatement.executeQuery(PgPreparedStatement.java:103)
	at transactions.RelatedCustomerTransaction.getPossibleCustomersOrderItems(RelatedCustomerTransaction.java:104)
	at transactions.RelatedCustomerTransaction.execute(RelatedCustomerTransaction.java:52)
	at SampleApp.run(SampleApp.java:101)
	at SampleApp.main(SampleApp.java:64)
[Error]: Related Customer Abort Rel *** Related  Customer transaction info: warehouse: 7, district: 10, customer id: 2163 *** 

org.postgresql.util.PSQLException: ERROR: Query error: Restart read required at: { read: { physical: 1667633883462186 } local_limit: { physical: 1667633883462186 } global_limit: <min> in_txn_limit: <max> serial_no: 0 }
	at org.postgresql.core.v3.QueryExecutorImpl.receiveErrorResponse(QueryExecutorImpl.java:2532)
	at org.postgresql.core.v3.QueryExecutorImpl.processResults(QueryExecutorImpl.java:2267)
	at org.postgresql.core.v3.QueryExecutorImpl.execute(QueryExecutorImpl.java:312)
	at org.postgresql.jdbc.PgStatement.executeInternal(PgStatement.java:448)
	at org.postgresql.jdbc.PgStatement.execute(PgStatement.java:369)
	at org.postgresql.jdbc.PgPreparedStatement.executeWithFlags(PgPreparedStatement.java:153)
	at org.postgresql.jdbc.PgPreparedStatement.executeQuery(PgPreparedStatement.java:103)
	at transactions.RelatedCustomerTransaction.getPossibleCustomersOrderItems(RelatedCustomerTransaction.java:104)
	at transactions.RelatedCustomerTransaction.execute(RelatedCustomerTransaction.java:52)
	at SampleApp.run(SampleApp.java:101)
	at SampleApp.main(SampleApp.java:64)
[Error]: Related Customer Abort Rel *** Related  Customer transaction info: warehouse: 7, district: 9, customer id: 328 *** 

org.postgresql.util.PSQLException: ERROR: Query error: Restart read required at: { read: { physical: 1667633889106470 } local_limit: { physical: 1667633889106470 } global_limit: <min> in_txn_limit: <max> serial_no: 0 }
	at org.postgresql.core.v3.QueryExecutorImpl.receiveErrorResponse(QueryExecutorImpl.java:2532)
	at org.postgresql.core.v3.QueryExecutorImpl.processResults(QueryExecutorImpl.java:2267)
	at org.postgresql.core.v3.QueryExecutorImpl.execute(QueryExecutorImpl.java:312)
	at org.postgresql.jdbc.PgStatement.executeInternal(PgStatement.java:448)
	at org.postgresql.jdbc.PgStatement.execute(PgStatement.java:369)
	at org.postgresql.jdbc.PgPreparedStatement.executeWithFlags(PgPreparedStatement.java:153)
	at org.postgresql.jdbc.PgPreparedStatement.executeQuery(PgPreparedStatement.java:103)
	at transactions.RelatedCustomerTransaction.getPossibleCustomersOrderItems(RelatedCustomerTransaction.java:104)
	at transactions.RelatedCustomerTransaction.execute(RelatedCustomerTransaction.java:52)
	at SampleApp.run(SampleApp.java:101)
	at SampleApp.main(SampleApp.java:64)
[Error]: Related Customer Abort Rel *** Related  Customer transaction info: warehouse: 7, district: 7, customer id: 1003 *** 

org.postgresql.util.PSQLException: ERROR: Query error: Restart read required at: { read: { physical: 1667633905227438 } local_limit: { physical: 1667633905227438 } global_limit: <min> in_txn_limit: <max> serial_no: 0 }
	at org.postgresql.core.v3.QueryExecutorImpl.receiveErrorResponse(QueryExecutorImpl.java:2532)
	at org.postgresql.core.v3.QueryExecutorImpl.processResults(QueryExecutorImpl.java:2267)
	at org.postgresql.core.v3.QueryExecutorImpl.execute(QueryExecutorImpl.java:312)
	at org.postgresql.jdbc.PgStatement.executeInternal(PgStatement.java:448)
	at org.postgresql.jdbc.PgStatement.execute(PgStatement.java:369)
	at org.postgresql.jdbc.PgPreparedStatement.executeWithFlags(PgPreparedStatement.java:153)
	at org.postgresql.jdbc.PgPreparedStatement.executeQuery(PgPreparedStatement.java:103)
	at transactions.RelatedCustomerTransaction.getPossibleCustomersOrderItems(RelatedCustomerTransaction.java:104)
	at transactions.RelatedCustomerTransaction.execute(RelatedCustomerTransaction.java:52)
	at SampleApp.run(SampleApp.java:101)
	at SampleApp.main(SampleApp.java:64)
[Error]: Related Customer Abort Rel *** Related  Customer transaction info: warehouse: 7, district: 6, customer id: 267 *** 

org.postgresql.util.PSQLException: ERROR: Query error: Restart read required at: { read: { physical: 1667633923858815 } local_limit: { physical: 1667633923858815 } global_limit: <min> in_txn_limit: <max> serial_no: 0 }
	at org.postgresql.core.v3.QueryExecutorImpl.receiveErrorResponse(QueryExecutorImpl.java:2532)
	at org.postgresql.core.v3.QueryExecutorImpl.processResults(QueryExecutorImpl.java:2267)
	at org.postgresql.core.v3.QueryExecutorImpl.execute(QueryExecutorImpl.java:312)
	at org.postgresql.jdbc.PgStatement.executeInternal(PgStatement.java:448)
	at org.postgresql.jdbc.PgStatement.execute(PgStatement.java:369)
	at org.postgresql.jdbc.PgPreparedStatement.executeWithFlags(PgPreparedStatement.java:153)
	at org.postgresql.jdbc.PgPreparedStatement.executeQuery(PgPreparedStatement.java:103)
	at transactions.RelatedCustomerTransaction.getPossibleCustomersOrderItems(RelatedCustomerTransaction.java:104)
	at transactions.RelatedCustomerTransaction.execute(RelatedCustomerTransaction.java:52)
	at SampleApp.run(SampleApp.java:101)
	at SampleApp.main(SampleApp.java:64)
[Error]: Related Customer Abort Rel *** Related  Customer transaction info: warehouse: 7, district: 8, customer id: 987 *** 

org.postgresql.util.PSQLException: ERROR: Query error: Restart read required at: { read: { physical: 1667633954323047 } local_limit: { physical: 1667633954323047 } global_limit: <min> in_txn_limit: <max> serial_no: 0 }
	at org.postgresql.core.v3.QueryExecutorImpl.receiveErrorResponse(QueryExecutorImpl.java:2532)
	at org.postgresql.core.v3.QueryExecutorImpl.processResults(QueryExecutorImpl.java:2267)
	at org.postgresql.core.v3.QueryExecutorImpl.execute(QueryExecutorImpl.java:312)
	at org.postgresql.jdbc.PgStatement.executeInternal(PgStatement.java:448)
	at org.postgresql.jdbc.PgStatement.execute(PgStatement.java:369)
	at org.postgresql.jdbc.PgPreparedStatement.executeWithFlags(PgPreparedStatement.java:153)
	at org.postgresql.jdbc.PgPreparedStatement.executeQuery(PgPreparedStatement.java:103)
	at transactions.RelatedCustomerTransaction.getPossibleCustomersOrderItems(RelatedCustomerTransaction.java:104)
	at transactions.RelatedCustomerTransaction.execute(RelatedCustomerTransaction.java:52)
	at SampleApp.run(SampleApp.java:101)
	at SampleApp.main(SampleApp.java:64)
[Error]: Related Customer Abort Rel *** Related  Customer transaction info: warehouse: 7, district: 6, customer id: 2266 *** 

org.postgresql.util.PSQLException: ERROR: Query error: Restart read required at: { read: { physical: 1667633959995232 } local_limit: { physical: 1667633959995232 } global_limit: <min> in_txn_limit: <max> serial_no: 0 }
	at org.postgresql.core.v3.QueryExecutorImpl.receiveErrorResponse(QueryExecutorImpl.java:2532)
	at org.postgresql.core.v3.QueryExecutorImpl.processResults(QueryExecutorImpl.java:2267)
	at org.postgresql.core.v3.QueryExecutorImpl.execute(QueryExecutorImpl.java:312)
	at org.postgresql.jdbc.PgStatement.executeInternal(PgStatement.java:448)
	at org.postgresql.jdbc.PgStatement.execute(PgStatement.java:369)
	at org.postgresql.jdbc.PgPreparedStatement.executeWithFlags(PgPreparedStatement.java:153)
	at org.postgresql.jdbc.PgPreparedStatement.executeQuery(PgPreparedStatement.java:103)
	at transactions.RelatedCustomerTransaction.getPossibleCustomersOrderItems(RelatedCustomerTransaction.java:104)
	at transactions.RelatedCustomerTransaction.execute(RelatedCustomerTransaction.java:52)
	at SampleApp.run(SampleApp.java:101)
	at SampleApp.main(SampleApp.java:64)
[Error]: Related Customer Abort Rel *** Related  Customer transaction info: warehouse: 7, district: 7, customer id: 1275 *** 

org.postgresql.util.PSQLException: ERROR: Query error: Restart read required at: { read: { physical: 1667633963212617 } local_limit: { physical: 1667633963212617 } global_limit: <min> in_txn_limit: <max> serial_no: 0 }
	at org.postgresql.core.v3.QueryExecutorImpl.receiveErrorResponse(QueryExecutorImpl.java:2532)
	at org.postgresql.core.v3.QueryExecutorImpl.processResults(QueryExecutorImpl.java:2267)
	at org.postgresql.core.v3.QueryExecutorImpl.execute(QueryExecutorImpl.java:312)
	at org.postgresql.jdbc.PgStatement.executeInternal(PgStatement.java:448)
	at org.postgresql.jdbc.PgStatement.execute(PgStatement.java:369)
	at org.postgresql.jdbc.PgPreparedStatement.executeWithFlags(PgPreparedStatement.java:153)
	at org.postgresql.jdbc.PgPreparedStatement.executeQuery(PgPreparedStatement.java:103)
	at transactions.RelatedCustomerTransaction.getPossibleCustomersOrderItems(RelatedCustomerTransaction.java:104)
	at transactions.RelatedCustomerTransaction.execute(RelatedCustomerTransaction.java:52)
	at SampleApp.run(SampleApp.java:101)
	at SampleApp.main(SampleApp.java:64)
[Error]: Related Customer Abort Rel *** Related  Customer transaction info: warehouse: 7, district: 7, customer id: 331 *** 

org.postgresql.util.PSQLException: ERROR: Query error: Restart read required at: { read: { physical: 1667633974710672 } local_limit: { physical: 1667633974710672 } global_limit: <min> in_txn_limit: <max> serial_no: 0 }
	at org.postgresql.core.v3.QueryExecutorImpl.receiveErrorResponse(QueryExecutorImpl.java:2532)
	at org.postgresql.core.v3.QueryExecutorImpl.processResults(QueryExecutorImpl.java:2267)
	at org.postgresql.core.v3.QueryExecutorImpl.execute(QueryExecutorImpl.java:312)
	at org.postgresql.jdbc.PgStatement.executeInternal(PgStatement.java:448)
	at org.postgresql.jdbc.PgStatement.execute(PgStatement.java:369)
	at org.postgresql.jdbc.PgPreparedStatement.executeWithFlags(PgPreparedStatement.java:153)
	at org.postgresql.jdbc.PgPreparedStatement.executeQuery(PgPreparedStatement.java:103)
	at transactions.RelatedCustomerTransaction.getPossibleCustomersOrderItems(RelatedCustomerTransaction.java:104)
	at transactions.RelatedCustomerTransaction.execute(RelatedCustomerTransaction.java:52)
	at SampleApp.run(SampleApp.java:101)
	at SampleApp.main(SampleApp.java:64)
[Error]: Related Customer Abort Rel *** Related  Customer transaction info: warehouse: 7, district: 6, customer id: 2995 *** 

org.postgresql.util.PSQLException: ERROR: Query error: Restart read required at: { read: { physical: 1667633989259325 } local_limit: { physical: 1667633989259325 } global_limit: <min> in_txn_limit: <max> serial_no: 0 }
	at org.postgresql.core.v3.QueryExecutorImpl.receiveErrorResponse(QueryExecutorImpl.java:2532)
	at org.postgresql.core.v3.QueryExecutorImpl.processResults(QueryExecutorImpl.java:2267)
	at org.postgresql.core.v3.QueryExecutorImpl.execute(QueryExecutorImpl.java:312)
	at org.postgresql.jdbc.PgStatement.executeInternal(PgStatement.java:448)
	at org.postgresql.jdbc.PgStatement.execute(PgStatement.java:369)
	at org.postgresql.jdbc.PgPreparedStatement.executeWithFlags(PgPreparedStatement.java:153)
	at org.postgresql.jdbc.PgPreparedStatement.executeQuery(PgPreparedStatement.java:103)
	at transactions.RelatedCustomerTransaction.getPossibleCustomersOrderItems(RelatedCustomerTransaction.java:104)
	at transactions.RelatedCustomerTransaction.execute(RelatedCustomerTransaction.java:52)
	at SampleApp.run(SampleApp.java:101)
	at SampleApp.main(SampleApp.java:64)
[Error]: Related Customer Abort Rel *** Related  Customer transaction info: warehouse: 7, district: 7, customer id: 73 *** 

org.postgresql.util.PSQLException: ERROR: Query error: Restart read required at: { read: { physical: 1667633995215290 } local_limit: { physical: 1667633995215290 } global_limit: <min> in_txn_limit: <max> serial_no: 0 }
	at org.postgresql.core.v3.QueryExecutorImpl.receiveErrorResponse(QueryExecutorImpl.java:2532)
	at org.postgresql.core.v3.QueryExecutorImpl.processResults(QueryExecutorImpl.java:2267)
	at org.postgresql.core.v3.QueryExecutorImpl.execute(QueryExecutorImpl.java:312)
	at org.postgresql.jdbc.PgStatement.executeInternal(PgStatement.java:448)
	at org.postgresql.jdbc.PgStatement.execute(PgStatement.java:369)
	at org.postgresql.jdbc.PgPreparedStatement.executeWithFlags(PgPreparedStatement.java:153)
	at org.postgresql.jdbc.PgPreparedStatement.executeQuery(PgPreparedStatement.java:103)
	at transactions.RelatedCustomerTransaction.getPossibleCustomersOrderItems(RelatedCustomerTransaction.java:104)
	at transactions.RelatedCustomerTransaction.execute(RelatedCustomerTransaction.java:52)
	at SampleApp.run(SampleApp.java:101)
	at SampleApp.main(SampleApp.java:64)
[Error]: Related Customer Abort Rel *** Related  Customer transaction info: warehouse: 7, district: 7, customer id: 1747 *** 

org.postgresql.util.PSQLException: ERROR: Query error: Restart read required at: { read: { physical: 1667634005756161 } local_limit: { physical: 1667634005756161 } global_limit: <min> in_txn_limit: <max> serial_no: 0 }
	at org.postgresql.core.v3.QueryExecutorImpl.receiveErrorResponse(QueryExecutorImpl.java:2532)
	at org.postgresql.core.v3.QueryExecutorImpl.processResults(QueryExecutorImpl.java:2267)
	at org.postgresql.core.v3.QueryExecutorImpl.execute(QueryExecutorImpl.java:312)
	at org.postgresql.jdbc.PgStatement.executeInternal(PgStatement.java:448)
	at org.postgresql.jdbc.PgStatement.execute(PgStatement.java:369)
	at org.postgresql.jdbc.PgPreparedStatement.executeWithFlags(PgPreparedStatement.java:153)
	at org.postgresql.jdbc.PgPreparedStatement.executeQuery(PgPreparedStatement.java:103)
	at transactions.RelatedCustomerTransaction.getPossibleCustomersOrderItems(RelatedCustomerTransaction.java:104)
	at transactions.RelatedCustomerTransaction.execute(RelatedCustomerTransaction.java:52)
	at SampleApp.run(SampleApp.java:101)
	at SampleApp.main(SampleApp.java:64)
[Error]: Related Customer Abort Rel *** Related  Customer transaction info: warehouse: 7, district: 8, customer id: 1264 *** 

org.postgresql.util.PSQLException: ERROR: Query error: Restart read required at: { read: { physical: 1667634023733308 } local_limit: { physical: 1667634023733308 } global_limit: <min> in_txn_limit: <max> serial_no: 0 }
	at org.postgresql.core.v3.QueryExecutorImpl.receiveErrorResponse(QueryExecutorImpl.java:2532)
	at org.postgresql.core.v3.QueryExecutorImpl.processResults(QueryExecutorImpl.java:2267)
	at org.postgresql.core.v3.QueryExecutorImpl.execute(QueryExecutorImpl.java:312)
	at org.postgresql.jdbc.PgStatement.executeInternal(PgStatement.java:448)
	at org.postgresql.jdbc.PgStatement.execute(PgStatement.java:369)
	at org.postgresql.jdbc.PgPreparedStatement.executeWithFlags(PgPreparedStatement.java:153)
	at org.postgresql.jdbc.PgPreparedStatement.executeQuery(PgPreparedStatement.java:103)
	at transactions.RelatedCustomerTransaction.getPossibleCustomersOrderItems(RelatedCustomerTransaction.java:104)
	at transactions.RelatedCustomerTransaction.execute(RelatedCustomerTransaction.java:52)
	at SampleApp.run(SampleApp.java:101)
	at SampleApp.main(SampleApp.java:64)
[Error]: Related Customer Abort Rel *** Related  Customer transaction info: warehouse: 7, district: 10, customer id: 1087 *** 

[Error]: NewOrder getStockQty are missing
java.sql.SQLException
	at transactions.NewOrderTransaction.execute(NewOrderTransaction.java:170)
	at SampleApp.run(SampleApp.java:101)
	at SampleApp.main(SampleApp.java:64)
[Error]: New Order Abort New **** New Order Transaction Information ****
CID:979, WID:7, DID:6, num order-lines:18
Item IDs are:,69347,39777,69307,40663,64871,32355,22215,71,87633,16034,31335,33498,39375,55989,56931,73315,75943,81190
Quantities:,6,7,7,7,7,7,7,7,7,7,7,7,7,7,7,7,7,7
Supply warehouse IDs:,11,4,1,3,2,3,9,8,1,7,5,2,3,3,6,6,4,8

org.postgresql.util.PSQLException: ERROR: Query error: Restart read required at: { read: { physical: 1667634066240635 } local_limit: { physical: 1667634066240635 } global_limit: <min> in_txn_limit: <max> serial_no: 0 }
	at org.postgresql.core.v3.QueryExecutorImpl.receiveErrorResponse(QueryExecutorImpl.java:2532)
	at org.postgresql.core.v3.QueryExecutorImpl.processResults(QueryExecutorImpl.java:2267)
	at org.postgresql.core.v3.QueryExecutorImpl.execute(QueryExecutorImpl.java:312)
	at org.postgresql.jdbc.PgStatement.executeInternal(PgStatement.java:448)
	at org.postgresql.jdbc.PgStatement.execute(PgStatement.java:369)
	at org.postgresql.jdbc.PgPreparedStatement.executeWithFlags(PgPreparedStatement.java:153)
	at org.postgresql.jdbc.PgPreparedStatement.executeQuery(PgPreparedStatement.java:103)
	at transactions.RelatedCustomerTransaction.getPossibleCustomersOrderItems(RelatedCustomerTransaction.java:104)
	at transactions.RelatedCustomerTransaction.execute(RelatedCustomerTransaction.java:52)
	at SampleApp.run(SampleApp.java:101)
	at SampleApp.main(SampleApp.java:64)
[Error]: Related Customer Abort Rel *** Related  Customer transaction info: warehouse: 7, district: 8, customer id: 2230 *** 

org.postgresql.util.PSQLException: ERROR: Query error: Restart read required at: { read: { physical: 1667634080101925 } local_limit: { physical: 1667634080101925 } global_limit: <min> in_txn_limit: <max> serial_no: 0 }
	at org.postgresql.core.v3.QueryExecutorImpl.receiveErrorResponse(QueryExecutorImpl.java:2532)
	at org.postgresql.core.v3.QueryExecutorImpl.processResults(QueryExecutorImpl.java:2267)
	at org.postgresql.core.v3.QueryExecutorImpl.execute(QueryExecutorImpl.java:312)
	at org.postgresql.jdbc.PgStatement.executeInternal(PgStatement.java:448)
	at org.postgresql.jdbc.PgStatement.execute(PgStatement.java:369)
	at org.postgresql.jdbc.PgPreparedStatement.executeWithFlags(PgPreparedStatement.java:153)
	at org.postgresql.jdbc.PgPreparedStatement.executeQuery(PgPreparedStatement.java:103)
	at transactions.RelatedCustomerTransaction.getPossibleCustomersOrderItems(RelatedCustomerTransaction.java:104)
	at transactions.RelatedCustomerTransaction.execute(RelatedCustomerTransaction.java:52)
	at SampleApp.run(SampleApp.java:101)
	at SampleApp.main(SampleApp.java:64)
[Error]: Related Customer Abort Rel *** Related  Customer transaction info: warehouse: 7, district: 8, customer id: 2176 *** 

org.postgresql.util.PSQLException: ERROR: Query error: Restart read required at: { read: { physical: 1667634086157200 } local_limit: { physical: 1667634086157200 } global_limit: <min> in_txn_limit: <max> serial_no: 0 }
	at org.postgresql.core.v3.QueryExecutorImpl.receiveErrorResponse(QueryExecutorImpl.java:2532)
	at org.postgresql.core.v3.QueryExecutorImpl.processResults(QueryExecutorImpl.java:2267)
	at org.postgresql.core.v3.QueryExecutorImpl.execute(QueryExecutorImpl.java:312)
	at org.postgresql.jdbc.PgStatement.executeInternal(PgStatement.java:448)
	at org.postgresql.jdbc.PgStatement.execute(PgStatement.java:369)
	at org.postgresql.jdbc.PgPreparedStatement.executeWithFlags(PgPreparedStatement.java:153)
	at org.postgresql.jdbc.PgPreparedStatement.executeQuery(PgPreparedStatement.java:103)
	at transactions.RelatedCustomerTransaction.getPossibleCustomersOrderItems(RelatedCustomerTransaction.java:104)
	at transactions.RelatedCustomerTransaction.execute(RelatedCustomerTransaction.java:52)
	at SampleApp.run(SampleApp.java:101)
	at SampleApp.main(SampleApp.java:64)
[Error]: Related Customer Abort Rel *** Related  Customer transaction info: warehouse: 7, district: 10, customer id: 325 *** 

org.postgresql.util.PSQLException: ERROR: Query error: Restart read required at: { read: { physical: 1667634369461366 } local_limit: { physical: 1667634369461366 } global_limit: <min> in_txn_limit: <max> serial_no: 0 }
	at org.postgresql.core.v3.QueryExecutorImpl.receiveErrorResponse(QueryExecutorImpl.java:2532)
	at org.postgresql.core.v3.QueryExecutorImpl.processResults(QueryExecutorImpl.java:2267)
	at org.postgresql.core.v3.QueryExecutorImpl.execute(QueryExecutorImpl.java:312)
	at org.postgresql.jdbc.PgStatement.executeInternal(PgStatement.java:448)
	at org.postgresql.jdbc.PgStatement.execute(PgStatement.java:369)
	at org.postgresql.jdbc.PgPreparedStatement.executeWithFlags(PgPreparedStatement.java:153)
	at org.postgresql.jdbc.PgPreparedStatement.executeQuery(PgPreparedStatement.java:103)
	at transactions.RelatedCustomerTransaction.getPossibleCustomersOrderItems(RelatedCustomerTransaction.java:104)
	at transactions.RelatedCustomerTransaction.execute(RelatedCustomerTransaction.java:52)
	at SampleApp.run(SampleApp.java:101)
	at SampleApp.main(SampleApp.java:64)
[Error]: Related Customer Abort Rel *** Related  Customer transaction info: warehouse: 7, district: 6, customer id: 323 *** 

[Error]: NewOrder getStockQty are missing
java.sql.SQLException
	at transactions.NewOrderTransaction.execute(NewOrderTransaction.java:170)
	at SampleApp.run(SampleApp.java:101)
	at SampleApp.main(SampleApp.java:64)
[Error]: New Order Abort New **** New Order Transaction Information ****
CID:241, WID:7, DID:10, num order-lines:9
Item IDs are:,6172,12770,13518,29094,30309,32231,40551,87783,93792
Quantities:,7,7,7,7,6,7,7,7,7
Supply warehouse IDs:,10,5,2,9,9,10,6,11,10

[Error]: NewOrder getStockQty are missing
java.sql.SQLException
	at transactions.NewOrderTransaction.execute(NewOrderTransaction.java:170)
	at SampleApp.run(SampleApp.java:101)
	at SampleApp.main(SampleApp.java:64)
[Error]: New Order Abort New **** New Order Transaction Information ****
CID:971, WID:7, DID:8, num order-lines:12
Item IDs are:,32199,96445,67301,28116,31391,43748,44711,65223,72102,73447,76902,81638
Quantities:,7,7,7,7,7,7,7,7,7,7,7,7
Supply warehouse IDs:,10,3,4,6,2,2,7,13,5,6,1,10

org.postgresql.util.PSQLException: ERROR: Query error: Restart read required at: { read: { physical: 1667634421001627 } local_limit: { physical: 1667634421001627 } global_limit: <min> in_txn_limit: <max> serial_no: 0 }
	at org.postgresql.core.v3.QueryExecutorImpl.receiveErrorResponse(QueryExecutorImpl.java:2532)
	at org.postgresql.core.v3.QueryExecutorImpl.processResults(QueryExecutorImpl.java:2267)
	at org.postgresql.core.v3.QueryExecutorImpl.execute(QueryExecutorImpl.java:312)
	at org.postgresql.jdbc.PgStatement.executeInternal(PgStatement.java:448)
	at org.postgresql.jdbc.PgStatement.execute(PgStatement.java:369)
	at org.postgresql.jdbc.PgPreparedStatement.executeWithFlags(PgPreparedStatement.java:153)
	at org.postgresql.jdbc.PgPreparedStatement.executeQuery(PgPreparedStatement.java:103)
	at transactions.RelatedCustomerTransaction.getPossibleCustomersOrderItems(RelatedCustomerTransaction.java:104)
	at transactions.RelatedCustomerTransaction.execute(RelatedCustomerTransaction.java:52)
	at SampleApp.run(SampleApp.java:101)
	at SampleApp.main(SampleApp.java:64)
[Error]: Related Customer Abort Rel *** Related  Customer transaction info: warehouse: 7, district: 7, customer id: 183 *** 

org.postgresql.util.PSQLException: ERROR: Query error: Restart read required at: { read: { physical: 1667634425044158 } local_limit: { physical: 1667634425044158 } global_limit: <min> in_txn_limit: <max> serial_no: 0 }
	at org.postgresql.core.v3.QueryExecutorImpl.receiveErrorResponse(QueryExecutorImpl.java:2532)
	at org.postgresql.core.v3.QueryExecutorImpl.processResults(QueryExecutorImpl.java:2267)
	at org.postgresql.core.v3.QueryExecutorImpl.execute(QueryExecutorImpl.java:312)
	at org.postgresql.jdbc.PgStatement.executeInternal(PgStatement.java:448)
	at org.postgresql.jdbc.PgStatement.execute(PgStatement.java:369)
	at org.postgresql.jdbc.PgPreparedStatement.executeWithFlags(PgPreparedStatement.java:153)
	at org.postgresql.jdbc.PgPreparedStatement.executeQuery(PgPreparedStatement.java:103)
	at transactions.RelatedCustomerTransaction.getPossibleCustomersOrderItems(RelatedCustomerTransaction.java:104)
	at transactions.RelatedCustomerTransaction.execute(RelatedCustomerTransaction.java:52)
	at SampleApp.run(SampleApp.java:101)
	at SampleApp.main(SampleApp.java:64)
[Error]: Related Customer Abort Rel *** Related  Customer transaction info: warehouse: 7, district: 8, customer id: 363 *** 

[Error]: NewOrder getStockQty are missing
java.sql.SQLException
	at transactions.NewOrderTransaction.execute(NewOrderTransaction.java:170)
	at SampleApp.run(SampleApp.java:101)
	at SampleApp.main(SampleApp.java:64)
[Error]: New Order Abort New **** New Order Transaction Information ****
CID:2033, WID:7, DID:9, num order-lines:17
Item IDs are:,47107,63065,65219,52883,65247,97982,73047,6199,6214,15559,23397,35003,56898,61074,65114,85156,87715
Quantities:,7,7,7,7,7,7,7,7,7,7,7,7,7,7,7,7,7
Supply warehouse IDs:,5,8,4,2,19,4,2,10,2,3,2,1,6,6,1,6,4

org.postgresql.util.PSQLException: ERROR: Query error: Restart read required at: { read: { physical: 1667634440485794 } local_limit: { physical: 1667634440485794 } global_limit: <min> in_txn_limit: <max> serial_no: 0 }
	at org.postgresql.core.v3.QueryExecutorImpl.receiveErrorResponse(QueryExecutorImpl.java:2532)
	at org.postgresql.core.v3.QueryExecutorImpl.processResults(QueryExecutorImpl.java:2267)
	at org.postgresql.core.v3.QueryExecutorImpl.execute(QueryExecutorImpl.java:312)
	at org.postgresql.jdbc.PgStatement.executeInternal(PgStatement.java:448)
	at org.postgresql.jdbc.PgStatement.execute(PgStatement.java:369)
	at org.postgresql.jdbc.PgPreparedStatement.executeWithFlags(PgPreparedStatement.java:153)
	at org.postgresql.jdbc.PgPreparedStatement.executeQuery(PgPreparedStatement.java:103)
	at transactions.RelatedCustomerTransaction.getPossibleCustomersOrderItems(RelatedCustomerTransaction.java:104)
	at transactions.RelatedCustomerTransaction.execute(RelatedCustomerTransaction.java:52)
	at SampleApp.run(SampleApp.java:101)
	at SampleApp.main(SampleApp.java:64)
[Error]: Related Customer Abort Rel *** Related  Customer transaction info: warehouse: 7, district: 8, customer id: 240 *** 

[Error]: NewOrder getStockQty are missing
java.sql.SQLException
	at transactions.NewOrderTransaction.execute(NewOrderTransaction.java:170)
	at SampleApp.run(SampleApp.java:101)
	at SampleApp.main(SampleApp.java:64)
[Error]: New Order Abort New **** New Order Transaction Information ****
CID:2299, WID:7, DID:8, num order-lines:14
Item IDs are:,80597,95970,22147,26086,26851,31975,46183,73287,73439,89495,89751,89830,91879,93255
Quantities:,7,7,7,7,7,7,7,7,7,7,7,7,7,7
Supply warehouse IDs:,2,10,2,5,8,15,1,4,6,8,4,2,1,7

org.postgresql.util.PSQLException: ERROR: Query error: Restart read required at: { read: { physical: 1667634443263912 } local_limit: { physical: 1667634443263912 } global_limit: <min> in_txn_limit: <max> serial_no: 0 }
	at org.postgresql.core.v3.QueryExecutorImpl.receiveErrorResponse(QueryExecutorImpl.java:2532)
	at org.postgresql.core.v3.QueryExecutorImpl.processResults(QueryExecutorImpl.java:2267)
	at org.postgresql.core.v3.QueryExecutorImpl.execute(QueryExecutorImpl.java:312)
	at org.postgresql.jdbc.PgStatement.executeInternal(PgStatement.java:448)
	at org.postgresql.jdbc.PgStatement.execute(PgStatement.java:369)
	at org.postgresql.jdbc.PgPreparedStatement.executeWithFlags(PgPreparedStatement.java:153)
	at org.postgresql.jdbc.PgPreparedStatement.executeQuery(PgPreparedStatement.java:103)
	at transactions.RelatedCustomerTransaction.getPossibleCustomersOrderItems(RelatedCustomerTransaction.java:104)
	at transactions.RelatedCustomerTransaction.execute(RelatedCustomerTransaction.java:52)
	at SampleApp.run(SampleApp.java:101)
	at SampleApp.main(SampleApp.java:64)
[Error]: Related Customer Abort Rel *** Related  Customer transaction info: warehouse: 7, district: 6, customer id: 295 *** 

[Error]: NewOrder getStockQty are missing
java.sql.SQLException
	at transactions.NewOrderTransaction.execute(NewOrderTransaction.java:170)
	at SampleApp.run(SampleApp.java:101)
	at SampleApp.main(SampleApp.java:64)
[Error]: New Order Abort New **** New Order Transaction Information ****
CID:238, WID:7, DID:6, num order-lines:10
Item IDs are:,95971,24295,30300,36039,56359,56787,57057,62919,65255,95395
Quantities:,7,7,7,7,7,7,7,7,7,7
Supply warehouse IDs:,9,13,4,7,6,5,9,3,8,8

[Error]: NewOrder getStockQty are missing
java.sql.SQLException
	at transactions.NewOrderTransaction.execute(NewOrderTransaction.java:170)
	at SampleApp.run(SampleApp.java:101)
	at SampleApp.main(SampleApp.java:64)
[Error]: New Order Abort New **** New Order Transaction Information ****
CID:25, WID:7, DID:8, num order-lines:5
Item IDs are:,24295,40631,60767,85671,96995
Quantities:,7,7,7,7,7
Supply warehouse IDs:,11,10,6,3,5

[Error]: NewOrder getStockQty are missing
java.sql.SQLException
	at transactions.NewOrderTransaction.execute(NewOrderTransaction.java:170)
	at SampleApp.run(SampleApp.java:101)
	at SampleApp.main(SampleApp.java:64)
[Error]: New Order Abort New **** New Order Transaction Information ****
CID:924, WID:7, DID:6, num order-lines:15
Item IDs are:,55999,97767,28198,77409,45781,92390,14942,31717,50391,56743,68783,89318,93924,97509,97949
Quantities:,7,7,7,7,7,7,7,7,7,7,7,7,7,7,7
Supply warehouse IDs:,3,7,6,7,8,1,8,7,8,18,9,1,5,6,6

org.postgresql.util.PSQLException: ERROR: Query error: Restart read required at: { read: { physical: 1667635466661651 } local_limit: { physical: 1667635466661651 } global_limit: <min> in_txn_limit: <max> serial_no: 0 }
	at org.postgresql.core.v3.QueryExecutorImpl.receiveErrorResponse(QueryExecutorImpl.java:2532)
	at org.postgresql.core.v3.QueryExecutorImpl.processResults(QueryExecutorImpl.java:2267)
	at org.postgresql.core.v3.QueryExecutorImpl.execute(QueryExecutorImpl.java:312)
	at org.postgresql.jdbc.PgStatement.executeInternal(PgStatement.java:448)
	at org.postgresql.jdbc.PgStatement.execute(PgStatement.java:369)
	at org.postgresql.jdbc.PgPreparedStatement.executeWithFlags(PgPreparedStatement.java:153)
	at org.postgresql.jdbc.PgPreparedStatement.executeQuery(PgPreparedStatement.java:103)
	at transactions.RelatedCustomerTransaction.getPossibleCustomersOrderItems(RelatedCustomerTransaction.java:104)
	at transactions.RelatedCustomerTransaction.execute(RelatedCustomerTransaction.java:52)
	at SampleApp.run(SampleApp.java:101)
	at SampleApp.main(SampleApp.java:64)
[Error]: Related Customer Abort Rel *** Related  Customer transaction info: warehouse: 7, district: 7, customer id: 2307 *** 

org.postgresql.util.PSQLException: ERROR: Query error: Restart read required at: { read: { physical: 1667635494868700 } local_limit: { physical: 1667635494868700 } global_limit: <min> in_txn_limit: <max> serial_no: 0 }
	at org.postgresql.core.v3.QueryExecutorImpl.receiveErrorResponse(QueryExecutorImpl.java:2532)
	at org.postgresql.core.v3.QueryExecutorImpl.processResults(QueryExecutorImpl.java:2267)
	at org.postgresql.core.v3.QueryExecutorImpl.execute(QueryExecutorImpl.java:312)
	at org.postgresql.jdbc.PgStatement.executeInternal(PgStatement.java:448)
	at org.postgresql.jdbc.PgStatement.execute(PgStatement.java:369)
	at org.postgresql.jdbc.PgPreparedStatement.executeWithFlags(PgPreparedStatement.java:153)
	at org.postgresql.jdbc.PgPreparedStatement.executeQuery(PgPreparedStatement.java:103)
	at transactions.RelatedCustomerTransaction.getPossibleCustomersOrderItems(RelatedCustomerTransaction.java:104)
	at transactions.RelatedCustomerTransaction.execute(RelatedCustomerTransaction.java:52)
	at SampleApp.run(SampleApp.java:101)
	at SampleApp.main(SampleApp.java:64)
[Error]: Related Customer Abort Rel *** Related  Customer transaction info: warehouse: 7, district: 8, customer id: 1601 *** 

org.postgresql.util.PSQLException: ERROR: Query error: Restart read required at: { read: { physical: 1667635543247044 } local_limit: { physical: 1667635543247044 } global_limit: <min> in_txn_limit: <max> serial_no: 0 }
	at org.postgresql.core.v3.QueryExecutorImpl.receiveErrorResponse(QueryExecutorImpl.java:2532)
	at org.postgresql.core.v3.QueryExecutorImpl.processResults(QueryExecutorImpl.java:2267)
	at org.postgresql.core.v3.QueryExecutorImpl.execute(QueryExecutorImpl.java:312)
	at org.postgresql.jdbc.PgStatement.executeInternal(PgStatement.java:448)
	at org.postgresql.jdbc.PgStatement.execute(PgStatement.java:369)
	at org.postgresql.jdbc.PgPreparedStatement.executeWithFlags(PgPreparedStatement.java:153)
	at org.postgresql.jdbc.PgPreparedStatement.executeQuery(PgPreparedStatement.java:103)
	at transactions.RelatedCustomerTransaction.getPossibleCustomersOrderItems(RelatedCustomerTransaction.java:104)
	at transactions.RelatedCustomerTransaction.execute(RelatedCustomerTransaction.java:52)
	at SampleApp.run(SampleApp.java:101)
	at SampleApp.main(SampleApp.java:64)
[Error]: Related Customer Abort Rel *** Related  Customer transaction info: warehouse: 7, district: 9, customer id: 1795 *** 

org.postgresql.util.PSQLException: ERROR: Query error: Restart read required at: { read: { physical: 1667635662519238 } local_limit: { physical: 1667635662519238 } global_limit: <min> in_txn_limit: <max> serial_no: 0 }
	at org.postgresql.core.v3.QueryExecutorImpl.receiveErrorResponse(QueryExecutorImpl.java:2532)
	at org.postgresql.core.v3.QueryExecutorImpl.processResults(QueryExecutorImpl.java:2267)
	at org.postgresql.core.v3.QueryExecutorImpl.execute(QueryExecutorImpl.java:312)
	at org.postgresql.jdbc.PgStatement.executeInternal(PgStatement.java:448)
	at org.postgresql.jdbc.PgStatement.execute(PgStatement.java:369)
	at org.postgresql.jdbc.PgPreparedStatement.executeWithFlags(PgPreparedStatement.java:153)
	at org.postgresql.jdbc.PgPreparedStatement.executeQuery(PgPreparedStatement.java:103)
	at transactions.RelatedCustomerTransaction.getPossibleCustomersOrderItems(RelatedCustomerTransaction.java:104)
	at transactions.RelatedCustomerTransaction.execute(RelatedCustomerTransaction.java:48)
	at SampleApp.run(SampleApp.java:101)
	at SampleApp.main(SampleApp.java:64)
[Error]: Related Customer Abort Rel *** Related  Customer transaction info: warehouse: 7, district: 8, customer id: 755 *** 

org.postgresql.util.PSQLException: ERROR: Query error: Restart read required at: { read: { physical: 1667635749094143 } local_limit: { physical: 1667635749094143 } global_limit: <min> in_txn_limit: <max> serial_no: 0 }
	at org.postgresql.core.v3.QueryExecutorImpl.receiveErrorResponse(QueryExecutorImpl.java:2532)
	at org.postgresql.core.v3.QueryExecutorImpl.processResults(QueryExecutorImpl.java:2267)
	at org.postgresql.core.v3.QueryExecutorImpl.execute(QueryExecutorImpl.java:312)
	at org.postgresql.jdbc.PgStatement.executeInternal(PgStatement.java:448)
	at org.postgresql.jdbc.PgStatement.execute(PgStatement.java:369)
	at org.postgresql.jdbc.PgPreparedStatement.executeWithFlags(PgPreparedStatement.java:153)
	at org.postgresql.jdbc.PgPreparedStatement.executeQuery(PgPreparedStatement.java:103)
	at transactions.RelatedCustomerTransaction.getPossibleCustomersOrderItems(RelatedCustomerTransaction.java:104)
	at transactions.RelatedCustomerTransaction.execute(RelatedCustomerTransaction.java:52)
	at SampleApp.run(SampleApp.java:101)
	at SampleApp.main(SampleApp.java:64)
[Error]: Related Customer Abort Rel *** Related  Customer transaction info: warehouse: 7, district: 6, customer id: 2236 *** 

[Error]: NewOrder getStockQty are missing
java.sql.SQLException
	at transactions.NewOrderTransaction.execute(NewOrderTransaction.java:170)
	at SampleApp.run(SampleApp.java:101)
	at SampleApp.main(SampleApp.java:64)
[Error]: New Order Abort New **** New Order Transaction Information ****
CID:994, WID:7, DID:9, num order-lines:18
Item IDs are:,32231,36579,81639,70204,81575,92775,4095,5316,5349,5938,20165,32141,45031,45735,87568,94431,95975,97683
Quantities:,7,7,7,7,7,7,7,7,7,7,7,7,7,7,7,7,7,7
Supply warehouse IDs:,9,3,14,10,8,4,7,4,7,4,7,8,2,3,4,10,5,10

org.postgresql.util.PSQLException: ERROR: Query error: Restart read required at: { read: { physical: 1667635788090337 } local_limit: { physical: 1667635788090337 } global_limit: <min> in_txn_limit: <max> serial_no: 0 }
	at org.postgresql.core.v3.QueryExecutorImpl.receiveErrorResponse(QueryExecutorImpl.java:2532)
	at org.postgresql.core.v3.QueryExecutorImpl.processResults(QueryExecutorImpl.java:2267)
	at org.postgresql.core.v3.QueryExecutorImpl.execute(QueryExecutorImpl.java:312)
	at org.postgresql.jdbc.PgStatement.executeInternal(PgStatement.java:448)
	at org.postgresql.jdbc.PgStatement.execute(PgStatement.java:369)
	at org.postgresql.jdbc.PgPreparedStatement.executeWithFlags(PgPreparedStatement.java:153)
	at org.postgresql.jdbc.PgPreparedStatement.executeQuery(PgPreparedStatement.java:103)
	at transactions.RelatedCustomerTransaction.getPossibleCustomersOrderItems(RelatedCustomerTransaction.java:104)
	at transactions.RelatedCustomerTransaction.execute(RelatedCustomerTransaction.java:52)
	at SampleApp.run(SampleApp.java:101)
	at SampleApp.main(SampleApp.java:64)
[Error]: Related Customer Abort Rel *** Related  Customer transaction info: warehouse: 7, district: 7, customer id: 2947 *** 

[Error]: NewOrder getStockQty are missing
java.sql.SQLException
	at transactions.NewOrderTransaction.execute(NewOrderTransaction.java:170)
	at SampleApp.run(SampleApp.java:101)
	at SampleApp.main(SampleApp.java:64)
[Error]: New Order Abort New **** New Order Transaction Information ****
CID:2738, WID:7, DID:8, num order-lines:19
Item IDs are:,39623,70759,62948,44643,97223,89382,89238,55837,54467,87711,15043,22147,43495,48806,54981,56935,72757,81303,93088
Quantities:,7,7,7,7,7,7,7,7,7,7,7,7,7,7,7,7,7,7,7
Supply warehouse IDs:,10,3,7,9,8,7,7,9,7,6,10,5,18,8,1,1,9,5,4

org.postgresql.util.PSQLException: ERROR: Query error: Restart read required at: { read: { physical: 1667635808394507 } local_limit: { physical: 1667635808394507 } global_limit: <min> in_txn_limit: <max> serial_no: 0 }
	at org.postgresql.core.v3.QueryExecutorImpl.receiveErrorResponse(QueryExecutorImpl.java:2532)
	at org.postgresql.core.v3.QueryExecutorImpl.processResults(QueryExecutorImpl.java:2267)
	at org.postgresql.core.v3.QueryExecutorImpl.execute(QueryExecutorImpl.java:312)
	at org.postgresql.jdbc.PgStatement.executeInternal(PgStatement.java:448)
	at org.postgresql.jdbc.PgStatement.execute(PgStatement.java:369)
	at org.postgresql.jdbc.PgPreparedStatement.executeWithFlags(PgPreparedStatement.java:153)
	at org.postgresql.jdbc.PgPreparedStatement.executeQuery(PgPreparedStatement.java:103)
	at transactions.RelatedCustomerTransaction.getPossibleCustomersOrderItems(RelatedCustomerTransaction.java:104)
	at transactions.RelatedCustomerTransaction.execute(RelatedCustomerTransaction.java:52)
	at SampleApp.run(SampleApp.java:101)
	at SampleApp.main(SampleApp.java:64)
[Error]: Related Customer Abort Rel *** Related  Customer transaction info: warehouse: 7, district: 7, customer id: 706 *** 

org.postgresql.util.PSQLException: ERROR: Query error: Restart read required at: { read: { physical: 1667635819394497 } local_limit: { physical: 1667635819394497 } global_limit: <min> in_txn_limit: <max> serial_no: 0 }
	at org.postgresql.core.v3.QueryExecutorImpl.receiveErrorResponse(QueryExecutorImpl.java:2532)
	at org.postgresql.core.v3.QueryExecutorImpl.processResults(QueryExecutorImpl.java:2267)
	at org.postgresql.core.v3.QueryExecutorImpl.execute(QueryExecutorImpl.java:312)
	at org.postgresql.jdbc.PgStatement.executeInternal(PgStatement.java:448)
	at org.postgresql.jdbc.PgStatement.execute(PgStatement.java:369)
	at org.postgresql.jdbc.PgPreparedStatement.executeWithFlags(PgPreparedStatement.java:153)
	at org.postgresql.jdbc.PgPreparedStatement.executeQuery(PgPreparedStatement.java:103)
	at transactions.RelatedCustomerTransaction.getPossibleCustomersOrderItems(RelatedCustomerTransaction.java:104)
	at transactions.RelatedCustomerTransaction.execute(RelatedCustomerTransaction.java:52)
	at SampleApp.run(SampleApp.java:101)
	at SampleApp.main(SampleApp.java:64)
[Error]: Related Customer Abort Rel *** Related  Customer transaction info: warehouse: 7, district: 6, customer id: 299 *** 

org.postgresql.util.PSQLException: ERROR: Query error: Restart read required at: { read: { physical: 1667635826936134 } local_limit: { physical: 1667635826936134 } global_limit: <min> in_txn_limit: <max> serial_no: 0 }
	at org.postgresql.core.v3.QueryExecutorImpl.receiveErrorResponse(QueryExecutorImpl.java:2532)
	at org.postgresql.core.v3.QueryExecutorImpl.processResults(QueryExecutorImpl.java:2267)
	at org.postgresql.core.v3.QueryExecutorImpl.execute(QueryExecutorImpl.java:312)
	at org.postgresql.jdbc.PgStatement.executeInternal(PgStatement.java:448)
	at org.postgresql.jdbc.PgStatement.execute(PgStatement.java:369)
	at org.postgresql.jdbc.PgPreparedStatement.executeWithFlags(PgPreparedStatement.java:153)
	at org.postgresql.jdbc.PgPreparedStatement.executeQuery(PgPreparedStatement.java:103)
	at transactions.RelatedCustomerTransaction.getPossibleCustomersOrderItems(RelatedCustomerTransaction.java:104)
	at transactions.RelatedCustomerTransaction.execute(RelatedCustomerTransaction.java:52)
	at SampleApp.run(SampleApp.java:101)
	at SampleApp.main(SampleApp.java:64)
[Error]: Related Customer Abort Rel *** Related  Customer transaction info: warehouse: 7, district: 8, customer id: 200 *** 

[Error]: NewOrder getStockQty are missing
java.sql.SQLException
	at transactions.NewOrderTransaction.execute(NewOrderTransaction.java:170)
	at SampleApp.run(SampleApp.java:101)
	at SampleApp.main(SampleApp.java:64)
[Error]: New Order Abort New **** New Order Transaction Information ****
CID:1282, WID:7, DID:7, num order-lines:19
Item IDs are:,79199,72805,56039,64673,94686,22485,4107,89830,89828,47847,24279,44509,46623,56167,65255,68831,77541,80607,97511
Quantities:,7,7,7,7,7,7,7,7,7,7,7,7,7,7,7,7,7,7,7
Supply warehouse IDs:,5,8,2,10,2,3,5,4,7,4,7,3,9,1,14,9,9,9,4

[Error]: NewOrder getStockQty are missing
java.sql.SQLException
	at transactions.NewOrderTransaction.execute(NewOrderTransaction.java:170)
	at SampleApp.run(SampleApp.java:101)
	at SampleApp.main(SampleApp.java:64)
[Error]: New Order Abort New **** New Order Transaction Information ****
CID:1889, WID:7, DID:10, num order-lines:13
Item IDs are:,81367,24102,79415,89782,14054,15168,40117,52913,56039,56987,87271,89701,97203
Quantities:,7,7,7,7,7,7,7,7,7,7,7,7,7
Supply warehouse IDs:,4,8,1,5,18,7,4,8,9,2,7,6,10

org.postgresql.util.PSQLException: ERROR: Query error: Restart read required at: { read: { physical: 1667635853425220 } local_limit: { physical: 1667635853425220 } global_limit: <min> in_txn_limit: <max> serial_no: 0 }
	at org.postgresql.core.v3.QueryExecutorImpl.receiveErrorResponse(QueryExecutorImpl.java:2532)
	at org.postgresql.core.v3.QueryExecutorImpl.processResults(QueryExecutorImpl.java:2267)
	at org.postgresql.core.v3.QueryExecutorImpl.execute(QueryExecutorImpl.java:312)
	at org.postgresql.jdbc.PgStatement.executeInternal(PgStatement.java:448)
	at org.postgresql.jdbc.PgStatement.execute(PgStatement.java:369)
	at org.postgresql.jdbc.PgPreparedStatement.executeWithFlags(PgPreparedStatement.java:153)
	at org.postgresql.jdbc.PgPreparedStatement.executeQuery(PgPreparedStatement.java:103)
	at transactions.RelatedCustomerTransaction.getPossibleCustomersOrderItems(RelatedCustomerTransaction.java:104)
	at transactions.RelatedCustomerTransaction.execute(RelatedCustomerTransaction.java:52)
	at SampleApp.run(SampleApp.java:101)
	at SampleApp.main(SampleApp.java:64)
[Error]: Related Customer Abort Rel *** Related  Customer transaction info: warehouse: 7, district: 6, customer id: 321 *** 

org.postgresql.util.PSQLException: ERROR: Query error: Restart read required at: { read: { physical: 1667635859453243 } local_limit: { physical: 1667635859453243 } global_limit: <min> in_txn_limit: <max> serial_no: 0 }
	at org.postgresql.core.v3.QueryExecutorImpl.receiveErrorResponse(QueryExecutorImpl.java:2532)
	at org.postgresql.core.v3.QueryExecutorImpl.processResults(QueryExecutorImpl.java:2267)
	at org.postgresql.core.v3.QueryExecutorImpl.execute(QueryExecutorImpl.java:312)
	at org.postgresql.jdbc.PgStatement.executeInternal(PgStatement.java:448)
	at org.postgresql.jdbc.PgStatement.execute(PgStatement.java:369)
	at org.postgresql.jdbc.PgPreparedStatement.executeWithFlags(PgPreparedStatement.java:153)
	at org.postgresql.jdbc.PgPreparedStatement.executeQuery(PgPreparedStatement.java:103)
	at transactions.RelatedCustomerTransaction.getPossibleCustomersOrderItems(RelatedCustomerTransaction.java:104)
	at transactions.RelatedCustomerTransaction.execute(RelatedCustomerTransaction.java:52)
	at SampleApp.run(SampleApp.java:101)
	at SampleApp.main(SampleApp.java:64)
[Error]: Related Customer Abort Rel *** Related  Customer transaction info: warehouse: 7, district: 8, customer id: 2306 *** 

[Error]: NewOrder getStockQty are missing
java.sql.SQLException
	at transactions.NewOrderTransaction.execute(NewOrderTransaction.java:170)
	at SampleApp.run(SampleApp.java:101)
	at SampleApp.main(SampleApp.java:64)
[Error]: New Order Abort New **** New Order Transaction Information ****
CID:2041, WID:7, DID:10, num order-lines:12
Item IDs are:,36307,86739,6085,11943,24259,27784,32487,40421,48863,54495,73447,79901
Quantities:,7,7,7,7,7,7,7,7,7,7,7,7
Supply warehouse IDs:,4,7,1,2,5,2,17,9,9,7,7,10

[Error]: NewOrder getStockQty are missing
java.sql.SQLException
	at transactions.NewOrderTransaction.execute(NewOrderTransaction.java:170)
	at SampleApp.run(SampleApp.java:101)
	at SampleApp.main(SampleApp.java:64)
[Error]: New Order Abort New **** New Order Transaction Information ****
CID:1027, WID:7, DID:8, num order-lines:13
Item IDs are:,40590,15518,57029,9687,14047,39493,56991,61127,61135,65127,81110,89319,98001
Quantities:,7,7,7,7,7,7,7,7,7,7,7,7,7
Supply warehouse IDs:,2,4,2,7,5,9,4,8,4,12,2,8,9

[Error]: NewOrder getStockQty are missing
java.sql.SQLException
	at transactions.NewOrderTransaction.execute(NewOrderTransaction.java:170)
	at SampleApp.run(SampleApp.java:101)
	at SampleApp.main(SampleApp.java:64)
[Error]: New Order Abort New **** New Order Transaction Information ****
CID:1237, WID:7, DID:6, num order-lines:14
Item IDs are:,23239,5959,6007,4145,85459,28391,32465,48869,59079,64924,65123,81631,84103,97479
Quantities:,7,7,7,7,7,7,7,7,7,7,7,7,7,7
Supply warehouse IDs:,7,6,10,10,4,7,2,3,1,2,7,2,1,11

[Error]: NewOrder getStockQty are missing
java.sql.SQLException
	at transactions.NewOrderTransaction.execute(NewOrderTransaction.java:170)
	at SampleApp.run(SampleApp.java:101)
	at SampleApp.main(SampleApp.java:64)
[Error]: New Order Abort New **** New Order Transaction Information ****
CID:1207, WID:7, DID:8, num order-lines:12
Item IDs are:,65253,5104,6071,6083,16100,22943,39307,48863,53870,65247,79489,80615
Quantities:,7,7,7,7,7,7,7,7,7,7,7,7
Supply warehouse IDs:,3,6,3,1,3,7,10,10,2,1,8,13

org.postgresql.util.PSQLException: ERROR: Query error: Restart read required at: { read: { physical: 1667635907401350 } local_limit: { physical: 1667635907401350 } global_limit: <min> in_txn_limit: <max> serial_no: 0 }
	at org.postgresql.core.v3.QueryExecutorImpl.receiveErrorResponse(QueryExecutorImpl.java:2532)
	at org.postgresql.core.v3.QueryExecutorImpl.processResults(QueryExecutorImpl.java:2267)
	at org.postgresql.core.v3.QueryExecutorImpl.execute(QueryExecutorImpl.java:312)
	at org.postgresql.jdbc.PgStatement.executeInternal(PgStatement.java:448)
	at org.postgresql.jdbc.PgStatement.execute(PgStatement.java:369)
	at org.postgresql.jdbc.PgPreparedStatement.executeWithFlags(PgPreparedStatement.java:153)
	at org.postgresql.jdbc.PgPreparedStatement.executeQuery(PgPreparedStatement.java:103)
	at transactions.RelatedCustomerTransaction.getPossibleCustomersOrderItems(RelatedCustomerTransaction.java:104)
	at transactions.RelatedCustomerTransaction.execute(RelatedCustomerTransaction.java:52)
	at SampleApp.run(SampleApp.java:101)
	at SampleApp.main(SampleApp.java:64)
[Error]: Related Customer Abort Rel *** Related  Customer transaction info: warehouse: 7, district: 10, customer id: 2171 *** 

[Error]: NewOrder getStockQty are missing
java.sql.SQLException
	at transactions.NewOrderTransaction.execute(NewOrderTransaction.java:170)
	at SampleApp.run(SampleApp.java:101)
	at SampleApp.main(SampleApp.java:64)
[Error]: New Order Abort New **** New Order Transaction Information ****
CID:309, WID:7, DID:7, num order-lines:9
Item IDs are:,5638,19995,21767,24211,28387,36502,45413,48295,93791
Quantities:,7,7,7,2,7,7,7,7,7
Supply warehouse IDs:,2,1,8,8,3,2,9,17,9

org.postgresql.util.PSQLException: ERROR: Query error: Restart read required at: { read: { physical: 1667635927448463 } local_limit: { physical: 1667635927448463 } global_limit: <min> in_txn_limit: <max> serial_no: 0 }
	at org.postgresql.core.v3.QueryExecutorImpl.receiveErrorResponse(QueryExecutorImpl.java:2532)
	at org.postgresql.core.v3.QueryExecutorImpl.processResults(QueryExecutorImpl.java:2267)
	at org.postgresql.core.v3.QueryExecutorImpl.execute(QueryExecutorImpl.java:312)
	at org.postgresql.jdbc.PgStatement.executeInternal(PgStatement.java:448)
	at org.postgresql.jdbc.PgStatement.execute(PgStatement.java:369)
	at org.postgresql.jdbc.PgPreparedStatement.executeWithFlags(PgPreparedStatement.java:153)
	at org.postgresql.jdbc.PgPreparedStatement.executeQuery(PgPreparedStatement.java:103)
	at transactions.RelatedCustomerTransaction.getPossibleCustomersOrderItems(RelatedCustomerTransaction.java:104)
	at transactions.RelatedCustomerTransaction.execute(RelatedCustomerTransaction.java:52)
	at SampleApp.run(SampleApp.java:101)
	at SampleApp.main(SampleApp.java:64)
[Error]: Related Customer Abort Rel *** Related  Customer transaction info: warehouse: 7, district: 9, customer id: 1155 *** 

org.postgresql.util.PSQLException: ERROR: Query error: Restart read required at: { read: { physical: 1667635939433727 } local_limit: { physical: 1667635939433727 } global_limit: <min> in_txn_limit: <max> serial_no: 0 }
	at org.postgresql.core.v3.QueryExecutorImpl.receiveErrorResponse(QueryExecutorImpl.java:2532)
	at org.postgresql.core.v3.QueryExecutorImpl.processResults(QueryExecutorImpl.java:2267)
	at org.postgresql.core.v3.QueryExecutorImpl.execute(QueryExecutorImpl.java:312)
	at org.postgresql.jdbc.PgStatement.executeInternal(PgStatement.java:448)
	at org.postgresql.jdbc.PgStatement.execute(PgStatement.java:369)
	at org.postgresql.jdbc.PgPreparedStatement.executeWithFlags(PgPreparedStatement.java:153)
	at org.postgresql.jdbc.PgPreparedStatement.executeQuery(PgPreparedStatement.java:103)
	at transactions.RelatedCustomerTransaction.getPossibleCustomersOrderItems(RelatedCustomerTransaction.java:104)
	at transactions.RelatedCustomerTransaction.execute(RelatedCustomerTransaction.java:52)
	at SampleApp.run(SampleApp.java:101)
	at SampleApp.main(SampleApp.java:64)
[Error]: Related Customer Abort Rel *** Related  Customer transaction info: warehouse: 7, district: 9, customer id: 985 *** 

org.postgresql.util.PSQLException: ERROR: Query error: Restart read required at: { read: { physical: 1667635944419905 } local_limit: { physical: 1667635944419905 } global_limit: <min> in_txn_limit: <max> serial_no: 0 }
	at org.postgresql.core.v3.QueryExecutorImpl.receiveErrorResponse(QueryExecutorImpl.java:2532)
	at org.postgresql.core.v3.QueryExecutorImpl.processResults(QueryExecutorImpl.java:2267)
	at org.postgresql.core.v3.QueryExecutorImpl.execute(QueryExecutorImpl.java:312)
	at org.postgresql.jdbc.PgStatement.executeInternal(PgStatement.java:448)
	at org.postgresql.jdbc.PgStatement.execute(PgStatement.java:369)
	at org.postgresql.jdbc.PgPreparedStatement.executeWithFlags(PgPreparedStatement.java:153)
	at org.postgresql.jdbc.PgPreparedStatement.executeQuery(PgPreparedStatement.java:103)
	at transactions.RelatedCustomerTransaction.getPossibleCustomersOrderItems(RelatedCustomerTransaction.java:104)
	at transactions.RelatedCustomerTransaction.execute(RelatedCustomerTransaction.java:52)
	at SampleApp.run(SampleApp.java:101)
	at SampleApp.main(SampleApp.java:64)
[Error]: Related Customer Abort Rel *** Related  Customer transaction info: warehouse: 7, district: 9, customer id: 1793 *** 

org.postgresql.util.PSQLException: ERROR: Query error: Restart read required at: { read: { physical: 1667636067156253 } local_limit: { physical: 1667636067156253 } global_limit: <min> in_txn_limit: <max> serial_no: 0 }
	at org.postgresql.core.v3.QueryExecutorImpl.receiveErrorResponse(QueryExecutorImpl.java:2532)
	at org.postgresql.core.v3.QueryExecutorImpl.processResults(QueryExecutorImpl.java:2267)
	at org.postgresql.core.v3.QueryExecutorImpl.execute(QueryExecutorImpl.java:312)
	at org.postgresql.jdbc.PgStatement.executeInternal(PgStatement.java:448)
	at org.postgresql.jdbc.PgStatement.execute(PgStatement.java:369)
	at org.postgresql.jdbc.PgPreparedStatement.executeWithFlags(PgPreparedStatement.java:153)
	at org.postgresql.jdbc.PgPreparedStatement.executeQuery(PgPreparedStatement.java:103)
	at transactions.RelatedCustomerTransaction.getPossibleCustomersOrderItems(RelatedCustomerTransaction.java:104)
	at transactions.RelatedCustomerTransaction.execute(RelatedCustomerTransaction.java:52)
	at SampleApp.run(SampleApp.java:101)
	at SampleApp.main(SampleApp.java:64)
[Error]: Related Customer Abort Rel *** Related  Customer transaction info: warehouse: 7, district: 6, customer id: 499 *** 

[Error]: NewOrder getStockQty are missing
java.sql.SQLException
	at transactions.NewOrderTransaction.execute(NewOrderTransaction.java:170)
	at SampleApp.run(SampleApp.java:101)
	at SampleApp.main(SampleApp.java:64)
[Error]: New Order Abort New **** New Order Transaction Information ****
CID:1522, WID:7, DID:8, num order-lines:18
Item IDs are:,46759,85452,75303,8252,89831,87471,16103,32292,15039,31461,32357,32421,64068,69348,80485,85731,93662,95703
Quantities:,7,7,7,7,7,7,7,7,9,7,7,7,7,7,7,7,7,7
Supply warehouse IDs:,16,6,9,8,10,6,6,6,5,9,7,7,5,6,9,8,1,10

[Error]: NewOrder getStockQty are missing
java.sql.SQLException
	at transactions.NewOrderTransaction.execute(NewOrderTransaction.java:170)
	at SampleApp.run(SampleApp.java:101)
	at SampleApp.main(SampleApp.java:64)
[Error]: New Order Abort New **** New Order Transaction Information ****
CID:1761, WID:7, DID:7, num order-lines:17
Item IDs are:,85222,69031,60423,83943,69306,52837,3770,4103,5629,6203,24271,48870,50023,67301,77472,89071,89831
Quantities:,7,7,7,7,7,7,7,7,7,7,7,7,7,7,7,7,7
Supply warehouse IDs:,1,3,7,9,8,1,7,10,10,9,8,8,6,6,2,9,15

[Error]: NewOrder getStockQty are missing
java.sql.SQLException
	at transactions.NewOrderTransaction.execute(NewOrderTransaction.java:170)
	at SampleApp.run(SampleApp.java:101)
	at SampleApp.main(SampleApp.java:64)
[Error]: New Order Abort New **** New Order Transaction Information ****
CID:2259, WID:7, DID:9, num order-lines:17
Item IDs are:,23007,97639,48543,63587,56807,4013,4094,14821,16085,27110,27879,32335,44775,52315,64103,76994,96080
Quantities:,7,7,7,7,7,7,7,7,7,7,7,7,7,7,7,7,7
Supply warehouse IDs:,3,10,4,2,8,3,10,3,9,4,3,7,10,9,17,3,6

[Error]: NewOrder getStockQty are missing
java.sql.SQLException
	at transactions.NewOrderTransaction.execute(NewOrderTransaction.java:170)
	at SampleApp.run(SampleApp.java:101)
	at SampleApp.main(SampleApp.java:64)
[Error]: New Order Abort New **** New Order Transaction Information ****
CID:992, WID:7, DID:8, num order-lines:13
Item IDs are:,72391,88444,2875,5958,16103,19173,24023,43671,54244,59874,64483,81511,95023
Quantities:,7,7,7,7,7,7,7,7,7,7,7,5,7
Supply warehouse IDs:,4,3,9,9,13,2,6,5,1,8,6,10,9

[Error]: NewOrder getStockQty are missing
java.sql.SQLException
	at transactions.NewOrderTransaction.execute(NewOrderTransaction.java:170)
	at SampleApp.run(SampleApp.java:101)
	at SampleApp.main(SampleApp.java:64)
[Error]: New Order Abort New **** New Order Transaction Information ****
CID:291, WID:7, DID:6, num order-lines:19
Item IDs are:,10983,88739,21845,15984,96737,88794,73123,56991,5950,22159,22981,23183,24295,29926,44769,73158,81111,88741,89053
Quantities:,7,7,7,7,7,7,7,7,7,7,7,7,7,7,7,7,7,7,7
Supply warehouse IDs:,4,1,4,1,7,2,4,7,4,10,2,9,12,8,10,6,5,2,10

[Error]: NewOrder getStockQty are missing
java.sql.SQLException
	at transactions.NewOrderTransaction.execute(NewOrderTransaction.java:170)
	at SampleApp.run(SampleApp.java:101)
	at SampleApp.main(SampleApp.java:64)
[Error]: New Order Abort New **** New Order Transaction Information ****
CID:1151, WID:7, DID:9, num order-lines:18
Item IDs are:,60639,46051,94427,47837,15957,36301,1607,2038,5919,22178,42515,48866,73367,73431,81095,89287,93399,96740
Quantities:,7,7,7,7,7,7,7,7,7,7,7,7,7,7,7,7,7,7
Supply warehouse IDs:,5,2,4,2,9,4,4,2,6,8,4,5,8,17,3,8,7,5

org.postgresql.util.PSQLException: ERROR: Query error: Restart read required at: { read: { physical: 1667636237247410 } local_limit: { physical: 1667636237247410 } global_limit: <min> in_txn_limit: <max> serial_no: 0 }
	at org.postgresql.core.v3.QueryExecutorImpl.receiveErrorResponse(QueryExecutorImpl.java:2532)
	at org.postgresql.core.v3.QueryExecutorImpl.processResults(QueryExecutorImpl.java:2267)
	at org.postgresql.core.v3.QueryExecutorImpl.execute(QueryExecutorImpl.java:312)
	at org.postgresql.jdbc.PgStatement.executeInternal(PgStatement.java:448)
	at org.postgresql.jdbc.PgStatement.execute(PgStatement.java:369)
	at org.postgresql.jdbc.PgPreparedStatement.executeWithFlags(PgPreparedStatement.java:153)
	at org.postgresql.jdbc.PgPreparedStatement.executeQuery(PgPreparedStatement.java:103)
	at transactions.RelatedCustomerTransaction.getPossibleCustomersOrderItems(RelatedCustomerTransaction.java:104)
	at transactions.RelatedCustomerTransaction.execute(RelatedCustomerTransaction.java:52)
	at SampleApp.run(SampleApp.java:101)
	at SampleApp.main(SampleApp.java:64)
[Error]: Related Customer Abort Rel *** Related  Customer transaction info: warehouse: 7, district: 10, customer id: 178 *** 

org.postgresql.util.PSQLException: ERROR: Query error: Restart read required at: { read: { physical: 1667636283371215 } local_limit: { physical: 1667636283371215 } global_limit: <min> in_txn_limit: <max> serial_no: 0 }
	at org.postgresql.core.v3.QueryExecutorImpl.receiveErrorResponse(QueryExecutorImpl.java:2532)
	at org.postgresql.core.v3.QueryExecutorImpl.processResults(QueryExecutorImpl.java:2267)
	at org.postgresql.core.v3.QueryExecutorImpl.execute(QueryExecutorImpl.java:312)
	at org.postgresql.jdbc.PgStatement.executeInternal(PgStatement.java:448)
	at org.postgresql.jdbc.PgStatement.execute(PgStatement.java:369)
	at org.postgresql.jdbc.PgPreparedStatement.executeWithFlags(PgPreparedStatement.java:153)
	at org.postgresql.jdbc.PgPreparedStatement.executeQuery(PgPreparedStatement.java:103)
	at transactions.RelatedCustomerTransaction.getPossibleCustomersOrderItems(RelatedCustomerTransaction.java:104)
	at transactions.RelatedCustomerTransaction.execute(RelatedCustomerTransaction.java:52)
	at SampleApp.run(SampleApp.java:101)
	at SampleApp.main(SampleApp.java:64)
[Error]: Related Customer Abort Rel *** Related  Customer transaction info: warehouse: 7, district: 6, customer id: 2653 *** 

org.postgresql.util.PSQLException: ERROR: Query error: Restart read required at: { read: { physical: 1667636326618982 } local_limit: { physical: 1667636326618982 } global_limit: <min> in_txn_limit: <max> serial_no: 0 }
	at org.postgresql.core.v3.QueryExecutorImpl.receiveErrorResponse(QueryExecutorImpl.java:2532)
	at org.postgresql.core.v3.QueryExecutorImpl.processResults(QueryExecutorImpl.java:2267)
	at org.postgresql.core.v3.QueryExecutorImpl.execute(QueryExecutorImpl.java:312)
	at org.postgresql.jdbc.PgStatement.executeInternal(PgStatement.java:448)
	at org.postgresql.jdbc.PgStatement.execute(PgStatement.java:369)
	at org.postgresql.jdbc.PgPreparedStatement.executeWithFlags(PgPreparedStatement.java:153)
	at org.postgresql.jdbc.PgPreparedStatement.executeQuery(PgPreparedStatement.java:103)
	at transactions.RelatedCustomerTransaction.getPossibleCustomersOrderItems(RelatedCustomerTransaction.java:104)
	at transactions.RelatedCustomerTransaction.execute(RelatedCustomerTransaction.java:52)
	at SampleApp.run(SampleApp.java:101)
	at SampleApp.main(SampleApp.java:64)
[Error]: Related Customer Abort Rel *** Related  Customer transaction info: warehouse: 7, district: 7, customer id: 2275 *** 

org.postgresql.util.PSQLException: ERROR: Query error: Restart read required at: { read: { physical: 1667636376803864 } local_limit: { physical: 1667636376803864 } global_limit: <min> in_txn_limit: <max> serial_no: 0 }
	at org.postgresql.core.v3.QueryExecutorImpl.receiveErrorResponse(QueryExecutorImpl.java:2532)
	at org.postgresql.core.v3.QueryExecutorImpl.processResults(QueryExecutorImpl.java:2267)
	at org.postgresql.core.v3.QueryExecutorImpl.execute(QueryExecutorImpl.java:312)
	at org.postgresql.jdbc.PgStatement.executeInternal(PgStatement.java:448)
	at org.postgresql.jdbc.PgStatement.execute(PgStatement.java:369)
	at org.postgresql.jdbc.PgPreparedStatement.executeWithFlags(PgPreparedStatement.java:153)
	at org.postgresql.jdbc.PgPreparedStatement.executeQuery(PgPreparedStatement.java:103)
	at transactions.RelatedCustomerTransaction.getPossibleCustomersOrderItems(RelatedCustomerTransaction.java:104)
	at transactions.RelatedCustomerTransaction.execute(RelatedCustomerTransaction.java:52)
	at SampleApp.run(SampleApp.java:101)
	at SampleApp.main(SampleApp.java:64)
[Error]: Related Customer Abort Rel *** Related  Customer transaction info: warehouse: 7, district: 8, customer id: 2050 *** 

org.postgresql.util.PSQLException: ERROR: Query error: Restart read required at: { read: { physical: 1667636502414051 } local_limit: { physical: 1667636502414051 } global_limit: <min> in_txn_limit: <max> serial_no: 0 }
	at org.postgresql.core.v3.QueryExecutorImpl.receiveErrorResponse(QueryExecutorImpl.java:2532)
	at org.postgresql.core.v3.QueryExecutorImpl.processResults(QueryExecutorImpl.java:2267)
	at org.postgresql.core.v3.QueryExecutorImpl.execute(QueryExecutorImpl.java:312)
	at org.postgresql.jdbc.PgStatement.executeInternal(PgStatement.java:448)
	at org.postgresql.jdbc.PgStatement.execute(PgStatement.java:369)
	at org.postgresql.jdbc.PgPreparedStatement.executeWithFlags(PgPreparedStatement.java:153)
	at org.postgresql.jdbc.PgPreparedStatement.executeQuery(PgPreparedStatement.java:103)
	at transactions.RelatedCustomerTransaction.getPossibleCustomersOrderItems(RelatedCustomerTransaction.java:104)
	at transactions.RelatedCustomerTransaction.execute(RelatedCustomerTransaction.java:52)
	at SampleApp.run(SampleApp.java:101)
	at SampleApp.main(SampleApp.java:64)
[Error]: Related Customer Abort Rel *** Related  Customer transaction info: warehouse: 7, district: 10, customer id: 2201 *** 

[Error]: NewOrder getStockQty are missing
java.sql.SQLException
	at transactions.NewOrderTransaction.execute(NewOrderTransaction.java:170)
	at SampleApp.run(SampleApp.java:101)
	at SampleApp.main(SampleApp.java:64)
[Error]: New Order Abort New **** New Order Transaction Information ****
CID:431, WID:7, DID:9, num order-lines:13
Item IDs are:,15077,93349,699,19156,19686,28390,28391,39863,44769,56550,65251,72931,93815
Quantities:,7,7,7,7,7,7,7,7,7,7,7,7,7
Supply warehouse IDs:,6,9,9,2,3,1,17,4,6,7,2,1,10

[Error]: NewOrder getStockQty are missing
java.sql.SQLException
	at transactions.NewOrderTransaction.execute(NewOrderTransaction.java:170)
	at SampleApp.run(SampleApp.java:101)
	at SampleApp.main(SampleApp.java:64)
[Error]: New Order Abort New **** New Order Transaction Information ****
CID:1023, WID:7, DID:9, num order-lines:15
Item IDs are:,86566,73444,65247,40669,64007,3815,10301,12063,16035,23527,38499,47847,54607,70085,73446
Quantities:,7,7,7,7,7,7,7,7,7,7,7,7,7,7,7
Supply warehouse IDs:,2,10,1,2,10,9,3,1,5,12,9,10,4,5,7

org.postgresql.util.PSQLException: ERROR: Query error: Restart read required at: { read: { physical: 1667636590637187 } local_limit: { physical: 1667636590637187 } global_limit: <min> in_txn_limit: <max> serial_no: 0 }
	at org.postgresql.core.v3.QueryExecutorImpl.receiveErrorResponse(QueryExecutorImpl.java:2532)
	at org.postgresql.core.v3.QueryExecutorImpl.processResults(QueryExecutorImpl.java:2267)
	at org.postgresql.core.v3.QueryExecutorImpl.execute(QueryExecutorImpl.java:312)
	at org.postgresql.jdbc.PgStatement.executeInternal(PgStatement.java:448)
	at org.postgresql.jdbc.PgStatement.execute(PgStatement.java:369)
	at org.postgresql.jdbc.PgPreparedStatement.executeWithFlags(PgPreparedStatement.java:153)
	at org.postgresql.jdbc.PgPreparedStatement.executeQuery(PgPreparedStatement.java:103)
	at transactions.RelatedCustomerTransaction.getPossibleCustomersOrderItems(RelatedCustomerTransaction.java:104)
	at transactions.RelatedCustomerTransaction.execute(RelatedCustomerTransaction.java:52)
	at SampleApp.run(SampleApp.java:101)
	at SampleApp.main(SampleApp.java:64)
[Error]: Related Customer Abort Rel *** Related  Customer transaction info: warehouse: 7, district: 8, customer id: 2174 *** 

[Error]: NewOrder getStockQty are missing
java.sql.SQLException
	at transactions.NewOrderTransaction.execute(NewOrderTransaction.java:170)
	at SampleApp.run(SampleApp.java:101)
	at SampleApp.main(SampleApp.java:64)
[Error]: New Order Abort New **** New Order Transaction Information ****
CID:1219, WID:7, DID:8, num order-lines:18
Item IDs are:,81017,63171,91845,10971,6215,98015,30819,61015,3903,6209,31935,37077,48231,48596,50902,78307,79591,95334
Quantities:,7,7,7,7,7,7,7,7,7,7,7,7,7,7,7,7,7,7
Supply warehouse IDs:,7,10,4,1,1,8,4,9,7,8,4,1,3,5,10,6,11,20

org.postgresql.util.PSQLException: ERROR: Query error: Restart read required at: { read: { physical: 1667636668064862 } local_limit: { physical: 1667636668064862 } global_limit: <min> in_txn_limit: <max> serial_no: 0 }
	at org.postgresql.core.v3.QueryExecutorImpl.receiveErrorResponse(QueryExecutorImpl.java:2532)
	at org.postgresql.core.v3.QueryExecutorImpl.processResults(QueryExecutorImpl.java:2267)
	at org.postgresql.core.v3.QueryExecutorImpl.execute(QueryExecutorImpl.java:312)
	at org.postgresql.jdbc.PgStatement.executeInternal(PgStatement.java:448)
	at org.postgresql.jdbc.PgStatement.execute(PgStatement.java:369)
	at org.postgresql.jdbc.PgPreparedStatement.executeWithFlags(PgPreparedStatement.java:153)
	at org.postgresql.jdbc.PgPreparedStatement.executeQuery(PgPreparedStatement.java:103)
	at transactions.RelatedCustomerTransaction.getPossibleCustomersOrderItems(RelatedCustomerTransaction.java:104)
	at transactions.RelatedCustomerTransaction.execute(RelatedCustomerTransaction.java:52)
	at SampleApp.run(SampleApp.java:101)
	at SampleApp.main(SampleApp.java:64)
[Error]: Related Customer Abort Rel *** Related  Customer transaction info: warehouse: 7, district: 6, customer id: 299 *** 

org.postgresql.util.PSQLException: ERROR: Query error: Restart read required at: { read: { physical: 1667636730738522 } local_limit: { physical: 1667636730738522 } global_limit: <min> in_txn_limit: <max> serial_no: 0 }
	at org.postgresql.core.v3.QueryExecutorImpl.receiveErrorResponse(QueryExecutorImpl.java:2532)
	at org.postgresql.core.v3.QueryExecutorImpl.processResults(QueryExecutorImpl.java:2267)
	at org.postgresql.core.v3.QueryExecutorImpl.execute(QueryExecutorImpl.java:312)
	at org.postgresql.jdbc.PgStatement.executeInternal(PgStatement.java:448)
	at org.postgresql.jdbc.PgStatement.execute(PgStatement.java:369)
	at org.postgresql.jdbc.PgPreparedStatement.executeWithFlags(PgPreparedStatement.java:153)
	at org.postgresql.jdbc.PgPreparedStatement.executeQuery(PgPreparedStatement.java:103)
	at transactions.RelatedCustomerTransaction.getPossibleCustomersOrderItems(RelatedCustomerTransaction.java:104)
	at transactions.RelatedCustomerTransaction.execute(RelatedCustomerTransaction.java:52)
	at SampleApp.run(SampleApp.java:101)
	at SampleApp.main(SampleApp.java:64)
[Error]: Related Customer Abort Rel *** Related  Customer transaction info: warehouse: 7, district: 10, customer id: 723 *** 

[Error]: NewOrder getStockQty are missing
java.sql.SQLException
	at transactions.NewOrderTransaction.execute(NewOrderTransaction.java:170)
	at SampleApp.run(SampleApp.java:101)
	at SampleApp.main(SampleApp.java:64)
[Error]: New Order Abort New **** New Order Transaction Information ****
CID:1283, WID:7, DID:8, num order-lines:17
Item IDs are:,37543,52903,46513,32455,95461,59494,47758,11907,28389,36417,45759,56923,56999,72935,73446,75883,96851
Quantities:,7,7,7,7,7,7,7,7,7,7,7,7,7,7,7,7,7
Supply warehouse IDs:,2,1,9,5,7,4,3,5,5,9,2,8,10,10,11,2,3

[Error]: NewOrder getStockQty are missing
java.sql.SQLException
	at transactions.NewOrderTransaction.execute(NewOrderTransaction.java:170)
	at SampleApp.run(SampleApp.java:101)
	at SampleApp.main(SampleApp.java:64)
[Error]: New Order Abort New **** New Order Transaction Information ****
CID:1787, WID:7, DID:10, num order-lines:4
Item IDs are:,11971,59603,62167,73447
Quantities:,7,7,7,7
Supply warehouse IDs:,9,3,2,14

org.postgresql.util.PSQLException: ERROR: Query error: Restart read required at: { read: { physical: 1667636824042653 } local_limit: { physical: 1667636824042653 } global_limit: <min> in_txn_limit: <max> serial_no: 0 }
	at org.postgresql.core.v3.QueryExecutorImpl.receiveErrorResponse(QueryExecutorImpl.java:2532)
	at org.postgresql.core.v3.QueryExecutorImpl.processResults(QueryExecutorImpl.java:2267)
	at org.postgresql.core.v3.QueryExecutorImpl.execute(QueryExecutorImpl.java:312)
	at org.postgresql.jdbc.PgStatement.executeInternal(PgStatement.java:448)
	at org.postgresql.jdbc.PgStatement.execute(PgStatement.java:369)
	at org.postgresql.jdbc.PgPreparedStatement.executeWithFlags(PgPreparedStatement.java:153)
	at org.postgresql.jdbc.PgPreparedStatement.executeQuery(PgPreparedStatement.java:103)
	at transactions.RelatedCustomerTransaction.getPossibleCustomersOrderItems(RelatedCustomerTransaction.java:104)
	at transactions.RelatedCustomerTransaction.execute(RelatedCustomerTransaction.java:52)
	at SampleApp.run(SampleApp.java:101)
	at SampleApp.main(SampleApp.java:64)
[Error]: Related Customer Abort Rel *** Related  Customer transaction info: warehouse: 7, district: 6, customer id: 1793 *** 

org.postgresql.util.PSQLException: ERROR: Query error: Restart read required at: { read: { physical: 1667636867532172 } local_limit: { physical: 1667636867532172 } global_limit: <min> in_txn_limit: <max> serial_no: 0 }
	at org.postgresql.core.v3.QueryExecutorImpl.receiveErrorResponse(QueryExecutorImpl.java:2532)
	at org.postgresql.core.v3.QueryExecutorImpl.processResults(QueryExecutorImpl.java:2267)
	at org.postgresql.core.v3.QueryExecutorImpl.execute(QueryExecutorImpl.java:312)
	at org.postgresql.jdbc.PgStatement.executeInternal(PgStatement.java:448)
	at org.postgresql.jdbc.PgStatement.execute(PgStatement.java:369)
	at org.postgresql.jdbc.PgPreparedStatement.executeWithFlags(PgPreparedStatement.java:153)
	at org.postgresql.jdbc.PgPreparedStatement.executeQuery(PgPreparedStatement.java:103)
	at transactions.RelatedCustomerTransaction.getPossibleCustomersOrderItems(RelatedCustomerTransaction.java:104)
	at transactions.RelatedCustomerTransaction.execute(RelatedCustomerTransaction.java:52)
	at SampleApp.run(SampleApp.java:101)
	at SampleApp.main(SampleApp.java:64)
[Error]: Related Customer Abort Rel *** Related  Customer transaction info: warehouse: 7, district: 7, customer id: 322 *** 

org.postgresql.util.PSQLException: ERROR: Query error: Restart read required at: { read: { physical: 1667636916345939 } local_limit: { physical: 1667636916345939 } global_limit: <min> in_txn_limit: <max> serial_no: 0 }
	at org.postgresql.core.v3.QueryExecutorImpl.receiveErrorResponse(QueryExecutorImpl.java:2532)
	at org.postgresql.core.v3.QueryExecutorImpl.processResults(QueryExecutorImpl.java:2267)
	at org.postgresql.core.v3.QueryExecutorImpl.execute(QueryExecutorImpl.java:312)
	at org.postgresql.jdbc.PgStatement.executeInternal(PgStatement.java:448)
	at org.postgresql.jdbc.PgStatement.execute(PgStatement.java:369)
	at org.postgresql.jdbc.PgPreparedStatement.executeWithFlags(PgPreparedStatement.java:153)
	at org.postgresql.jdbc.PgPreparedStatement.executeQuery(PgPreparedStatement.java:103)
	at transactions.RelatedCustomerTransaction.getPossibleCustomersOrderItems(RelatedCustomerTransaction.java:104)
	at transactions.RelatedCustomerTransaction.execute(RelatedCustomerTransaction.java:52)
	at SampleApp.run(SampleApp.java:101)
	at SampleApp.main(SampleApp.java:64)
[Error]: Related Customer Abort Rel *** Related  Customer transaction info: warehouse: 7, district: 9, customer id: 262 *** 

[Error]: NewOrder getStockQty are missing
java.sql.SQLException
	at transactions.NewOrderTransaction.execute(NewOrderTransaction.java:170)
	at SampleApp.run(SampleApp.java:101)
	at SampleApp.main(SampleApp.java:64)
[Error]: New Order Abort New **** New Order Transaction Information ****
CID:2147, WID:7, DID:10, num order-lines:14
Item IDs are:,60455,38246,64228,1923,11742,19167,27363,32455,32487,48727,52711,82557,84631,92897
Quantities:,7,7,7,7,7,7,7,7,7,7,7,7,7,7
Supply warehouse IDs:,5,8,9,2,8,3,7,3,15,6,9,3,8,3

[Error]: NewOrder getStockQty are missing
java.sql.SQLException
	at transactions.NewOrderTransaction.execute(NewOrderTransaction.java:170)
	at SampleApp.run(SampleApp.java:101)
	at SampleApp.main(SampleApp.java:64)
[Error]: New Order Abort New **** New Order Transaction Information ****
CID:66, WID:7, DID:8, num order-lines:13
Item IDs are:,90579,97507,5661,11269,23767,24102,32421,32482,46502,57060,79358,89378,97955
Quantities:,7,7,7,7,7,7,7,7,7,7,7,7,7
Supply warehouse IDs:,8,3,4,8,1,2,8,15,10,9,7,6,3

org.postgresql.util.PSQLException: ERROR: Query error: Restart read required at: { read: { physical: 1667637317984510 } local_limit: { physical: 1667637317984510 } global_limit: <min> in_txn_limit: <max> serial_no: 0 }
	at org.postgresql.core.v3.QueryExecutorImpl.receiveErrorResponse(QueryExecutorImpl.java:2532)
	at org.postgresql.core.v3.QueryExecutorImpl.processResults(QueryExecutorImpl.java:2267)
	at org.postgresql.core.v3.QueryExecutorImpl.execute(QueryExecutorImpl.java:312)
	at org.postgresql.jdbc.PgStatement.executeInternal(PgStatement.java:448)
	at org.postgresql.jdbc.PgStatement.execute(PgStatement.java:369)
	at org.postgresql.jdbc.PgPreparedStatement.executeWithFlags(PgPreparedStatement.java:153)
	at org.postgresql.jdbc.PgPreparedStatement.executeQuery(PgPreparedStatement.java:103)
	at transactions.RelatedCustomerTransaction.getPossibleCustomersOrderItems(RelatedCustomerTransaction.java:104)
	at transactions.RelatedCustomerTransaction.execute(RelatedCustomerTransaction.java:52)
	at SampleApp.run(SampleApp.java:101)
	at SampleApp.main(SampleApp.java:64)
[Error]: Related Customer Abort Rel *** Related  Customer transaction info: warehouse: 7, district: 10, customer id: 2147 *** 

[Error]: NewOrder getStockQty are missing
java.sql.SQLException
	at transactions.NewOrderTransaction.execute(NewOrderTransaction.java:170)
	at SampleApp.run(SampleApp.java:101)
	at SampleApp.main(SampleApp.java:64)
[Error]: New Order Abort New **** New Order Transaction Information ****
CID:1214, WID:7, DID:6, num order-lines:16
Item IDs are:,61115,53467,6214,55509,30107,60607,24022,30695,40531,56935,56999,58726,60131,65031,72039,81542
Quantities:,7,7,7,7,7,7,7,7,7,7,7,7,7,7,7,7
Supply warehouse IDs:,1,5,2,7,6,9,6,1,6,7,19,5,10,3,6,1

