******** Current Client: 14 **********
org.postgresql.util.PSQLException: ERROR: Query error: Restart read required at: { read: { physical: 1667633661470020 } local_limit: { physical: 1667633661470020 } global_limit: <min> in_txn_limit: <max> serial_no: 0 }
	at org.postgresql.core.v3.QueryExecutorImpl.receiveErrorResponse(QueryExecutorImpl.java:2532)
	at org.postgresql.core.v3.QueryExecutorImpl.processResults(QueryExecutorImpl.java:2267)
	at org.postgresql.core.v3.QueryExecutorImpl.execute(QueryExecutorImpl.java:312)
	at org.postgresql.jdbc.PgStatement.executeInternal(PgStatement.java:448)
	at org.postgresql.jdbc.PgStatement.execute(PgStatement.java:369)
	at org.postgresql.jdbc.PgPreparedStatement.executeWithFlags(PgPreparedStatement.java:153)
	at org.postgresql.jdbc.PgPreparedStatement.executeQuery(PgPreparedStatement.java:103)
	at transactions.RelatedCustomerTransaction.getPossibleCustomersOrderItems(RelatedCustomerTransaction.java:104)
	at transactions.RelatedCustomerTransaction.execute(RelatedCustomerTransaction.java:52)
	at SampleApp.run(SampleApp.java:101)
	at SampleApp.main(SampleApp.java:64)
[Error]: Related Customer Abort Rel *** Related  Customer transaction info: warehouse: 8, district: 3, customer id: 1536 *** 

org.postgresql.util.PSQLException: ERROR: Query error: Restart read required at: { read: { physical: 1667633665175256 } local_limit: { physical: 1667633665175256 } global_limit: <min> in_txn_limit: <max> serial_no: 0 }
	at org.postgresql.core.v3.QueryExecutorImpl.receiveErrorResponse(QueryExecutorImpl.java:2532)
	at org.postgresql.core.v3.QueryExecutorImpl.processResults(QueryExecutorImpl.java:2267)
	at org.postgresql.core.v3.QueryExecutorImpl.execute(QueryExecutorImpl.java:312)
	at org.postgresql.jdbc.PgStatement.executeInternal(PgStatement.java:448)
	at org.postgresql.jdbc.PgStatement.execute(PgStatement.java:369)
	at org.postgresql.jdbc.PgPreparedStatement.executeWithFlags(PgPreparedStatement.java:153)
	at org.postgresql.jdbc.PgPreparedStatement.executeQuery(PgPreparedStatement.java:103)
	at transactions.RelatedCustomerTransaction.getPossibleCustomersOrderItems(RelatedCustomerTransaction.java:104)
	at transactions.RelatedCustomerTransaction.execute(RelatedCustomerTransaction.java:52)
	at SampleApp.run(SampleApp.java:101)
	at SampleApp.main(SampleApp.java:64)
[Error]: Related Customer Abort Rel *** Related  Customer transaction info: warehouse: 8, district: 3, customer id: 2305 *** 

[Error]: NewOrder getStockQty are missing
java.sql.SQLException
	at transactions.NewOrderTransaction.execute(NewOrderTransaction.java:170)
	at SampleApp.run(SampleApp.java:101)
	at SampleApp.main(SampleApp.java:64)
[Error]: New Order Abort New **** New Order Transaction Information ****
CID:2911, WID:8, DID:2, num order-lines:18
Item IDs are:,64444,98021,88807,79558,15591,36581,14179,2873,6215,13344,22108,22963,48719,56775,64742,64855,81100,85217
Quantities:,8,8,8,9,8,8,8,8,8,8,8,8,8,8,8,8,8,8
Supply warehouse IDs:,1,12,4,3,3,10,1,10,9,4,1,9,7,2,8,4,10,10

org.postgresql.util.PSQLException: ERROR: Query error: Restart read required at: { read: { physical: 1667633690166284 } local_limit: { physical: 1667633690166284 } global_limit: <min> in_txn_limit: <max> serial_no: 0 }
	at org.postgresql.core.v3.QueryExecutorImpl.receiveErrorResponse(QueryExecutorImpl.java:2532)
	at org.postgresql.core.v3.QueryExecutorImpl.processResults(QueryExecutorImpl.java:2267)
	at org.postgresql.core.v3.QueryExecutorImpl.execute(QueryExecutorImpl.java:312)
	at org.postgresql.jdbc.PgStatement.executeInternal(PgStatement.java:448)
	at org.postgresql.jdbc.PgStatement.execute(PgStatement.java:369)
	at org.postgresql.jdbc.PgPreparedStatement.executeWithFlags(PgPreparedStatement.java:153)
	at org.postgresql.jdbc.PgPreparedStatement.executeQuery(PgPreparedStatement.java:103)
	at transactions.RelatedCustomerTransaction.getPossibleCustomersOrderItems(RelatedCustomerTransaction.java:104)
	at transactions.RelatedCustomerTransaction.execute(RelatedCustomerTransaction.java:52)
	at SampleApp.run(SampleApp.java:101)
	at SampleApp.main(SampleApp.java:64)
[Error]: Related Customer Abort Rel *** Related  Customer transaction info: warehouse: 8, district: 5, customer id: 1146 *** 

org.postgresql.util.PSQLException: ERROR: Query error: Restart read required at: { read: { physical: 1667633695984512 } local_limit: { physical: 1667633695984512 } global_limit: <min> in_txn_limit: <max> serial_no: 0 }
	at org.postgresql.core.v3.QueryExecutorImpl.receiveErrorResponse(QueryExecutorImpl.java:2532)
	at org.postgresql.core.v3.QueryExecutorImpl.processResults(QueryExecutorImpl.java:2267)
	at org.postgresql.core.v3.QueryExecutorImpl.execute(QueryExecutorImpl.java:312)
	at org.postgresql.jdbc.PgStatement.executeInternal(PgStatement.java:448)
	at org.postgresql.jdbc.PgStatement.execute(PgStatement.java:369)
	at org.postgresql.jdbc.PgPreparedStatement.executeWithFlags(PgPreparedStatement.java:153)
	at org.postgresql.jdbc.PgPreparedStatement.executeQuery(PgPreparedStatement.java:103)
	at transactions.RelatedCustomerTransaction.getPossibleCustomersOrderItems(RelatedCustomerTransaction.java:104)
	at transactions.RelatedCustomerTransaction.execute(RelatedCustomerTransaction.java:52)
	at SampleApp.run(SampleApp.java:101)
	at SampleApp.main(SampleApp.java:64)
[Error]: Related Customer Abort Rel *** Related  Customer transaction info: warehouse: 8, district: 1, customer id: 2291 *** 

[Error]: NewOrder getStockQty are missing
java.sql.SQLException
	at transactions.NewOrderTransaction.execute(NewOrderTransaction.java:170)
	at SampleApp.run(SampleApp.java:101)
	at SampleApp.main(SampleApp.java:64)
[Error]: New Order Abort New **** New Order Transaction Information ****
CID:54, WID:8, DID:2, num order-lines:12
Item IDs are:,37350,4929,5695,9957,20199,46774,52710,59039,65239,67293,97895,98023
Quantities:,8,8,8,8,8,8,8,8,8,8,8,8
Supply warehouse IDs:,3,2,3,10,4,1,9,3,9,1,2,14

[Error]: NewOrder getStockQty are missing
java.sql.SQLException
	at transactions.NewOrderTransaction.execute(NewOrderTransaction.java:170)
	at SampleApp.run(SampleApp.java:101)
	at SampleApp.main(SampleApp.java:64)
[Error]: New Order Abort New **** New Order Transaction Information ****
CID:1971, WID:8, DID:4, num order-lines:19
Item IDs are:,68263,83927,11495,56545,16087,13974,48322,85687,52920,38566,5799,30081,34500,44503,64231,73167,77475,85735,96999
Quantities:,8,8,8,8,8,8,8,8,8,8,8,8,8,8,8,8,8,8,8
Supply warehouse IDs:,9,2,10,5,5,5,5,10,8,7,5,9,9,7,18,5,5,3,6

[Error]: NewOrder getStockQty are missing
java.sql.SQLException
	at transactions.NewOrderTransaction.execute(NewOrderTransaction.java:170)
	at SampleApp.run(SampleApp.java:101)
	at SampleApp.main(SampleApp.java:64)
[Error]: New Order Abort New **** New Order Transaction Information ****
CID:2258, WID:8, DID:1, num order-lines:18
Item IDs are:,31795,10596,22695,5887,63719,65247,40376,64996,12318,22939,26661,32487,39325,48379,48775,54565,61005,79581
Quantities:,8,8,8,8,8,8,8,8,8,8,8,8,8,8,8,8,8,8
Supply warehouse IDs:,4,3,1,8,7,4,5,1,10,9,7,11,3,1,3,10,5,3

org.postgresql.util.PSQLException: ERROR: Query error: Restart read required at: { read: { physical: 1667633727280875 } local_limit: { physical: 1667633727280875 } global_limit: <min> in_txn_limit: <max> serial_no: 0 }
	at org.postgresql.core.v3.QueryExecutorImpl.receiveErrorResponse(QueryExecutorImpl.java:2532)
	at org.postgresql.core.v3.QueryExecutorImpl.processResults(QueryExecutorImpl.java:2267)
	at org.postgresql.core.v3.QueryExecutorImpl.execute(QueryExecutorImpl.java:312)
	at org.postgresql.jdbc.PgStatement.executeInternal(PgStatement.java:448)
	at org.postgresql.jdbc.PgStatement.execute(PgStatement.java:369)
	at org.postgresql.jdbc.PgPreparedStatement.executeWithFlags(PgPreparedStatement.java:153)
	at org.postgresql.jdbc.PgPreparedStatement.executeQuery(PgPreparedStatement.java:103)
	at transactions.RelatedCustomerTransaction.getPossibleCustomersOrderItems(RelatedCustomerTransaction.java:104)
	at transactions.RelatedCustomerTransaction.execute(RelatedCustomerTransaction.java:52)
	at SampleApp.run(SampleApp.java:101)
	at SampleApp.main(SampleApp.java:64)
[Error]: Related Customer Abort Rel *** Related  Customer transaction info: warehouse: 8, district: 3, customer id: 2787 *** 

org.postgresql.util.PSQLException: ERROR: Query error: Restart read required at: { read: { physical: 1667633775955561 } local_limit: { physical: 1667633775955561 } global_limit: <min> in_txn_limit: <max> serial_no: 0 }
	at org.postgresql.core.v3.QueryExecutorImpl.receiveErrorResponse(QueryExecutorImpl.java:2532)
	at org.postgresql.core.v3.QueryExecutorImpl.processResults(QueryExecutorImpl.java:2267)
	at org.postgresql.core.v3.QueryExecutorImpl.execute(QueryExecutorImpl.java:312)
	at org.postgresql.jdbc.PgStatement.executeInternal(PgStatement.java:448)
	at org.postgresql.jdbc.PgStatement.execute(PgStatement.java:369)
	at org.postgresql.jdbc.PgPreparedStatement.executeWithFlags(PgPreparedStatement.java:153)
	at org.postgresql.jdbc.PgPreparedStatement.executeQuery(PgPreparedStatement.java:103)
	at transactions.RelatedCustomerTransaction.getPossibleCustomersOrderItems(RelatedCustomerTransaction.java:104)
	at transactions.RelatedCustomerTransaction.execute(RelatedCustomerTransaction.java:52)
	at SampleApp.run(SampleApp.java:101)
	at SampleApp.main(SampleApp.java:64)
[Error]: Related Customer Abort Rel *** Related  Customer transaction info: warehouse: 8, district: 3, customer id: 1283 *** 

[Error]: NewOrder getStockQty are missing
java.sql.SQLException
	at transactions.NewOrderTransaction.execute(NewOrderTransaction.java:170)
	at SampleApp.run(SampleApp.java:101)
	at SampleApp.main(SampleApp.java:64)
[Error]: New Order Abort New **** New Order Transaction Information ****
CID:179, WID:8, DID:4, num order-lines:15
Item IDs are:,46231,57557,81635,72551,80607,3879,17635,22114,22614,56039,57062,72807,81639,87495,92391
Quantities:,8,8,8,8,8,8,8,8,8,8,8,8,8,8,8
Supply warehouse IDs:,3,3,2,8,4,8,5,2,6,2,9,8,15,4,3

org.postgresql.util.PSQLException: ERROR: Query error: Restart read required at: { read: { physical: 1667633821180046 logical: 1 } local_limit: { physical: 1667633821180046 logical: 1 } global_limit: <min> in_txn_limit: <max> serial_no: 0 }
	at org.postgresql.core.v3.QueryExecutorImpl.receiveErrorResponse(QueryExecutorImpl.java:2532)
	at org.postgresql.core.v3.QueryExecutorImpl.processResults(QueryExecutorImpl.java:2267)
	at org.postgresql.core.v3.QueryExecutorImpl.execute(QueryExecutorImpl.java:312)
	at org.postgresql.jdbc.PgStatement.executeInternal(PgStatement.java:448)
	at org.postgresql.jdbc.PgStatement.execute(PgStatement.java:369)
	at org.postgresql.jdbc.PgPreparedStatement.executeWithFlags(PgPreparedStatement.java:153)
	at org.postgresql.jdbc.PgPreparedStatement.executeQuery(PgPreparedStatement.java:103)
	at transactions.RelatedCustomerTransaction.getPossibleCustomersOrderItems(RelatedCustomerTransaction.java:104)
	at transactions.RelatedCustomerTransaction.execute(RelatedCustomerTransaction.java:52)
	at SampleApp.run(SampleApp.java:101)
	at SampleApp.main(SampleApp.java:64)
[Error]: Related Customer Abort Rel *** Related  Customer transaction info: warehouse: 8, district: 3, customer id: 634 *** 

org.postgresql.util.PSQLException: ERROR: Query error: Restart read required at: { read: { physical: 1667633823892997 } local_limit: { physical: 1667633823892997 } global_limit: <min> in_txn_limit: <max> serial_no: 0 }
	at org.postgresql.core.v3.QueryExecutorImpl.receiveErrorResponse(QueryExecutorImpl.java:2532)
	at org.postgresql.core.v3.QueryExecutorImpl.processResults(QueryExecutorImpl.java:2267)
	at org.postgresql.core.v3.QueryExecutorImpl.execute(QueryExecutorImpl.java:312)
	at org.postgresql.jdbc.PgStatement.executeInternal(PgStatement.java:448)
	at org.postgresql.jdbc.PgStatement.execute(PgStatement.java:369)
	at org.postgresql.jdbc.PgPreparedStatement.executeWithFlags(PgPreparedStatement.java:153)
	at org.postgresql.jdbc.PgPreparedStatement.executeQuery(PgPreparedStatement.java:103)
	at transactions.RelatedCustomerTransaction.getPossibleCustomersOrderItems(RelatedCustomerTransaction.java:104)
	at transactions.RelatedCustomerTransaction.execute(RelatedCustomerTransaction.java:52)
	at SampleApp.run(SampleApp.java:101)
	at SampleApp.main(SampleApp.java:64)
[Error]: Related Customer Abort Rel *** Related  Customer transaction info: warehouse: 8, district: 2, customer id: 2778 *** 

[Error]: NewOrder getStockQty are missing
java.sql.SQLException
	at transactions.NewOrderTransaction.execute(NewOrderTransaction.java:170)
	at SampleApp.run(SampleApp.java:101)
	at SampleApp.main(SampleApp.java:64)
[Error]: New Order Abort New **** New Order Transaction Information ****
CID:735, WID:8, DID:5, num order-lines:7
Item IDs are:,2119,4391,23271,31415,51431,54581,96993
Quantities:,8,8,8,8,8,8,8
Supply warehouse IDs:,2,4,6,20,5,4,2

org.postgresql.util.PSQLException: ERROR: Query error: Restart read required at: { read: { physical: 1667633834239940 logical: 8 } local_limit: { physical: 1667633834239940 logical: 8 } global_limit: <min> in_txn_limit: <max> serial_no: 0 }
	at org.postgresql.core.v3.QueryExecutorImpl.receiveErrorResponse(QueryExecutorImpl.java:2532)
	at org.postgresql.core.v3.QueryExecutorImpl.processResults(QueryExecutorImpl.java:2267)
	at org.postgresql.core.v3.QueryExecutorImpl.execute(QueryExecutorImpl.java:312)
	at org.postgresql.jdbc.PgStatement.executeInternal(PgStatement.java:448)
	at org.postgresql.jdbc.PgStatement.execute(PgStatement.java:369)
	at org.postgresql.jdbc.PgPreparedStatement.executeWithFlags(PgPreparedStatement.java:153)
	at org.postgresql.jdbc.PgPreparedStatement.executeQuery(PgPreparedStatement.java:103)
	at transactions.RelatedCustomerTransaction.getPossibleCustomersOrderItems(RelatedCustomerTransaction.java:104)
	at transactions.RelatedCustomerTransaction.execute(RelatedCustomerTransaction.java:52)
	at SampleApp.run(SampleApp.java:101)
	at SampleApp.main(SampleApp.java:64)
[Error]: Related Customer Abort Rel *** Related  Customer transaction info: warehouse: 8, district: 1, customer id: 243 *** 

org.postgresql.util.PSQLException: ERROR: Query error: Restart read required at: { read: { physical: 1667633848068536 } local_limit: { physical: 1667633848068536 } global_limit: <min> in_txn_limit: <max> serial_no: 0 }
	at org.postgresql.core.v3.QueryExecutorImpl.receiveErrorResponse(QueryExecutorImpl.java:2532)
	at org.postgresql.core.v3.QueryExecutorImpl.processResults(QueryExecutorImpl.java:2267)
	at org.postgresql.core.v3.QueryExecutorImpl.execute(QueryExecutorImpl.java:312)
	at org.postgresql.jdbc.PgStatement.executeInternal(PgStatement.java:448)
	at org.postgresql.jdbc.PgStatement.execute(PgStatement.java:369)
	at org.postgresql.jdbc.PgPreparedStatement.executeWithFlags(PgPreparedStatement.java:153)
	at org.postgresql.jdbc.PgPreparedStatement.executeQuery(PgPreparedStatement.java:103)
	at transactions.RelatedCustomerTransaction.getPossibleCustomersOrderItems(RelatedCustomerTransaction.java:104)
	at transactions.RelatedCustomerTransaction.execute(RelatedCustomerTransaction.java:52)
	at SampleApp.run(SampleApp.java:101)
	at SampleApp.main(SampleApp.java:64)
[Error]: Related Customer Abort Rel *** Related  Customer transaction info: warehouse: 8, district: 4, customer id: 2307 *** 

[Error]: NewOrder getStockQty are missing
java.sql.SQLException
	at transactions.NewOrderTransaction.execute(NewOrderTransaction.java:170)
	at SampleApp.run(SampleApp.java:101)
	at SampleApp.main(SampleApp.java:64)
[Error]: New Order Abort New **** New Order Transaction Information ****
CID:459, WID:8, DID:4, num order-lines:16
Item IDs are:,72935,6145,37605,23773,81639,10471,23191,23766,31761,38194,57047,65175,73166,73437,86663,86678
Quantities:,8,8,8,8,8,8,8,8,8,8,8,8,8,8,8,8
Supply warehouse IDs:,5,6,2,6,7,9,11,10,9,6,7,4,3,2,4,9

[Error]: NewOrder getStockQty are missing
java.sql.SQLException
	at transactions.NewOrderTransaction.execute(NewOrderTransaction.java:170)
	at SampleApp.run(SampleApp.java:101)
	at SampleApp.main(SampleApp.java:64)
[Error]: New Order Abort New **** New Order Transaction Information ****
CID:2274, WID:8, DID:2, num order-lines:7
Item IDs are:,3937,15078,47847,52787,61007,63202,89679
Quantities:,8,8,8,8,8,8,8
Supply warehouse IDs:,4,6,7,5,2,1,16

[Error]: NewOrder getStockQty are missing
java.sql.SQLException
	at transactions.NewOrderTransaction.execute(NewOrderTransaction.java:170)
	at SampleApp.run(SampleApp.java:101)
	at SampleApp.main(SampleApp.java:64)
[Error]: New Order Abort New **** New Order Transaction Information ****
CID:330, WID:8, DID:4, num order-lines:19
Item IDs are:,65158,95671,61095,15587,19919,44575,16093,1319,3363,6075,6159,14743,31463,62871,72982,88742,89156,89789,97639
Quantities:,8,8,8,8,8,8,8,8,8,8,8,8,8,8,8,8,8,8,8
Supply warehouse IDs:,7,9,2,5,3,1,7,4,4,8,5,10,15,3,5,10,9,4,10

org.postgresql.util.PSQLException: ERROR: Query error: Restart read required at: { read: { physical: 1667633891703996 } local_limit: { physical: 1667633891703996 } global_limit: <min> in_txn_limit: <max> serial_no: 0 }
	at org.postgresql.core.v3.QueryExecutorImpl.receiveErrorResponse(QueryExecutorImpl.java:2532)
	at org.postgresql.core.v3.QueryExecutorImpl.processResults(QueryExecutorImpl.java:2267)
	at org.postgresql.core.v3.QueryExecutorImpl.execute(QueryExecutorImpl.java:312)
	at org.postgresql.jdbc.PgStatement.executeInternal(PgStatement.java:448)
	at org.postgresql.jdbc.PgStatement.execute(PgStatement.java:369)
	at org.postgresql.jdbc.PgPreparedStatement.executeWithFlags(PgPreparedStatement.java:153)
	at org.postgresql.jdbc.PgPreparedStatement.executeQuery(PgPreparedStatement.java:103)
	at transactions.RelatedCustomerTransaction.getPossibleCustomersOrderItems(RelatedCustomerTransaction.java:104)
	at transactions.RelatedCustomerTransaction.execute(RelatedCustomerTransaction.java:52)
	at SampleApp.run(SampleApp.java:101)
	at SampleApp.main(SampleApp.java:64)
[Error]: Related Customer Abort Rel *** Related  Customer transaction info: warehouse: 8, district: 2, customer id: 266 *** 

org.postgresql.util.PSQLException: ERROR: Query error: Restart read required at: { read: { physical: 1667633897389313 } local_limit: { physical: 1667633897389313 } global_limit: <min> in_txn_limit: <max> serial_no: 0 }
	at org.postgresql.core.v3.QueryExecutorImpl.receiveErrorResponse(QueryExecutorImpl.java:2532)
	at org.postgresql.core.v3.QueryExecutorImpl.processResults(QueryExecutorImpl.java:2267)
	at org.postgresql.core.v3.QueryExecutorImpl.execute(QueryExecutorImpl.java:312)
	at org.postgresql.jdbc.PgStatement.executeInternal(PgStatement.java:448)
	at org.postgresql.jdbc.PgStatement.execute(PgStatement.java:369)
	at org.postgresql.jdbc.PgPreparedStatement.executeWithFlags(PgPreparedStatement.java:153)
	at org.postgresql.jdbc.PgPreparedStatement.executeQuery(PgPreparedStatement.java:103)
	at transactions.RelatedCustomerTransaction.getPossibleCustomersOrderItems(RelatedCustomerTransaction.java:104)
	at transactions.RelatedCustomerTransaction.execute(RelatedCustomerTransaction.java:52)
	at SampleApp.run(SampleApp.java:101)
	at SampleApp.main(SampleApp.java:64)
[Error]: Related Customer Abort Rel *** Related  Customer transaction info: warehouse: 8, district: 5, customer id: 1203 *** 

org.postgresql.util.PSQLException: ERROR: Query error: Restart read required at: { read: { physical: 1667633903149899 } local_limit: { physical: 1667633903149899 } global_limit: <min> in_txn_limit: <max> serial_no: 0 }
	at org.postgresql.core.v3.QueryExecutorImpl.receiveErrorResponse(QueryExecutorImpl.java:2532)
	at org.postgresql.core.v3.QueryExecutorImpl.processResults(QueryExecutorImpl.java:2267)
	at org.postgresql.core.v3.QueryExecutorImpl.execute(QueryExecutorImpl.java:312)
	at org.postgresql.jdbc.PgStatement.executeInternal(PgStatement.java:448)
	at org.postgresql.jdbc.PgStatement.execute(PgStatement.java:369)
	at org.postgresql.jdbc.PgPreparedStatement.executeWithFlags(PgPreparedStatement.java:153)
	at org.postgresql.jdbc.PgPreparedStatement.executeQuery(PgPreparedStatement.java:103)
	at transactions.RelatedCustomerTransaction.getPossibleCustomersOrderItems(RelatedCustomerTransaction.java:104)
	at transactions.RelatedCustomerTransaction.execute(RelatedCustomerTransaction.java:52)
	at SampleApp.run(SampleApp.java:101)
	at SampleApp.main(SampleApp.java:64)
[Error]: Related Customer Abort Rel *** Related  Customer transaction info: warehouse: 8, district: 5, customer id: 1002 *** 

org.postgresql.util.PSQLException: ERROR: Query error: Restart read required at: { read: { physical: 1667633909822612 } local_limit: { physical: 1667633909822612 } global_limit: <min> in_txn_limit: <max> serial_no: 0 }
	at org.postgresql.core.v3.QueryExecutorImpl.receiveErrorResponse(QueryExecutorImpl.java:2532)
	at org.postgresql.core.v3.QueryExecutorImpl.processResults(QueryExecutorImpl.java:2267)
	at org.postgresql.core.v3.QueryExecutorImpl.execute(QueryExecutorImpl.java:312)
	at org.postgresql.jdbc.PgStatement.executeInternal(PgStatement.java:448)
	at org.postgresql.jdbc.PgStatement.execute(PgStatement.java:369)
	at org.postgresql.jdbc.PgPreparedStatement.executeWithFlags(PgPreparedStatement.java:153)
	at org.postgresql.jdbc.PgPreparedStatement.executeQuery(PgPreparedStatement.java:103)
	at transactions.RelatedCustomerTransaction.getPossibleCustomersOrderItems(RelatedCustomerTransaction.java:104)
	at transactions.RelatedCustomerTransaction.execute(RelatedCustomerTransaction.java:52)
	at SampleApp.run(SampleApp.java:101)
	at SampleApp.main(SampleApp.java:64)
[Error]: Related Customer Abort Rel *** Related  Customer transaction info: warehouse: 8, district: 2, customer id: 1213 *** 

org.postgresql.util.PSQLException: ERROR: Query error: Restart read required at: { read: { physical: 1667633918394306 } local_limit: { physical: 1667633918394306 } global_limit: <min> in_txn_limit: <max> serial_no: 0 }
	at org.postgresql.core.v3.QueryExecutorImpl.receiveErrorResponse(QueryExecutorImpl.java:2532)
	at org.postgresql.core.v3.QueryExecutorImpl.processResults(QueryExecutorImpl.java:2267)
	at org.postgresql.core.v3.QueryExecutorImpl.execute(QueryExecutorImpl.java:312)
	at org.postgresql.jdbc.PgStatement.executeInternal(PgStatement.java:448)
	at org.postgresql.jdbc.PgStatement.execute(PgStatement.java:369)
	at org.postgresql.jdbc.PgPreparedStatement.executeWithFlags(PgPreparedStatement.java:153)
	at org.postgresql.jdbc.PgPreparedStatement.executeQuery(PgPreparedStatement.java:103)
	at transactions.RelatedCustomerTransaction.getPossibleCustomersOrderItems(RelatedCustomerTransaction.java:104)
	at transactions.RelatedCustomerTransaction.execute(RelatedCustomerTransaction.java:52)
	at SampleApp.run(SampleApp.java:101)
	at SampleApp.main(SampleApp.java:64)
[Error]: Related Customer Abort Rel *** Related  Customer transaction info: warehouse: 8, district: 3, customer id: 930 *** 

org.postgresql.util.PSQLException: ERROR: Query error: Restart read required at: { read: { physical: 1667633922966116 } local_limit: { physical: 1667633922966116 } global_limit: <min> in_txn_limit: <max> serial_no: 0 }
	at org.postgresql.core.v3.QueryExecutorImpl.receiveErrorResponse(QueryExecutorImpl.java:2532)
	at org.postgresql.core.v3.QueryExecutorImpl.processResults(QueryExecutorImpl.java:2267)
	at org.postgresql.core.v3.QueryExecutorImpl.execute(QueryExecutorImpl.java:312)
	at org.postgresql.jdbc.PgStatement.executeInternal(PgStatement.java:448)
	at org.postgresql.jdbc.PgStatement.execute(PgStatement.java:369)
	at org.postgresql.jdbc.PgPreparedStatement.executeWithFlags(PgPreparedStatement.java:153)
	at org.postgresql.jdbc.PgPreparedStatement.executeQuery(PgPreparedStatement.java:103)
	at transactions.RelatedCustomerTransaction.getPossibleCustomersOrderItems(RelatedCustomerTransaction.java:104)
	at transactions.RelatedCustomerTransaction.execute(RelatedCustomerTransaction.java:52)
	at SampleApp.run(SampleApp.java:101)
	at SampleApp.main(SampleApp.java:64)
[Error]: Related Customer Abort Rel *** Related  Customer transaction info: warehouse: 8, district: 4, customer id: 35 *** 

org.postgresql.util.PSQLException: ERROR: Query error: Restart read required at: { read: { physical: 1667633946739694 } local_limit: { physical: 1667633946739694 } global_limit: <min> in_txn_limit: <max> serial_no: 0 }
	at org.postgresql.core.v3.QueryExecutorImpl.receiveErrorResponse(QueryExecutorImpl.java:2532)
	at org.postgresql.core.v3.QueryExecutorImpl.processResults(QueryExecutorImpl.java:2267)
	at org.postgresql.core.v3.QueryExecutorImpl.execute(QueryExecutorImpl.java:312)
	at org.postgresql.jdbc.PgStatement.executeInternal(PgStatement.java:448)
	at org.postgresql.jdbc.PgStatement.execute(PgStatement.java:369)
	at org.postgresql.jdbc.PgPreparedStatement.executeWithFlags(PgPreparedStatement.java:153)
	at org.postgresql.jdbc.PgPreparedStatement.executeQuery(PgPreparedStatement.java:103)
	at transactions.RelatedCustomerTransaction.getPossibleCustomersOrderItems(RelatedCustomerTransaction.java:104)
	at transactions.RelatedCustomerTransaction.execute(RelatedCustomerTransaction.java:52)
	at SampleApp.run(SampleApp.java:101)
	at SampleApp.main(SampleApp.java:64)
[Error]: Related Customer Abort Rel *** Related  Customer transaction info: warehouse: 8, district: 5, customer id: 697 *** 

org.postgresql.util.PSQLException: ERROR: Query error: Restart read required at: { read: { physical: 1667633960919644 } local_limit: { physical: 1667633960919644 } global_limit: <min> in_txn_limit: <max> serial_no: 0 }
	at org.postgresql.core.v3.QueryExecutorImpl.receiveErrorResponse(QueryExecutorImpl.java:2532)
	at org.postgresql.core.v3.QueryExecutorImpl.processResults(QueryExecutorImpl.java:2267)
	at org.postgresql.core.v3.QueryExecutorImpl.execute(QueryExecutorImpl.java:312)
	at org.postgresql.jdbc.PgStatement.executeInternal(PgStatement.java:448)
	at org.postgresql.jdbc.PgStatement.execute(PgStatement.java:369)
	at org.postgresql.jdbc.PgPreparedStatement.executeWithFlags(PgPreparedStatement.java:153)
	at org.postgresql.jdbc.PgPreparedStatement.executeQuery(PgPreparedStatement.java:103)
	at transactions.RelatedCustomerTransaction.getPossibleCustomersOrderItems(RelatedCustomerTransaction.java:104)
	at transactions.RelatedCustomerTransaction.execute(RelatedCustomerTransaction.java:52)
	at SampleApp.run(SampleApp.java:101)
	at SampleApp.main(SampleApp.java:64)
[Error]: Related Customer Abort Rel *** Related  Customer transaction info: warehouse: 8, district: 5, customer id: 1771 *** 

[Error]: NewOrder getStockQty are missing
java.sql.SQLException
	at transactions.NewOrderTransaction.execute(NewOrderTransaction.java:170)
	at SampleApp.run(SampleApp.java:101)
	at SampleApp.main(SampleApp.java:64)
[Error]: New Order Abort New **** New Order Transaction Information ****
CID:2267, WID:8, DID:1, num order-lines:13
Item IDs are:,80577,37591,89831,40439,5108,27367,48455,73053,73447,77511,85703,87255,97893
Quantities:,8,8,8,8,8,8,8,8,8,8,8,8,8
Supply warehouse IDs:,8,6,6,2,6,10,6,6,16,5,4,7,2

org.postgresql.util.PSQLException: ERROR: Query error: Restart read required at: { read: { physical: 1667633978838528 } local_limit: { physical: 1667633978838528 } global_limit: <min> in_txn_limit: <max> serial_no: 0 }
	at org.postgresql.core.v3.QueryExecutorImpl.receiveErrorResponse(QueryExecutorImpl.java:2532)
	at org.postgresql.core.v3.QueryExecutorImpl.processResults(QueryExecutorImpl.java:2267)
	at org.postgresql.core.v3.QueryExecutorImpl.execute(QueryExecutorImpl.java:312)
	at org.postgresql.jdbc.PgStatement.executeInternal(PgStatement.java:448)
	at org.postgresql.jdbc.PgStatement.execute(PgStatement.java:369)
	at org.postgresql.jdbc.PgPreparedStatement.executeWithFlags(PgPreparedStatement.java:153)
	at org.postgresql.jdbc.PgPreparedStatement.executeQuery(PgPreparedStatement.java:103)
	at transactions.RelatedCustomerTransaction.getPossibleCustomersOrderItems(RelatedCustomerTransaction.java:104)
	at transactions.RelatedCustomerTransaction.execute(RelatedCustomerTransaction.java:52)
	at SampleApp.run(SampleApp.java:101)
	at SampleApp.main(SampleApp.java:64)
[Error]: Related Customer Abort Rel *** Related  Customer transaction info: warehouse: 8, district: 1, customer id: 1711 *** 

org.postgresql.util.PSQLException: ERROR: Query error: Restart read required at: { read: { physical: 1667633985741595 } local_limit: { physical: 1667633985741595 } global_limit: <min> in_txn_limit: <max> serial_no: 0 }
	at org.postgresql.core.v3.QueryExecutorImpl.receiveErrorResponse(QueryExecutorImpl.java:2532)
	at org.postgresql.core.v3.QueryExecutorImpl.processResults(QueryExecutorImpl.java:2267)
	at org.postgresql.core.v3.QueryExecutorImpl.execute(QueryExecutorImpl.java:312)
	at org.postgresql.jdbc.PgStatement.executeInternal(PgStatement.java:448)
	at org.postgresql.jdbc.PgStatement.execute(PgStatement.java:369)
	at org.postgresql.jdbc.PgPreparedStatement.executeWithFlags(PgPreparedStatement.java:153)
	at org.postgresql.jdbc.PgPreparedStatement.executeQuery(PgPreparedStatement.java:103)
	at transactions.RelatedCustomerTransaction.getPossibleCustomersOrderItems(RelatedCustomerTransaction.java:104)
	at transactions.RelatedCustomerTransaction.execute(RelatedCustomerTransaction.java:52)
	at SampleApp.run(SampleApp.java:101)
	at SampleApp.main(SampleApp.java:64)
[Error]: Related Customer Abort Rel *** Related  Customer transaction info: warehouse: 8, district: 5, customer id: 1793 *** 

org.postgresql.util.PSQLException: ERROR: Query error: Restart read required at: { read: { physical: 1667634010844684 } local_limit: { physical: 1667634010844684 } global_limit: <min> in_txn_limit: <max> serial_no: 0 }
	at org.postgresql.core.v3.QueryExecutorImpl.receiveErrorResponse(QueryExecutorImpl.java:2532)
	at org.postgresql.core.v3.QueryExecutorImpl.processResults(QueryExecutorImpl.java:2267)
	at org.postgresql.core.v3.QueryExecutorImpl.execute(QueryExecutorImpl.java:312)
	at org.postgresql.jdbc.PgStatement.executeInternal(PgStatement.java:448)
	at org.postgresql.jdbc.PgStatement.execute(PgStatement.java:369)
	at org.postgresql.jdbc.PgPreparedStatement.executeWithFlags(PgPreparedStatement.java:153)
	at org.postgresql.jdbc.PgPreparedStatement.executeQuery(PgPreparedStatement.java:103)
	at transactions.RelatedCustomerTransaction.getPossibleCustomersOrderItems(RelatedCustomerTransaction.java:104)
	at transactions.RelatedCustomerTransaction.execute(RelatedCustomerTransaction.java:52)
	at SampleApp.run(SampleApp.java:101)
	at SampleApp.main(SampleApp.java:64)
[Error]: Related Customer Abort Rel *** Related  Customer transaction info: warehouse: 8, district: 2, customer id: 735 *** 

org.postgresql.util.PSQLException: ERROR: Query error: Restart read required at: { read: { physical: 1667634015626651 } local_limit: { physical: 1667634015626651 } global_limit: <min> in_txn_limit: <max> serial_no: 0 }
	at org.postgresql.core.v3.QueryExecutorImpl.receiveErrorResponse(QueryExecutorImpl.java:2532)
	at org.postgresql.core.v3.QueryExecutorImpl.processResults(QueryExecutorImpl.java:2267)
	at org.postgresql.core.v3.QueryExecutorImpl.execute(QueryExecutorImpl.java:312)
	at org.postgresql.jdbc.PgStatement.executeInternal(PgStatement.java:448)
	at org.postgresql.jdbc.PgStatement.execute(PgStatement.java:369)
	at org.postgresql.jdbc.PgPreparedStatement.executeWithFlags(PgPreparedStatement.java:153)
	at org.postgresql.jdbc.PgPreparedStatement.executeQuery(PgPreparedStatement.java:103)
	at transactions.RelatedCustomerTransaction.getPossibleCustomersOrderItems(RelatedCustomerTransaction.java:104)
	at transactions.RelatedCustomerTransaction.execute(RelatedCustomerTransaction.java:52)
	at SampleApp.run(SampleApp.java:101)
	at SampleApp.main(SampleApp.java:64)
[Error]: Related Customer Abort Rel *** Related  Customer transaction info: warehouse: 8, district: 2, customer id: 2305 *** 

org.postgresql.util.PSQLException: ERROR: Query error: Restart read required at: { read: { physical: 1667634024830148 } local_limit: { physical: 1667634024830148 } global_limit: <min> in_txn_limit: <max> serial_no: 0 }
	at org.postgresql.core.v3.QueryExecutorImpl.receiveErrorResponse(QueryExecutorImpl.java:2532)
	at org.postgresql.core.v3.QueryExecutorImpl.processResults(QueryExecutorImpl.java:2267)
	at org.postgresql.core.v3.QueryExecutorImpl.execute(QueryExecutorImpl.java:312)
	at org.postgresql.jdbc.PgStatement.executeInternal(PgStatement.java:448)
	at org.postgresql.jdbc.PgStatement.execute(PgStatement.java:369)
	at org.postgresql.jdbc.PgPreparedStatement.executeWithFlags(PgPreparedStatement.java:153)
	at org.postgresql.jdbc.PgPreparedStatement.executeQuery(PgPreparedStatement.java:103)
	at transactions.RelatedCustomerTransaction.getPossibleCustomersOrderItems(RelatedCustomerTransaction.java:104)
	at transactions.RelatedCustomerTransaction.execute(RelatedCustomerTransaction.java:52)
	at SampleApp.run(SampleApp.java:101)
	at SampleApp.main(SampleApp.java:64)
[Error]: Related Customer Abort Rel *** Related  Customer transaction info: warehouse: 8, district: 4, customer id: 1938 *** 

org.postgresql.util.PSQLException: ERROR: Query error: Restart read required at: { read: { physical: 1667634031293146 } local_limit: { physical: 1667634031293146 } global_limit: <min> in_txn_limit: <max> serial_no: 0 }
	at org.postgresql.core.v3.QueryExecutorImpl.receiveErrorResponse(QueryExecutorImpl.java:2532)
	at org.postgresql.core.v3.QueryExecutorImpl.processResults(QueryExecutorImpl.java:2267)
	at org.postgresql.core.v3.QueryExecutorImpl.execute(QueryExecutorImpl.java:312)
	at org.postgresql.jdbc.PgStatement.executeInternal(PgStatement.java:448)
	at org.postgresql.jdbc.PgStatement.execute(PgStatement.java:369)
	at org.postgresql.jdbc.PgPreparedStatement.executeWithFlags(PgPreparedStatement.java:153)
	at org.postgresql.jdbc.PgPreparedStatement.executeQuery(PgPreparedStatement.java:103)
	at transactions.RelatedCustomerTransaction.getPossibleCustomersOrderItems(RelatedCustomerTransaction.java:104)
	at transactions.RelatedCustomerTransaction.execute(RelatedCustomerTransaction.java:52)
	at SampleApp.run(SampleApp.java:101)
	at SampleApp.main(SampleApp.java:64)
[Error]: Related Customer Abort Rel *** Related  Customer transaction info: warehouse: 8, district: 4, customer id: 1282 *** 

org.postgresql.util.PSQLException: ERROR: Query error: Restart read required at: { read: { physical: 1667634046751690 } local_limit: { physical: 1667634046751690 } global_limit: <min> in_txn_limit: <max> serial_no: 0 }
	at org.postgresql.core.v3.QueryExecutorImpl.receiveErrorResponse(QueryExecutorImpl.java:2532)
	at org.postgresql.core.v3.QueryExecutorImpl.processResults(QueryExecutorImpl.java:2267)
	at org.postgresql.core.v3.QueryExecutorImpl.execute(QueryExecutorImpl.java:312)
	at org.postgresql.jdbc.PgStatement.executeInternal(PgStatement.java:448)
	at org.postgresql.jdbc.PgStatement.execute(PgStatement.java:369)
	at org.postgresql.jdbc.PgPreparedStatement.executeWithFlags(PgPreparedStatement.java:153)
	at org.postgresql.jdbc.PgPreparedStatement.executeQuery(PgPreparedStatement.java:103)
	at transactions.RelatedCustomerTransaction.getPossibleCustomersOrderItems(RelatedCustomerTransaction.java:104)
	at transactions.RelatedCustomerTransaction.execute(RelatedCustomerTransaction.java:52)
	at SampleApp.run(SampleApp.java:101)
	at SampleApp.main(SampleApp.java:64)
[Error]: Related Customer Abort Rel *** Related  Customer transaction info: warehouse: 8, district: 3, customer id: 2294 *** 

org.postgresql.util.PSQLException: ERROR: Query error: Restart read required at: { read: { physical: 1667634050269138 } local_limit: { physical: 1667634050269138 } global_limit: <min> in_txn_limit: <max> serial_no: 0 }
	at org.postgresql.core.v3.QueryExecutorImpl.receiveErrorResponse(QueryExecutorImpl.java:2532)
	at org.postgresql.core.v3.QueryExecutorImpl.processResults(QueryExecutorImpl.java:2267)
	at org.postgresql.core.v3.QueryExecutorImpl.execute(QueryExecutorImpl.java:312)
	at org.postgresql.jdbc.PgStatement.executeInternal(PgStatement.java:448)
	at org.postgresql.jdbc.PgStatement.execute(PgStatement.java:369)
	at org.postgresql.jdbc.PgPreparedStatement.executeWithFlags(PgPreparedStatement.java:153)
	at org.postgresql.jdbc.PgPreparedStatement.executeQuery(PgPreparedStatement.java:103)
	at transactions.RelatedCustomerTransaction.getPossibleCustomersOrderItems(RelatedCustomerTransaction.java:104)
	at transactions.RelatedCustomerTransaction.execute(RelatedCustomerTransaction.java:52)
	at SampleApp.run(SampleApp.java:101)
	at SampleApp.main(SampleApp.java:64)
[Error]: Related Customer Abort Rel *** Related  Customer transaction info: warehouse: 8, district: 4, customer id: 264 *** 

[Error]: NewOrder getStockQty are missing
java.sql.SQLException
	at transactions.NewOrderTransaction.execute(NewOrderTransaction.java:170)
	at SampleApp.run(SampleApp.java:101)
	at SampleApp.main(SampleApp.java:64)
[Error]: New Order Abort New **** New Order Transaction Information ****
CID:1731, WID:8, DID:2, num order-lines:7
Item IDs are:,9527,40495,40615,40679,81377,81635,87207
Quantities:,8,8,8,8,8,8,8
Supply warehouse IDs:,3,10,3,17,4,9,1

org.postgresql.util.PSQLException: ERROR: Query error: Restart read required at: { read: { physical: 1667634072908335 } local_limit: { physical: 1667634072908335 } global_limit: <min> in_txn_limit: <max> serial_no: 0 }
	at org.postgresql.core.v3.QueryExecutorImpl.receiveErrorResponse(QueryExecutorImpl.java:2532)
	at org.postgresql.core.v3.QueryExecutorImpl.processResults(QueryExecutorImpl.java:2267)
	at org.postgresql.core.v3.QueryExecutorImpl.execute(QueryExecutorImpl.java:312)
	at org.postgresql.jdbc.PgStatement.executeInternal(PgStatement.java:448)
	at org.postgresql.jdbc.PgStatement.execute(PgStatement.java:369)
	at org.postgresql.jdbc.PgPreparedStatement.executeWithFlags(PgPreparedStatement.java:153)
	at org.postgresql.jdbc.PgPreparedStatement.executeQuery(PgPreparedStatement.java:103)
	at transactions.RelatedCustomerTransaction.getPossibleCustomersOrderItems(RelatedCustomerTransaction.java:104)
	at transactions.RelatedCustomerTransaction.execute(RelatedCustomerTransaction.java:52)
	at SampleApp.run(SampleApp.java:101)
	at SampleApp.main(SampleApp.java:64)
[Error]: Related Customer Abort Rel *** Related  Customer transaction info: warehouse: 8, district: 5, customer id: 2027 *** 

org.postgresql.util.PSQLException: ERROR: Query error: Restart read required at: { read: { physical: 1667634084904660 } local_limit: { physical: 1667634084904660 } global_limit: <min> in_txn_limit: <max> serial_no: 0 }
	at org.postgresql.core.v3.QueryExecutorImpl.receiveErrorResponse(QueryExecutorImpl.java:2532)
	at org.postgresql.core.v3.QueryExecutorImpl.processResults(QueryExecutorImpl.java:2267)
	at org.postgresql.core.v3.QueryExecutorImpl.execute(QueryExecutorImpl.java:312)
	at org.postgresql.jdbc.PgStatement.executeInternal(PgStatement.java:448)
	at org.postgresql.jdbc.PgStatement.execute(PgStatement.java:369)
	at org.postgresql.jdbc.PgPreparedStatement.executeWithFlags(PgPreparedStatement.java:153)
	at org.postgresql.jdbc.PgPreparedStatement.executeQuery(PgPreparedStatement.java:103)
	at transactions.RelatedCustomerTransaction.getPossibleCustomersOrderItems(RelatedCustomerTransaction.java:104)
	at transactions.RelatedCustomerTransaction.execute(RelatedCustomerTransaction.java:52)
	at SampleApp.run(SampleApp.java:101)
	at SampleApp.main(SampleApp.java:64)
[Error]: Related Customer Abort Rel *** Related  Customer transaction info: warehouse: 8, district: 4, customer id: 1027 *** 

org.postgresql.util.PSQLException: ERROR: Query error: Restart read required at: { read: { physical: 1667634087247319 } local_limit: { physical: 1667634087247319 } global_limit: <min> in_txn_limit: <max> serial_no: 0 }
	at org.postgresql.core.v3.QueryExecutorImpl.receiveErrorResponse(QueryExecutorImpl.java:2532)
	at org.postgresql.core.v3.QueryExecutorImpl.processResults(QueryExecutorImpl.java:2267)
	at org.postgresql.core.v3.QueryExecutorImpl.execute(QueryExecutorImpl.java:312)
	at org.postgresql.jdbc.PgStatement.executeInternal(PgStatement.java:448)
	at org.postgresql.jdbc.PgStatement.execute(PgStatement.java:369)
	at org.postgresql.jdbc.PgPreparedStatement.executeWithFlags(PgPreparedStatement.java:153)
	at org.postgresql.jdbc.PgPreparedStatement.executeQuery(PgPreparedStatement.java:103)
	at transactions.RelatedCustomerTransaction.getPossibleCustomersOrderItems(RelatedCustomerTransaction.java:104)
	at transactions.RelatedCustomerTransaction.execute(RelatedCustomerTransaction.java:52)
	at SampleApp.run(SampleApp.java:101)
	at SampleApp.main(SampleApp.java:64)
[Error]: Related Customer Abort Rel *** Related  Customer transaction info: warehouse: 8, district: 3, customer id: 323 *** 

org.postgresql.util.PSQLException: ERROR: Query error: Restart read required at: { read: { physical: 1667634093375769 } local_limit: { physical: 1667634093375769 } global_limit: <min> in_txn_limit: <max> serial_no: 0 }
	at org.postgresql.core.v3.QueryExecutorImpl.receiveErrorResponse(QueryExecutorImpl.java:2532)
	at org.postgresql.core.v3.QueryExecutorImpl.processResults(QueryExecutorImpl.java:2267)
	at org.postgresql.core.v3.QueryExecutorImpl.execute(QueryExecutorImpl.java:312)
	at org.postgresql.jdbc.PgStatement.executeInternal(PgStatement.java:448)
	at org.postgresql.jdbc.PgStatement.execute(PgStatement.java:369)
	at org.postgresql.jdbc.PgPreparedStatement.executeWithFlags(PgPreparedStatement.java:153)
	at org.postgresql.jdbc.PgPreparedStatement.executeQuery(PgPreparedStatement.java:103)
	at transactions.RelatedCustomerTransaction.getPossibleCustomersOrderItems(RelatedCustomerTransaction.java:104)
	at transactions.RelatedCustomerTransaction.execute(RelatedCustomerTransaction.java:52)
	at SampleApp.run(SampleApp.java:101)
	at SampleApp.main(SampleApp.java:64)
[Error]: Related Customer Abort Rel *** Related  Customer transaction info: warehouse: 8, district: 1, customer id: 307 *** 

org.postgresql.util.PSQLException: ERROR: Query error: Restart read required at: { read: { physical: 1667634095493983 } local_limit: { physical: 1667634095493983 } global_limit: <min> in_txn_limit: <max> serial_no: 0 }
	at org.postgresql.core.v3.QueryExecutorImpl.receiveErrorResponse(QueryExecutorImpl.java:2532)
	at org.postgresql.core.v3.QueryExecutorImpl.processResults(QueryExecutorImpl.java:2267)
	at org.postgresql.core.v3.QueryExecutorImpl.execute(QueryExecutorImpl.java:312)
	at org.postgresql.jdbc.PgStatement.executeInternal(PgStatement.java:448)
	at org.postgresql.jdbc.PgStatement.execute(PgStatement.java:369)
	at org.postgresql.jdbc.PgPreparedStatement.executeWithFlags(PgPreparedStatement.java:153)
	at org.postgresql.jdbc.PgPreparedStatement.executeQuery(PgPreparedStatement.java:103)
	at transactions.RelatedCustomerTransaction.getPossibleCustomersOrderItems(RelatedCustomerTransaction.java:104)
	at transactions.RelatedCustomerTransaction.execute(RelatedCustomerTransaction.java:52)
	at SampleApp.run(SampleApp.java:101)
	at SampleApp.main(SampleApp.java:64)
[Error]: Related Customer Abort Rel *** Related  Customer transaction info: warehouse: 8, district: 1, customer id: 2818 *** 

org.postgresql.util.PSQLException: ERROR: Query error: Restart read required at: { read: { physical: 1667634104072909 } local_limit: { physical: 1667634104072909 } global_limit: <min> in_txn_limit: <max> serial_no: 0 }
	at org.postgresql.core.v3.QueryExecutorImpl.receiveErrorResponse(QueryExecutorImpl.java:2532)
	at org.postgresql.core.v3.QueryExecutorImpl.processResults(QueryExecutorImpl.java:2267)
	at org.postgresql.core.v3.QueryExecutorImpl.execute(QueryExecutorImpl.java:312)
	at org.postgresql.jdbc.PgStatement.executeInternal(PgStatement.java:448)
	at org.postgresql.jdbc.PgStatement.execute(PgStatement.java:369)
	at org.postgresql.jdbc.PgPreparedStatement.executeWithFlags(PgPreparedStatement.java:153)
	at org.postgresql.jdbc.PgPreparedStatement.executeQuery(PgPreparedStatement.java:103)
	at transactions.RelatedCustomerTransaction.getPossibleCustomersOrderItems(RelatedCustomerTransaction.java:104)
	at transactions.RelatedCustomerTransaction.execute(RelatedCustomerTransaction.java:52)
	at SampleApp.run(SampleApp.java:101)
	at SampleApp.main(SampleApp.java:64)
[Error]: Related Customer Abort Rel *** Related  Customer transaction info: warehouse: 8, district: 4, customer id: 1915 *** 

org.postgresql.util.PSQLException: ERROR: Query error: Restart read required at: { read: { physical: 1667634114793177 } local_limit: { physical: 1667634114793177 } global_limit: <min> in_txn_limit: <max> serial_no: 0 }
	at org.postgresql.core.v3.QueryExecutorImpl.receiveErrorResponse(QueryExecutorImpl.java:2532)
	at org.postgresql.core.v3.QueryExecutorImpl.processResults(QueryExecutorImpl.java:2267)
	at org.postgresql.core.v3.QueryExecutorImpl.execute(QueryExecutorImpl.java:312)
	at org.postgresql.jdbc.PgStatement.executeInternal(PgStatement.java:448)
	at org.postgresql.jdbc.PgStatement.execute(PgStatement.java:369)
	at org.postgresql.jdbc.PgPreparedStatement.executeWithFlags(PgPreparedStatement.java:153)
	at org.postgresql.jdbc.PgPreparedStatement.executeQuery(PgPreparedStatement.java:103)
	at transactions.RelatedCustomerTransaction.getPossibleCustomersOrderItems(RelatedCustomerTransaction.java:104)
	at transactions.RelatedCustomerTransaction.execute(RelatedCustomerTransaction.java:52)
	at SampleApp.run(SampleApp.java:101)
	at SampleApp.main(SampleApp.java:64)
[Error]: Related Customer Abort Rel *** Related  Customer transaction info: warehouse: 8, district: 2, customer id: 203 *** 

[Error]: NewOrder getStockQty are missing
java.sql.SQLException
	at transactions.NewOrderTransaction.execute(NewOrderTransaction.java:170)
	at SampleApp.run(SampleApp.java:101)
	at SampleApp.main(SampleApp.java:64)
[Error]: New Order Abort New **** New Order Transaction Information ****
CID:195, WID:8, DID:3, num order-lines:19
Item IDs are:,7943,24269,38563,36823,14817,65250,3622,27878,14051,15508,16071,27367,38117,40294,60725,60767,68327,69330,97757
Quantities:,8,8,8,8,8,8,8,8,8,8,8,8,8,8,8,8,8,8,8
Supply warehouse IDs:,8,2,8,8,10,10,10,3,10,10,10,3,8,11,2,10,6,4,6

org.postgresql.util.PSQLException: ERROR: Query error: Restart read required at: { read: { physical: 1667634123548122 } local_limit: { physical: 1667634123548122 } global_limit: <min> in_txn_limit: <max> serial_no: 0 }
	at org.postgresql.core.v3.QueryExecutorImpl.receiveErrorResponse(QueryExecutorImpl.java:2532)
	at org.postgresql.core.v3.QueryExecutorImpl.processResults(QueryExecutorImpl.java:2267)
	at org.postgresql.core.v3.QueryExecutorImpl.execute(QueryExecutorImpl.java:312)
	at org.postgresql.jdbc.PgStatement.executeInternal(PgStatement.java:448)
	at org.postgresql.jdbc.PgStatement.execute(PgStatement.java:369)
	at org.postgresql.jdbc.PgPreparedStatement.executeWithFlags(PgPreparedStatement.java:153)
	at org.postgresql.jdbc.PgPreparedStatement.executeQuery(PgPreparedStatement.java:103)
	at transactions.RelatedCustomerTransaction.getPossibleCustomersOrderItems(RelatedCustomerTransaction.java:104)
	at transactions.RelatedCustomerTransaction.execute(RelatedCustomerTransaction.java:52)
	at SampleApp.run(SampleApp.java:101)
	at SampleApp.main(SampleApp.java:64)
[Error]: Related Customer Abort Rel *** Related  Customer transaction info: warehouse: 8, district: 3, customer id: 2173 *** 

org.postgresql.util.PSQLException: ERROR: Query error: Restart read required at: { read: { physical: 1667634165269615 } local_limit: { physical: 1667634165269615 } global_limit: <min> in_txn_limit: <max> serial_no: 0 }
	at org.postgresql.core.v3.QueryExecutorImpl.receiveErrorResponse(QueryExecutorImpl.java:2532)
	at org.postgresql.core.v3.QueryExecutorImpl.processResults(QueryExecutorImpl.java:2267)
	at org.postgresql.core.v3.QueryExecutorImpl.execute(QueryExecutorImpl.java:312)
	at org.postgresql.jdbc.PgStatement.executeInternal(PgStatement.java:448)
	at org.postgresql.jdbc.PgStatement.execute(PgStatement.java:369)
	at org.postgresql.jdbc.PgPreparedStatement.executeWithFlags(PgPreparedStatement.java:153)
	at org.postgresql.jdbc.PgPreparedStatement.executeQuery(PgPreparedStatement.java:103)
	at transactions.RelatedCustomerTransaction.getPossibleCustomersOrderItems(RelatedCustomerTransaction.java:104)
	at transactions.RelatedCustomerTransaction.execute(RelatedCustomerTransaction.java:52)
	at SampleApp.run(SampleApp.java:101)
	at SampleApp.main(SampleApp.java:64)
[Error]: Related Customer Abort Rel *** Related  Customer transaction info: warehouse: 8, district: 4, customer id: 2049 *** 

[Error]: NewOrder getStockQty are missing
java.sql.SQLException
	at transactions.NewOrderTransaction.execute(NewOrderTransaction.java:170)
	at SampleApp.run(SampleApp.java:101)
	at SampleApp.main(SampleApp.java:64)
[Error]: New Order Abort New **** New Order Transaction Information ****
CID:1081, WID:8, DID:2, num order-lines:9
Item IDs are:,15591,16047,23870,40423,47780,61093,79046,81119,87621
Quantities:,8,8,8,8,8,8,8,8,8
Supply warehouse IDs:,17,4,8,8,2,9,8,9,7

org.postgresql.util.PSQLException: ERROR: Query error: Restart read required at: { read: { physical: 1667634201313780 } local_limit: { physical: 1667634201313780 } global_limit: <min> in_txn_limit: <max> serial_no: 0 }
	at org.postgresql.core.v3.QueryExecutorImpl.receiveErrorResponse(QueryExecutorImpl.java:2532)
	at org.postgresql.core.v3.QueryExecutorImpl.processResults(QueryExecutorImpl.java:2267)
	at org.postgresql.core.v3.QueryExecutorImpl.execute(QueryExecutorImpl.java:312)
	at org.postgresql.jdbc.PgStatement.executeInternal(PgStatement.java:448)
	at org.postgresql.jdbc.PgStatement.execute(PgStatement.java:369)
	at org.postgresql.jdbc.PgPreparedStatement.executeWithFlags(PgPreparedStatement.java:153)
	at org.postgresql.jdbc.PgPreparedStatement.executeQuery(PgPreparedStatement.java:103)
	at transactions.RelatedCustomerTransaction.getPossibleCustomersOrderItems(RelatedCustomerTransaction.java:104)
	at transactions.RelatedCustomerTransaction.execute(RelatedCustomerTransaction.java:52)
	at SampleApp.run(SampleApp.java:101)
	at SampleApp.main(SampleApp.java:64)
[Error]: Related Customer Abort Rel *** Related  Customer transaction info: warehouse: 8, district: 2, customer id: 2166 *** 

org.postgresql.util.PSQLException: ERROR: Query error: Restart read required at: { read: { physical: 1667634226892962 } local_limit: { physical: 1667634226892962 } global_limit: <min> in_txn_limit: <max> serial_no: 0 }
	at org.postgresql.core.v3.QueryExecutorImpl.receiveErrorResponse(QueryExecutorImpl.java:2532)
	at org.postgresql.core.v3.QueryExecutorImpl.processResults(QueryExecutorImpl.java:2267)
	at org.postgresql.core.v3.QueryExecutorImpl.execute(QueryExecutorImpl.java:312)
	at org.postgresql.jdbc.PgStatement.executeInternal(PgStatement.java:448)
	at org.postgresql.jdbc.PgStatement.execute(PgStatement.java:369)
	at org.postgresql.jdbc.PgPreparedStatement.executeWithFlags(PgPreparedStatement.java:153)
	at org.postgresql.jdbc.PgPreparedStatement.executeQuery(PgPreparedStatement.java:103)
	at transactions.RelatedCustomerTransaction.getPossibleCustomersOrderItems(RelatedCustomerTransaction.java:104)
	at transactions.RelatedCustomerTransaction.execute(RelatedCustomerTransaction.java:52)
	at SampleApp.run(SampleApp.java:101)
	at SampleApp.main(SampleApp.java:64)
[Error]: Related Customer Abort Rel *** Related  Customer transaction info: warehouse: 8, district: 5, customer id: 2104 *** 

org.postgresql.util.PSQLException: ERROR: Query error: Restart read required at: { read: { physical: 1667634239371278 } local_limit: { physical: 1667634239371278 } global_limit: <min> in_txn_limit: <max> serial_no: 0 }
	at org.postgresql.core.v3.QueryExecutorImpl.receiveErrorResponse(QueryExecutorImpl.java:2532)
	at org.postgresql.core.v3.QueryExecutorImpl.processResults(QueryExecutorImpl.java:2267)
	at org.postgresql.core.v3.QueryExecutorImpl.execute(QueryExecutorImpl.java:312)
	at org.postgresql.jdbc.PgStatement.executeInternal(PgStatement.java:448)
	at org.postgresql.jdbc.PgStatement.execute(PgStatement.java:369)
	at org.postgresql.jdbc.PgPreparedStatement.executeWithFlags(PgPreparedStatement.java:153)
	at org.postgresql.jdbc.PgPreparedStatement.executeQuery(PgPreparedStatement.java:103)
	at transactions.RelatedCustomerTransaction.getPossibleCustomersOrderItems(RelatedCustomerTransaction.java:104)
	at transactions.RelatedCustomerTransaction.execute(RelatedCustomerTransaction.java:52)
	at SampleApp.run(SampleApp.java:101)
	at SampleApp.main(SampleApp.java:64)
[Error]: Related Customer Abort Rel *** Related  Customer transaction info: warehouse: 8, district: 4, customer id: 1251 *** 

org.postgresql.util.PSQLException: ERROR: Query error: Restart read required at: { read: { physical: 1667634254858894 } local_limit: { physical: 1667634254858894 } global_limit: <min> in_txn_limit: <max> serial_no: 0 }
	at org.postgresql.core.v3.QueryExecutorImpl.receiveErrorResponse(QueryExecutorImpl.java:2532)
	at org.postgresql.core.v3.QueryExecutorImpl.processResults(QueryExecutorImpl.java:2267)
	at org.postgresql.core.v3.QueryExecutorImpl.execute(QueryExecutorImpl.java:312)
	at org.postgresql.jdbc.PgStatement.executeInternal(PgStatement.java:448)
	at org.postgresql.jdbc.PgStatement.execute(PgStatement.java:369)
	at org.postgresql.jdbc.PgPreparedStatement.executeWithFlags(PgPreparedStatement.java:153)
	at org.postgresql.jdbc.PgPreparedStatement.executeQuery(PgPreparedStatement.java:103)
	at transactions.RelatedCustomerTransaction.getPossibleCustomersOrderItems(RelatedCustomerTransaction.java:104)
	at transactions.RelatedCustomerTransaction.execute(RelatedCustomerTransaction.java:52)
	at SampleApp.run(SampleApp.java:101)
	at SampleApp.main(SampleApp.java:64)
[Error]: Related Customer Abort Rel *** Related  Customer transaction info: warehouse: 8, district: 4, customer id: 1331 *** 

org.postgresql.util.PSQLException: ERROR: Query error: Restart read required at: { read: { physical: 1667634403236843 } local_limit: { physical: 1667634403236843 } global_limit: <min> in_txn_limit: <max> serial_no: 0 }
	at org.postgresql.core.v3.QueryExecutorImpl.receiveErrorResponse(QueryExecutorImpl.java:2532)
	at org.postgresql.core.v3.QueryExecutorImpl.processResults(QueryExecutorImpl.java:2267)
	at org.postgresql.core.v3.QueryExecutorImpl.execute(QueryExecutorImpl.java:312)
	at org.postgresql.jdbc.PgStatement.executeInternal(PgStatement.java:448)
	at org.postgresql.jdbc.PgStatement.execute(PgStatement.java:369)
	at org.postgresql.jdbc.PgPreparedStatement.executeWithFlags(PgPreparedStatement.java:153)
	at org.postgresql.jdbc.PgPreparedStatement.executeQuery(PgPreparedStatement.java:103)
	at transactions.RelatedCustomerTransaction.getPossibleCustomersOrderItems(RelatedCustomerTransaction.java:104)
	at transactions.RelatedCustomerTransaction.execute(RelatedCustomerTransaction.java:52)
	at SampleApp.run(SampleApp.java:101)
	at SampleApp.main(SampleApp.java:64)
[Error]: Related Customer Abort Rel *** Related  Customer transaction info: warehouse: 8, district: 2, customer id: 2299 *** 

[Error]: NewOrder getStockQty are missing
java.sql.SQLException
	at transactions.NewOrderTransaction.execute(NewOrderTransaction.java:170)
	at SampleApp.run(SampleApp.java:101)
	at SampleApp.main(SampleApp.java:64)
[Error]: New Order Abort New **** New Order Transaction Information ****
CID:1273, WID:8, DID:1, num order-lines:19
Item IDs are:,9623,77279,67271,32455,14053,63,88561,80423,40471,4917,6063,23587,63207,72805,73047,79519,86711,89571,95958
Quantities:,8,8,8,8,8,8,8,8,8,8,8,8,8,8,8,8,8,8,8
Supply warehouse IDs:,1,9,5,7,5,1,7,9,7,3,6,8,6,7,18,9,7,4,3

org.postgresql.util.PSQLException: ERROR: Query error: Restart read required at: { read: { physical: 1667634423042362 } local_limit: { physical: 1667634423042362 } global_limit: <min> in_txn_limit: <max> serial_no: 0 }
	at org.postgresql.core.v3.QueryExecutorImpl.receiveErrorResponse(QueryExecutorImpl.java:2532)
	at org.postgresql.core.v3.QueryExecutorImpl.processResults(QueryExecutorImpl.java:2267)
	at org.postgresql.core.v3.QueryExecutorImpl.execute(QueryExecutorImpl.java:312)
	at org.postgresql.jdbc.PgStatement.executeInternal(PgStatement.java:448)
	at org.postgresql.jdbc.PgStatement.execute(PgStatement.java:369)
	at org.postgresql.jdbc.PgPreparedStatement.executeWithFlags(PgPreparedStatement.java:153)
	at org.postgresql.jdbc.PgPreparedStatement.executeQuery(PgPreparedStatement.java:103)
	at transactions.RelatedCustomerTransaction.getPossibleCustomersOrderItems(RelatedCustomerTransaction.java:104)
	at transactions.RelatedCustomerTransaction.execute(RelatedCustomerTransaction.java:52)
	at SampleApp.run(SampleApp.java:101)
	at SampleApp.main(SampleApp.java:64)
[Error]: Related Customer Abort Rel *** Related  Customer transaction info: warehouse: 8, district: 3, customer id: 2067 *** 

org.postgresql.util.PSQLException: ERROR: Query error: Restart read required at: { read: { physical: 1667634434474692 } local_limit: { physical: 1667634434474692 } global_limit: <min> in_txn_limit: <max> serial_no: 0 }
	at org.postgresql.core.v3.QueryExecutorImpl.receiveErrorResponse(QueryExecutorImpl.java:2532)
	at org.postgresql.core.v3.QueryExecutorImpl.processResults(QueryExecutorImpl.java:2267)
	at org.postgresql.core.v3.QueryExecutorImpl.execute(QueryExecutorImpl.java:312)
	at org.postgresql.jdbc.PgStatement.executeInternal(PgStatement.java:448)
	at org.postgresql.jdbc.PgStatement.execute(PgStatement.java:369)
	at org.postgresql.jdbc.PgPreparedStatement.executeWithFlags(PgPreparedStatement.java:153)
	at org.postgresql.jdbc.PgPreparedStatement.executeQuery(PgPreparedStatement.java:103)
	at transactions.RelatedCustomerTransaction.getPossibleCustomersOrderItems(RelatedCustomerTransaction.java:104)
	at transactions.RelatedCustomerTransaction.execute(RelatedCustomerTransaction.java:52)
	at SampleApp.run(SampleApp.java:101)
	at SampleApp.main(SampleApp.java:64)
[Error]: Related Customer Abort Rel *** Related  Customer transaction info: warehouse: 8, district: 3, customer id: 139 *** 

org.postgresql.util.PSQLException: ERROR: Query error: Restart read required at: { read: { physical: 1667634441226267 logical: 7 } local_limit: { physical: 1667634441226267 logical: 7 } global_limit: <min> in_txn_limit: <max> serial_no: 0 }
	at org.postgresql.core.v3.QueryExecutorImpl.receiveErrorResponse(QueryExecutorImpl.java:2532)
	at org.postgresql.core.v3.QueryExecutorImpl.processResults(QueryExecutorImpl.java:2267)
	at org.postgresql.core.v3.QueryExecutorImpl.execute(QueryExecutorImpl.java:312)
	at org.postgresql.jdbc.PgStatement.executeInternal(PgStatement.java:448)
	at org.postgresql.jdbc.PgStatement.execute(PgStatement.java:369)
	at org.postgresql.jdbc.PgPreparedStatement.executeWithFlags(PgPreparedStatement.java:153)
	at org.postgresql.jdbc.PgPreparedStatement.executeQuery(PgPreparedStatement.java:103)
	at transactions.RelatedCustomerTransaction.getPossibleCustomersOrderItems(RelatedCustomerTransaction.java:104)
	at transactions.RelatedCustomerTransaction.execute(RelatedCustomerTransaction.java:52)
	at SampleApp.run(SampleApp.java:101)
	at SampleApp.main(SampleApp.java:64)
[Error]: Related Customer Abort Rel *** Related  Customer transaction info: warehouse: 8, district: 3, customer id: 162 *** 

org.postgresql.util.PSQLException: ERROR: Query error: Restart read required at: { read: { physical: 1667634444728102 } local_limit: { physical: 1667634444728102 } global_limit: <min> in_txn_limit: <max> serial_no: 0 }
	at org.postgresql.core.v3.QueryExecutorImpl.receiveErrorResponse(QueryExecutorImpl.java:2532)
	at org.postgresql.core.v3.QueryExecutorImpl.processResults(QueryExecutorImpl.java:2267)
	at org.postgresql.core.v3.QueryExecutorImpl.execute(QueryExecutorImpl.java:312)
	at org.postgresql.jdbc.PgStatement.executeInternal(PgStatement.java:448)
	at org.postgresql.jdbc.PgStatement.execute(PgStatement.java:369)
	at org.postgresql.jdbc.PgPreparedStatement.executeWithFlags(PgPreparedStatement.java:153)
	at org.postgresql.jdbc.PgPreparedStatement.executeQuery(PgPreparedStatement.java:103)
	at transactions.RelatedCustomerTransaction.getPossibleCustomersOrderItems(RelatedCustomerTransaction.java:104)
	at transactions.RelatedCustomerTransaction.execute(RelatedCustomerTransaction.java:52)
	at SampleApp.run(SampleApp.java:101)
	at SampleApp.main(SampleApp.java:64)
[Error]: Related Customer Abort Rel *** Related  Customer transaction info: warehouse: 8, district: 2, customer id: 765 *** 

org.postgresql.util.PSQLException: ERROR: Query error: Restart read required at: { read: { physical: 1667634457160247 } local_limit: { physical: 1667634457160247 } global_limit: <min> in_txn_limit: <max> serial_no: 0 }
	at org.postgresql.core.v3.QueryExecutorImpl.receiveErrorResponse(QueryExecutorImpl.java:2532)
	at org.postgresql.core.v3.QueryExecutorImpl.processResults(QueryExecutorImpl.java:2267)
	at org.postgresql.core.v3.QueryExecutorImpl.execute(QueryExecutorImpl.java:312)
	at org.postgresql.jdbc.PgStatement.executeInternal(PgStatement.java:448)
	at org.postgresql.jdbc.PgStatement.execute(PgStatement.java:369)
	at org.postgresql.jdbc.PgPreparedStatement.executeWithFlags(PgPreparedStatement.java:153)
	at org.postgresql.jdbc.PgPreparedStatement.executeQuery(PgPreparedStatement.java:103)
	at transactions.RelatedCustomerTransaction.getPossibleCustomersOrderItems(RelatedCustomerTransaction.java:104)
	at transactions.RelatedCustomerTransaction.execute(RelatedCustomerTransaction.java:52)
	at SampleApp.run(SampleApp.java:101)
	at SampleApp.main(SampleApp.java:64)
[Error]: Related Customer Abort Rel *** Related  Customer transaction info: warehouse: 8, district: 2, customer id: 1153 *** 

[Error]: NewOrder getStockQty are missing
java.sql.SQLException
	at transactions.NewOrderTransaction.execute(NewOrderTransaction.java:170)
	at SampleApp.run(SampleApp.java:101)
	at SampleApp.main(SampleApp.java:64)
[Error]: New Order Abort New **** New Order Transaction Information ****
CID:1457, WID:8, DID:4, num order-lines:19
Item IDs are:,72071,99839,77413,64607,77269,92027,37852,13495,4663,7751,15463,24256,31330,35933,43687,47847,60839,64231,79399
Quantities:,8,8,8,8,8,8,8,8,8,8,8,8,8,8,8,8,8,8,8
Supply warehouse IDs:,8,5,7,3,5,10,1,4,8,9,10,6,10,4,5,1,4,13,8

org.postgresql.util.PSQLException: ERROR: Query error: Restart read required at: { read: { physical: 1667634488847924 logical: 1 } local_limit: { physical: 1667634488847924 logical: 1 } global_limit: <min> in_txn_limit: <max> serial_no: 0 }
	at org.postgresql.core.v3.QueryExecutorImpl.receiveErrorResponse(QueryExecutorImpl.java:2532)
	at org.postgresql.core.v3.QueryExecutorImpl.processResults(QueryExecutorImpl.java:2267)
	at org.postgresql.core.v3.QueryExecutorImpl.execute(QueryExecutorImpl.java:312)
	at org.postgresql.jdbc.PgStatement.executeInternal(PgStatement.java:448)
	at org.postgresql.jdbc.PgStatement.execute(PgStatement.java:369)
	at org.postgresql.jdbc.PgPreparedStatement.executeWithFlags(PgPreparedStatement.java:153)
	at org.postgresql.jdbc.PgPreparedStatement.executeQuery(PgPreparedStatement.java:103)
	at transactions.RelatedCustomerTransaction.getPossibleCustomersOrderItems(RelatedCustomerTransaction.java:104)
	at transactions.RelatedCustomerTransaction.execute(RelatedCustomerTransaction.java:52)
	at SampleApp.run(SampleApp.java:101)
	at SampleApp.main(SampleApp.java:64)
[Error]: Related Customer Abort Rel *** Related  Customer transaction info: warehouse: 8, district: 2, customer id: 293 *** 

[Error]: NewOrder getStockQty are missing
java.sql.SQLException
	at transactions.NewOrderTransaction.execute(NewOrderTransaction.java:170)
	at SampleApp.run(SampleApp.java:101)
	at SampleApp.main(SampleApp.java:64)
[Error]: New Order Abort New **** New Order Transaction Information ****
CID:2035, WID:8, DID:5, num order-lines:19
Item IDs are:,12003,23675,71269,92231,23857,39,70695,32487,3651,6201,32469,40662,56529,63207,65109,65182,72926,80039,93764
Quantities:,8,8,8,8,8,8,8,8,8,8,8,8,8,8,8,8,8,8,8
Supply warehouse IDs:,3,7,9,5,5,7,1,10,3,4,4,3,1,16,1,10,8,1,6

org.postgresql.util.PSQLException: ERROR: Query error: Restart read required at: { read: { physical: 1667634499382843 logical: 1 } local_limit: { physical: 1667634499382843 logical: 1 } global_limit: <min> in_txn_limit: <max> serial_no: 0 }
	at org.postgresql.core.v3.QueryExecutorImpl.receiveErrorResponse(QueryExecutorImpl.java:2532)
	at org.postgresql.core.v3.QueryExecutorImpl.processResults(QueryExecutorImpl.java:2267)
	at org.postgresql.core.v3.QueryExecutorImpl.execute(QueryExecutorImpl.java:312)
	at org.postgresql.jdbc.PgStatement.executeInternal(PgStatement.java:448)
	at org.postgresql.jdbc.PgStatement.execute(PgStatement.java:369)
	at org.postgresql.jdbc.PgPreparedStatement.executeWithFlags(PgPreparedStatement.java:153)
	at org.postgresql.jdbc.PgPreparedStatement.executeQuery(PgPreparedStatement.java:103)
	at transactions.RelatedCustomerTransaction.getPossibleCustomersOrderItems(RelatedCustomerTransaction.java:104)
	at transactions.RelatedCustomerTransaction.execute(RelatedCustomerTransaction.java:52)
	at SampleApp.run(SampleApp.java:101)
	at SampleApp.main(SampleApp.java:64)
[Error]: Related Customer Abort Rel *** Related  Customer transaction info: warehouse: 8, district: 2, customer id: 329 *** 

org.postgresql.util.PSQLException: ERROR: Query error: Restart read required at: { read: { physical: 1667634502823809 } local_limit: { physical: 1667634502823809 } global_limit: <min> in_txn_limit: <max> serial_no: 0 }
	at org.postgresql.core.v3.QueryExecutorImpl.receiveErrorResponse(QueryExecutorImpl.java:2532)
	at org.postgresql.core.v3.QueryExecutorImpl.processResults(QueryExecutorImpl.java:2267)
	at org.postgresql.core.v3.QueryExecutorImpl.execute(QueryExecutorImpl.java:312)
	at org.postgresql.jdbc.PgStatement.executeInternal(PgStatement.java:448)
	at org.postgresql.jdbc.PgStatement.execute(PgStatement.java:369)
	at org.postgresql.jdbc.PgPreparedStatement.executeWithFlags(PgPreparedStatement.java:153)
	at org.postgresql.jdbc.PgPreparedStatement.executeQuery(PgPreparedStatement.java:103)
	at transactions.RelatedCustomerTransaction.getPossibleCustomersOrderItems(RelatedCustomerTransaction.java:104)
	at transactions.RelatedCustomerTransaction.execute(RelatedCustomerTransaction.java:52)
	at SampleApp.run(SampleApp.java:101)
	at SampleApp.main(SampleApp.java:64)
[Error]: Related Customer Abort Rel *** Related  Customer transaction info: warehouse: 8, district: 5, customer id: 1279 *** 

org.postgresql.util.PSQLException: ERROR: Query error: Restart read required at: { read: { physical: 1667634507653080 } local_limit: { physical: 1667634507653080 } global_limit: <min> in_txn_limit: <max> serial_no: 0 }
	at org.postgresql.core.v3.QueryExecutorImpl.receiveErrorResponse(QueryExecutorImpl.java:2532)
	at org.postgresql.core.v3.QueryExecutorImpl.processResults(QueryExecutorImpl.java:2267)
	at org.postgresql.core.v3.QueryExecutorImpl.execute(QueryExecutorImpl.java:312)
	at org.postgresql.jdbc.PgStatement.executeInternal(PgStatement.java:448)
	at org.postgresql.jdbc.PgStatement.execute(PgStatement.java:369)
	at org.postgresql.jdbc.PgPreparedStatement.executeWithFlags(PgPreparedStatement.java:153)
	at org.postgresql.jdbc.PgPreparedStatement.executeQuery(PgPreparedStatement.java:103)
	at transactions.RelatedCustomerTransaction.getPossibleCustomersOrderItems(RelatedCustomerTransaction.java:104)
	at transactions.RelatedCustomerTransaction.execute(RelatedCustomerTransaction.java:52)
	at SampleApp.run(SampleApp.java:101)
	at SampleApp.main(SampleApp.java:64)
[Error]: Related Customer Abort Rel *** Related  Customer transaction info: warehouse: 8, district: 1, customer id: 1661 *** 

[Error]: NewOrder getStockQty are missing
java.sql.SQLException
	at transactions.NewOrderTransaction.execute(NewOrderTransaction.java:170)
	at SampleApp.run(SampleApp.java:101)
	at SampleApp.main(SampleApp.java:64)
[Error]: New Order Abort New **** New Order Transaction Information ****
CID:1771, WID:8, DID:4, num order-lines:17
Item IDs are:,97235,40659,86679,44677,68581,811,5127,5831,15780,19893,48314,64131,81127,81443,81603,94775,96606
Quantities:,8,8,8,8,8,8,8,8,8,8,8,8,8,10,8,8,8
Supply warehouse IDs:,3,8,4,9,3,2,4,6,2,6,6,7,6,7,15,10,5

[Error]: NewOrder getStockQty are missing
java.sql.SQLException
	at transactions.NewOrderTransaction.execute(NewOrderTransaction.java:170)
	at SampleApp.run(SampleApp.java:101)
	at SampleApp.main(SampleApp.java:64)
[Error]: New Order Abort New **** New Order Transaction Information ****
CID:1537, WID:8, DID:5, num order-lines:7
Item IDs are:,6169,30439,32103,48356,65109,79317,89831
Quantities:,8,8,8,8,8,8,8
Supply warehouse IDs:,9,4,5,3,1,1,13

org.postgresql.util.PSQLException: ERROR: Query error: Restart read required at: { read: { physical: 1667634547084109 } local_limit: { physical: 1667634547084109 } global_limit: <min> in_txn_limit: <max> serial_no: 0 }
	at org.postgresql.core.v3.QueryExecutorImpl.receiveErrorResponse(QueryExecutorImpl.java:2532)
	at org.postgresql.core.v3.QueryExecutorImpl.processResults(QueryExecutorImpl.java:2267)
	at org.postgresql.core.v3.QueryExecutorImpl.execute(QueryExecutorImpl.java:312)
	at org.postgresql.jdbc.PgStatement.executeInternal(PgStatement.java:448)
	at org.postgresql.jdbc.PgStatement.execute(PgStatement.java:369)
	at org.postgresql.jdbc.PgPreparedStatement.executeWithFlags(PgPreparedStatement.java:153)
	at org.postgresql.jdbc.PgPreparedStatement.executeQuery(PgPreparedStatement.java:103)
	at transactions.RelatedCustomerTransaction.getPossibleCustomersOrderItems(RelatedCustomerTransaction.java:104)
	at transactions.RelatedCustomerTransaction.execute(RelatedCustomerTransaction.java:52)
	at SampleApp.run(SampleApp.java:101)
	at SampleApp.main(SampleApp.java:64)
[Error]: Related Customer Abort Rel *** Related  Customer transaction info: warehouse: 8, district: 5, customer id: 1267 *** 

org.postgresql.util.PSQLException: ERROR: Query error: Restart read required at: { read: { physical: 1667634551686523 } local_limit: { physical: 1667634551686523 } global_limit: <min> in_txn_limit: <max> serial_no: 0 }
	at org.postgresql.core.v3.QueryExecutorImpl.receiveErrorResponse(QueryExecutorImpl.java:2532)
	at org.postgresql.core.v3.QueryExecutorImpl.processResults(QueryExecutorImpl.java:2267)
	at org.postgresql.core.v3.QueryExecutorImpl.execute(QueryExecutorImpl.java:312)
	at org.postgresql.jdbc.PgStatement.executeInternal(PgStatement.java:448)
	at org.postgresql.jdbc.PgStatement.execute(PgStatement.java:369)
	at org.postgresql.jdbc.PgPreparedStatement.executeWithFlags(PgPreparedStatement.java:153)
	at org.postgresql.jdbc.PgPreparedStatement.executeQuery(PgPreparedStatement.java:103)
	at transactions.RelatedCustomerTransaction.getPossibleCustomersOrderItems(RelatedCustomerTransaction.java:104)
	at transactions.RelatedCustomerTransaction.execute(RelatedCustomerTransaction.java:52)
	at SampleApp.run(SampleApp.java:101)
	at SampleApp.main(SampleApp.java:64)
[Error]: Related Customer Abort Rel *** Related  Customer transaction info: warehouse: 8, district: 4, customer id: 1531 *** 

org.postgresql.util.PSQLException: ERROR: Query error: Restart read required at: { read: { physical: 1667634557955765 } local_limit: { physical: 1667634557955765 } global_limit: <min> in_txn_limit: <max> serial_no: 0 }
	at org.postgresql.core.v3.QueryExecutorImpl.receiveErrorResponse(QueryExecutorImpl.java:2532)
	at org.postgresql.core.v3.QueryExecutorImpl.processResults(QueryExecutorImpl.java:2267)
	at org.postgresql.core.v3.QueryExecutorImpl.execute(QueryExecutorImpl.java:312)
	at org.postgresql.jdbc.PgStatement.executeInternal(PgStatement.java:448)
	at org.postgresql.jdbc.PgStatement.execute(PgStatement.java:369)
	at org.postgresql.jdbc.PgPreparedStatement.executeWithFlags(PgPreparedStatement.java:153)
	at org.postgresql.jdbc.PgPreparedStatement.executeQuery(PgPreparedStatement.java:103)
	at transactions.RelatedCustomerTransaction.getPossibleCustomersOrderItems(RelatedCustomerTransaction.java:104)
	at transactions.RelatedCustomerTransaction.execute(RelatedCustomerTransaction.java:52)
	at SampleApp.run(SampleApp.java:101)
	at SampleApp.main(SampleApp.java:64)
[Error]: Related Customer Abort Rel *** Related  Customer transaction info: warehouse: 8, district: 3, customer id: 960 *** 

org.postgresql.util.PSQLException: ERROR: Query error: Restart read required at: { read: { physical: 1667634571870841 } local_limit: { physical: 1667634571870841 } global_limit: <min> in_txn_limit: <max> serial_no: 0 }
	at org.postgresql.core.v3.QueryExecutorImpl.receiveErrorResponse(QueryExecutorImpl.java:2532)
	at org.postgresql.core.v3.QueryExecutorImpl.processResults(QueryExecutorImpl.java:2267)
	at org.postgresql.core.v3.QueryExecutorImpl.execute(QueryExecutorImpl.java:312)
	at org.postgresql.jdbc.PgStatement.executeInternal(PgStatement.java:448)
	at org.postgresql.jdbc.PgStatement.execute(PgStatement.java:369)
	at org.postgresql.jdbc.PgPreparedStatement.executeWithFlags(PgPreparedStatement.java:153)
	at org.postgresql.jdbc.PgPreparedStatement.executeQuery(PgPreparedStatement.java:103)
	at transactions.RelatedCustomerTransaction.getPossibleCustomersOrderItems(RelatedCustomerTransaction.java:104)
	at transactions.RelatedCustomerTransaction.execute(RelatedCustomerTransaction.java:52)
	at SampleApp.run(SampleApp.java:101)
	at SampleApp.main(SampleApp.java:64)
[Error]: Related Customer Abort Rel *** Related  Customer transaction info: warehouse: 8, district: 5, customer id: 2071 *** 

[Error]: NewOrder getStockQty are missing
java.sql.SQLException
	at transactions.NewOrderTransaction.execute(NewOrderTransaction.java:170)
	at SampleApp.run(SampleApp.java:101)
	at SampleApp.main(SampleApp.java:64)
[Error]: New Order Abort New **** New Order Transaction Information ****
CID:480, WID:8, DID:4, num order-lines:16
Item IDs are:,86662,48854,81639,96987,39,14567,16103,24134,24283,32405,32483,48406,52835,56625,59863,88807
Quantities:,8,8,8,8,8,8,8,8,8,8,8,8,8,8,8,8
Supply warehouse IDs:,1,4,3,8,2,5,17,6,5,1,9,1,3,10,3,3

org.postgresql.util.PSQLException: ERROR: Query error: Restart read required at: { read: { physical: 1667634643144476 } local_limit: { physical: 1667634643144476 } global_limit: <min> in_txn_limit: <max> serial_no: 0 }
	at org.postgresql.core.v3.QueryExecutorImpl.receiveErrorResponse(QueryExecutorImpl.java:2532)
	at org.postgresql.core.v3.QueryExecutorImpl.processResults(QueryExecutorImpl.java:2267)
	at org.postgresql.core.v3.QueryExecutorImpl.execute(QueryExecutorImpl.java:312)
	at org.postgresql.jdbc.PgStatement.executeInternal(PgStatement.java:448)
	at org.postgresql.jdbc.PgStatement.execute(PgStatement.java:369)
	at org.postgresql.jdbc.PgPreparedStatement.executeWithFlags(PgPreparedStatement.java:153)
	at org.postgresql.jdbc.PgPreparedStatement.executeQuery(PgPreparedStatement.java:103)
	at transactions.RelatedCustomerTransaction.getPossibleCustomersOrderItems(RelatedCustomerTransaction.java:104)
	at transactions.RelatedCustomerTransaction.execute(RelatedCustomerTransaction.java:52)
	at SampleApp.run(SampleApp.java:101)
	at SampleApp.main(SampleApp.java:64)
[Error]: Related Customer Abort Rel *** Related  Customer transaction info: warehouse: 8, district: 1, customer id: 2131 *** 

org.postgresql.util.PSQLException: ERROR: Query error: Restart read required at: { read: { physical: 1667634653881896 } local_limit: { physical: 1667634653881896 } global_limit: <min> in_txn_limit: <max> serial_no: 0 }
	at org.postgresql.core.v3.QueryExecutorImpl.receiveErrorResponse(QueryExecutorImpl.java:2532)
	at org.postgresql.core.v3.QueryExecutorImpl.processResults(QueryExecutorImpl.java:2267)
	at org.postgresql.core.v3.QueryExecutorImpl.execute(QueryExecutorImpl.java:312)
	at org.postgresql.jdbc.PgStatement.executeInternal(PgStatement.java:448)
	at org.postgresql.jdbc.PgStatement.execute(PgStatement.java:369)
	at org.postgresql.jdbc.PgPreparedStatement.executeWithFlags(PgPreparedStatement.java:153)
	at org.postgresql.jdbc.PgPreparedStatement.executeQuery(PgPreparedStatement.java:103)
	at transactions.RelatedCustomerTransaction.getPossibleCustomersOrderItems(RelatedCustomerTransaction.java:104)
	at transactions.RelatedCustomerTransaction.execute(RelatedCustomerTransaction.java:52)
	at SampleApp.run(SampleApp.java:101)
	at SampleApp.main(SampleApp.java:64)
[Error]: Related Customer Abort Rel *** Related  Customer transaction info: warehouse: 8, district: 4, customer id: 187 *** 

org.postgresql.util.PSQLException: ERROR: Query error: Restart read required at: { read: { physical: 1667634669189014 } local_limit: { physical: 1667634669189014 } global_limit: <min> in_txn_limit: <max> serial_no: 0 }
	at org.postgresql.core.v3.QueryExecutorImpl.receiveErrorResponse(QueryExecutorImpl.java:2532)
	at org.postgresql.core.v3.QueryExecutorImpl.processResults(QueryExecutorImpl.java:2267)
	at org.postgresql.core.v3.QueryExecutorImpl.execute(QueryExecutorImpl.java:312)
	at org.postgresql.jdbc.PgStatement.executeInternal(PgStatement.java:448)
	at org.postgresql.jdbc.PgStatement.execute(PgStatement.java:369)
	at org.postgresql.jdbc.PgPreparedStatement.executeWithFlags(PgPreparedStatement.java:153)
	at org.postgresql.jdbc.PgPreparedStatement.executeQuery(PgPreparedStatement.java:103)
	at transactions.RelatedCustomerTransaction.getPossibleCustomersOrderItems(RelatedCustomerTransaction.java:104)
	at transactions.RelatedCustomerTransaction.execute(RelatedCustomerTransaction.java:52)
	at SampleApp.run(SampleApp.java:101)
	at SampleApp.main(SampleApp.java:64)
[Error]: Related Customer Abort Rel *** Related  Customer transaction info: warehouse: 8, district: 3, customer id: 1251 *** 

org.postgresql.util.PSQLException: ERROR: Query error: Restart read required at: { read: { physical: 1667634676909478 } local_limit: { physical: 1667634676909478 } global_limit: <min> in_txn_limit: <max> serial_no: 0 }
	at org.postgresql.core.v3.QueryExecutorImpl.receiveErrorResponse(QueryExecutorImpl.java:2532)
	at org.postgresql.core.v3.QueryExecutorImpl.processResults(QueryExecutorImpl.java:2267)
	at org.postgresql.core.v3.QueryExecutorImpl.execute(QueryExecutorImpl.java:312)
	at org.postgresql.jdbc.PgStatement.executeInternal(PgStatement.java:448)
	at org.postgresql.jdbc.PgStatement.execute(PgStatement.java:369)
	at org.postgresql.jdbc.PgPreparedStatement.executeWithFlags(PgPreparedStatement.java:153)
	at org.postgresql.jdbc.PgPreparedStatement.executeQuery(PgPreparedStatement.java:103)
	at transactions.RelatedCustomerTransaction.getPossibleCustomersOrderItems(RelatedCustomerTransaction.java:104)
	at transactions.RelatedCustomerTransaction.execute(RelatedCustomerTransaction.java:52)
	at SampleApp.run(SampleApp.java:101)
	at SampleApp.main(SampleApp.java:64)
[Error]: Related Customer Abort Rel *** Related  Customer transaction info: warehouse: 8, district: 2, customer id: 681 *** 

org.postgresql.util.PSQLException: ERROR: Query error: Restart read required at: { read: { physical: 1667634706060407 } local_limit: { physical: 1667634706060407 } global_limit: <min> in_txn_limit: <max> serial_no: 0 }
	at org.postgresql.core.v3.QueryExecutorImpl.receiveErrorResponse(QueryExecutorImpl.java:2532)
	at org.postgresql.core.v3.QueryExecutorImpl.processResults(QueryExecutorImpl.java:2267)
	at org.postgresql.core.v3.QueryExecutorImpl.execute(QueryExecutorImpl.java:312)
	at org.postgresql.jdbc.PgStatement.executeInternal(PgStatement.java:448)
	at org.postgresql.jdbc.PgStatement.execute(PgStatement.java:369)
	at org.postgresql.jdbc.PgPreparedStatement.executeWithFlags(PgPreparedStatement.java:153)
	at org.postgresql.jdbc.PgPreparedStatement.executeQuery(PgPreparedStatement.java:103)
	at transactions.RelatedCustomerTransaction.getPossibleCustomersOrderItems(RelatedCustomerTransaction.java:104)
	at transactions.RelatedCustomerTransaction.execute(RelatedCustomerTransaction.java:52)
	at SampleApp.run(SampleApp.java:101)
	at SampleApp.main(SampleApp.java:64)
[Error]: Related Customer Abort Rel *** Related  Customer transaction info: warehouse: 8, district: 5, customer id: 2051 *** 

org.postgresql.util.PSQLException: ERROR: Query error: Restart read required at: { read: { physical: 1667634717894744 } local_limit: { physical: 1667634717894744 } global_limit: <min> in_txn_limit: <max> serial_no: 0 }
	at org.postgresql.core.v3.QueryExecutorImpl.receiveErrorResponse(QueryExecutorImpl.java:2532)
	at org.postgresql.core.v3.QueryExecutorImpl.processResults(QueryExecutorImpl.java:2267)
	at org.postgresql.core.v3.QueryExecutorImpl.execute(QueryExecutorImpl.java:312)
	at org.postgresql.jdbc.PgStatement.executeInternal(PgStatement.java:448)
	at org.postgresql.jdbc.PgStatement.execute(PgStatement.java:369)
	at org.postgresql.jdbc.PgPreparedStatement.executeWithFlags(PgPreparedStatement.java:153)
	at org.postgresql.jdbc.PgPreparedStatement.executeQuery(PgPreparedStatement.java:103)
	at transactions.RelatedCustomerTransaction.getPossibleCustomersOrderItems(RelatedCustomerTransaction.java:104)
	at transactions.RelatedCustomerTransaction.execute(RelatedCustomerTransaction.java:52)
	at SampleApp.run(SampleApp.java:101)
	at SampleApp.main(SampleApp.java:64)
[Error]: Related Customer Abort Rel *** Related  Customer transaction info: warehouse: 8, district: 4, customer id: 259 *** 

org.postgresql.util.PSQLException: ERROR: Query error: Restart read required at: { read: { physical: 1667634728785893 } local_limit: { physical: 1667634728785893 } global_limit: <min> in_txn_limit: <max> serial_no: 0 }
	at org.postgresql.core.v3.QueryExecutorImpl.receiveErrorResponse(QueryExecutorImpl.java:2532)
	at org.postgresql.core.v3.QueryExecutorImpl.processResults(QueryExecutorImpl.java:2267)
	at org.postgresql.core.v3.QueryExecutorImpl.execute(QueryExecutorImpl.java:312)
	at org.postgresql.jdbc.PgStatement.executeInternal(PgStatement.java:448)
	at org.postgresql.jdbc.PgStatement.execute(PgStatement.java:369)
	at org.postgresql.jdbc.PgPreparedStatement.executeWithFlags(PgPreparedStatement.java:153)
	at org.postgresql.jdbc.PgPreparedStatement.executeQuery(PgPreparedStatement.java:103)
	at transactions.RelatedCustomerTransaction.getPossibleCustomersOrderItems(RelatedCustomerTransaction.java:104)
	at transactions.RelatedCustomerTransaction.execute(RelatedCustomerTransaction.java:52)
	at SampleApp.run(SampleApp.java:101)
	at SampleApp.main(SampleApp.java:64)
[Error]: Related Customer Abort Rel *** Related  Customer transaction info: warehouse: 8, district: 2, customer id: 1027 *** 

org.postgresql.util.PSQLException: ERROR: Query error: Restart read required at: { read: { physical: 1667634733922464 } local_limit: { physical: 1667634733922464 } global_limit: <min> in_txn_limit: <max> serial_no: 0 }
	at org.postgresql.core.v3.QueryExecutorImpl.receiveErrorResponse(QueryExecutorImpl.java:2532)
	at org.postgresql.core.v3.QueryExecutorImpl.processResults(QueryExecutorImpl.java:2267)
	at org.postgresql.core.v3.QueryExecutorImpl.execute(QueryExecutorImpl.java:312)
	at org.postgresql.jdbc.PgStatement.executeInternal(PgStatement.java:448)
	at org.postgresql.jdbc.PgStatement.execute(PgStatement.java:369)
	at org.postgresql.jdbc.PgPreparedStatement.executeWithFlags(PgPreparedStatement.java:153)
	at org.postgresql.jdbc.PgPreparedStatement.executeQuery(PgPreparedStatement.java:103)
	at transactions.RelatedCustomerTransaction.getPossibleCustomersOrderItems(RelatedCustomerTransaction.java:104)
	at transactions.RelatedCustomerTransaction.execute(RelatedCustomerTransaction.java:52)
	at SampleApp.run(SampleApp.java:101)
	at SampleApp.main(SampleApp.java:64)
[Error]: Related Customer Abort Rel *** Related  Customer transaction info: warehouse: 8, district: 4, customer id: 1280 *** 

org.postgresql.util.PSQLException: ERROR: Query error: Restart read required at: { read: { physical: 1667634774892976 } local_limit: { physical: 1667634774892976 } global_limit: <min> in_txn_limit: <max> serial_no: 0 }
	at org.postgresql.core.v3.QueryExecutorImpl.receiveErrorResponse(QueryExecutorImpl.java:2532)
	at org.postgresql.core.v3.QueryExecutorImpl.processResults(QueryExecutorImpl.java:2267)
	at org.postgresql.core.v3.QueryExecutorImpl.execute(QueryExecutorImpl.java:312)
	at org.postgresql.jdbc.PgStatement.executeInternal(PgStatement.java:448)
	at org.postgresql.jdbc.PgStatement.execute(PgStatement.java:369)
	at org.postgresql.jdbc.PgPreparedStatement.executeWithFlags(PgPreparedStatement.java:153)
	at org.postgresql.jdbc.PgPreparedStatement.executeQuery(PgPreparedStatement.java:103)
	at transactions.RelatedCustomerTransaction.getPossibleCustomersOrderItems(RelatedCustomerTransaction.java:104)
	at transactions.RelatedCustomerTransaction.execute(RelatedCustomerTransaction.java:52)
	at SampleApp.run(SampleApp.java:101)
	at SampleApp.main(SampleApp.java:64)
[Error]: Related Customer Abort Rel *** Related  Customer transaction info: warehouse: 8, district: 1, customer id: 2267 *** 

[Error]: NewOrder getStockQty are missing
java.sql.SQLException
	at transactions.NewOrderTransaction.execute(NewOrderTransaction.java:170)
	at SampleApp.run(SampleApp.java:101)
	at SampleApp.main(SampleApp.java:64)
[Error]: New Order Abort New **** New Order Transaction Information ****
CID:1795, WID:8, DID:3, num order-lines:12
Item IDs are:,44775,83111,6062,7205,31973,48869,64711,73318,76954,80606,87463,96437
Quantities:,8,8,8,8,8,8,8,8,8,8,8,8
Supply warehouse IDs:,6,5,9,3,1,10,13,7,4,4,9,4

org.postgresql.util.PSQLException: ERROR: Query error: Restart read required at: { read: { physical: 1667634805968140 } local_limit: { physical: 1667634805968140 } global_limit: <min> in_txn_limit: <max> serial_no: 0 }
	at org.postgresql.core.v3.QueryExecutorImpl.receiveErrorResponse(QueryExecutorImpl.java:2532)
	at org.postgresql.core.v3.QueryExecutorImpl.processResults(QueryExecutorImpl.java:2267)
	at org.postgresql.core.v3.QueryExecutorImpl.execute(QueryExecutorImpl.java:312)
	at org.postgresql.jdbc.PgStatement.executeInternal(PgStatement.java:448)
	at org.postgresql.jdbc.PgStatement.execute(PgStatement.java:369)
	at org.postgresql.jdbc.PgPreparedStatement.executeWithFlags(PgPreparedStatement.java:153)
	at org.postgresql.jdbc.PgPreparedStatement.executeQuery(PgPreparedStatement.java:103)
	at transactions.RelatedCustomerTransaction.getPossibleCustomersOrderItems(RelatedCustomerTransaction.java:104)
	at transactions.RelatedCustomerTransaction.execute(RelatedCustomerTransaction.java:52)
	at SampleApp.run(SampleApp.java:101)
	at SampleApp.main(SampleApp.java:64)
[Error]: Related Customer Abort Rel *** Related  Customer transaction info: warehouse: 8, district: 1, customer id: 2819 *** 

org.postgresql.util.PSQLException: ERROR: Query error: Restart read required at: { read: { physical: 1667634877768333 } local_limit: { physical: 1667634877768333 } global_limit: <min> in_txn_limit: <max> serial_no: 0 }
	at org.postgresql.core.v3.QueryExecutorImpl.receiveErrorResponse(QueryExecutorImpl.java:2532)
	at org.postgresql.core.v3.QueryExecutorImpl.processResults(QueryExecutorImpl.java:2267)
	at org.postgresql.core.v3.QueryExecutorImpl.execute(QueryExecutorImpl.java:312)
	at org.postgresql.jdbc.PgStatement.executeInternal(PgStatement.java:448)
	at org.postgresql.jdbc.PgStatement.execute(PgStatement.java:369)
	at org.postgresql.jdbc.PgPreparedStatement.executeWithFlags(PgPreparedStatement.java:153)
	at org.postgresql.jdbc.PgPreparedStatement.executeQuery(PgPreparedStatement.java:103)
	at transactions.RelatedCustomerTransaction.getPossibleCustomersOrderItems(RelatedCustomerTransaction.java:104)
	at transactions.RelatedCustomerTransaction.execute(RelatedCustomerTransaction.java:52)
	at SampleApp.run(SampleApp.java:101)
	at SampleApp.main(SampleApp.java:64)
[Error]: Related Customer Abort Rel *** Related  Customer transaction info: warehouse: 8, district: 1, customer id: 2810 *** 

org.postgresql.util.PSQLException: ERROR: Query error: Restart read required at: { read: { physical: 1667634889101386 } local_limit: { physical: 1667634889101386 } global_limit: <min> in_txn_limit: <max> serial_no: 0 }
	at org.postgresql.core.v3.QueryExecutorImpl.receiveErrorResponse(QueryExecutorImpl.java:2532)
	at org.postgresql.core.v3.QueryExecutorImpl.processResults(QueryExecutorImpl.java:2267)
	at org.postgresql.core.v3.QueryExecutorImpl.execute(QueryExecutorImpl.java:312)
	at org.postgresql.jdbc.PgStatement.executeInternal(PgStatement.java:448)
	at org.postgresql.jdbc.PgStatement.execute(PgStatement.java:369)
	at org.postgresql.jdbc.PgPreparedStatement.executeWithFlags(PgPreparedStatement.java:153)
	at org.postgresql.jdbc.PgPreparedStatement.executeQuery(PgPreparedStatement.java:103)
	at transactions.RelatedCustomerTransaction.getPossibleCustomersOrderItems(RelatedCustomerTransaction.java:104)
	at transactions.RelatedCustomerTransaction.execute(RelatedCustomerTransaction.java:52)
	at SampleApp.run(SampleApp.java:101)
	at SampleApp.main(SampleApp.java:64)
[Error]: Related Customer Abort Rel *** Related  Customer transaction info: warehouse: 8, district: 2, customer id: 1279 *** 

org.postgresql.util.PSQLException: ERROR: Query error: Restart read required at: { read: { physical: 1667634890830221 } local_limit: { physical: 1667634890830221 } global_limit: <min> in_txn_limit: <max> serial_no: 0 }
	at org.postgresql.core.v3.QueryExecutorImpl.receiveErrorResponse(QueryExecutorImpl.java:2532)
	at org.postgresql.core.v3.QueryExecutorImpl.processResults(QueryExecutorImpl.java:2267)
	at org.postgresql.core.v3.QueryExecutorImpl.execute(QueryExecutorImpl.java:312)
	at org.postgresql.jdbc.PgStatement.executeInternal(PgStatement.java:448)
	at org.postgresql.jdbc.PgStatement.execute(PgStatement.java:369)
	at org.postgresql.jdbc.PgPreparedStatement.executeWithFlags(PgPreparedStatement.java:153)
	at org.postgresql.jdbc.PgPreparedStatement.executeQuery(PgPreparedStatement.java:103)
	at transactions.RelatedCustomerTransaction.getPossibleCustomersOrderItems(RelatedCustomerTransaction.java:104)
	at transactions.RelatedCustomerTransaction.execute(RelatedCustomerTransaction.java:52)
	at SampleApp.run(SampleApp.java:101)
	at SampleApp.main(SampleApp.java:64)
[Error]: Related Customer Abort Rel *** Related  Customer transaction info: warehouse: 8, district: 5, customer id: 2531 *** 

[Error]: NewOrder getStockQty are missing
java.sql.SQLException
	at transactions.NewOrderTransaction.execute(NewOrderTransaction.java:170)
	at SampleApp.run(SampleApp.java:101)
	at SampleApp.main(SampleApp.java:64)
[Error]: New Order Abort New **** New Order Transaction Information ****
CID:2228, WID:8, DID:4, num order-lines:9
Item IDs are:,2062,24255,39941,40663,50769,72279,80611,81623,97477
Quantities:,8,8,8,8,8,8,8,8,8
Supply warehouse IDs:,9,9,3,6,7,8,1,11,5

[Error]: NewOrder getStockQty are missing
java.sql.SQLException
	at transactions.NewOrderTransaction.execute(NewOrderTransaction.java:170)
	at SampleApp.run(SampleApp.java:101)
	at SampleApp.main(SampleApp.java:64)
[Error]: New Order Abort New **** New Order Transaction Information ****
CID:1795, WID:8, DID:1, num order-lines:15
Item IDs are:,46273,32486,27067,3447,5988,6079,6081,40543,40549,60639,61629,63207,73430,89702,97991
Quantities:,8,8,8,8,8,8,8,8,8,8,8,8,8,8,8
Supply warehouse IDs:,8,3,5,9,9,9,10,1,9,1,4,20,9,3,1

[Error]: NewOrder getStockQty are missing
java.sql.SQLException
	at transactions.NewOrderTransaction.execute(NewOrderTransaction.java:170)
	at SampleApp.run(SampleApp.java:101)
	at SampleApp.main(SampleApp.java:64)
[Error]: New Order Abort New **** New Order Transaction Information ****
CID:1143, WID:8, DID:4, num order-lines:7
Item IDs are:,24295,48855,65246,68775,69093,77383,85734
Quantities:,8,8,8,8,8,8,8
Supply warehouse IDs:,16,4,10,3,3,3,6

[Error]: NewOrder getStockQty are missing
java.sql.SQLException
	at transactions.NewOrderTransaction.execute(NewOrderTransaction.java:170)
	at SampleApp.run(SampleApp.java:101)
	at SampleApp.main(SampleApp.java:64)
[Error]: New Order Abort New **** New Order Transaction Information ****
CID:1667, WID:8, DID:2, num order-lines:13
Item IDs are:,72800,69303,60001,15227,18090,36583,42724,46150,64052,64225,73191,75254,82822
Quantities:,8,8,8,8,8,8,8,8,8,8,8,8,8
Supply warehouse IDs:,10,3,1,1,7,15,10,4,8,3,2,3,6

[Error]: NewOrder getStockQty are missing
java.sql.SQLException
	at transactions.NewOrderTransaction.execute(NewOrderTransaction.java:170)
	at SampleApp.run(SampleApp.java:101)
	at SampleApp.main(SampleApp.java:64)
[Error]: New Order Abort New **** New Order Transaction Information ****
CID:2017, WID:8, DID:4, num order-lines:19
Item IDs are:,89223,89787,81553,57004,2096,81431,36581,96871,70,1525,3783,32055,44711,47790,52925,57047,77763,79463,88387
Quantities:,8,8,8,8,8,5,8,8,8,8,8,8,8,8,8,8,8,8,8
Supply warehouse IDs:,1,3,8,4,8,1,3,9,4,4,4,6,4,10,3,2,9,11,8

[Error]: NewOrder getStockQty are missing
java.sql.SQLException
	at transactions.NewOrderTransaction.execute(NewOrderTransaction.java:170)
	at SampleApp.run(SampleApp.java:101)
	at SampleApp.main(SampleApp.java:64)
[Error]: New Order Abort New **** New Order Transaction Information ****
CID:315, WID:8, DID:1, num order-lines:17
Item IDs are:,95079,28243,89574,88999,64159,12518,20191,31325,32358,40665,40675,46823,73374,84621,84711,85703,93501
Quantities:,8,8,8,8,8,8,8,8,8,8,8,8,8,8,8,8,8
Supply warehouse IDs:,2,10,10,5,8,8,2,10,3,4,8,5,10,5,17,3,8

org.postgresql.util.PSQLException: ERROR: Query error: Restart read required at: { read: { physical: 1667634966959778 } local_limit: { physical: 1667634966959778 } global_limit: <min> in_txn_limit: <max> serial_no: 0 }
	at org.postgresql.core.v3.QueryExecutorImpl.receiveErrorResponse(QueryExecutorImpl.java:2532)
	at org.postgresql.core.v3.QueryExecutorImpl.processResults(QueryExecutorImpl.java:2267)
	at org.postgresql.core.v3.QueryExecutorImpl.execute(QueryExecutorImpl.java:312)
	at org.postgresql.jdbc.PgStatement.executeInternal(PgStatement.java:448)
	at org.postgresql.jdbc.PgStatement.execute(PgStatement.java:369)
	at org.postgresql.jdbc.PgPreparedStatement.executeWithFlags(PgPreparedStatement.java:153)
	at org.postgresql.jdbc.PgPreparedStatement.executeQuery(PgPreparedStatement.java:103)
	at transactions.RelatedCustomerTransaction.getPossibleCustomersOrderItems(RelatedCustomerTransaction.java:104)
	at transactions.RelatedCustomerTransaction.execute(RelatedCustomerTransaction.java:52)
	at SampleApp.run(SampleApp.java:101)
	at SampleApp.main(SampleApp.java:64)
[Error]: Related Customer Abort Rel *** Related  Customer transaction info: warehouse: 8, district: 5, customer id: 478 *** 

org.postgresql.util.PSQLException: ERROR: Query error: Restart read required at: { read: { physical: 1667634972337406 } local_limit: { physical: 1667634972337406 } global_limit: <min> in_txn_limit: <max> serial_no: 0 }
	at org.postgresql.core.v3.QueryExecutorImpl.receiveErrorResponse(QueryExecutorImpl.java:2532)
	at org.postgresql.core.v3.QueryExecutorImpl.processResults(QueryExecutorImpl.java:2267)
	at org.postgresql.core.v3.QueryExecutorImpl.execute(QueryExecutorImpl.java:312)
	at org.postgresql.jdbc.PgStatement.executeInternal(PgStatement.java:448)
	at org.postgresql.jdbc.PgStatement.execute(PgStatement.java:369)
	at org.postgresql.jdbc.PgPreparedStatement.executeWithFlags(PgPreparedStatement.java:153)
	at org.postgresql.jdbc.PgPreparedStatement.executeQuery(PgPreparedStatement.java:103)
	at transactions.RelatedCustomerTransaction.getPossibleCustomersOrderItems(RelatedCustomerTransaction.java:104)
	at transactions.RelatedCustomerTransaction.execute(RelatedCustomerTransaction.java:52)
	at SampleApp.run(SampleApp.java:101)
	at SampleApp.main(SampleApp.java:64)
[Error]: Related Customer Abort Rel *** Related  Customer transaction info: warehouse: 8, district: 3, customer id: 1219 *** 

[Error]: NewOrder getStockQty are missing
java.sql.SQLException
	at transactions.NewOrderTransaction.execute(NewOrderTransaction.java:170)
	at SampleApp.run(SampleApp.java:101)
	at SampleApp.main(SampleApp.java:64)
[Error]: New Order Abort New **** New Order Transaction Information ****
CID:2018, WID:8, DID:4, num order-lines:17
Item IDs are:,73445,15719,41877,40541,12741,30225,23174,12007,2054,20290,46783,53991,54822,60281,71396,75293,89831
Quantities:,8,8,8,8,8,8,8,8,8,8,8,8,8,8,8,8,8
Supply warehouse IDs:,6,3,3,1,10,7,2,5,10,1,11,9,5,8,6,2,2

org.postgresql.util.PSQLException: ERROR: Query error: Restart read required at: { read: { physical: 1667634997011168 } local_limit: { physical: 1667634997011168 } global_limit: <min> in_txn_limit: <max> serial_no: 0 }
	at org.postgresql.core.v3.QueryExecutorImpl.receiveErrorResponse(QueryExecutorImpl.java:2532)
	at org.postgresql.core.v3.QueryExecutorImpl.processResults(QueryExecutorImpl.java:2267)
	at org.postgresql.core.v3.QueryExecutorImpl.execute(QueryExecutorImpl.java:312)
	at org.postgresql.jdbc.PgStatement.executeInternal(PgStatement.java:448)
	at org.postgresql.jdbc.PgStatement.execute(PgStatement.java:369)
	at org.postgresql.jdbc.PgPreparedStatement.executeWithFlags(PgPreparedStatement.java:153)
	at org.postgresql.jdbc.PgPreparedStatement.executeQuery(PgPreparedStatement.java:103)
	at transactions.RelatedCustomerTransaction.getPossibleCustomersOrderItems(RelatedCustomerTransaction.java:104)
	at transactions.RelatedCustomerTransaction.execute(RelatedCustomerTransaction.java:52)
	at SampleApp.run(SampleApp.java:101)
	at SampleApp.main(SampleApp.java:64)
[Error]: Related Customer Abort Rel *** Related  Customer transaction info: warehouse: 8, district: 5, customer id: 2208 *** 

