******** Current Client: 8 **********
org.postgresql.util.PSQLException: ERROR: Query error: Restart read required at: { read: { physical: 1667633681280172 } local_limit: { physical: 1667633681280172 } global_limit: <min> in_txn_limit: <max> serial_no: 0 }
	at org.postgresql.core.v3.QueryExecutorImpl.receiveErrorResponse(QueryExecutorImpl.java:2532)
	at org.postgresql.core.v3.QueryExecutorImpl.processResults(QueryExecutorImpl.java:2267)
	at org.postgresql.core.v3.QueryExecutorImpl.execute(QueryExecutorImpl.java:312)
	at org.postgresql.jdbc.PgStatement.executeInternal(PgStatement.java:448)
	at org.postgresql.jdbc.PgStatement.execute(PgStatement.java:369)
	at org.postgresql.jdbc.PgPreparedStatement.executeWithFlags(PgPreparedStatement.java:153)
	at org.postgresql.jdbc.PgPreparedStatement.executeQuery(PgPreparedStatement.java:103)
	at transactions.RelatedCustomerTransaction.getPossibleCustomersOrderItems(RelatedCustomerTransaction.java:104)
	at transactions.RelatedCustomerTransaction.execute(RelatedCustomerTransaction.java:52)
	at SampleApp.run(SampleApp.java:101)
	at SampleApp.main(SampleApp.java:64)
[Error]: Related Customer Abort Rel *** Related  Customer transaction info: warehouse: 5, district: 4, customer id: 1123 *** 

[Error]: NewOrder getStockQty are missing
java.sql.SQLException
	at transactions.NewOrderTransaction.execute(NewOrderTransaction.java:170)
	at SampleApp.run(SampleApp.java:101)
	at SampleApp.main(SampleApp.java:64)
[Error]: New Order Abort New **** New Order Transaction Information ****
CID:2018, WID:5, DID:1, num order-lines:16
Item IDs are:,48839,56973,10828,1833,5443,9905,11431,13367,15787,21181,35430,56935,64226,89671,89762,94913
Quantities:,5,5,5,5,5,5,5,5,5,5,5,5,5,5,5,5
Supply warehouse IDs:,3,7,3,4,5,2,6,1,10,8,2,7,18,2,1,10

org.postgresql.util.PSQLException: ERROR: Query error: Restart read required at: { read: { physical: 1667633698122643 } local_limit: { physical: 1667633698122643 } global_limit: <min> in_txn_limit: <max> serial_no: 0 }
	at org.postgresql.core.v3.QueryExecutorImpl.receiveErrorResponse(QueryExecutorImpl.java:2532)
	at org.postgresql.core.v3.QueryExecutorImpl.processResults(QueryExecutorImpl.java:2267)
	at org.postgresql.core.v3.QueryExecutorImpl.execute(QueryExecutorImpl.java:312)
	at org.postgresql.jdbc.PgStatement.executeInternal(PgStatement.java:448)
	at org.postgresql.jdbc.PgStatement.execute(PgStatement.java:369)
	at org.postgresql.jdbc.PgPreparedStatement.executeWithFlags(PgPreparedStatement.java:153)
	at org.postgresql.jdbc.PgPreparedStatement.executeQuery(PgPreparedStatement.java:103)
	at transactions.RelatedCustomerTransaction.getPossibleCustomersOrderItems(RelatedCustomerTransaction.java:104)
	at transactions.RelatedCustomerTransaction.execute(RelatedCustomerTransaction.java:52)
	at SampleApp.run(SampleApp.java:101)
	at SampleApp.main(SampleApp.java:64)
[Error]: Related Customer Abort Rel *** Related  Customer transaction info: warehouse: 5, district: 2, customer id: 1443 *** 

org.postgresql.util.PSQLException: ERROR: Query error: Restart read required at: { read: { physical: 1667633702290181 } local_limit: { physical: 1667633702290181 } global_limit: <min> in_txn_limit: <max> serial_no: 0 }
	at org.postgresql.core.v3.QueryExecutorImpl.receiveErrorResponse(QueryExecutorImpl.java:2532)
	at org.postgresql.core.v3.QueryExecutorImpl.processResults(QueryExecutorImpl.java:2267)
	at org.postgresql.core.v3.QueryExecutorImpl.execute(QueryExecutorImpl.java:312)
	at org.postgresql.jdbc.PgStatement.executeInternal(PgStatement.java:448)
	at org.postgresql.jdbc.PgStatement.execute(PgStatement.java:369)
	at org.postgresql.jdbc.PgPreparedStatement.executeWithFlags(PgPreparedStatement.java:153)
	at org.postgresql.jdbc.PgPreparedStatement.executeQuery(PgPreparedStatement.java:103)
	at transactions.RelatedCustomerTransaction.getPossibleCustomersOrderItems(RelatedCustomerTransaction.java:104)
	at transactions.RelatedCustomerTransaction.execute(RelatedCustomerTransaction.java:52)
	at SampleApp.run(SampleApp.java:101)
	at SampleApp.main(SampleApp.java:64)
[Error]: Related Customer Abort Rel *** Related  Customer transaction info: warehouse: 5, district: 1, customer id: 2274 *** 

org.postgresql.util.PSQLException: ERROR: Query error: Restart read required at: { read: { physical: 1667633707188522 } local_limit: { physical: 1667633707188522 } global_limit: <min> in_txn_limit: <max> serial_no: 0 }
	at org.postgresql.core.v3.QueryExecutorImpl.receiveErrorResponse(QueryExecutorImpl.java:2532)
	at org.postgresql.core.v3.QueryExecutorImpl.processResults(QueryExecutorImpl.java:2267)
	at org.postgresql.core.v3.QueryExecutorImpl.execute(QueryExecutorImpl.java:312)
	at org.postgresql.jdbc.PgStatement.executeInternal(PgStatement.java:448)
	at org.postgresql.jdbc.PgStatement.execute(PgStatement.java:369)
	at org.postgresql.jdbc.PgPreparedStatement.executeWithFlags(PgPreparedStatement.java:153)
	at org.postgresql.jdbc.PgPreparedStatement.executeQuery(PgPreparedStatement.java:103)
	at transactions.RelatedCustomerTransaction.getPossibleCustomersOrderItems(RelatedCustomerTransaction.java:104)
	at transactions.RelatedCustomerTransaction.execute(RelatedCustomerTransaction.java:52)
	at SampleApp.run(SampleApp.java:101)
	at SampleApp.main(SampleApp.java:64)
[Error]: Related Customer Abort Rel *** Related  Customer transaction info: warehouse: 5, district: 1, customer id: 51 *** 

org.postgresql.util.PSQLException: ERROR: Query error: Restart read required at: { read: { physical: 1667633713826081 } local_limit: { physical: 1667633713826081 } global_limit: <min> in_txn_limit: <max> serial_no: 0 }
	at org.postgresql.core.v3.QueryExecutorImpl.receiveErrorResponse(QueryExecutorImpl.java:2532)
	at org.postgresql.core.v3.QueryExecutorImpl.processResults(QueryExecutorImpl.java:2267)
	at org.postgresql.core.v3.QueryExecutorImpl.execute(QueryExecutorImpl.java:312)
	at org.postgresql.jdbc.PgStatement.executeInternal(PgStatement.java:448)
	at org.postgresql.jdbc.PgStatement.execute(PgStatement.java:369)
	at org.postgresql.jdbc.PgPreparedStatement.executeWithFlags(PgPreparedStatement.java:153)
	at org.postgresql.jdbc.PgPreparedStatement.executeQuery(PgPreparedStatement.java:103)
	at transactions.RelatedCustomerTransaction.getPossibleCustomersOrderItems(RelatedCustomerTransaction.java:104)
	at transactions.RelatedCustomerTransaction.execute(RelatedCustomerTransaction.java:52)
	at SampleApp.run(SampleApp.java:101)
	at SampleApp.main(SampleApp.java:64)
[Error]: Related Customer Abort Rel *** Related  Customer transaction info: warehouse: 5, district: 4, customer id: 1152 *** 

[Error]: NewOrder getStockQty are missing
java.sql.SQLException
	at transactions.NewOrderTransaction.execute(NewOrderTransaction.java:170)
	at SampleApp.run(SampleApp.java:101)
	at SampleApp.main(SampleApp.java:64)
[Error]: New Order Abort New **** New Order Transaction Information ****
CID:1985, WID:5, DID:3, num order-lines:18
Item IDs are:,15035,37607,73155,12293,79285,73445,39881,23651,5703,14053,28261,32486,48327,50823,57063,81607,94167,94685
Quantities:,5,5,5,5,5,5,5,5,5,5,5,5,5,5,5,5,5,5
Supply warehouse IDs:,2,1,2,9,7,7,5,4,7,1,4,10,6,6,14,3,3,3

org.postgresql.util.PSQLException: ERROR: Query error: Restart read required at: { read: { physical: 1667633727902005 } local_limit: { physical: 1667633727902005 } global_limit: <min> in_txn_limit: <max> serial_no: 0 }
	at org.postgresql.core.v3.QueryExecutorImpl.receiveErrorResponse(QueryExecutorImpl.java:2532)
	at org.postgresql.core.v3.QueryExecutorImpl.processResults(QueryExecutorImpl.java:2267)
	at org.postgresql.core.v3.QueryExecutorImpl.execute(QueryExecutorImpl.java:312)
	at org.postgresql.jdbc.PgStatement.executeInternal(PgStatement.java:448)
	at org.postgresql.jdbc.PgStatement.execute(PgStatement.java:369)
	at org.postgresql.jdbc.PgPreparedStatement.executeWithFlags(PgPreparedStatement.java:153)
	at org.postgresql.jdbc.PgPreparedStatement.executeQuery(PgPreparedStatement.java:103)
	at transactions.RelatedCustomerTransaction.getPossibleCustomersOrderItems(RelatedCustomerTransaction.java:104)
	at transactions.RelatedCustomerTransaction.execute(RelatedCustomerTransaction.java:52)
	at SampleApp.run(SampleApp.java:101)
	at SampleApp.main(SampleApp.java:64)
[Error]: Related Customer Abort Rel *** Related  Customer transaction info: warehouse: 5, district: 4, customer id: 298 *** 

[Error]: NewOrder getStockQty are missing
java.sql.SQLException
	at transactions.NewOrderTransaction.execute(NewOrderTransaction.java:170)
	at SampleApp.run(SampleApp.java:101)
	at SampleApp.main(SampleApp.java:64)
[Error]: New Order Abort New **** New Order Transaction Information ****
CID:2048, WID:5, DID:1, num order-lines:19
Item IDs are:,93911,4167,66279,77538,70759,46743,81620,15509,77511,11982,15061,22227,32419,39421,48783,52039,63830,93863,96835
Quantities:,5,5,5,5,5,5,5,5,5,5,5,5,5,5,5,10,5,5,5
Supply warehouse IDs:,7,7,3,2,10,9,7,6,9,7,6,8,14,2,3,1,3,6,2

org.postgresql.util.PSQLException: ERROR: Query error: Restart read required at: { read: { physical: 1667633742082064 } local_limit: { physical: 1667633742082064 } global_limit: <min> in_txn_limit: <max> serial_no: 0 }
	at org.postgresql.core.v3.QueryExecutorImpl.receiveErrorResponse(QueryExecutorImpl.java:2532)
	at org.postgresql.core.v3.QueryExecutorImpl.processResults(QueryExecutorImpl.java:2267)
	at org.postgresql.core.v3.QueryExecutorImpl.execute(QueryExecutorImpl.java:312)
	at org.postgresql.jdbc.PgStatement.executeInternal(PgStatement.java:448)
	at org.postgresql.jdbc.PgStatement.execute(PgStatement.java:369)
	at org.postgresql.jdbc.PgPreparedStatement.executeWithFlags(PgPreparedStatement.java:153)
	at org.postgresql.jdbc.PgPreparedStatement.executeQuery(PgPreparedStatement.java:103)
	at transactions.RelatedCustomerTransaction.getPossibleCustomersOrderItems(RelatedCustomerTransaction.java:104)
	at transactions.RelatedCustomerTransaction.execute(RelatedCustomerTransaction.java:52)
	at SampleApp.run(SampleApp.java:101)
	at SampleApp.main(SampleApp.java:64)
[Error]: Related Customer Abort Rel *** Related  Customer transaction info: warehouse: 5, district: 4, customer id: 313 *** 

org.postgresql.util.PSQLException: ERROR: Query error: Restart read required at: { read: { physical: 1667633766818984 } local_limit: { physical: 1667633766818984 } global_limit: <min> in_txn_limit: <max> serial_no: 0 }
	at org.postgresql.core.v3.QueryExecutorImpl.receiveErrorResponse(QueryExecutorImpl.java:2532)
	at org.postgresql.core.v3.QueryExecutorImpl.processResults(QueryExecutorImpl.java:2267)
	at org.postgresql.core.v3.QueryExecutorImpl.execute(QueryExecutorImpl.java:312)
	at org.postgresql.jdbc.PgStatement.executeInternal(PgStatement.java:448)
	at org.postgresql.jdbc.PgStatement.execute(PgStatement.java:369)
	at org.postgresql.jdbc.PgPreparedStatement.executeWithFlags(PgPreparedStatement.java:153)
	at org.postgresql.jdbc.PgPreparedStatement.executeQuery(PgPreparedStatement.java:103)
	at transactions.RelatedCustomerTransaction.getPossibleCustomersOrderItems(RelatedCustomerTransaction.java:104)
	at transactions.RelatedCustomerTransaction.execute(RelatedCustomerTransaction.java:52)
	at SampleApp.run(SampleApp.java:101)
	at SampleApp.main(SampleApp.java:64)
[Error]: Related Customer Abort Rel *** Related  Customer transaction info: warehouse: 5, district: 3, customer id: 1239 *** 

org.postgresql.util.PSQLException: ERROR: Query error: Restart read required at: { read: { physical: 1667633770519004 } local_limit: { physical: 1667633770519004 } global_limit: <min> in_txn_limit: <max> serial_no: 0 }
	at org.postgresql.core.v3.QueryExecutorImpl.receiveErrorResponse(QueryExecutorImpl.java:2532)
	at org.postgresql.core.v3.QueryExecutorImpl.processResults(QueryExecutorImpl.java:2267)
	at org.postgresql.core.v3.QueryExecutorImpl.execute(QueryExecutorImpl.java:312)
	at org.postgresql.jdbc.PgStatement.executeInternal(PgStatement.java:448)
	at org.postgresql.jdbc.PgStatement.execute(PgStatement.java:369)
	at org.postgresql.jdbc.PgPreparedStatement.executeWithFlags(PgPreparedStatement.java:153)
	at org.postgresql.jdbc.PgPreparedStatement.executeQuery(PgPreparedStatement.java:103)
	at transactions.RelatedCustomerTransaction.getPossibleCustomersOrderItems(RelatedCustomerTransaction.java:104)
	at transactions.RelatedCustomerTransaction.execute(RelatedCustomerTransaction.java:52)
	at SampleApp.run(SampleApp.java:101)
	at SampleApp.main(SampleApp.java:64)
[Error]: Related Customer Abort Rel *** Related  Customer transaction info: warehouse: 5, district: 1, customer id: 1091 *** 

org.postgresql.util.PSQLException: ERROR: Query error: Restart read required at: { read: { physical: 1667633790446268 } local_limit: { physical: 1667633790446268 } global_limit: <min> in_txn_limit: <max> serial_no: 0 }
	at org.postgresql.core.v3.QueryExecutorImpl.receiveErrorResponse(QueryExecutorImpl.java:2532)
	at org.postgresql.core.v3.QueryExecutorImpl.processResults(QueryExecutorImpl.java:2267)
	at org.postgresql.core.v3.QueryExecutorImpl.execute(QueryExecutorImpl.java:312)
	at org.postgresql.jdbc.PgStatement.executeInternal(PgStatement.java:448)
	at org.postgresql.jdbc.PgStatement.execute(PgStatement.java:369)
	at org.postgresql.jdbc.PgPreparedStatement.executeWithFlags(PgPreparedStatement.java:153)
	at org.postgresql.jdbc.PgPreparedStatement.executeQuery(PgPreparedStatement.java:103)
	at transactions.RelatedCustomerTransaction.getPossibleCustomersOrderItems(RelatedCustomerTransaction.java:104)
	at transactions.RelatedCustomerTransaction.execute(RelatedCustomerTransaction.java:52)
	at SampleApp.run(SampleApp.java:101)
	at SampleApp.main(SampleApp.java:64)
[Error]: Related Customer Abort Rel *** Related  Customer transaction info: warehouse: 5, district: 3, customer id: 2275 *** 

org.postgresql.util.PSQLException: ERROR: Query error: Restart read required at: { read: { physical: 1667633804249836 } local_limit: { physical: 1667633804249836 } global_limit: <min> in_txn_limit: <max> serial_no: 0 }
	at org.postgresql.core.v3.QueryExecutorImpl.receiveErrorResponse(QueryExecutorImpl.java:2532)
	at org.postgresql.core.v3.QueryExecutorImpl.processResults(QueryExecutorImpl.java:2267)
	at org.postgresql.core.v3.QueryExecutorImpl.execute(QueryExecutorImpl.java:312)
	at org.postgresql.jdbc.PgStatement.executeInternal(PgStatement.java:448)
	at org.postgresql.jdbc.PgStatement.execute(PgStatement.java:369)
	at org.postgresql.jdbc.PgPreparedStatement.executeWithFlags(PgPreparedStatement.java:153)
	at org.postgresql.jdbc.PgPreparedStatement.executeQuery(PgPreparedStatement.java:103)
	at transactions.RelatedCustomerTransaction.getPossibleCustomersOrderItems(RelatedCustomerTransaction.java:104)
	at transactions.RelatedCustomerTransaction.execute(RelatedCustomerTransaction.java:52)
	at SampleApp.run(SampleApp.java:101)
	at SampleApp.main(SampleApp.java:64)
[Error]: Related Customer Abort Rel *** Related  Customer transaction info: warehouse: 5, district: 5, customer id: 466 *** 

org.postgresql.util.PSQLException: ERROR: Query error: Restart read required at: { read: { physical: 1667633809968724 } local_limit: { physical: 1667633809968724 } global_limit: <min> in_txn_limit: <max> serial_no: 0 }
	at org.postgresql.core.v3.QueryExecutorImpl.receiveErrorResponse(QueryExecutorImpl.java:2532)
	at org.postgresql.core.v3.QueryExecutorImpl.processResults(QueryExecutorImpl.java:2267)
	at org.postgresql.core.v3.QueryExecutorImpl.execute(QueryExecutorImpl.java:312)
	at org.postgresql.jdbc.PgStatement.executeInternal(PgStatement.java:448)
	at org.postgresql.jdbc.PgStatement.execute(PgStatement.java:369)
	at org.postgresql.jdbc.PgPreparedStatement.executeWithFlags(PgPreparedStatement.java:153)
	at org.postgresql.jdbc.PgPreparedStatement.executeQuery(PgPreparedStatement.java:103)
	at transactions.RelatedCustomerTransaction.getPossibleCustomersOrderItems(RelatedCustomerTransaction.java:104)
	at transactions.RelatedCustomerTransaction.execute(RelatedCustomerTransaction.java:52)
	at SampleApp.run(SampleApp.java:101)
	at SampleApp.main(SampleApp.java:64)
[Error]: Related Customer Abort Rel *** Related  Customer transaction info: warehouse: 5, district: 2, customer id: 255 *** 

org.postgresql.util.PSQLException: ERROR: Query error: Restart read required at: { read: { physical: 1667633825999985 } local_limit: { physical: 1667633825999985 } global_limit: <min> in_txn_limit: <max> serial_no: 0 }
	at org.postgresql.core.v3.QueryExecutorImpl.receiveErrorResponse(QueryExecutorImpl.java:2532)
	at org.postgresql.core.v3.QueryExecutorImpl.processResults(QueryExecutorImpl.java:2267)
	at org.postgresql.core.v3.QueryExecutorImpl.execute(QueryExecutorImpl.java:312)
	at org.postgresql.jdbc.PgStatement.executeInternal(PgStatement.java:448)
	at org.postgresql.jdbc.PgStatement.execute(PgStatement.java:369)
	at org.postgresql.jdbc.PgPreparedStatement.executeWithFlags(PgPreparedStatement.java:153)
	at org.postgresql.jdbc.PgPreparedStatement.executeQuery(PgPreparedStatement.java:103)
	at transactions.RelatedCustomerTransaction.getPossibleCustomersOrderItems(RelatedCustomerTransaction.java:104)
	at transactions.RelatedCustomerTransaction.execute(RelatedCustomerTransaction.java:52)
	at SampleApp.run(SampleApp.java:101)
	at SampleApp.main(SampleApp.java:64)
[Error]: Related Customer Abort Rel *** Related  Customer transaction info: warehouse: 5, district: 5, customer id: 2163 *** 

org.postgresql.util.PSQLException: ERROR: Query error: Restart read required at: { read: { physical: 1667633832164509 } local_limit: { physical: 1667633832164509 } global_limit: <min> in_txn_limit: <max> serial_no: 0 }
	at org.postgresql.core.v3.QueryExecutorImpl.receiveErrorResponse(QueryExecutorImpl.java:2532)
	at org.postgresql.core.v3.QueryExecutorImpl.processResults(QueryExecutorImpl.java:2267)
	at org.postgresql.core.v3.QueryExecutorImpl.execute(QueryExecutorImpl.java:312)
	at org.postgresql.jdbc.PgStatement.executeInternal(PgStatement.java:448)
	at org.postgresql.jdbc.PgStatement.execute(PgStatement.java:369)
	at org.postgresql.jdbc.PgPreparedStatement.executeWithFlags(PgPreparedStatement.java:153)
	at org.postgresql.jdbc.PgPreparedStatement.executeQuery(PgPreparedStatement.java:103)
	at transactions.RelatedCustomerTransaction.getPossibleCustomersOrderItems(RelatedCustomerTransaction.java:104)
	at transactions.RelatedCustomerTransaction.execute(RelatedCustomerTransaction.java:52)
	at SampleApp.run(SampleApp.java:101)
	at SampleApp.main(SampleApp.java:64)
[Error]: Related Customer Abort Rel *** Related  Customer transaction info: warehouse: 5, district: 3, customer id: 1790 *** 

[Error]: NewOrder getStockQty are missing
java.sql.SQLException
	at transactions.NewOrderTransaction.execute(NewOrderTransaction.java:170)
	at SampleApp.run(SampleApp.java:101)
	at SampleApp.main(SampleApp.java:64)
[Error]: New Order Abort New **** New Order Transaction Information ****
CID:2157, WID:5, DID:1, num order-lines:16
Item IDs are:,97990,88416,89497,56775,97363,13939,16102,21142,24278,40529,40551,47719,72423,79550,97511,97955
Quantities:,5,5,5,5,5,5,5,5,5,5,5,5,5,5,5,5
Supply warehouse IDs:,3,7,10,1,3,3,10,6,8,1,5,8,15,4,3,10

org.postgresql.util.PSQLException: ERROR: Query error: Restart read required at: { read: { physical: 1667633855950487 } local_limit: { physical: 1667633855950487 } global_limit: <min> in_txn_limit: <max> serial_no: 0 }
	at org.postgresql.core.v3.QueryExecutorImpl.receiveErrorResponse(QueryExecutorImpl.java:2532)
	at org.postgresql.core.v3.QueryExecutorImpl.processResults(QueryExecutorImpl.java:2267)
	at org.postgresql.core.v3.QueryExecutorImpl.execute(QueryExecutorImpl.java:312)
	at org.postgresql.jdbc.PgStatement.executeInternal(PgStatement.java:448)
	at org.postgresql.jdbc.PgStatement.execute(PgStatement.java:369)
	at org.postgresql.jdbc.PgPreparedStatement.executeWithFlags(PgPreparedStatement.java:153)
	at org.postgresql.jdbc.PgPreparedStatement.executeQuery(PgPreparedStatement.java:103)
	at transactions.RelatedCustomerTransaction.getPossibleCustomersOrderItems(RelatedCustomerTransaction.java:104)
	at transactions.RelatedCustomerTransaction.execute(RelatedCustomerTransaction.java:52)
	at SampleApp.run(SampleApp.java:101)
	at SampleApp.main(SampleApp.java:64)
[Error]: Related Customer Abort Rel *** Related  Customer transaction info: warehouse: 5, district: 2, customer id: 1792 *** 

[Error]: NewOrder getStockQty are missing
java.sql.SQLException
	at transactions.NewOrderTransaction.execute(NewOrderTransaction.java:170)
	at SampleApp.run(SampleApp.java:101)
	at SampleApp.main(SampleApp.java:64)
[Error]: New Order Abort New **** New Order Transaction Information ****
CID:1139, WID:5, DID:5, num order-lines:16
Item IDs are:,93629,89810,79570,11751,67,73441,15305,15974,20455,32323,47156,56644,57063,74343,79351,79445
Quantities:,5,5,5,5,5,5,5,5,5,5,5,5,5,5,5,5
Supply warehouse IDs:,7,9,2,6,10,5,10,8,1,7,4,8,15,1,2,9

org.postgresql.util.PSQLException: ERROR: Query error: Restart read required at: { read: { physical: 1667633891023192 } local_limit: { physical: 1667633891023192 } global_limit: <min> in_txn_limit: <max> serial_no: 0 }
	at org.postgresql.core.v3.QueryExecutorImpl.receiveErrorResponse(QueryExecutorImpl.java:2532)
	at org.postgresql.core.v3.QueryExecutorImpl.processResults(QueryExecutorImpl.java:2267)
	at org.postgresql.core.v3.QueryExecutorImpl.execute(QueryExecutorImpl.java:312)
	at org.postgresql.jdbc.PgStatement.executeInternal(PgStatement.java:448)
	at org.postgresql.jdbc.PgStatement.execute(PgStatement.java:369)
	at org.postgresql.jdbc.PgPreparedStatement.executeWithFlags(PgPreparedStatement.java:153)
	at org.postgresql.jdbc.PgPreparedStatement.executeQuery(PgPreparedStatement.java:103)
	at transactions.RelatedCustomerTransaction.getPossibleCustomersOrderItems(RelatedCustomerTransaction.java:104)
	at transactions.RelatedCustomerTransaction.execute(RelatedCustomerTransaction.java:52)
	at SampleApp.run(SampleApp.java:101)
	at SampleApp.main(SampleApp.java:64)
[Error]: Related Customer Abort Rel *** Related  Customer transaction info: warehouse: 5, district: 3, customer id: 1011 *** 

org.postgresql.util.PSQLException: ERROR: Query error: Restart read required at: { read: { physical: 1667633897954348 } local_limit: { physical: 1667633897954348 } global_limit: <min> in_txn_limit: <max> serial_no: 0 }
	at org.postgresql.core.v3.QueryExecutorImpl.receiveErrorResponse(QueryExecutorImpl.java:2532)
	at org.postgresql.core.v3.QueryExecutorImpl.processResults(QueryExecutorImpl.java:2267)
	at org.postgresql.core.v3.QueryExecutorImpl.execute(QueryExecutorImpl.java:312)
	at org.postgresql.jdbc.PgStatement.executeInternal(PgStatement.java:448)
	at org.postgresql.jdbc.PgStatement.execute(PgStatement.java:369)
	at org.postgresql.jdbc.PgPreparedStatement.executeWithFlags(PgPreparedStatement.java:153)
	at org.postgresql.jdbc.PgPreparedStatement.executeQuery(PgPreparedStatement.java:103)
	at transactions.RelatedCustomerTransaction.getPossibleCustomersOrderItems(RelatedCustomerTransaction.java:104)
	at transactions.RelatedCustomerTransaction.execute(RelatedCustomerTransaction.java:52)
	at SampleApp.run(SampleApp.java:101)
	at SampleApp.main(SampleApp.java:64)
[Error]: Related Customer Abort Rel *** Related  Customer transaction info: warehouse: 5, district: 2, customer id: 1186 *** 

org.postgresql.util.PSQLException: ERROR: Query error: Restart read required at: { read: { physical: 1667633904792944 } local_limit: { physical: 1667633904792944 } global_limit: <min> in_txn_limit: <max> serial_no: 0 }
	at org.postgresql.core.v3.QueryExecutorImpl.receiveErrorResponse(QueryExecutorImpl.java:2532)
	at org.postgresql.core.v3.QueryExecutorImpl.processResults(QueryExecutorImpl.java:2267)
	at org.postgresql.core.v3.QueryExecutorImpl.execute(QueryExecutorImpl.java:312)
	at org.postgresql.jdbc.PgStatement.executeInternal(PgStatement.java:448)
	at org.postgresql.jdbc.PgStatement.execute(PgStatement.java:369)
	at org.postgresql.jdbc.PgPreparedStatement.executeWithFlags(PgPreparedStatement.java:153)
	at org.postgresql.jdbc.PgPreparedStatement.executeQuery(PgPreparedStatement.java:103)
	at transactions.RelatedCustomerTransaction.getPossibleCustomersOrderItems(RelatedCustomerTransaction.java:104)
	at transactions.RelatedCustomerTransaction.execute(RelatedCustomerTransaction.java:52)
	at SampleApp.run(SampleApp.java:101)
	at SampleApp.main(SampleApp.java:64)
[Error]: Related Customer Abort Rel *** Related  Customer transaction info: warehouse: 5, district: 3, customer id: 1795 *** 

[Error]: NewOrder getStockQty are missing
java.sql.SQLException
	at transactions.NewOrderTransaction.execute(NewOrderTransaction.java:170)
	at SampleApp.run(SampleApp.java:101)
	at SampleApp.main(SampleApp.java:64)
[Error]: New Order Abort New **** New Order Transaction Information ****
CID:295, WID:5, DID:4, num order-lines:12
Item IDs are:,40167,54950,16103,8903,29339,40655,56535,65254,67294,72807,83679,85555
Quantities:,5,5,5,5,5,5,5,5,5,5,5,5
Supply warehouse IDs:,6,4,12,7,4,5,3,9,4,3,9,2

org.postgresql.util.PSQLException: ERROR: Query error: Restart read required at: { read: { physical: 1667633916946052 } local_limit: { physical: 1667633916946052 } global_limit: <min> in_txn_limit: <max> serial_no: 0 }
	at org.postgresql.core.v3.QueryExecutorImpl.receiveErrorResponse(QueryExecutorImpl.java:2532)
	at org.postgresql.core.v3.QueryExecutorImpl.processResults(QueryExecutorImpl.java:2267)
	at org.postgresql.core.v3.QueryExecutorImpl.execute(QueryExecutorImpl.java:312)
	at org.postgresql.jdbc.PgStatement.executeInternal(PgStatement.java:448)
	at org.postgresql.jdbc.PgStatement.execute(PgStatement.java:369)
	at org.postgresql.jdbc.PgPreparedStatement.executeWithFlags(PgPreparedStatement.java:153)
	at org.postgresql.jdbc.PgPreparedStatement.executeQuery(PgPreparedStatement.java:103)
	at transactions.RelatedCustomerTransaction.getPossibleCustomersOrderItems(RelatedCustomerTransaction.java:104)
	at transactions.RelatedCustomerTransaction.execute(RelatedCustomerTransaction.java:52)
	at SampleApp.run(SampleApp.java:101)
	at SampleApp.main(SampleApp.java:64)
[Error]: Related Customer Abort Rel *** Related  Customer transaction info: warehouse: 5, district: 5, customer id: 2819 *** 

[Error]: NewOrder getStockQty are missing
java.sql.SQLException
	at transactions.NewOrderTransaction.execute(NewOrderTransaction.java:170)
	at SampleApp.run(SampleApp.java:101)
	at SampleApp.main(SampleApp.java:64)
[Error]: New Order Abort New **** New Order Transaction Information ****
CID:1717, WID:5, DID:5, num order-lines:19
Item IDs are:,63173,77286,15175,43219,89760,32485,47589,65250,24135,2043,6199,28371,48869,51684,63207,85620,89447,89767,95463
Quantities:,5,5,5,5,5,5,5,5,5,5,5,5,5,5,5,10,5,5,5
Supply warehouse IDs:,5,8,6,10,10,4,3,8,7,4,16,5,5,4,5,4,9,3,7

[Error]: NewOrder getStockQty are missing
java.sql.SQLException
	at transactions.NewOrderTransaction.execute(NewOrderTransaction.java:170)
	at SampleApp.run(SampleApp.java:101)
	at SampleApp.main(SampleApp.java:64)
[Error]: New Order Abort New **** New Order Transaction Information ****
CID:939, WID:5, DID:4, num order-lines:19
Item IDs are:,48828,81637,80399,40167,78359,31462,97979,71617,11483,11879,14567,15975,30151,32407,33379,52822,58471,80851,85715
Quantities:,5,5,5,5,5,5,5,5,5,5,5,5,5,5,5,5,5,5,5
Supply warehouse IDs:,5,9,5,14,2,7,7,1,2,6,10,2,10,3,9,9,8,9,5

org.postgresql.util.PSQLException: ERROR: Query error: Restart read required at: { read: { physical: 1667633968100270 } local_limit: { physical: 1667633968100270 } global_limit: <min> in_txn_limit: <max> serial_no: 0 }
	at org.postgresql.core.v3.QueryExecutorImpl.receiveErrorResponse(QueryExecutorImpl.java:2532)
	at org.postgresql.core.v3.QueryExecutorImpl.processResults(QueryExecutorImpl.java:2267)
	at org.postgresql.core.v3.QueryExecutorImpl.execute(QueryExecutorImpl.java:312)
	at org.postgresql.jdbc.PgStatement.executeInternal(PgStatement.java:448)
	at org.postgresql.jdbc.PgStatement.execute(PgStatement.java:369)
	at org.postgresql.jdbc.PgPreparedStatement.executeWithFlags(PgPreparedStatement.java:153)
	at org.postgresql.jdbc.PgPreparedStatement.executeQuery(PgPreparedStatement.java:103)
	at transactions.RelatedCustomerTransaction.getPossibleCustomersOrderItems(RelatedCustomerTransaction.java:104)
	at transactions.RelatedCustomerTransaction.execute(RelatedCustomerTransaction.java:52)
	at SampleApp.run(SampleApp.java:101)
	at SampleApp.main(SampleApp.java:64)
[Error]: Related Customer Abort Rel *** Related  Customer transaction info: warehouse: 5, district: 5, customer id: 71 *** 

org.postgresql.util.PSQLException: ERROR: Query error: Restart read required at: { read: { physical: 1667633995726624 } local_limit: { physical: 1667633995726624 } global_limit: <min> in_txn_limit: <max> serial_no: 0 }
	at org.postgresql.core.v3.QueryExecutorImpl.receiveErrorResponse(QueryExecutorImpl.java:2532)
	at org.postgresql.core.v3.QueryExecutorImpl.processResults(QueryExecutorImpl.java:2267)
	at org.postgresql.core.v3.QueryExecutorImpl.execute(QueryExecutorImpl.java:312)
	at org.postgresql.jdbc.PgStatement.executeInternal(PgStatement.java:448)
	at org.postgresql.jdbc.PgStatement.execute(PgStatement.java:369)
	at org.postgresql.jdbc.PgPreparedStatement.executeWithFlags(PgPreparedStatement.java:153)
	at org.postgresql.jdbc.PgPreparedStatement.executeQuery(PgPreparedStatement.java:103)
	at transactions.RelatedCustomerTransaction.getPossibleCustomersOrderItems(RelatedCustomerTransaction.java:104)
	at transactions.RelatedCustomerTransaction.execute(RelatedCustomerTransaction.java:52)
	at SampleApp.run(SampleApp.java:101)
	at SampleApp.main(SampleApp.java:64)
[Error]: Related Customer Abort Rel *** Related  Customer transaction info: warehouse: 5, district: 2, customer id: 299 *** 

org.postgresql.util.PSQLException: ERROR: Query error: Restart read required at: { read: { physical: 1667634008929450 } local_limit: { physical: 1667634008929450 } global_limit: <min> in_txn_limit: <max> serial_no: 0 }
	at org.postgresql.core.v3.QueryExecutorImpl.receiveErrorResponse(QueryExecutorImpl.java:2532)
	at org.postgresql.core.v3.QueryExecutorImpl.processResults(QueryExecutorImpl.java:2267)
	at org.postgresql.core.v3.QueryExecutorImpl.execute(QueryExecutorImpl.java:312)
	at org.postgresql.jdbc.PgStatement.executeInternal(PgStatement.java:448)
	at org.postgresql.jdbc.PgStatement.execute(PgStatement.java:369)
	at org.postgresql.jdbc.PgPreparedStatement.executeWithFlags(PgPreparedStatement.java:153)
	at org.postgresql.jdbc.PgPreparedStatement.executeQuery(PgPreparedStatement.java:103)
	at transactions.RelatedCustomerTransaction.getPossibleCustomersOrderItems(RelatedCustomerTransaction.java:104)
	at transactions.RelatedCustomerTransaction.execute(RelatedCustomerTransaction.java:52)
	at SampleApp.run(SampleApp.java:101)
	at SampleApp.main(SampleApp.java:64)
[Error]: Related Customer Abort Rel *** Related  Customer transaction info: warehouse: 5, district: 5, customer id: 265 *** 

org.postgresql.util.PSQLException: ERROR: Query error: Restart read required at: { read: { physical: 1667634017936907 logical: 15 } local_limit: { physical: 1667634017936907 logical: 15 } global_limit: <min> in_txn_limit: <max> serial_no: 0 }
	at org.postgresql.core.v3.QueryExecutorImpl.receiveErrorResponse(QueryExecutorImpl.java:2532)
	at org.postgresql.core.v3.QueryExecutorImpl.processResults(QueryExecutorImpl.java:2267)
	at org.postgresql.core.v3.QueryExecutorImpl.execute(QueryExecutorImpl.java:312)
	at org.postgresql.jdbc.PgStatement.executeInternal(PgStatement.java:448)
	at org.postgresql.jdbc.PgStatement.execute(PgStatement.java:369)
	at org.postgresql.jdbc.PgPreparedStatement.executeWithFlags(PgPreparedStatement.java:153)
	at org.postgresql.jdbc.PgPreparedStatement.executeQuery(PgPreparedStatement.java:103)
	at transactions.RelatedCustomerTransaction.getPossibleCustomersOrderItems(RelatedCustomerTransaction.java:104)
	at transactions.RelatedCustomerTransaction.execute(RelatedCustomerTransaction.java:52)
	at SampleApp.run(SampleApp.java:101)
	at SampleApp.main(SampleApp.java:64)
[Error]: Related Customer Abort Rel *** Related  Customer transaction info: warehouse: 5, district: 2, customer id: 2179 *** 

org.postgresql.util.PSQLException: ERROR: Query error: Restart read required at: { read: { physical: 1667634022090936 logical: 6 } local_limit: { physical: 1667634022090936 logical: 6 } global_limit: <min> in_txn_limit: <max> serial_no: 0 }
	at org.postgresql.core.v3.QueryExecutorImpl.receiveErrorResponse(QueryExecutorImpl.java:2532)
	at org.postgresql.core.v3.QueryExecutorImpl.processResults(QueryExecutorImpl.java:2267)
	at org.postgresql.core.v3.QueryExecutorImpl.execute(QueryExecutorImpl.java:312)
	at org.postgresql.jdbc.PgStatement.executeInternal(PgStatement.java:448)
	at org.postgresql.jdbc.PgStatement.execute(PgStatement.java:369)
	at org.postgresql.jdbc.PgPreparedStatement.executeWithFlags(PgPreparedStatement.java:153)
	at org.postgresql.jdbc.PgPreparedStatement.executeQuery(PgPreparedStatement.java:103)
	at transactions.RelatedCustomerTransaction.getPossibleCustomersOrderItems(RelatedCustomerTransaction.java:104)
	at transactions.RelatedCustomerTransaction.execute(RelatedCustomerTransaction.java:52)
	at SampleApp.run(SampleApp.java:101)
	at SampleApp.main(SampleApp.java:64)
[Error]: Related Customer Abort Rel *** Related  Customer transaction info: warehouse: 5, district: 3, customer id: 138 *** 

org.postgresql.util.PSQLException: ERROR: Query error: Restart read required at: { read: { physical: 1667634023364065 } local_limit: { physical: 1667634023364065 } global_limit: <min> in_txn_limit: <max> serial_no: 0 }
	at org.postgresql.core.v3.QueryExecutorImpl.receiveErrorResponse(QueryExecutorImpl.java:2532)
	at org.postgresql.core.v3.QueryExecutorImpl.processResults(QueryExecutorImpl.java:2267)
	at org.postgresql.core.v3.QueryExecutorImpl.execute(QueryExecutorImpl.java:312)
	at org.postgresql.jdbc.PgStatement.executeInternal(PgStatement.java:448)
	at org.postgresql.jdbc.PgStatement.execute(PgStatement.java:369)
	at org.postgresql.jdbc.PgPreparedStatement.executeWithFlags(PgPreparedStatement.java:153)
	at org.postgresql.jdbc.PgPreparedStatement.executeQuery(PgPreparedStatement.java:103)
	at transactions.RelatedCustomerTransaction.getPossibleCustomersOrderItems(RelatedCustomerTransaction.java:104)
	at transactions.RelatedCustomerTransaction.execute(RelatedCustomerTransaction.java:52)
	at SampleApp.run(SampleApp.java:101)
	at SampleApp.main(SampleApp.java:64)
[Error]: Related Customer Abort Rel *** Related  Customer transaction info: warehouse: 5, district: 5, customer id: 1587 *** 

org.postgresql.util.PSQLException: ERROR: Query error: Restart read required at: { read: { physical: 1667634038059773 } local_limit: { physical: 1667634038059773 } global_limit: <min> in_txn_limit: <max> serial_no: 0 }
	at org.postgresql.core.v3.QueryExecutorImpl.receiveErrorResponse(QueryExecutorImpl.java:2532)
	at org.postgresql.core.v3.QueryExecutorImpl.processResults(QueryExecutorImpl.java:2267)
	at org.postgresql.core.v3.QueryExecutorImpl.execute(QueryExecutorImpl.java:312)
	at org.postgresql.jdbc.PgStatement.executeInternal(PgStatement.java:448)
	at org.postgresql.jdbc.PgStatement.execute(PgStatement.java:369)
	at org.postgresql.jdbc.PgPreparedStatement.executeWithFlags(PgPreparedStatement.java:153)
	at org.postgresql.jdbc.PgPreparedStatement.executeQuery(PgPreparedStatement.java:103)
	at transactions.RelatedCustomerTransaction.getPossibleCustomersOrderItems(RelatedCustomerTransaction.java:104)
	at transactions.RelatedCustomerTransaction.execute(RelatedCustomerTransaction.java:52)
	at SampleApp.run(SampleApp.java:101)
	at SampleApp.main(SampleApp.java:64)
[Error]: Related Customer Abort Rel *** Related  Customer transaction info: warehouse: 5, district: 5, customer id: 1023 *** 

[Error]: NewOrder getStockQty are missing
java.sql.SQLException
	at transactions.NewOrderTransaction.execute(NewOrderTransaction.java:170)
	at SampleApp.run(SampleApp.java:101)
	at SampleApp.main(SampleApp.java:64)
[Error]: New Order Abort New **** New Order Transaction Information ****
CID:1215, WID:5, DID:4, num order-lines:17
Item IDs are:,48581,9940,77539,89171,47975,583,4910,6207,15463,24005,24258,48871,67041,78555,81606,97575,99812
Quantities:,5,5,5,5,5,5,5,5,5,5,5,5,5,5,5,5,5
Supply warehouse IDs:,6,4,8,10,7,6,9,3,12,4,1,1,8,6,4,10,3

org.postgresql.util.PSQLException: ERROR: Query error: Restart read required at: { read: { physical: 1667634047282267 } local_limit: { physical: 1667634047282267 } global_limit: <min> in_txn_limit: <max> serial_no: 0 }
	at org.postgresql.core.v3.QueryExecutorImpl.receiveErrorResponse(QueryExecutorImpl.java:2532)
	at org.postgresql.core.v3.QueryExecutorImpl.processResults(QueryExecutorImpl.java:2267)
	at org.postgresql.core.v3.QueryExecutorImpl.execute(QueryExecutorImpl.java:312)
	at org.postgresql.jdbc.PgStatement.executeInternal(PgStatement.java:448)
	at org.postgresql.jdbc.PgStatement.execute(PgStatement.java:369)
	at org.postgresql.jdbc.PgPreparedStatement.executeWithFlags(PgPreparedStatement.java:153)
	at org.postgresql.jdbc.PgPreparedStatement.executeQuery(PgPreparedStatement.java:103)
	at transactions.RelatedCustomerTransaction.getPossibleCustomersOrderItems(RelatedCustomerTransaction.java:104)
	at transactions.RelatedCustomerTransaction.execute(RelatedCustomerTransaction.java:52)
	at SampleApp.run(SampleApp.java:101)
	at SampleApp.main(SampleApp.java:64)
[Error]: Related Customer Abort Rel *** Related  Customer transaction info: warehouse: 5, district: 5, customer id: 2115 *** 

org.postgresql.util.PSQLException: ERROR: Query error: Restart read required at: { read: { physical: 1667634052670058 } local_limit: { physical: 1667634052670058 } global_limit: <min> in_txn_limit: <max> serial_no: 0 }
	at org.postgresql.core.v3.QueryExecutorImpl.receiveErrorResponse(QueryExecutorImpl.java:2532)
	at org.postgresql.core.v3.QueryExecutorImpl.processResults(QueryExecutorImpl.java:2267)
	at org.postgresql.core.v3.QueryExecutorImpl.execute(QueryExecutorImpl.java:312)
	at org.postgresql.jdbc.PgStatement.executeInternal(PgStatement.java:448)
	at org.postgresql.jdbc.PgStatement.execute(PgStatement.java:369)
	at org.postgresql.jdbc.PgPreparedStatement.executeWithFlags(PgPreparedStatement.java:153)
	at org.postgresql.jdbc.PgPreparedStatement.executeQuery(PgPreparedStatement.java:103)
	at transactions.RelatedCustomerTransaction.getPossibleCustomersOrderItems(RelatedCustomerTransaction.java:104)
	at transactions.RelatedCustomerTransaction.execute(RelatedCustomerTransaction.java:52)
	at SampleApp.run(SampleApp.java:101)
	at SampleApp.main(SampleApp.java:64)
[Error]: Related Customer Abort Rel *** Related  Customer transaction info: warehouse: 5, district: 4, customer id: 594 *** 

org.postgresql.util.PSQLException: ERROR: Query error: Restart read required at: { read: { physical: 1667634068449645 } local_limit: { physical: 1667634068449645 } global_limit: <min> in_txn_limit: <max> serial_no: 0 }
	at org.postgresql.core.v3.QueryExecutorImpl.receiveErrorResponse(QueryExecutorImpl.java:2532)
	at org.postgresql.core.v3.QueryExecutorImpl.processResults(QueryExecutorImpl.java:2267)
	at org.postgresql.core.v3.QueryExecutorImpl.execute(QueryExecutorImpl.java:312)
	at org.postgresql.jdbc.PgStatement.executeInternal(PgStatement.java:448)
	at org.postgresql.jdbc.PgStatement.execute(PgStatement.java:369)
	at org.postgresql.jdbc.PgPreparedStatement.executeWithFlags(PgPreparedStatement.java:153)
	at org.postgresql.jdbc.PgPreparedStatement.executeQuery(PgPreparedStatement.java:103)
	at transactions.RelatedCustomerTransaction.getPossibleCustomersOrderItems(RelatedCustomerTransaction.java:104)
	at transactions.RelatedCustomerTransaction.execute(RelatedCustomerTransaction.java:52)
	at SampleApp.run(SampleApp.java:101)
	at SampleApp.main(SampleApp.java:64)
[Error]: Related Customer Abort Rel *** Related  Customer transaction info: warehouse: 5, district: 2, customer id: 322 *** 

[Error]: NewOrder getStockQty are missing
java.sql.SQLException
	at transactions.NewOrderTransaction.execute(NewOrderTransaction.java:170)
	at SampleApp.run(SampleApp.java:101)
	at SampleApp.main(SampleApp.java:64)
[Error]: New Order Abort New **** New Order Transaction Information ****
CID:75, WID:5, DID:4, num order-lines:17
Item IDs are:,47871,15975,19387,22247,5286,26343,24254,4679,5800,15845,40551,47331,48707,54422,72142,81382,96935
Quantities:,5,5,5,5,6,5,5,5,5,5,5,5,5,5,5,5,5
Supply warehouse IDs:,8,8,1,10,3,3,3,2,2,8,3,9,7,6,5,16,7

org.postgresql.util.PSQLException: ERROR: Query error: Restart read required at: { read: { physical: 1667634075102301 } local_limit: { physical: 1667634075102301 } global_limit: <min> in_txn_limit: <max> serial_no: 0 }
	at org.postgresql.core.v3.QueryExecutorImpl.receiveErrorResponse(QueryExecutorImpl.java:2532)
	at org.postgresql.core.v3.QueryExecutorImpl.processResults(QueryExecutorImpl.java:2267)
	at org.postgresql.core.v3.QueryExecutorImpl.execute(QueryExecutorImpl.java:312)
	at org.postgresql.jdbc.PgStatement.executeInternal(PgStatement.java:448)
	at org.postgresql.jdbc.PgStatement.execute(PgStatement.java:369)
	at org.postgresql.jdbc.PgPreparedStatement.executeWithFlags(PgPreparedStatement.java:153)
	at org.postgresql.jdbc.PgPreparedStatement.executeQuery(PgPreparedStatement.java:103)
	at transactions.RelatedCustomerTransaction.getPossibleCustomersOrderItems(RelatedCustomerTransaction.java:104)
	at transactions.RelatedCustomerTransaction.execute(RelatedCustomerTransaction.java:52)
	at SampleApp.run(SampleApp.java:101)
	at SampleApp.main(SampleApp.java:64)
[Error]: Related Customer Abort Rel *** Related  Customer transaction info: warehouse: 5, district: 1, customer id: 2305 *** 

org.postgresql.util.PSQLException: ERROR: Query error: Restart read required at: { read: { physical: 1667634078706879 } local_limit: { physical: 1667634078706879 } global_limit: <min> in_txn_limit: <max> serial_no: 0 }
	at org.postgresql.core.v3.QueryExecutorImpl.receiveErrorResponse(QueryExecutorImpl.java:2532)
	at org.postgresql.core.v3.QueryExecutorImpl.processResults(QueryExecutorImpl.java:2267)
	at org.postgresql.core.v3.QueryExecutorImpl.execute(QueryExecutorImpl.java:312)
	at org.postgresql.jdbc.PgStatement.executeInternal(PgStatement.java:448)
	at org.postgresql.jdbc.PgStatement.execute(PgStatement.java:369)
	at org.postgresql.jdbc.PgPreparedStatement.executeWithFlags(PgPreparedStatement.java:153)
	at org.postgresql.jdbc.PgPreparedStatement.executeQuery(PgPreparedStatement.java:103)
	at transactions.RelatedCustomerTransaction.getPossibleCustomersOrderItems(RelatedCustomerTransaction.java:104)
	at transactions.RelatedCustomerTransaction.execute(RelatedCustomerTransaction.java:52)
	at SampleApp.run(SampleApp.java:101)
	at SampleApp.main(SampleApp.java:64)
[Error]: Related Customer Abort Rel *** Related  Customer transaction info: warehouse: 5, district: 4, customer id: 2249 *** 

[Error]: NewOrder getStockQty are missing
java.sql.SQLException
	at transactions.NewOrderTransaction.execute(NewOrderTransaction.java:170)
	at SampleApp.run(SampleApp.java:101)
	at SampleApp.main(SampleApp.java:64)
[Error]: New Order Abort New **** New Order Transaction Information ****
CID:2690, WID:5, DID:3, num order-lines:4
Item IDs are:,15557,36295,62951,81379
Quantities:,5,5,5,5
Supply warehouse IDs:,8,13,6,10

org.postgresql.util.PSQLException: ERROR: Query error: Restart read required at: { read: { physical: 1667634095784031 } local_limit: { physical: 1667634095784031 } global_limit: <min> in_txn_limit: <max> serial_no: 0 }
	at org.postgresql.core.v3.QueryExecutorImpl.receiveErrorResponse(QueryExecutorImpl.java:2532)
	at org.postgresql.core.v3.QueryExecutorImpl.processResults(QueryExecutorImpl.java:2267)
	at org.postgresql.core.v3.QueryExecutorImpl.execute(QueryExecutorImpl.java:312)
	at org.postgresql.jdbc.PgStatement.executeInternal(PgStatement.java:448)
	at org.postgresql.jdbc.PgStatement.execute(PgStatement.java:369)
	at org.postgresql.jdbc.PgPreparedStatement.executeWithFlags(PgPreparedStatement.java:153)
	at org.postgresql.jdbc.PgPreparedStatement.executeQuery(PgPreparedStatement.java:103)
	at transactions.RelatedCustomerTransaction.getPossibleCustomersOrderItems(RelatedCustomerTransaction.java:104)
	at transactions.RelatedCustomerTransaction.execute(RelatedCustomerTransaction.java:52)
	at SampleApp.run(SampleApp.java:101)
	at SampleApp.main(SampleApp.java:64)
[Error]: Related Customer Abort Rel *** Related  Customer transaction info: warehouse: 5, district: 3, customer id: 9 *** 

[Error]: NewOrder getStockQty are missing
java.sql.SQLException
	at transactions.NewOrderTransaction.execute(NewOrderTransaction.java:170)
	at SampleApp.run(SampleApp.java:101)
	at SampleApp.main(SampleApp.java:64)
[Error]: New Order Abort New **** New Order Transaction Information ****
CID:2178, WID:5, DID:4, num order-lines:14
Item IDs are:,73427,13815,60037,89813,814,9763,52839,56951,57029,64855,72359,73286,81303,96871
Quantities:,5,5,5,5,5,5,5,5,5,5,5,5,5,5
Supply warehouse IDs:,2,8,8,9,3,10,11,4,5,8,10,4,5,3

org.postgresql.util.PSQLException: ERROR: Query error: Restart read required at: { read: { physical: 1667634107743548 } local_limit: { physical: 1667634107743548 } global_limit: <min> in_txn_limit: <max> serial_no: 0 }
	at org.postgresql.core.v3.QueryExecutorImpl.receiveErrorResponse(QueryExecutorImpl.java:2532)
	at org.postgresql.core.v3.QueryExecutorImpl.processResults(QueryExecutorImpl.java:2267)
	at org.postgresql.core.v3.QueryExecutorImpl.execute(QueryExecutorImpl.java:312)
	at org.postgresql.jdbc.PgStatement.executeInternal(PgStatement.java:448)
	at org.postgresql.jdbc.PgStatement.execute(PgStatement.java:369)
	at org.postgresql.jdbc.PgPreparedStatement.executeWithFlags(PgPreparedStatement.java:153)
	at org.postgresql.jdbc.PgPreparedStatement.executeQuery(PgPreparedStatement.java:103)
	at transactions.RelatedCustomerTransaction.getPossibleCustomersOrderItems(RelatedCustomerTransaction.java:104)
	at transactions.RelatedCustomerTransaction.execute(RelatedCustomerTransaction.java:52)
	at SampleApp.run(SampleApp.java:101)
	at SampleApp.main(SampleApp.java:64)
[Error]: Related Customer Abort Rel *** Related  Customer transaction info: warehouse: 5, district: 4, customer id: 1283 *** 

org.postgresql.util.PSQLException: ERROR: Query error: Restart read required at: { read: { physical: 1667634121399462 } local_limit: { physical: 1667634121399462 } global_limit: <min> in_txn_limit: <max> serial_no: 0 }
	at org.postgresql.core.v3.QueryExecutorImpl.receiveErrorResponse(QueryExecutorImpl.java:2532)
	at org.postgresql.core.v3.QueryExecutorImpl.processResults(QueryExecutorImpl.java:2267)
	at org.postgresql.core.v3.QueryExecutorImpl.execute(QueryExecutorImpl.java:312)
	at org.postgresql.jdbc.PgStatement.executeInternal(PgStatement.java:448)
	at org.postgresql.jdbc.PgStatement.execute(PgStatement.java:369)
	at org.postgresql.jdbc.PgPreparedStatement.executeWithFlags(PgPreparedStatement.java:153)
	at org.postgresql.jdbc.PgPreparedStatement.executeQuery(PgPreparedStatement.java:103)
	at transactions.RelatedCustomerTransaction.getPossibleCustomersOrderItems(RelatedCustomerTransaction.java:104)
	at transactions.RelatedCustomerTransaction.execute(RelatedCustomerTransaction.java:52)
	at SampleApp.run(SampleApp.java:101)
	at SampleApp.main(SampleApp.java:64)
[Error]: Related Customer Abort Rel *** Related  Customer transaction info: warehouse: 5, district: 5, customer id: 498 *** 

org.postgresql.util.PSQLException: ERROR: Query error: Restart read required at: { read: { physical: 1667634125327066 logical: 8 } local_limit: { physical: 1667634125327066 logical: 8 } global_limit: <min> in_txn_limit: <max> serial_no: 0 }
	at org.postgresql.core.v3.QueryExecutorImpl.receiveErrorResponse(QueryExecutorImpl.java:2532)
	at org.postgresql.core.v3.QueryExecutorImpl.processResults(QueryExecutorImpl.java:2267)
	at org.postgresql.core.v3.QueryExecutorImpl.execute(QueryExecutorImpl.java:312)
	at org.postgresql.jdbc.PgStatement.executeInternal(PgStatement.java:448)
	at org.postgresql.jdbc.PgStatement.execute(PgStatement.java:369)
	at org.postgresql.jdbc.PgPreparedStatement.executeWithFlags(PgPreparedStatement.java:153)
	at org.postgresql.jdbc.PgPreparedStatement.executeQuery(PgPreparedStatement.java:103)
	at transactions.RelatedCustomerTransaction.getPossibleCustomersOrderItems(RelatedCustomerTransaction.java:104)
	at transactions.RelatedCustomerTransaction.execute(RelatedCustomerTransaction.java:52)
	at SampleApp.run(SampleApp.java:101)
	at SampleApp.main(SampleApp.java:64)
[Error]: Related Customer Abort Rel *** Related  Customer transaction info: warehouse: 5, district: 1, customer id: 2293 *** 

org.postgresql.util.PSQLException: ERROR: Query error: Restart read required at: { read: { physical: 1667634128121205 } local_limit: { physical: 1667634128121205 } global_limit: <min> in_txn_limit: <max> serial_no: 0 }
	at org.postgresql.core.v3.QueryExecutorImpl.receiveErrorResponse(QueryExecutorImpl.java:2532)
	at org.postgresql.core.v3.QueryExecutorImpl.processResults(QueryExecutorImpl.java:2267)
	at org.postgresql.core.v3.QueryExecutorImpl.execute(QueryExecutorImpl.java:312)
	at org.postgresql.jdbc.PgStatement.executeInternal(PgStatement.java:448)
	at org.postgresql.jdbc.PgStatement.execute(PgStatement.java:369)
	at org.postgresql.jdbc.PgPreparedStatement.executeWithFlags(PgPreparedStatement.java:153)
	at org.postgresql.jdbc.PgPreparedStatement.executeQuery(PgPreparedStatement.java:103)
	at transactions.RelatedCustomerTransaction.getPossibleCustomersOrderItems(RelatedCustomerTransaction.java:104)
	at transactions.RelatedCustomerTransaction.execute(RelatedCustomerTransaction.java:52)
	at SampleApp.run(SampleApp.java:101)
	at SampleApp.main(SampleApp.java:64)
[Error]: Related Customer Abort Rel *** Related  Customer transaction info: warehouse: 5, district: 4, customer id: 2995 *** 

org.postgresql.util.PSQLException: ERROR: Query error: Restart read required at: { read: { physical: 1667634134758858 } local_limit: { physical: 1667634134758858 } global_limit: <min> in_txn_limit: <max> serial_no: 0 }
	at org.postgresql.core.v3.QueryExecutorImpl.receiveErrorResponse(QueryExecutorImpl.java:2532)
	at org.postgresql.core.v3.QueryExecutorImpl.processResults(QueryExecutorImpl.java:2267)
	at org.postgresql.core.v3.QueryExecutorImpl.execute(QueryExecutorImpl.java:312)
	at org.postgresql.jdbc.PgStatement.executeInternal(PgStatement.java:448)
	at org.postgresql.jdbc.PgStatement.execute(PgStatement.java:369)
	at org.postgresql.jdbc.PgPreparedStatement.executeWithFlags(PgPreparedStatement.java:153)
	at org.postgresql.jdbc.PgPreparedStatement.executeQuery(PgPreparedStatement.java:103)
	at transactions.RelatedCustomerTransaction.getPossibleCustomersOrderItems(RelatedCustomerTransaction.java:104)
	at transactions.RelatedCustomerTransaction.execute(RelatedCustomerTransaction.java:52)
	at SampleApp.run(SampleApp.java:101)
	at SampleApp.main(SampleApp.java:64)
[Error]: Related Customer Abort Rel *** Related  Customer transaction info: warehouse: 5, district: 5, customer id: 2232 *** 

org.postgresql.util.PSQLException: ERROR: Query error: Restart read required at: { read: { physical: 1667634141174453 } local_limit: { physical: 1667634141174453 } global_limit: <min> in_txn_limit: <max> serial_no: 0 }
	at org.postgresql.core.v3.QueryExecutorImpl.receiveErrorResponse(QueryExecutorImpl.java:2532)
	at org.postgresql.core.v3.QueryExecutorImpl.processResults(QueryExecutorImpl.java:2267)
	at org.postgresql.core.v3.QueryExecutorImpl.execute(QueryExecutorImpl.java:312)
	at org.postgresql.jdbc.PgStatement.executeInternal(PgStatement.java:448)
	at org.postgresql.jdbc.PgStatement.execute(PgStatement.java:369)
	at org.postgresql.jdbc.PgPreparedStatement.executeWithFlags(PgPreparedStatement.java:153)
	at org.postgresql.jdbc.PgPreparedStatement.executeQuery(PgPreparedStatement.java:103)
	at transactions.RelatedCustomerTransaction.getPossibleCustomersOrderItems(RelatedCustomerTransaction.java:104)
	at transactions.RelatedCustomerTransaction.execute(RelatedCustomerTransaction.java:52)
	at SampleApp.run(SampleApp.java:101)
	at SampleApp.main(SampleApp.java:64)
[Error]: Related Customer Abort Rel *** Related  Customer transaction info: warehouse: 5, district: 1, customer id: 2275 *** 

[Error]: NewOrder getStockQty are missing
java.sql.SQLException
	at transactions.NewOrderTransaction.execute(NewOrderTransaction.java:170)
	at SampleApp.run(SampleApp.java:101)
	at SampleApp.main(SampleApp.java:64)
[Error]: New Order Abort New **** New Order Transaction Information ****
CID:331, WID:5, DID:1, num order-lines:19
Item IDs are:,73158,28063,62423,20135,64415,80599,88287,4934,5668,5955,5959,6199,53987,55839,56391,56982,62310,65250,73247
Quantities:,5,5,5,5,5,5,5,5,5,5,5,5,5,5,5,9,5,5,5
Supply warehouse IDs:,2,2,8,7,1,5,8,6,6,7,6,8,5,4,13,1,2,7,7

[Error]: NewOrder getStockQty are missing
java.sql.SQLException
	at transactions.NewOrderTransaction.execute(NewOrderTransaction.java:170)
	at SampleApp.run(SampleApp.java:101)
	at SampleApp.main(SampleApp.java:64)
[Error]: New Order Abort New **** New Order Transaction Information ****
CID:2275, WID:5, DID:4, num order-lines:12
Item IDs are:,9958,12839,13702,29415,31301,32350,32487,73015,78565,85202,89795,99415
Quantities:,5,5,5,5,5,5,5,5,5,5,5,5
Supply warehouse IDs:,5,7,7,10,6,6,12,10,2,1,2,10

org.postgresql.util.PSQLException: ERROR: Query error: Restart read required at: { read: { physical: 1667634200524453 } local_limit: { physical: 1667634200524453 } global_limit: <min> in_txn_limit: <max> serial_no: 0 }
	at org.postgresql.core.v3.QueryExecutorImpl.receiveErrorResponse(QueryExecutorImpl.java:2532)
	at org.postgresql.core.v3.QueryExecutorImpl.processResults(QueryExecutorImpl.java:2267)
	at org.postgresql.core.v3.QueryExecutorImpl.execute(QueryExecutorImpl.java:312)
	at org.postgresql.jdbc.PgStatement.executeInternal(PgStatement.java:448)
	at org.postgresql.jdbc.PgStatement.execute(PgStatement.java:369)
	at org.postgresql.jdbc.PgPreparedStatement.executeWithFlags(PgPreparedStatement.java:153)
	at org.postgresql.jdbc.PgPreparedStatement.executeQuery(PgPreparedStatement.java:103)
	at transactions.RelatedCustomerTransaction.getPossibleCustomersOrderItems(RelatedCustomerTransaction.java:104)
	at transactions.RelatedCustomerTransaction.execute(RelatedCustomerTransaction.java:52)
	at SampleApp.run(SampleApp.java:101)
	at SampleApp.main(SampleApp.java:64)
[Error]: Related Customer Abort Rel *** Related  Customer transaction info: warehouse: 5, district: 1, customer id: 2099 *** 

org.postgresql.util.PSQLException: ERROR: Query error: Restart read required at: { read: { physical: 1667634218371328 } local_limit: { physical: 1667634218371328 } global_limit: <min> in_txn_limit: <max> serial_no: 0 }
	at org.postgresql.core.v3.QueryExecutorImpl.receiveErrorResponse(QueryExecutorImpl.java:2532)
	at org.postgresql.core.v3.QueryExecutorImpl.processResults(QueryExecutorImpl.java:2267)
	at org.postgresql.core.v3.QueryExecutorImpl.execute(QueryExecutorImpl.java:312)
	at org.postgresql.jdbc.PgStatement.executeInternal(PgStatement.java:448)
	at org.postgresql.jdbc.PgStatement.execute(PgStatement.java:369)
	at org.postgresql.jdbc.PgPreparedStatement.executeWithFlags(PgPreparedStatement.java:153)
	at org.postgresql.jdbc.PgPreparedStatement.executeQuery(PgPreparedStatement.java:103)
	at transactions.RelatedCustomerTransaction.getPossibleCustomersOrderItems(RelatedCustomerTransaction.java:104)
	at transactions.RelatedCustomerTransaction.execute(RelatedCustomerTransaction.java:52)
	at SampleApp.run(SampleApp.java:101)
	at SampleApp.main(SampleApp.java:64)
[Error]: Related Customer Abort Rel *** Related  Customer transaction info: warehouse: 5, district: 2, customer id: 1130 *** 

[Error]: NewOrder getStockQty are missing
java.sql.SQLException
	at transactions.NewOrderTransaction.execute(NewOrderTransaction.java:170)
	at SampleApp.run(SampleApp.java:101)
	at SampleApp.main(SampleApp.java:64)
[Error]: New Order Abort New **** New Order Transaction Information ****
CID:1891, WID:5, DID:2, num order-lines:5
Item IDs are:,6207,10596,19999,63207,95956
Quantities:,5,5,5,5,5
Supply warehouse IDs:,3,4,4,13,4

org.postgresql.util.PSQLException: ERROR: Query error: Restart read required at: { read: { physical: 1667634254072517 } local_limit: { physical: 1667634254072517 } global_limit: <min> in_txn_limit: <max> serial_no: 0 }
	at org.postgresql.core.v3.QueryExecutorImpl.receiveErrorResponse(QueryExecutorImpl.java:2532)
	at org.postgresql.core.v3.QueryExecutorImpl.processResults(QueryExecutorImpl.java:2267)
	at org.postgresql.core.v3.QueryExecutorImpl.execute(QueryExecutorImpl.java:312)
	at org.postgresql.jdbc.PgStatement.executeInternal(PgStatement.java:448)
	at org.postgresql.jdbc.PgStatement.execute(PgStatement.java:369)
	at org.postgresql.jdbc.PgPreparedStatement.executeWithFlags(PgPreparedStatement.java:153)
	at org.postgresql.jdbc.PgPreparedStatement.executeQuery(PgPreparedStatement.java:103)
	at transactions.RelatedCustomerTransaction.getPossibleCustomersOrderItems(RelatedCustomerTransaction.java:104)
	at transactions.RelatedCustomerTransaction.execute(RelatedCustomerTransaction.java:52)
	at SampleApp.run(SampleApp.java:101)
	at SampleApp.main(SampleApp.java:64)
[Error]: Related Customer Abort Rel *** Related  Customer transaction info: warehouse: 5, district: 3, customer id: 287 *** 

org.postgresql.util.PSQLException: ERROR: Query error: Restart read required at: { read: { physical: 1667634275535402 } local_limit: { physical: 1667634275535402 } global_limit: <min> in_txn_limit: <max> serial_no: 0 }
	at org.postgresql.core.v3.QueryExecutorImpl.receiveErrorResponse(QueryExecutorImpl.java:2532)
	at org.postgresql.core.v3.QueryExecutorImpl.processResults(QueryExecutorImpl.java:2267)
	at org.postgresql.core.v3.QueryExecutorImpl.execute(QueryExecutorImpl.java:312)
	at org.postgresql.jdbc.PgStatement.executeInternal(PgStatement.java:448)
	at org.postgresql.jdbc.PgStatement.execute(PgStatement.java:369)
	at org.postgresql.jdbc.PgPreparedStatement.executeWithFlags(PgPreparedStatement.java:153)
	at org.postgresql.jdbc.PgPreparedStatement.executeQuery(PgPreparedStatement.java:103)
	at transactions.RelatedCustomerTransaction.getPossibleCustomersOrderItems(RelatedCustomerTransaction.java:104)
	at transactions.RelatedCustomerTransaction.execute(RelatedCustomerTransaction.java:52)
	at SampleApp.run(SampleApp.java:101)
	at SampleApp.main(SampleApp.java:64)
[Error]: Related Customer Abort Rel *** Related  Customer transaction info: warehouse: 5, district: 1, customer id: 1283 *** 

[Error]: NewOrder getStockQty are missing
java.sql.SQLException
	at transactions.NewOrderTransaction.execute(NewOrderTransaction.java:170)
	at SampleApp.run(SampleApp.java:101)
	at SampleApp.main(SampleApp.java:64)
[Error]: New Order Abort New **** New Order Transaction Information ****
CID:1219, WID:5, DID:4, num order-lines:9
Item IDs are:,16023,19943,25303,44199,52901,81570,84551,89294,93415
Quantities:,2,5,5,5,5,5,5,5,5
Supply warehouse IDs:,2,16,1,6,8,5,3,10,3

org.postgresql.util.PSQLException: ERROR: Query error: Restart read required at: { read: { physical: 1667634382058886 } local_limit: { physical: 1667634382058886 } global_limit: <min> in_txn_limit: <max> serial_no: 0 }
	at org.postgresql.core.v3.QueryExecutorImpl.receiveErrorResponse(QueryExecutorImpl.java:2532)
	at org.postgresql.core.v3.QueryExecutorImpl.processResults(QueryExecutorImpl.java:2267)
	at org.postgresql.core.v3.QueryExecutorImpl.execute(QueryExecutorImpl.java:312)
	at org.postgresql.jdbc.PgStatement.executeInternal(PgStatement.java:448)
	at org.postgresql.jdbc.PgStatement.execute(PgStatement.java:369)
	at org.postgresql.jdbc.PgPreparedStatement.executeWithFlags(PgPreparedStatement.java:153)
	at org.postgresql.jdbc.PgPreparedStatement.executeQuery(PgPreparedStatement.java:103)
	at transactions.RelatedCustomerTransaction.getPossibleCustomersOrderItems(RelatedCustomerTransaction.java:104)
	at transactions.RelatedCustomerTransaction.execute(RelatedCustomerTransaction.java:52)
	at SampleApp.run(SampleApp.java:101)
	at SampleApp.main(SampleApp.java:64)
[Error]: Related Customer Abort Rel *** Related  Customer transaction info: warehouse: 5, district: 5, customer id: 1282 *** 

org.postgresql.util.PSQLException: ERROR: Query error: Restart read required at: { read: { physical: 1667634401119137 } local_limit: { physical: 1667634401119137 } global_limit: <min> in_txn_limit: <max> serial_no: 0 }
	at org.postgresql.core.v3.QueryExecutorImpl.receiveErrorResponse(QueryExecutorImpl.java:2532)
	at org.postgresql.core.v3.QueryExecutorImpl.processResults(QueryExecutorImpl.java:2267)
	at org.postgresql.core.v3.QueryExecutorImpl.execute(QueryExecutorImpl.java:312)
	at org.postgresql.jdbc.PgStatement.executeInternal(PgStatement.java:448)
	at org.postgresql.jdbc.PgStatement.execute(PgStatement.java:369)
	at org.postgresql.jdbc.PgPreparedStatement.executeWithFlags(PgPreparedStatement.java:153)
	at org.postgresql.jdbc.PgPreparedStatement.executeQuery(PgPreparedStatement.java:103)
	at transactions.RelatedCustomerTransaction.getPossibleCustomersOrderItems(RelatedCustomerTransaction.java:104)
	at transactions.RelatedCustomerTransaction.execute(RelatedCustomerTransaction.java:52)
	at SampleApp.run(SampleApp.java:101)
	at SampleApp.main(SampleApp.java:64)
[Error]: Related Customer Abort Rel *** Related  Customer transaction info: warehouse: 5, district: 4, customer id: 2111 *** 

org.postgresql.util.PSQLException: ERROR: Query error: Restart read required at: { read: { physical: 1667634430911940 } local_limit: { physical: 1667634430911940 } global_limit: <min> in_txn_limit: <max> serial_no: 0 }
	at org.postgresql.core.v3.QueryExecutorImpl.receiveErrorResponse(QueryExecutorImpl.java:2532)
	at org.postgresql.core.v3.QueryExecutorImpl.processResults(QueryExecutorImpl.java:2267)
	at org.postgresql.core.v3.QueryExecutorImpl.execute(QueryExecutorImpl.java:312)
	at org.postgresql.jdbc.PgStatement.executeInternal(PgStatement.java:448)
	at org.postgresql.jdbc.PgStatement.execute(PgStatement.java:369)
	at org.postgresql.jdbc.PgPreparedStatement.executeWithFlags(PgPreparedStatement.java:153)
	at org.postgresql.jdbc.PgPreparedStatement.executeQuery(PgPreparedStatement.java:103)
	at transactions.RelatedCustomerTransaction.getPossibleCustomersOrderItems(RelatedCustomerTransaction.java:104)
	at transactions.RelatedCustomerTransaction.execute(RelatedCustomerTransaction.java:52)
	at SampleApp.run(SampleApp.java:101)
	at SampleApp.main(SampleApp.java:64)
[Error]: Related Customer Abort Rel *** Related  Customer transaction info: warehouse: 5, district: 2, customer id: 1279 *** 

org.postgresql.util.PSQLException: ERROR: Query error: Restart read required at: { read: { physical: 1667634443467631 } local_limit: { physical: 1667634443467631 } global_limit: <min> in_txn_limit: <max> serial_no: 0 }
	at org.postgresql.core.v3.QueryExecutorImpl.receiveErrorResponse(QueryExecutorImpl.java:2532)
	at org.postgresql.core.v3.QueryExecutorImpl.processResults(QueryExecutorImpl.java:2267)
	at org.postgresql.core.v3.QueryExecutorImpl.execute(QueryExecutorImpl.java:312)
	at org.postgresql.jdbc.PgStatement.executeInternal(PgStatement.java:448)
	at org.postgresql.jdbc.PgStatement.execute(PgStatement.java:369)
	at org.postgresql.jdbc.PgPreparedStatement.executeWithFlags(PgPreparedStatement.java:153)
	at org.postgresql.jdbc.PgPreparedStatement.executeQuery(PgPreparedStatement.java:103)
	at transactions.RelatedCustomerTransaction.getPossibleCustomersOrderItems(RelatedCustomerTransaction.java:104)
	at transactions.RelatedCustomerTransaction.execute(RelatedCustomerTransaction.java:52)
	at SampleApp.run(SampleApp.java:101)
	at SampleApp.main(SampleApp.java:64)
[Error]: Related Customer Abort Rel *** Related  Customer transaction info: warehouse: 5, district: 1, customer id: 2131 *** 

org.postgresql.util.PSQLException: ERROR: Query error: Restart read required at: { read: { physical: 1667634451484770 } local_limit: { physical: 1667634451484770 } global_limit: <min> in_txn_limit: <max> serial_no: 0 }
	at org.postgresql.core.v3.QueryExecutorImpl.receiveErrorResponse(QueryExecutorImpl.java:2532)
	at org.postgresql.core.v3.QueryExecutorImpl.processResults(QueryExecutorImpl.java:2267)
	at org.postgresql.core.v3.QueryExecutorImpl.execute(QueryExecutorImpl.java:312)
	at org.postgresql.jdbc.PgStatement.executeInternal(PgStatement.java:448)
	at org.postgresql.jdbc.PgStatement.execute(PgStatement.java:369)
	at org.postgresql.jdbc.PgPreparedStatement.executeWithFlags(PgPreparedStatement.java:153)
	at org.postgresql.jdbc.PgPreparedStatement.executeQuery(PgPreparedStatement.java:103)
	at transactions.RelatedCustomerTransaction.getPossibleCustomersOrderItems(RelatedCustomerTransaction.java:104)
	at transactions.RelatedCustomerTransaction.execute(RelatedCustomerTransaction.java:52)
	at SampleApp.run(SampleApp.java:101)
	at SampleApp.main(SampleApp.java:64)
[Error]: Related Customer Abort Rel *** Related  Customer transaction info: warehouse: 5, district: 3, customer id: 2795 *** 

org.postgresql.util.PSQLException: ERROR: Query error: Restart read required at: { read: { physical: 1667634452409851 logical: 5 } local_limit: { physical: 1667634452409851 logical: 5 } global_limit: <min> in_txn_limit: <max> serial_no: 0 }
	at org.postgresql.core.v3.QueryExecutorImpl.receiveErrorResponse(QueryExecutorImpl.java:2532)
	at org.postgresql.core.v3.QueryExecutorImpl.processResults(QueryExecutorImpl.java:2267)
	at org.postgresql.core.v3.QueryExecutorImpl.execute(QueryExecutorImpl.java:312)
	at org.postgresql.jdbc.PgStatement.executeInternal(PgStatement.java:448)
	at org.postgresql.jdbc.PgStatement.execute(PgStatement.java:369)
	at org.postgresql.jdbc.PgPreparedStatement.executeWithFlags(PgPreparedStatement.java:153)
	at org.postgresql.jdbc.PgPreparedStatement.executeQuery(PgPreparedStatement.java:103)
	at transactions.RelatedCustomerTransaction.getPossibleCustomersOrderItems(RelatedCustomerTransaction.java:104)
	at transactions.RelatedCustomerTransaction.execute(RelatedCustomerTransaction.java:52)
	at SampleApp.run(SampleApp.java:101)
	at SampleApp.main(SampleApp.java:64)
[Error]: Related Customer Abort Rel *** Related  Customer transaction info: warehouse: 5, district: 4, customer id: 297 *** 

org.postgresql.util.PSQLException: ERROR: Query error: Restart read required at: { read: { physical: 1667634453424174 } local_limit: { physical: 1667634453424174 } global_limit: <min> in_txn_limit: <max> serial_no: 0 }
	at org.postgresql.core.v3.QueryExecutorImpl.receiveErrorResponse(QueryExecutorImpl.java:2532)
	at org.postgresql.core.v3.QueryExecutorImpl.processResults(QueryExecutorImpl.java:2267)
	at org.postgresql.core.v3.QueryExecutorImpl.execute(QueryExecutorImpl.java:312)
	at org.postgresql.jdbc.PgStatement.executeInternal(PgStatement.java:448)
	at org.postgresql.jdbc.PgStatement.execute(PgStatement.java:369)
	at org.postgresql.jdbc.PgPreparedStatement.executeWithFlags(PgPreparedStatement.java:153)
	at org.postgresql.jdbc.PgPreparedStatement.executeQuery(PgPreparedStatement.java:103)
	at transactions.RelatedCustomerTransaction.getPossibleCustomersOrderItems(RelatedCustomerTransaction.java:104)
	at transactions.RelatedCustomerTransaction.execute(RelatedCustomerTransaction.java:52)
	at SampleApp.run(SampleApp.java:101)
	at SampleApp.main(SampleApp.java:64)
[Error]: Related Customer Abort Rel *** Related  Customer transaction info: warehouse: 5, district: 2, customer id: 2099 *** 

org.postgresql.util.PSQLException: ERROR: Query error: Restart read required at: { read: { physical: 1667634457808046 } local_limit: { physical: 1667634457808046 } global_limit: <min> in_txn_limit: <max> serial_no: 0 }
	at org.postgresql.core.v3.QueryExecutorImpl.receiveErrorResponse(QueryExecutorImpl.java:2532)
	at org.postgresql.core.v3.QueryExecutorImpl.processResults(QueryExecutorImpl.java:2267)
	at org.postgresql.core.v3.QueryExecutorImpl.execute(QueryExecutorImpl.java:312)
	at org.postgresql.jdbc.PgStatement.executeInternal(PgStatement.java:448)
	at org.postgresql.jdbc.PgStatement.execute(PgStatement.java:369)
	at org.postgresql.jdbc.PgPreparedStatement.executeWithFlags(PgPreparedStatement.java:153)
	at org.postgresql.jdbc.PgPreparedStatement.executeQuery(PgPreparedStatement.java:103)
	at transactions.RelatedCustomerTransaction.getPossibleCustomersOrderItems(RelatedCustomerTransaction.java:104)
	at transactions.RelatedCustomerTransaction.execute(RelatedCustomerTransaction.java:52)
	at SampleApp.run(SampleApp.java:101)
	at SampleApp.main(SampleApp.java:64)
[Error]: Related Customer Abort Rel *** Related  Customer transaction info: warehouse: 5, district: 3, customer id: 2455 *** 

[Error]: NewOrder getStockQty are missing
java.sql.SQLException
	at transactions.NewOrderTransaction.execute(NewOrderTransaction.java:170)
	at SampleApp.run(SampleApp.java:101)
	at SampleApp.main(SampleApp.java:64)
[Error]: New Order Abort New **** New Order Transaction Information ****
CID:1202, WID:5, DID:3, num order-lines:16
Item IDs are:,52810,60827,89823,3954,73447,24165,64263,29049,31943,47327,70847,73159,75406,79589,87783,97471
Quantities:,5,5,5,5,5,5,5,5,5,5,5,5,5,5,5,5
Supply warehouse IDs:,7,10,3,6,2,9,3,1,7,4,1,4,2,1,18,8

org.postgresql.util.PSQLException: ERROR: Query error: Restart read required at: { read: { physical: 1667634470362637 } local_limit: { physical: 1667634470362637 } global_limit: <min> in_txn_limit: <max> serial_no: 0 }
	at org.postgresql.core.v3.QueryExecutorImpl.receiveErrorResponse(QueryExecutorImpl.java:2532)
	at org.postgresql.core.v3.QueryExecutorImpl.processResults(QueryExecutorImpl.java:2267)
	at org.postgresql.core.v3.QueryExecutorImpl.execute(QueryExecutorImpl.java:312)
	at org.postgresql.jdbc.PgStatement.executeInternal(PgStatement.java:448)
	at org.postgresql.jdbc.PgStatement.execute(PgStatement.java:369)
	at org.postgresql.jdbc.PgPreparedStatement.executeWithFlags(PgPreparedStatement.java:153)
	at org.postgresql.jdbc.PgPreparedStatement.executeQuery(PgPreparedStatement.java:103)
	at transactions.RelatedCustomerTransaction.getPossibleCustomersOrderItems(RelatedCustomerTransaction.java:104)
	at transactions.RelatedCustomerTransaction.execute(RelatedCustomerTransaction.java:52)
	at SampleApp.run(SampleApp.java:101)
	at SampleApp.main(SampleApp.java:64)
[Error]: Related Customer Abort Rel *** Related  Customer transaction info: warehouse: 5, district: 5, customer id: 746 *** 

[Error]: NewOrder getStockQty are missing
java.sql.SQLException
	at transactions.NewOrderTransaction.execute(NewOrderTransaction.java:170)
	at SampleApp.run(SampleApp.java:101)
	at SampleApp.main(SampleApp.java:64)
[Error]: New Order Abort New **** New Order Transaction Information ****
CID:480, WID:5, DID:1, num order-lines:8
Item IDs are:,35294,36039,40295,48283,55235,72835,89703,89831
Quantities:,5,5,5,5,5,5,5,5
Supply warehouse IDs:,8,8,3,5,7,2,11,7

org.postgresql.util.PSQLException: ERROR: Query error: Restart read required at: { read: { physical: 1667634478820275 } local_limit: { physical: 1667634478820275 } global_limit: <min> in_txn_limit: <max> serial_no: 0 }
	at org.postgresql.core.v3.QueryExecutorImpl.receiveErrorResponse(QueryExecutorImpl.java:2532)
	at org.postgresql.core.v3.QueryExecutorImpl.processResults(QueryExecutorImpl.java:2267)
	at org.postgresql.core.v3.QueryExecutorImpl.execute(QueryExecutorImpl.java:312)
	at org.postgresql.jdbc.PgStatement.executeInternal(PgStatement.java:448)
	at org.postgresql.jdbc.PgStatement.execute(PgStatement.java:369)
	at org.postgresql.jdbc.PgPreparedStatement.executeWithFlags(PgPreparedStatement.java:153)
	at org.postgresql.jdbc.PgPreparedStatement.executeQuery(PgPreparedStatement.java:103)
	at transactions.RelatedCustomerTransaction.getPossibleCustomersOrderItems(RelatedCustomerTransaction.java:104)
	at transactions.RelatedCustomerTransaction.execute(RelatedCustomerTransaction.java:52)
	at SampleApp.run(SampleApp.java:101)
	at SampleApp.main(SampleApp.java:64)
[Error]: Related Customer Abort Rel *** Related  Customer transaction info: warehouse: 5, district: 5, customer id: 2288 *** 

org.postgresql.util.PSQLException: ERROR: Query error: Restart read required at: { read: { physical: 1667634485209049 } local_limit: { physical: 1667634485209049 } global_limit: <min> in_txn_limit: <max> serial_no: 0 }
	at org.postgresql.core.v3.QueryExecutorImpl.receiveErrorResponse(QueryExecutorImpl.java:2532)
	at org.postgresql.core.v3.QueryExecutorImpl.processResults(QueryExecutorImpl.java:2267)
	at org.postgresql.core.v3.QueryExecutorImpl.execute(QueryExecutorImpl.java:312)
	at org.postgresql.jdbc.PgStatement.executeInternal(PgStatement.java:448)
	at org.postgresql.jdbc.PgStatement.execute(PgStatement.java:369)
	at org.postgresql.jdbc.PgPreparedStatement.executeWithFlags(PgPreparedStatement.java:153)
	at org.postgresql.jdbc.PgPreparedStatement.executeQuery(PgPreparedStatement.java:103)
	at transactions.RelatedCustomerTransaction.getPossibleCustomersOrderItems(RelatedCustomerTransaction.java:104)
	at transactions.RelatedCustomerTransaction.execute(RelatedCustomerTransaction.java:52)
	at SampleApp.run(SampleApp.java:101)
	at SampleApp.main(SampleApp.java:64)
[Error]: Related Customer Abort Rel *** Related  Customer transaction info: warehouse: 5, district: 2, customer id: 761 *** 

org.postgresql.util.PSQLException: ERROR: Query error: Restart read required at: { read: { physical: 1667634487807856 } local_limit: { physical: 1667634487807856 } global_limit: <min> in_txn_limit: <max> serial_no: 0 }
	at org.postgresql.core.v3.QueryExecutorImpl.receiveErrorResponse(QueryExecutorImpl.java:2532)
	at org.postgresql.core.v3.QueryExecutorImpl.processResults(QueryExecutorImpl.java:2267)
	at org.postgresql.core.v3.QueryExecutorImpl.execute(QueryExecutorImpl.java:312)
	at org.postgresql.jdbc.PgStatement.executeInternal(PgStatement.java:448)
	at org.postgresql.jdbc.PgStatement.execute(PgStatement.java:369)
	at org.postgresql.jdbc.PgPreparedStatement.executeWithFlags(PgPreparedStatement.java:153)
	at org.postgresql.jdbc.PgPreparedStatement.executeQuery(PgPreparedStatement.java:103)
	at transactions.RelatedCustomerTransaction.getPossibleCustomersOrderItems(RelatedCustomerTransaction.java:104)
	at transactions.RelatedCustomerTransaction.execute(RelatedCustomerTransaction.java:52)
	at SampleApp.run(SampleApp.java:101)
	at SampleApp.main(SampleApp.java:64)
[Error]: Related Customer Abort Rel *** Related  Customer transaction info: warehouse: 5, district: 5, customer id: 963 *** 

[Error]: NewOrder getStockQty are missing
java.sql.SQLException
	at transactions.NewOrderTransaction.execute(NewOrderTransaction.java:170)
	at SampleApp.run(SampleApp.java:101)
	at SampleApp.main(SampleApp.java:64)
[Error]: New Order Abort New **** New Order Transaction Information ****
CID:1187, WID:5, DID:1, num order-lines:16
Item IDs are:,20967,20062,97955,24294,38630,95431,14858,56023,46613,66755,72423,81366,81479,84183,89089,97901
Quantities:,5,5,5,5,5,5,5,5,5,5,5,5,5,5,5,5
Supply warehouse IDs:,3,2,8,9,1,9,6,7,7,1,2,2,12,7,9,2

[Error]: NewOrder getStockQty are missing
java.sql.SQLException
	at transactions.NewOrderTransaction.execute(NewOrderTransaction.java:170)
	at SampleApp.run(SampleApp.java:101)
	at SampleApp.main(SampleApp.java:64)
[Error]: New Order Abort New **** New Order Transaction Information ****
CID:1535, WID:5, DID:5, num order-lines:15
Item IDs are:,89119,80484,485,2111,5797,6085,23205,24197,32215,40635,40679,60475,64031,71399,97479
Quantities:,5,5,5,5,5,5,5,5,5,5,5,5,5,5,5
Supply warehouse IDs:,7,5,7,6,9,7,5,2,2,1,12,1,3,5,3

[Error]: NewOrder getStockQty are missing
java.sql.SQLException
	at transactions.NewOrderTransaction.execute(NewOrderTransaction.java:170)
	at SampleApp.run(SampleApp.java:101)
	at SampleApp.main(SampleApp.java:64)
[Error]: New Order Abort New **** New Order Transaction Information ****
CID:2691, WID:5, DID:2, num order-lines:19
Item IDs are:,32359,78819,64911,79130,96998,32413,77507,89575,2501,6206,10543,13879,20135,39587,55006,64999,81591,87681,89642
Quantities:,5,5,5,5,5,5,5,5,5,5,5,5,5,5,5,5,5,5,5
Supply warehouse IDs:,3,9,4,2,7,11,5,1,5,2,10,2,3,7,7,10,2,4,4

[Error]: NewOrder getStockQty are missing
java.sql.SQLException
	at transactions.NewOrderTransaction.execute(NewOrderTransaction.java:170)
	at SampleApp.run(SampleApp.java:101)
	at SampleApp.main(SampleApp.java:64)
[Error]: New Order Abort New **** New Order Transaction Information ****
CID:1278, WID:5, DID:1, num order-lines:13
Item IDs are:,89823,74151,47840,46737,5638,22973,23227,39654,40679,77207,85522,89699,90454
Quantities:,5,5,5,5,5,5,5,5,5,5,5,5,5
Supply warehouse IDs:,8,6,10,2,4,5,2,11,5,9,9,1,2

org.postgresql.util.PSQLException: ERROR: Query error: Restart read required at: { read: { physical: 1667634717446082 } local_limit: { physical: 1667634717446082 } global_limit: <min> in_txn_limit: <max> serial_no: 0 }
	at org.postgresql.core.v3.QueryExecutorImpl.receiveErrorResponse(QueryExecutorImpl.java:2532)
	at org.postgresql.core.v3.QueryExecutorImpl.processResults(QueryExecutorImpl.java:2267)
	at org.postgresql.core.v3.QueryExecutorImpl.execute(QueryExecutorImpl.java:312)
	at org.postgresql.jdbc.PgStatement.executeInternal(PgStatement.java:448)
	at org.postgresql.jdbc.PgStatement.execute(PgStatement.java:369)
	at org.postgresql.jdbc.PgPreparedStatement.executeWithFlags(PgPreparedStatement.java:153)
	at org.postgresql.jdbc.PgPreparedStatement.executeQuery(PgPreparedStatement.java:103)
	at transactions.RelatedCustomerTransaction.getPossibleCustomersOrderItems(RelatedCustomerTransaction.java:104)
	at transactions.RelatedCustomerTransaction.execute(RelatedCustomerTransaction.java:52)
	at SampleApp.run(SampleApp.java:101)
	at SampleApp.main(SampleApp.java:64)
[Error]: Related Customer Abort Rel *** Related  Customer transaction info: warehouse: 5, district: 3, customer id: 2242 *** 

[Error]: NewOrder getStockQty are missing
java.sql.SQLException
	at transactions.NewOrderTransaction.execute(NewOrderTransaction.java:170)
	at SampleApp.run(SampleApp.java:101)
	at SampleApp.main(SampleApp.java:64)
[Error]: New Order Abort New **** New Order Transaction Information ****
CID:2776, WID:5, DID:1, num order-lines:16
Item IDs are:,45279,45479,39651,97894,65220,40655,39399,1365,31463,44579,48527,56675,77471,89831,94402,95719
Quantities:,5,5,5,5,5,5,5,5,5,5,5,5,5,5,5,5
Supply warehouse IDs:,3,3,3,2,9,8,10,8,1,7,6,4,2,12,7,7

[Error]: NewOrder getStockQty are missing
java.sql.SQLException
	at transactions.NewOrderTransaction.execute(NewOrderTransaction.java:170)
	at SampleApp.run(SampleApp.java:101)
	at SampleApp.main(SampleApp.java:64)
[Error]: New Order Abort New **** New Order Transaction Information ****
CID:302, WID:5, DID:5, num order-lines:16
Item IDs are:,21053,15958,96518,59107,61031,64219,1031,6919,23171,40679,52931,58058,67724,73374,87773,89447
Quantities:,5,5,5,5,5,5,5,5,5,5,4,5,5,5,5,5
Supply warehouse IDs:,7,6,8,5,1,3,1,7,1,14,10,6,9,10,7,9

org.postgresql.util.PSQLException: ERROR: Query error: Restart read required at: { read: { physical: 1667634774849734 } local_limit: { physical: 1667634774849734 } global_limit: <min> in_txn_limit: <max> serial_no: 0 }
	at org.postgresql.core.v3.QueryExecutorImpl.receiveErrorResponse(QueryExecutorImpl.java:2532)
	at org.postgresql.core.v3.QueryExecutorImpl.processResults(QueryExecutorImpl.java:2267)
	at org.postgresql.core.v3.QueryExecutorImpl.execute(QueryExecutorImpl.java:312)
	at org.postgresql.jdbc.PgStatement.executeInternal(PgStatement.java:448)
	at org.postgresql.jdbc.PgStatement.execute(PgStatement.java:369)
	at org.postgresql.jdbc.PgPreparedStatement.executeWithFlags(PgPreparedStatement.java:153)
	at org.postgresql.jdbc.PgPreparedStatement.executeQuery(PgPreparedStatement.java:103)
	at transactions.RelatedCustomerTransaction.getPossibleCustomersOrderItems(RelatedCustomerTransaction.java:104)
	at transactions.RelatedCustomerTransaction.execute(RelatedCustomerTransaction.java:52)
	at SampleApp.run(SampleApp.java:101)
	at SampleApp.main(SampleApp.java:64)
[Error]: Related Customer Abort Rel *** Related  Customer transaction info: warehouse: 5, district: 5, customer id: 195 *** 

org.postgresql.util.PSQLException: ERROR: Query error: Restart read required at: { read: { physical: 1667634783737105 } local_limit: { physical: 1667634783737105 } global_limit: <min> in_txn_limit: <max> serial_no: 0 }
	at org.postgresql.core.v3.QueryExecutorImpl.receiveErrorResponse(QueryExecutorImpl.java:2532)
	at org.postgresql.core.v3.QueryExecutorImpl.processResults(QueryExecutorImpl.java:2267)
	at org.postgresql.core.v3.QueryExecutorImpl.execute(QueryExecutorImpl.java:312)
	at org.postgresql.jdbc.PgStatement.executeInternal(PgStatement.java:448)
	at org.postgresql.jdbc.PgStatement.execute(PgStatement.java:369)
	at org.postgresql.jdbc.PgPreparedStatement.executeWithFlags(PgPreparedStatement.java:153)
	at org.postgresql.jdbc.PgPreparedStatement.executeQuery(PgPreparedStatement.java:103)
	at transactions.RelatedCustomerTransaction.getPossibleCustomersOrderItems(RelatedCustomerTransaction.java:104)
	at transactions.RelatedCustomerTransaction.execute(RelatedCustomerTransaction.java:52)
	at SampleApp.run(SampleApp.java:101)
	at SampleApp.main(SampleApp.java:64)
[Error]: Related Customer Abort Rel *** Related  Customer transaction info: warehouse: 5, district: 3, customer id: 2160 *** 

org.postgresql.util.PSQLException: ERROR: Query error: Restart read required at: { read: { physical: 1667634821445736 } local_limit: { physical: 1667634821445736 } global_limit: <min> in_txn_limit: <max> serial_no: 0 }
	at org.postgresql.core.v3.QueryExecutorImpl.receiveErrorResponse(QueryExecutorImpl.java:2532)
	at org.postgresql.core.v3.QueryExecutorImpl.processResults(QueryExecutorImpl.java:2267)
	at org.postgresql.core.v3.QueryExecutorImpl.execute(QueryExecutorImpl.java:312)
	at org.postgresql.jdbc.PgStatement.executeInternal(PgStatement.java:448)
	at org.postgresql.jdbc.PgStatement.execute(PgStatement.java:369)
	at org.postgresql.jdbc.PgPreparedStatement.executeWithFlags(PgPreparedStatement.java:153)
	at org.postgresql.jdbc.PgPreparedStatement.executeQuery(PgPreparedStatement.java:103)
	at transactions.RelatedCustomerTransaction.getPossibleCustomersOrderItems(RelatedCustomerTransaction.java:104)
	at transactions.RelatedCustomerTransaction.execute(RelatedCustomerTransaction.java:52)
	at SampleApp.run(SampleApp.java:101)
	at SampleApp.main(SampleApp.java:64)
[Error]: Related Customer Abort Rel *** Related  Customer transaction info: warehouse: 5, district: 3, customer id: 1025 *** 

org.postgresql.util.PSQLException: ERROR: Query error: Restart read required at: { read: { physical: 1667634832614113 } local_limit: { physical: 1667634832614113 } global_limit: <min> in_txn_limit: <max> serial_no: 0 }
	at org.postgresql.core.v3.QueryExecutorImpl.receiveErrorResponse(QueryExecutorImpl.java:2532)
	at org.postgresql.core.v3.QueryExecutorImpl.processResults(QueryExecutorImpl.java:2267)
	at org.postgresql.core.v3.QueryExecutorImpl.execute(QueryExecutorImpl.java:312)
	at org.postgresql.jdbc.PgStatement.executeInternal(PgStatement.java:448)
	at org.postgresql.jdbc.PgStatement.execute(PgStatement.java:369)
	at org.postgresql.jdbc.PgPreparedStatement.executeWithFlags(PgPreparedStatement.java:153)
	at org.postgresql.jdbc.PgPreparedStatement.executeQuery(PgPreparedStatement.java:103)
	at transactions.RelatedCustomerTransaction.getPossibleCustomersOrderItems(RelatedCustomerTransaction.java:104)
	at transactions.RelatedCustomerTransaction.execute(RelatedCustomerTransaction.java:52)
	at SampleApp.run(SampleApp.java:101)
	at SampleApp.main(SampleApp.java:64)
[Error]: Related Customer Abort Rel *** Related  Customer transaction info: warehouse: 5, district: 3, customer id: 329 *** 

org.postgresql.util.PSQLException: ERROR: Query error: Restart read required at: { read: { physical: 1667634850079573 } local_limit: { physical: 1667634850079573 } global_limit: <min> in_txn_limit: <max> serial_no: 0 }
	at org.postgresql.core.v3.QueryExecutorImpl.receiveErrorResponse(QueryExecutorImpl.java:2532)
	at org.postgresql.core.v3.QueryExecutorImpl.processResults(QueryExecutorImpl.java:2267)
	at org.postgresql.core.v3.QueryExecutorImpl.execute(QueryExecutorImpl.java:312)
	at org.postgresql.jdbc.PgStatement.executeInternal(PgStatement.java:448)
	at org.postgresql.jdbc.PgStatement.execute(PgStatement.java:369)
	at org.postgresql.jdbc.PgPreparedStatement.executeWithFlags(PgPreparedStatement.java:153)
	at org.postgresql.jdbc.PgPreparedStatement.executeQuery(PgPreparedStatement.java:103)
	at transactions.RelatedCustomerTransaction.getPossibleCustomersOrderItems(RelatedCustomerTransaction.java:104)
	at transactions.RelatedCustomerTransaction.execute(RelatedCustomerTransaction.java:52)
	at SampleApp.run(SampleApp.java:101)
	at SampleApp.main(SampleApp.java:64)
[Error]: Related Customer Abort Rel *** Related  Customer transaction info: warehouse: 5, district: 1, customer id: 1178 *** 

org.postgresql.util.PSQLException: ERROR: Query error: Restart read required at: { read: { physical: 1667634852534753 } local_limit: { physical: 1667634852534753 } global_limit: <min> in_txn_limit: <max> serial_no: 0 }
	at org.postgresql.core.v3.QueryExecutorImpl.receiveErrorResponse(QueryExecutorImpl.java:2532)
	at org.postgresql.core.v3.QueryExecutorImpl.processResults(QueryExecutorImpl.java:2267)
	at org.postgresql.core.v3.QueryExecutorImpl.execute(QueryExecutorImpl.java:312)
	at org.postgresql.jdbc.PgStatement.executeInternal(PgStatement.java:448)
	at org.postgresql.jdbc.PgStatement.execute(PgStatement.java:369)
	at org.postgresql.jdbc.PgPreparedStatement.executeWithFlags(PgPreparedStatement.java:153)
	at org.postgresql.jdbc.PgPreparedStatement.executeQuery(PgPreparedStatement.java:103)
	at transactions.RelatedCustomerTransaction.getPossibleCustomersOrderItems(RelatedCustomerTransaction.java:104)
	at transactions.RelatedCustomerTransaction.execute(RelatedCustomerTransaction.java:52)
	at SampleApp.run(SampleApp.java:101)
	at SampleApp.main(SampleApp.java:64)
[Error]: Related Customer Abort Rel *** Related  Customer transaction info: warehouse: 5, district: 1, customer id: 1009 *** 

[Error]: NewOrder getStockQty are missing
java.sql.SQLException
	at transactions.NewOrderTransaction.execute(NewOrderTransaction.java:170)
	at SampleApp.run(SampleApp.java:101)
	at SampleApp.main(SampleApp.java:64)
[Error]: New Order Abort New **** New Order Transaction Information ****
CID:1283, WID:5, DID:1, num order-lines:15
Item IDs are:,38631,87719,22244,58853,41702,4887,14727,24263,32440,38371,52451,64699,64971,79335,99927
Quantities:,5,5,5,5,5,5,5,5,5,5,5,5,5,5,5
Supply warehouse IDs:,4,3,6,4,5,1,9,12,5,6,6,1,9,1,4

org.postgresql.util.PSQLException: ERROR: Query error: Restart read required at: { read: { physical: 1667634924742023 } local_limit: { physical: 1667634924742023 } global_limit: <min> in_txn_limit: <max> serial_no: 0 }
	at org.postgresql.core.v3.QueryExecutorImpl.receiveErrorResponse(QueryExecutorImpl.java:2532)
	at org.postgresql.core.v3.QueryExecutorImpl.processResults(QueryExecutorImpl.java:2267)
	at org.postgresql.core.v3.QueryExecutorImpl.execute(QueryExecutorImpl.java:312)
	at org.postgresql.jdbc.PgStatement.executeInternal(PgStatement.java:448)
	at org.postgresql.jdbc.PgStatement.execute(PgStatement.java:369)
	at org.postgresql.jdbc.PgPreparedStatement.executeWithFlags(PgPreparedStatement.java:153)
	at org.postgresql.jdbc.PgPreparedStatement.executeQuery(PgPreparedStatement.java:103)
	at transactions.RelatedCustomerTransaction.getPossibleCustomersOrderItems(RelatedCustomerTransaction.java:104)
	at transactions.RelatedCustomerTransaction.execute(RelatedCustomerTransaction.java:52)
	at SampleApp.run(SampleApp.java:101)
	at SampleApp.main(SampleApp.java:64)
[Error]: Related Customer Abort Rel *** Related  Customer transaction info: warehouse: 5, district: 4, customer id: 2097 *** 

org.postgresql.util.PSQLException: ERROR: Query error: Restart read required at: { read: { physical: 1667634927410615 } local_limit: { physical: 1667634927410615 } global_limit: <min> in_txn_limit: <max> serial_no: 0 }
	at org.postgresql.core.v3.QueryExecutorImpl.receiveErrorResponse(QueryExecutorImpl.java:2532)
	at org.postgresql.core.v3.QueryExecutorImpl.processResults(QueryExecutorImpl.java:2267)
	at org.postgresql.core.v3.QueryExecutorImpl.execute(QueryExecutorImpl.java:312)
	at org.postgresql.jdbc.PgStatement.executeInternal(PgStatement.java:448)
	at org.postgresql.jdbc.PgStatement.execute(PgStatement.java:369)
	at org.postgresql.jdbc.PgPreparedStatement.executeWithFlags(PgPreparedStatement.java:153)
	at org.postgresql.jdbc.PgPreparedStatement.executeQuery(PgPreparedStatement.java:103)
	at transactions.RelatedCustomerTransaction.getPossibleCustomersOrderItems(RelatedCustomerTransaction.java:104)
	at transactions.RelatedCustomerTransaction.execute(RelatedCustomerTransaction.java:52)
	at SampleApp.run(SampleApp.java:101)
	at SampleApp.main(SampleApp.java:64)
[Error]: Related Customer Abort Rel *** Related  Customer transaction info: warehouse: 5, district: 2, customer id: 899 *** 

org.postgresql.util.PSQLException: ERROR: Query error: Restart read required at: { read: { physical: 1667634958669299 } local_limit: { physical: 1667634958669299 } global_limit: <min> in_txn_limit: <max> serial_no: 0 }
	at org.postgresql.core.v3.QueryExecutorImpl.receiveErrorResponse(QueryExecutorImpl.java:2532)
	at org.postgresql.core.v3.QueryExecutorImpl.processResults(QueryExecutorImpl.java:2267)
	at org.postgresql.core.v3.QueryExecutorImpl.execute(QueryExecutorImpl.java:312)
	at org.postgresql.jdbc.PgStatement.executeInternal(PgStatement.java:448)
	at org.postgresql.jdbc.PgStatement.execute(PgStatement.java:369)
	at org.postgresql.jdbc.PgPreparedStatement.executeWithFlags(PgPreparedStatement.java:153)
	at org.postgresql.jdbc.PgPreparedStatement.executeQuery(PgPreparedStatement.java:103)
	at transactions.RelatedCustomerTransaction.getPossibleCustomersOrderItems(RelatedCustomerTransaction.java:104)
	at transactions.RelatedCustomerTransaction.execute(RelatedCustomerTransaction.java:52)
	at SampleApp.run(SampleApp.java:101)
	at SampleApp.main(SampleApp.java:64)
[Error]: Related Customer Abort Rel *** Related  Customer transaction info: warehouse: 5, district: 4, customer id: 385 *** 

